 
****************************************
Report : area
Design : rs_encoder_72_64
Version: W-2024.09-SP5
Date   : Fri Aug  1 20:20:54 2025
****************************************

Library(s) Used:

    saed14rvt_base_tt0p8v25c (File: /home/net/local/SAED14nm_EDK_08_2024/SAED14nm_EDK_STD_RVT/liberty/nldm/base/saed14rvt_base_tt0p8v25c.db)

Number of ports:                         1900
Number of nets:                          4372
Number of cells:                         2802
Number of combinational cells:           2707
Number of sequential cells:                71
Number of macros/black boxes:               0
Number of buf/inv:                        640
Number of references:                     125

Combinational area:               1809.433180
Buf/Inv area:                      360.572393
Noncombinational area:              87.867601
Macro/Black Box area:                0.000000
Net Interconnect area:            1222.151786

Total cell area:                  1897.300781
Total area:                       3119.452567
1
