 
****************************************
Report : constraint
        -all_violators
Design : rs_encoder_72_64
Version: W-2024.09-SP5
Date   : Fri Aug  1 20:21:02 2025
****************************************


   max_delay/setup ('clk' group)

                             Required        Actual
   Endpoint                 Path Delay     Path Delay        Slack
   -----------------------------------------------------------------
   parity_symbols_reg[5][6]/D
                                0.56           0.58 r        -0.02  (VIOLATED)
   parity_symbols_reg[5][4]/D
                                0.55           0.58 r        -0.02  (VIOLATED)
   parity_symbols_reg[7][2]/D
                                0.56           0.58 r        -0.02  (VIOLATED)
   parity_symbols_reg[4][5]/D
                                0.56           0.58 r        -0.02  (VIOLATED)
   parity_symbols_reg[6][2]/D
                                0.56           0.59 r        -0.02  (VIOLATED)
   parity_symbols_reg[6][1]/D
                                0.55           0.58 r        -0.02  (VIOLATED)
   parity_symbols_reg[1][6]/D
                                0.55           0.57 r        -0.02  (VIOLATED)
   parity_symbols_reg[4][0]/D
                                0.55           0.58 r        -0.02  (VIOLATED)
   parity_symbols_reg[2][5]/D
                                0.55           0.57 r        -0.02  (VIOLATED)
   parity_symbols_reg[1][4]/D
                                0.55           0.57 r        -0.02  (VIOLATED)
   parity_symbols_reg[7][7]/D
                                0.56           0.59 r        -0.02  (VIOLATED)
   parity_symbols_reg[6][5]/D
                                0.55           0.57 r        -0.02  (VIOLATED)
   parity_symbols_reg[3][4]/D
                                0.55           0.57 r        -0.02  (VIOLATED)
   parity_symbols_reg[5][2]/D
                                0.56           0.58 r        -0.02  (VIOLATED)
   parity_symbols_reg[1][1]/D
                                0.55           0.57 r        -0.02  (VIOLATED)
   parity_symbols_reg[5][3]/D
                                0.55           0.58 r        -0.02  (VIOLATED)
   parity_symbols_reg[7][3]/D
                                0.55           0.57 r        -0.02  (VIOLATED)
   parity_symbols_reg[0][3]/D
                                0.54           0.57 r        -0.02  (VIOLATED)
   parity_symbols_reg[6][7]/D
                                0.55           0.57 r        -0.02  (VIOLATED)
   parity_symbols_reg[5][5]/D
                                0.56           0.58 r        -0.02  (VIOLATED)
   parity_symbols_reg[4][3]/D
                                0.55           0.57 r        -0.02  (VIOLATED)
   parity_symbols_reg[6][0]/D
                                0.55           0.57 r        -0.02  (VIOLATED)
   parity_symbols_reg[6][4]/D
                                0.56           0.58 r        -0.02  (VIOLATED)
   parity_symbols_reg[7][5]/D
                                0.56           0.58 r        -0.02  (VIOLATED)
   parity_symbols_reg[1][3]/D
                                0.56           0.58 r        -0.02  (VIOLATED)
   parity_symbols_reg[5][7]/D
                                0.55           0.57 r        -0.02  (VIOLATED)
   parity_symbols_reg[7][6]/D
                                0.56           0.58 r        -0.02  (VIOLATED)
   parity_symbols_reg[6][3]/D
                                0.55           0.57 r        -0.02  (VIOLATED)
   parity_symbols_reg[4][4]/D
                                0.56           0.58 r        -0.02  (VIOLATED)
   parity_symbols_reg[4][6]/D
                                0.56           0.58 r        -0.02  (VIOLATED)
   parity_symbols_reg[2][2]/D
                                0.55           0.57 r        -0.02  (VIOLATED)
   parity_symbols_reg[5][0]/D
                                0.55           0.57 r        -0.02  (VIOLATED)
   parity_symbols_reg[4][7]/D
                                0.55           0.57 r        -0.02  (VIOLATED)
   parity_symbols_reg[3][3]/D
                                0.55           0.57 r        -0.02  (VIOLATED)
   parity_symbols_reg[7][1]/D
                                0.55           0.57 r        -0.02  (VIOLATED)
   parity_symbols_reg[7][0]/D
                                0.56           0.58 r        -0.02  (VIOLATED)
   parity_symbols_reg[1][2]/D
                                0.55           0.57 r        -0.02  (VIOLATED)
   parity_symbols_reg[1][7]/D
                                0.55           0.57 r        -0.02  (VIOLATED)
   parity_symbols_reg[3][2]/D
                                0.56           0.57 r        -0.02  (VIOLATED)
   parity_symbols_reg[3][6]/D
                                0.56           0.58 r        -0.01  (VIOLATED)
   parity_symbols_reg[7][4]/D
                                0.56           0.58 r        -0.01  (VIOLATED)
   parity_symbols_reg[3][5]/D
                                0.56           0.57 r        -0.01  (VIOLATED)
   parity_symbols_reg[3][0]/D
                                0.55           0.57 r        -0.01  (VIOLATED)
   parity_symbols_reg[4][2]/D
                                0.56           0.57 r        -0.01  (VIOLATED)
   parity_symbols_reg[2][4]/D
                                0.55           0.56 r        -0.01  (VIOLATED)
   parity_symbols_reg[2][3]/D
                                0.55           0.56 r        -0.01  (VIOLATED)
   parity_symbols_reg[6][6]/D
                                0.56           0.57 r        -0.01  (VIOLATED)
   parity_symbols_reg[1][5]/D
                                0.55           0.55 r        -0.01  (VIOLATED)
   parity_symbols_reg[4][1]/D
                                0.55           0.56 r        -0.01  (VIOLATED)
   parity_symbols_reg[3][1]/D
                                0.55           0.56 r         0.00  (VIOLATED: increase significant digits)
   parity_symbols_reg[0][5]/D
                                0.54           0.55 r         0.00  (VIOLATED: increase significant digits)
   parity_symbols_reg[5][1]/D
                                0.55           0.55 r         0.00  (VIOLATED: increase significant digits)
   parity_symbols_reg[0][4]/D
                                0.54           0.54 r         0.00  (VIOLATED: increase significant digits)
   parity_symbols_reg[2][0]/D
                                0.55           0.55 r         0.00  (VIOLATED: increase significant digits)


   max_area

                             Required        Actual
   Design                      Area           Area           Slack
   -----------------------------------------------------------------
   rs_encoder_72_64             0.00        3119.45       -3119.45  (VIOLATED)


1
