Loading db file '/home/net/local/SAED14nm_EDK_08_2024/SAED14nm_EDK_STD_RVT/liberty/nldm/base/saed14rvt_base_tt0p8v25c.db'
Information: Propagating switching activity (high effort zero delay simulation). (PWR-6)
Warning: Design has unannotated primary inputs. (PWR-414)
Warning: Design has unannotated sequential cell outputs. (PWR-415)
 
****************************************
Report : power
        -analysis_effort high
        -verbose
Design : rs_encoder_72_64
Version: W-2024.09-SP5
Date   : Fri Aug  1 20:21:01 2025
****************************************


Library(s) Used:

    saed14rvt_base_tt0p8v25c (File: /home/net/local/SAED14nm_EDK_08_2024/SAED14nm_EDK_STD_RVT/liberty/nldm/base/saed14rvt_base_tt0p8v25c.db)


Operating Conditions: tt0p8v25c   Library: saed14rvt_base_tt0p8v25c
Wire Load Model Mode: top

Design        Wire Load Model            Library
------------------------------------------------
rs_encoder_72_64       8000              saed14rvt_base_tt0p8v25c


Global Operating Voltage = 0.8  
Power-specific unit information :
    Voltage Units = 1V
    Capacitance Units = 1.000000pf
    Time Units = 1ns
    Dynamic Power Units = 1mW    (derived from V,C,T units)
    Leakage Power Units = 1pW


Attributes
----------
i - Including register clock pin internal power


  Cell Internal Power  = 781.6021 uW   (30%)
  Net Switching Power  =   1.7895 mW   (70%)
                         ---------
Total Dynamic Power    =   2.5711 mW  (100%)

Cell Leakage Power     =   1.2997 uW

                 Internal         Switching           Leakage            Total                         Cell
Power Group      Power            Power               Power              Power   (   %    )  Attrs  Count
---------------------------------------------------------------------------------------------------------
io_pad             0.0000            0.0000            0.0000            0.0000  (   0.00%)            0
memory             0.0000            0.0000            0.0000            0.0000  (   0.00%)            0
black_box          0.0000            0.0000            0.0000            0.0000  (   0.00%)            0
clock_network      0.2331            0.0000            0.0000            0.2331  (   9.06%)            0
                                                                                             i
register       3.3064e-02        9.4763e-02        3.3588e+04            0.1279  (   4.97%)            71
sequential         0.0000            0.0000            0.0000            0.0000  (   0.00%)            0
combinational      0.5155            1.6947        1.2654e+06            2.2114  (  85.97%)            2689
---------------------------------------------------------------------------------------------------------
Total              0.7816 mW         1.7895 mW     1.2990e+06 pW         2.5724 mW
1
