 
****************************************
Report : area
Design : rs_encoder_10_8
Version: W-2024.09-SP5
Date   : Fri Aug  1 20:19:21 2025
****************************************

Library(s) Used:

    saed14rvt_base_tt0p8v25c (File: /home/net/local/SAED14nm_EDK_08_2024/SAED14nm_EDK_STD_RVT/liberty/nldm/base/saed14rvt_base_tt0p8v25c.db)

Number of ports:                          350
Number of nets:                           994
Number of cells:                          662
Number of combinational cells:            636
Number of sequential cells:                20
Number of macros/black boxes:               0
Number of buf/inv:                        116
Number of references:                      77

Combinational area:                344.632796
Buf/Inv area:                       46.087200
Noncombinational area:              21.978001
Macro/Black Box area:                0.000000
Net Interconnect area:             309.760292

Total cell area:                   366.610796
Total area:                        676.371088
1
