Information: Propagating switching activity (low effort zero delay simulation). (PWR-6)
Warning: Design has unannotated primary inputs. (PWR-414)
Warning: Design has unannotated sequential cell outputs. (PWR-415)
 
****************************************
Report : power
        -hier
        -analysis_effort low
Design : rs_encoder_10_8
Version: W-2024.09-SP5
Date   : Fri Aug  1 20:19:27 2025
****************************************


Library(s) Used:

    saed14rvt_base_tt0p8v25c (File: /home/net/local/SAED14nm_EDK_08_2024/SAED14nm_EDK_STD_RVT/liberty/nldm/base/saed14rvt_base_tt0p8v25c.db)


Operating Conditions: tt0p8v25c   Library: saed14rvt_base_tt0p8v25c
Wire Load Model Mode: top

Design        Wire Load Model            Library
------------------------------------------------
rs_encoder_10_8        8000              saed14rvt_base_tt0p8v25c


Global Operating Voltage = 0.8  
Power-specific unit information :
    Voltage Units = 1V
    Capacitance Units = 1.000000pf
    Time Units = 1ns
    Dynamic Power Units = 1mW    (derived from V,C,T units)
    Leakage Power Units = 1pW


--------------------------------------------------------------------------------
                                       Switch   Int      Leak     Total
Hierarchy                              Power    Power    Power    Power    %
--------------------------------------------------------------------------------
rs_encoder_10_8                           0.443    0.158 1.83e+05    0.600 100.0
  mult2 (gf256_mult_1)                 8.21e-02 1.43e-02 4.84e+04 9.64e-02  16.1
    mult_121 (gf256_mult_1_DW02_mult_0_DW02_mult_1)
                                       6.40e-02 5.46e-03 3.77e+04 6.95e-02  11.6
  mult1 (gf256_mult_0)                 9.67e-02 2.18e-02 5.17e+04    0.119  19.7
    mult_121 (gf256_mult_0_DW02_mult_0)
                                       7.28e-02 8.75e-03 3.89e+04 8.16e-02  13.6
1
