 
****************************************
Report : area
Design : xed_encoder_10
Version: W-2024.09-SP5
Date   : Fri Aug  1 20:53:45 2025
****************************************

Library(s) Used:

    saed14rvt_base_tt0p8v25c (File: /home/net/local/SAED14nm_EDK_08_2024/SAED14nm_EDK_STD_RVT/liberty/nldm/base/saed14rvt_base_tt0p8v25c.db)

Number of ports:                         7972
Number of nets:                         30265
Number of cells:                        22774
Number of combinational cells:          22619
Number of sequential cells:                 1
Number of macros/black boxes:               0
Number of buf/inv:                       4029
Number of references:                      57

Combinational area:              12764.289422
Buf/Inv area:                     1745.985576
Noncombinational area:               1.065600
Macro/Black Box area:                0.000000
Net Interconnect area:           13138.510646

Total cell area:                 12765.355022
Total area:                      25903.865668
1
