 
****************************************
Report : constraint
        -all_violators
Design : xed_encoder_10
Version: W-2024.09-SP5
Date   : Fri Aug  1 20:53:58 2025
****************************************


   max_delay/setup ('clk' group)

                             Required        Actual
   Endpoint                 Path Delay     Path Delay        Slack
   -----------------------------------------------------------------
   simple_xor_crc[2]            0.44           1.81 r        -1.38  (VIOLATED)
   weighted_xor_crc[2]          0.44           1.81 f        -1.38  (VIOLATED)
   chip7_crc[4]                 0.44           1.81 f        -1.38  (VIOLATED)
   simple_xor_crc[1]            0.44           1.81 f        -1.37  (VIOLATED)
   chip7_crc[5]                 0.44           1.81 r        -1.37  (VIOLATED)
   weighted_xor_crc[5]          0.44           1.81 r        -1.37  (VIOLATED)
   simple_xor_crc[3]            0.44           1.81 f        -1.37  (VIOLATED)
   weighted_xor_crc[6]          0.44           1.81 r        -1.37  (VIOLATED)
   weighted_xor_crc[3]          0.44           1.81 r        -1.37  (VIOLATED)
   weighted_xor_crc[4]          0.44           1.81 r        -1.37  (VIOLATED)
   simple_xor_crc[4]            0.44           1.80 r        -1.37  (VIOLATED)
   simple_xor_crc[5]            0.44           1.80 r        -1.37  (VIOLATED)
   simple_xor_crc[6]            0.44           1.80 r        -1.36  (VIOLATED)
   weighted_xor_crc[1]          0.44           1.80 r        -1.36  (VIOLATED)
   chip7_crc[6]                 0.44           1.79 r        -1.36  (VIOLATED)
   chip7_crc[7]                 0.44           1.79 r        -1.36  (VIOLATED)
   weighted_xor_crc[7]          0.44           1.79 r        -1.35  (VIOLATED)
   chip7_crc[3]                 0.44           1.79 f        -1.35  (VIOLATED)
   chip7_crc[0]                 0.44           1.79 r        -1.35  (VIOLATED)
   chip7_crc[1]                 0.44           1.79 r        -1.35  (VIOLATED)
   chip7_crc[2]                 0.44           1.79 r        -1.35  (VIOLATED)
   chip2_crc[3]                 0.44           1.78 r        -1.34  (VIOLATED)
   chip3_crc[3]                 0.44           1.78 f        -1.34  (VIOLATED)
   chip2_crc[2]                 0.44           1.78 r        -1.34  (VIOLATED)
   chip6_crc[0]                 0.44           1.78 r        -1.34  (VIOLATED)
   simple_xor_crc[0]            0.44           1.77 r        -1.34  (VIOLATED)
   chip3_crc[7]                 0.44           1.77 r        -1.34  (VIOLATED)
   chip3_crc[4]                 0.44           1.77 r        -1.34  (VIOLATED)
   chip4_crc[6]                 0.44           1.77 f        -1.33  (VIOLATED)
   chip6_crc[3]                 0.44           1.77 f        -1.33  (VIOLATED)
   chip3_crc[5]                 0.44           1.77 f        -1.33  (VIOLATED)
   weighted_xor_crc[0]          0.44           1.77 f        -1.33  (VIOLATED)
   chip4_crc[7]                 0.44           1.77 f        -1.33  (VIOLATED)
   simple_xor_crc[7]            0.44           1.77 r        -1.33  (VIOLATED)
   chip2_crc[4]                 0.44           1.77 r        -1.33  (VIOLATED)
   chip3_crc[6]                 0.44           1.77 r        -1.33  (VIOLATED)
   chip3_crc[2]                 0.44           1.76 r        -1.33  (VIOLATED)
   chip4_crc[4]                 0.44           1.76 r        -1.33  (VIOLATED)
   chip4_crc[5]                 0.44           1.76 r        -1.33  (VIOLATED)
   chip4_crc[3]                 0.44           1.76 r        -1.33  (VIOLATED)
   chip6_crc[1]                 0.44           1.76 r        -1.32  (VIOLATED)
   chip2_crc[5]                 0.44           1.76 f        -1.32  (VIOLATED)
   chip4_crc[2]                 0.44           1.76 r        -1.32  (VIOLATED)
   chip6_crc[2]                 0.44           1.76 r        -1.32  (VIOLATED)
   chip2_crc[6]                 0.44           1.76 f        -1.32  (VIOLATED)
   chip2_crc[7]                 0.44           1.76 f        -1.32  (VIOLATED)
   chip4_crc[1]                 0.44           1.76 f        -1.32  (VIOLATED)
   chip6_crc[4]                 0.44           1.75 f        -1.32  (VIOLATED)
   chip6_crc[6]                 0.44           1.75 f        -1.31  (VIOLATED)
   chip4_crc[0]                 0.44           1.75 r        -1.31  (VIOLATED)
   chip6_crc[7]                 0.44           1.75 r        -1.31  (VIOLATED)
   chip2_crc[0]                 0.44           1.75 f        -1.31  (VIOLATED)
   chip6_crc[5]                 0.44           1.75 r        -1.31  (VIOLATED)
   chip3_crc[0]                 0.44           1.74 f        -1.31  (VIOLATED)
   chip2_crc[1]                 0.44           1.74 r        -1.30  (VIOLATED)
   chip0_crc[4]                 0.44           1.74 r        -1.30  (VIOLATED)
   chip0_crc[5]                 0.44           1.74 r        -1.30  (VIOLATED)
   chip0_crc[3]                 0.44           1.74 r        -1.30  (VIOLATED)
   chip3_crc[1]                 0.44           1.74 r        -1.30  (VIOLATED)
   chip0_crc[0]                 0.44           1.73 r        -1.30  (VIOLATED)
   chip5_crc[3]                 0.44           1.73 r        -1.29  (VIOLATED)
   chip0_crc[7]                 0.44           1.73 r        -1.29  (VIOLATED)
   chip5_crc[2]                 0.44           1.73 r        -1.29  (VIOLATED)
   chip0_crc[6]                 0.44           1.73 f        -1.29  (VIOLATED)
   chip5_crc[4]                 0.44           1.73 f        -1.29  (VIOLATED)
   chip5_crc[6]                 0.44           1.72 f        -1.29  (VIOLATED)
   chip5_crc[7]                 0.44           1.72 f        -1.29  (VIOLATED)
   chip0_crc[1]                 0.44           1.72 f        -1.28  (VIOLATED)
   chip5_crc[5]                 0.44           1.72 f        -1.28  (VIOLATED)
   chip0_crc[2]                 0.44           1.72 r        -1.28  (VIOLATED)
   chip5_crc[1]                 0.44           1.71 f        -1.27  (VIOLATED)
   chip1_crc[3]                 0.44           1.71 f        -1.27  (VIOLATED)
   chip1_crc[0]                 0.44           1.71 r        -1.27  (VIOLATED)
   chip1_crc[2]                 0.44           1.71 r        -1.27  (VIOLATED)
   chip1_crc[6]                 0.44           1.71 f        -1.27  (VIOLATED)
   chip1_crc[7]                 0.44           1.71 f        -1.27  (VIOLATED)
   chip5_crc[0]                 0.44           1.70 f        -1.26  (VIOLATED)
   chip1_crc[1]                 0.44           1.69 r        -1.25  (VIOLATED)
   chip1_crc[4]                 0.44           1.69 r        -1.25  (VIOLATED)
   chip1_crc[5]                 0.44           1.69 r        -1.25  (VIOLATED)
   weighted_xor_group0[4]       0.44           0.95 f        -0.51  (VIOLATED)
   weighted_xor_group0[12]      0.44           0.91 f        -0.47  (VIOLATED)
   weighted_xor_group0[5]       0.44           0.90 r        -0.46  (VIOLATED)
   weighted_xor_group0[43]      0.44           0.89 r        -0.45  (VIOLATED)
   weighted_xor_group0[20]      0.44           0.88 r        -0.45  (VIOLATED)
   weighted_xor_group0[52]      0.44           0.87 f        -0.43  (VIOLATED)
   weighted_xor_group0[44]      0.44           0.86 f        -0.42  (VIOLATED)
   weighted_xor_group0[55]      0.44           0.85 f        -0.42  (VIOLATED)
   weighted_xor_group0[23]      0.44           0.84 f        -0.41  (VIOLATED)
   weighted_xor_group0[27]      0.44           0.84 f        -0.40  (VIOLATED)
   weighted_xor_group0[19]      0.44           0.84 f        -0.40  (VIOLATED)
   weighted_xor_group0[63]      0.44           0.83 r        -0.39  (VIOLATED)
   weighted_xor_group0[47]      0.44           0.83 r        -0.39  (VIOLATED)
   weighted_xor_group0[60]      0.44           0.82 f        -0.38  (VIOLATED)
   weighted_xor_group0[6]       0.44           0.82 r        -0.38  (VIOLATED)
   weighted_xor_group0[13]      0.44           0.82 f        -0.38  (VIOLATED)
   weighted_xor_group0[26]      0.44           0.81 f        -0.37  (VIOLATED)
   weighted_xor_group0[34]      0.44           0.80 f        -0.36  (VIOLATED)
   weighted_xor_group0[54]      0.44           0.80 f        -0.36  (VIOLATED)
   weighted_xor_group0[46]      0.44           0.80 f        -0.36  (VIOLATED)
   weighted_xor_group0[28]      0.44           0.80 f        -0.36  (VIOLATED)
   weighted_xor_group0[45]      0.44           0.80 f        -0.36  (VIOLATED)
   weighted_xor_group0[31]      0.44           0.80 f        -0.36  (VIOLATED)
   weighted_xor_group0[29]      0.44           0.79 f        -0.36  (VIOLATED)
   weighted_xor_group0[36]      0.44           0.79 r        -0.36  (VIOLATED)
   weighted_xor_group1[20]      0.44           0.79 r        -0.36  (VIOLATED)
   weighted_xor_group1[12]      0.44           0.79 r        -0.35  (VIOLATED)
   weighted_xor_group0[37]      0.44           0.79 f        -0.35  (VIOLATED)
   weighted_xor_group0[53]      0.44           0.79 f        -0.35  (VIOLATED)
   weighted_xor_group1[5]       0.44           0.79 f        -0.35  (VIOLATED)
   weighted_xor_group0[7]       0.44           0.79 r        -0.35  (VIOLATED)
   weighted_xor_group1[7]       0.44           0.79 r        -0.35  (VIOLATED)
   weighted_xor_group0[39]      0.44           0.79 f        -0.35  (VIOLATED)
   weighted_xor_group1[4]       0.44           0.79 r        -0.35  (VIOLATED)
   weighted_xor_group0[15]      0.44           0.78 f        -0.35  (VIOLATED)
   weighted_xor_group1[11]      0.44           0.78 r        -0.34  (VIOLATED)
   weighted_xor_group0[3]       0.44           0.78 f        -0.34  (VIOLATED)
   weighted_xor_group0[11]      0.44           0.77 f        -0.34  (VIOLATED)
   weighted_xor_group0[10]      0.44           0.77 f        -0.33  (VIOLATED)
   weighted_xor_group0[61]      0.44           0.77 r        -0.33  (VIOLATED)
   weighted_xor_group0[18]      0.44           0.77 f        -0.33  (VIOLATED)
   weighted_xor_group1[6]       0.44           0.77 f        -0.33  (VIOLATED)
   weighted_xor_group0[14]      0.44           0.76 f        -0.33  (VIOLATED)
   weighted_xor_group0[2]       0.44           0.76 f        -0.32  (VIOLATED)
   weighted_xor_group0[30]      0.44           0.75 r        -0.32  (VIOLATED)
   weighted_xor_group1[3]       0.44           0.74 f        -0.30  (VIOLATED)
   weighted_xor_group0[62]      0.44           0.74 f        -0.30  (VIOLATED)
   weighted_xor_group0[50]      0.44           0.74 r        -0.30  (VIOLATED)
   weighted_xor_group0[0]       0.44           0.73 r        -0.30  (VIOLATED)
   weighted_xor_group0[51]      0.44           0.73 r        -0.29  (VIOLATED)
   weighted_xor_group1[15]      0.44           0.73 f        -0.29  (VIOLATED)
   weighted_xor_group0[42]      0.44           0.73 r        -0.29  (VIOLATED)
   weighted_xor_group0[22]      0.44           0.73 r        -0.29  (VIOLATED)
   weighted_xor_group0[58]      0.44           0.73 r        -0.29  (VIOLATED)
   weighted_xor_group1[0]       0.44           0.73 f        -0.29  (VIOLATED)
   weighted_xor_group1[2]       0.44           0.72 r        -0.28  (VIOLATED)
   weighted_xor_group0[35]      0.44           0.72 r        -0.28  (VIOLATED)
   weighted_xor_group1[10]      0.44           0.72 r        -0.28  (VIOLATED)
   weighted_xor_group1[8]       0.44           0.71 f        -0.27  (VIOLATED)
   weighted_xor_group0[21]      0.44           0.71 r        -0.27  (VIOLATED)
   weighted_xor_group1[19]      0.44           0.71 r        -0.27  (VIOLATED)
   weighted_xor_group0[59]      0.44           0.71 r        -0.27  (VIOLATED)
   weighted_xor_group0[48]      0.44           0.71 f        -0.27  (VIOLATED)
   weighted_xor_group0[16]      0.44           0.70 f        -0.26  (VIOLATED)
   weighted_xor_group1[14]      0.44           0.70 r        -0.26  (VIOLATED)
   weighted_xor_group0[40]      0.44           0.69 f        -0.26  (VIOLATED)
   weighted_xor_group0[38]      0.44           0.68 r        -0.24  (VIOLATED)
   weighted_xor_group1[21]      0.44           0.68 r        -0.24  (VIOLATED)
   weighted_xor_group0[24]      0.44           0.68 f        -0.24  (VIOLATED)
   weighted_xor_group1[26]      0.44           0.67 f        -0.24  (VIOLATED)
   weighted_xor_group0[32]      0.44           0.67 f        -0.24  (VIOLATED)
   weighted_xor_group1[18]      0.44           0.67 r        -0.23  (VIOLATED)
   weighted_xor_group0[8]       0.44           0.67 r        -0.23  (VIOLATED)
   weighted_xor_group1[22]      0.44           0.67 f        -0.23  (VIOLATED)
   weighted_xor_group1[29]      0.44           0.66 f        -0.22  (VIOLATED)
   weighted_xor_group0[17]      0.44           0.66 f        -0.22  (VIOLATED)
   weighted_xor_group0[41]      0.44           0.65 f        -0.21  (VIOLATED)
   weighted_xor_group0[25]      0.44           0.65 r        -0.21  (VIOLATED)
   weighted_xor_group1[23]      0.44           0.65 r        -0.21  (VIOLATED)
   weighted_xor_group0[56]      0.44           0.64 r        -0.20  (VIOLATED)
   weighted_xor_group0[33]      0.44           0.64 f        -0.20  (VIOLATED)
   weighted_xor_group1[16]      0.44           0.63 r        -0.19  (VIOLATED)
   weighted_xor_group1[25]      0.44           0.63 f        -0.19  (VIOLATED)
   weighted_xor_group1[28]      0.44           0.63 r        -0.19  (VIOLATED)
   weighted_xor_group1[27]      0.44           0.62 r        -0.18  (VIOLATED)
   weighted_xor_group1[13]      0.44           0.62 r        -0.18  (VIOLATED)
   weighted_xor_group1[24]      0.44           0.61 r        -0.17  (VIOLATED)
   weighted_xor_group1[37]      0.44           0.61 r        -0.17  (VIOLATED)
   weighted_xor_group0[1]       0.44           0.61 r        -0.17  (VIOLATED)
   weighted_xor_group0[49]      0.44           0.60 r        -0.17  (VIOLATED)
   weighted_xor_group1[32]      0.44           0.60 f        -0.17  (VIOLATED)
   weighted_xor_group0[57]      0.44           0.60 r        -0.17  (VIOLATED)
   weighted_xor_group1[38]      0.44           0.60 r        -0.16  (VIOLATED)
   weighted_xor_group1[9]       0.44           0.60 r        -0.16  (VIOLATED)
   weighted_xor_group1[30]      0.44           0.59 r        -0.15  (VIOLATED)
   weighted_xor_group1[1]       0.44           0.59 r        -0.15  (VIOLATED)
   weighted_xor_group1[35]      0.44           0.58 r        -0.14  (VIOLATED)
   weighted_xor_group1[17]      0.44           0.58 r        -0.14  (VIOLATED)
   weighted_xor_group1[31]      0.44           0.57 r        -0.14  (VIOLATED)
   weighted_xor_group1[40]      0.44           0.57 r        -0.13  (VIOLATED)
   weighted_xor_group1[36]      0.44           0.57 f        -0.13  (VIOLATED)
   weighted_xor_group1[34]      0.44           0.56 r        -0.12  (VIOLATED)
   weighted_xor_group1[42]      0.44           0.56 r        -0.12  (VIOLATED)
   weighted_xor_group1[33]      0.44           0.54 r        -0.11  (VIOLATED)
   weighted_xor_group0[9]       0.44           0.54 r        -0.11  (VIOLATED)
   weighted_xor_group1[45]      0.44           0.53 r        -0.10  (VIOLATED)
   weighted_xor_group1[39]      0.44           0.53 f        -0.09  (VIOLATED)
   weighted_xor_group1[46]      0.44           0.52 r        -0.09  (VIOLATED)
   weighted_xor_group1[43]      0.44           0.51 r        -0.07  (VIOLATED)
   weighted_xor_group1[50]      0.44           0.50 f        -0.07  (VIOLATED)
   weighted_xor_group1[41]      0.44           0.50 r        -0.06  (VIOLATED)
   weighted_xor_group1[47]      0.44           0.50 r        -0.06  (VIOLATED)
   weighted_xor_group1[44]      0.44           0.50 r        -0.06  (VIOLATED)
   weighted_xor_group1[53]      0.44           0.49 r        -0.05  (VIOLATED)
   weighted_xor_group1[51]      0.44           0.48 f        -0.04  (VIOLATED)
   weighted_xor_group1[63]      0.44           0.48 r        -0.04  (VIOLATED)
   weighted_xor_group1[52]      0.44           0.47 r        -0.03  (VIOLATED)
   weighted_xor_group1[48]      0.44           0.47 r        -0.03  (VIOLATED)
   weighted_xor_group1[61]      0.44           0.46 r        -0.02  (VIOLATED)
   weighted_xor_group1[60]      0.44           0.45 r        -0.02  (VIOLATED)
   weighted_xor_group1[59]      0.44           0.45 f        -0.01  (VIOLATED)
   weighted_xor_group1[54]      0.44           0.45 r        -0.01  (VIOLATED)
   weighted_xor_group1[49]      0.44           0.45 f        -0.01  (VIOLATED)
   weighted_xor_group1[58]      0.44           0.44 f         0.00  (VIOLATED: increase significant digits)


   max_area

                             Required        Actual
   Design                      Area           Area           Slack
   -----------------------------------------------------------------
   xed_encoder_10               0.00       25903.87       -25903.87 (VIOLATED)


1
