Loading db file '/home/net/local/SAED14nm_EDK_08_2024/SAED14nm_EDK_STD_RVT/liberty/nldm/base/saed14rvt_base_tt0p8v25c.db'
Information: Propagating switching activity (high effort zero delay simulation). (PWR-6)
Warning: Design has unannotated primary inputs. (PWR-414)
Warning: Design has unannotated sequential cell outputs. (PWR-415)
 
****************************************
Report : power
        -analysis_effort high
        -verbose
Design : xed_encoder_10
Version: W-2024.09-SP5
Date   : Fri Aug  1 20:53:55 2025
****************************************


Library(s) Used:

    saed14rvt_base_tt0p8v25c (File: /home/net/local/SAED14nm_EDK_08_2024/SAED14nm_EDK_STD_RVT/liberty/nldm/base/saed14rvt_base_tt0p8v25c.db)


Operating Conditions: tt0p8v25c   Library: saed14rvt_base_tt0p8v25c
Wire Load Model Mode: top

Design        Wire Load Model            Library
------------------------------------------------
xed_encoder_10         16000             saed14rvt_base_tt0p8v25c


Global Operating Voltage = 0.8  
Power-specific unit information :
    Voltage Units = 1V
    Capacitance Units = 1.000000pf
    Time Units = 1ns
    Dynamic Power Units = 1mW    (derived from V,C,T units)
    Leakage Power Units = 1pW


Attributes
----------
i - Including register clock pin internal power


  Cell Internal Power  =  12.1406 mW   (17%)
  Net Switching Power  =  60.9290 mW   (83%)
                         ---------
Total Dynamic Power    =  73.0696 mW  (100%)

Cell Leakage Power     =   7.6189 uW

                 Internal         Switching           Leakage            Total                         Cell
Power Group      Power            Power               Power              Power   (   %    )  Attrs  Count
---------------------------------------------------------------------------------------------------------
io_pad             0.0000            0.0000            0.0000            0.0000  (   0.00%)            0
memory             0.0000            0.0000            0.0000            0.0000  (   0.00%)            0
black_box          0.0000            0.0000            0.0000            0.0000  (   0.00%)            0
clock_network  3.3848e-03            0.0000            0.0000        3.3848e-03  (   0.00%)            0
                                                                                             i
register       1.7204e-04        5.5046e-04          323.5125        7.2282e-04  (   0.00%)            1
sequential         0.0000            0.0000            0.0000            0.0000  (   0.00%)            0
combinational     12.1369           60.9284        7.6184e+06           73.0728  (  99.99%)            22617
---------------------------------------------------------------------------------------------------------
Total             12.1405 mW        60.9290 mW     7.6187e+06 pW        73.0769 mW
1
