 
****************************************
Report : qor
Design : secded_decoder_72_64
Version: W-2024.09-SP5
Date   : Fri Aug  1 20:28:44 2025
****************************************


  Timing Path Group (none)
  -----------------------------------
  Levels of Logic:              15.00
  Critical Path Length:          1.07
  Critical Path Slack:         uninit
  Critical Path Clk Period:       n/a
  Total Negative Slack:          0.00
  No. of Violating Paths:        0.00
  Worst Hold Violation:          0.00
  Total Hold Violation:          0.00
  No. of Hold Violations:        0.00
  -----------------------------------


  Cell Count
  -----------------------------------
  Hierarchical Cell Count:          0
  Hierarchical Port Count:          0
  Leaf Cell Count:                266
  Buf/Inv Cell Count:              38
  Buf Cell Count:                   1
  Inv Cell Count:                  37
  CT Buf/Inv Cell Count:            0
  Combinational Cell Count:       266
  Sequential Cell Count:            0
  Macro Count:                      0
  -----------------------------------


  Area
  -----------------------------------
  Combinational Area:      123.742799
  Noncombinational Area:     0.000000
  Buf/Inv Area:              7.281600
  Total Buffer Area:             0.40
  Total Inverter Area:           6.88
  Macro/Black Box Area:      0.000000
  Net Area:                110.933546
  -----------------------------------
  Cell Area:               123.742799
  Design Area:             234.676345


  Design Rules
  -----------------------------------
  Total Number of Nets:           337
  Nets With Violations:             0
  Max Trans Violations:             0
  Max Cap Violations:               0
  -----------------------------------


  Hostname: net1580

  Compile CPU Statistics
  -----------------------------------------
  Resource Sharing:                    5.80
  Logic Optimization:                  0.31
  Mapping Optimization:                0.72
  -----------------------------------------
  Overall Compile Time:               28.19
  Overall Compile Wall Clock Time:    29.49

  --------------------------------------------------------------------

  Design  WNS: 0.00  TNS: 0.00  Number of Violating Paths: 0


  Design (Hold)  WNS: 0.00  TNS: 0.00  Number of Violating Paths: 0

  --------------------------------------------------------------------


1
