 
****************************************
Report : area
Design : sec_decoder_136_128
Version: W-2024.09-SP5
Date   : Fri Aug  1 20:27:50 2025
****************************************

Library(s) Used:

    saed14rvt_base_tt0p8v25c (File: /home/net/local/SAED14nm_EDK_08_2024/SAED14nm_EDK_STD_RVT/liberty/nldm/base/saed14rvt_base_tt0p8v25c.db)

Number of ports:                          274
Number of nets:                           581
Number of cells:                          445
Number of combinational cells:            445
Number of sequential cells:                 0
Number of macros/black boxes:               0
Number of buf/inv:                         29
Number of references:                      29

Combinational area:                226.617599
Buf/Inv area:                        5.816400
Noncombinational area:               0.000000
Macro/Black Box area:                0.000000
Net Interconnect area:             200.387104

Total cell area:                   226.617599
Total area:                        427.004703

The above information was reported from the logical library. The following are from the physical library:

Hierarchical area distribution
------------------------------

                                  Global cell area          Local cell area
                                  ------------------  --------------------------- 
Hierarchical cell                 Absolute   Percent  Combi-    Noncombi-  Black-
                                  Total      Total    national  national   boxes   Design
--------------------------------  ---------  -------  --------  ---------  ------  ---------
sec_decoder_136_128                226.6176    100.0  226.6176     0.0000  0.0000  sec_decoder_136_128
--------------------------------  ---------  -------  --------  ---------  ------  ---------
Total                                                 226.6176     0.0000  0.0000


Area of detected synthetic parts
--------------------------------
  No DW parts to report!

Total synthetic cell area:              0.0000  0.0%  

1
