Information: Propagating switching activity (low effort zero delay simulation). (PWR-6)
Warning: There is no defined clock in the design. (PWR-80)
Warning: Design has unannotated primary inputs. (PWR-414)
 
****************************************
Report : power
        -hier
        -analysis_effort low
Design : sec_decoder_136_128
Version: W-2024.09-SP5
Date   : Fri Aug  1 20:27:57 2025
****************************************


Library(s) Used:

    saed14rvt_base_tt0p8v25c (File: /home/net/local/SAED14nm_EDK_08_2024/SAED14nm_EDK_STD_RVT/liberty/nldm/base/saed14rvt_base_tt0p8v25c.db)


Operating Conditions: tt0p8v25c   Library: saed14rvt_base_tt0p8v25c
Wire Load Model Mode: top

Design        Wire Load Model            Library
------------------------------------------------
sec_decoder_136_128    8000              saed14rvt_base_tt0p8v25c


Global Operating Voltage = 0.8  
Power-specific unit information :
    Voltage Units = 1V
    Capacitance Units = 1.000000pf
    Time Units = 1ns
    Dynamic Power Units = 1mW    (derived from V,C,T units)
    Leakage Power Units = 1pW


--------------------------------------------------------------------------------
                                       Switch   Int      Leak     Total
Hierarchy                              Power    Power    Power    Power    %
--------------------------------------------------------------------------------
sec_decoder_136_128                       0.587 9.48e-02 9.32e+04    0.682 100.0
1
