 
****************************************
Report : area
Design : rs_decoder_76_64
Version: W-2024.09-SP5
Date   : Fri Aug  1 20:16:04 2025
****************************************

Library(s) Used:

    saed14rvt_base_tt0p8v25c (File: /home/net/local/SAED14nm_EDK_08_2024/SAED14nm_EDK_STD_RVT/liberty/nldm/base/saed14rvt_base_tt0p8v25c.db)

Number of ports:                         1315
Number of nets:                          5011
Number of cells:                         4171
Number of combinational cells:           3574
Number of sequential cells:               590
Number of macros/black boxes:               0
Number of buf/inv:                       1523
Number of references:                     161

Combinational area:               1775.911190
Buf/Inv area:                      497.102397
Noncombinational area:             639.715220
Macro/Black Box area:                0.000000
Net Interconnect area:            2278.893591

Total cell area:                  2415.626410
Total area:                       4694.520001

The above information was reported from the logical library. The following are from the physical library:

Hierarchical area distribution
------------------------------

                                  Global cell area          Local cell area
                                  ------------------  ---------------------------- 
Hierarchical cell                 Absolute   Percent  Combi-     Noncombi-  Black-
                                  Total      Total    national   national   boxes   Design
--------------------------------  ---------  -------  ---------  ---------  ------  --------------------------------------
rs_decoder_76_64                  2415.6264    100.0  1334.4420   639.7152  0.0000  rs_decoder_76_64
add_301                              3.8184      0.2     3.8184     0.0000  0.0000  rs_decoder_76_64_DW01_inc_0_DW01_inc_1
gf_inv_inst                         40.3596      1.7    40.3596     0.0000  0.0000  gf256_inverse
gf_mult_inst                       266.0448     11.0    35.1204     0.0000  0.0000  gf256_mult
gf_mult_inst/mult_612              230.9244      9.6   128.8488     0.0000  0.0000  gf256_mult_DW02_mult_0_DW02_mult_1
gf_mult_inst/mult_612/FS_1         102.0756      4.2   102.0756     0.0000  0.0000  gf256_mult_DW01_add_3
gf_pow_inst                         66.2892      2.7    66.2892     0.0000  0.0000  gf256_power
mult_474                            64.9572      2.7    64.9572     0.0000  0.0000  rs_decoder_76_64_DW02_mult_0
--------------------------------  ---------  -------  ---------  ---------  ------  --------------------------------------
Total                                                 1775.9112   639.7152  0.0000


Area of detected synthetic parts
--------------------------------
                                      Perc. of
  Module    Implem.  Count      Area cell area
  --------- -------  ----- --------- ---------
  DW01_inc      rpl      1    3.8184      0.2%
  DW02_mult     csa      2  295.8816     12.2%
  --------- -------  ----- --------- ---------
  Total:                 3  299.7000     12.4%

Estimated area of ungrouped synthetic parts
-------------------------------------------
                            Estimated  Perc. of
  Module    Implem.  Count       Area cell area
  --------- -------  ----- ---------- ---------
  DW01_cmp2     rpl      2     0.6836      0.0%
  DW01_inc      rpl      1     1.2120      0.1%
  --------- -------  ----- ---------- ---------
  Total:                 3     1.8957      0.1%

Total synthetic cell area:              301.5956  12.5%  (estimated)

1
