Loading db file '/home/net/local/SAED14nm_EDK_08_2024/SAED14nm_EDK_STD_RVT/liberty/nldm/base/saed14rvt_base_tt0p8v25c.db'
Information: Propagating switching activity (high effort zero delay simulation). (PWR-6)
Warning: Design has unannotated primary inputs. (PWR-414)
Warning: Design has unannotated sequential cell outputs. (PWR-415)
 
****************************************
Report : power
        -analysis_effort high
        -verbose
Design : rs_decoder_76_64
Version: W-2024.09-SP5
Date   : Fri Aug  1 20:16:12 2025
****************************************


Library(s) Used:

    saed14rvt_base_tt0p8v25c (File: /home/net/local/SAED14nm_EDK_08_2024/SAED14nm_EDK_STD_RVT/liberty/nldm/base/saed14rvt_base_tt0p8v25c.db)


Operating Conditions: tt0p8v25c   Library: saed14rvt_base_tt0p8v25c
Wire Load Model Mode: top

Design        Wire Load Model            Library
------------------------------------------------
rs_decoder_76_64       8000              saed14rvt_base_tt0p8v25c


Global Operating Voltage = 0.8  
Power-specific unit information :
    Voltage Units = 1V
    Capacitance Units = 1.000000pf
    Time Units = 1ns
    Dynamic Power Units = 1mW    (derived from V,C,T units)
    Leakage Power Units = 1pW


Attributes
----------
i - Including register clock pin internal power


  Cell Internal Power  =   2.2602 mW   (54%)
  Net Switching Power  =   1.9445 mW   (46%)
                         ---------
Total Dynamic Power    =   4.2046 mW  (100%)

Cell Leakage Power     =   1.3193 uW

                 Internal         Switching           Leakage            Total                         Cell
Power Group      Power            Power               Power              Power   (   %    )  Attrs  Count
---------------------------------------------------------------------------------------------------------
io_pad             0.0000            0.0000            0.0000            0.0000  (   0.00%)            0
memory             0.0000            0.0000            0.0000            0.0000  (   0.00%)            0
black_box          0.0000            0.0000            0.0000            0.0000  (   0.00%)            0
clock_network      1.9013            0.0000            0.0000            1.9013  (  45.21%)            0
                                                                                             i
register       6.8944e-02            0.2654        1.8862e+05            0.3345  (   7.95%)            590
sequential         0.0000            0.0000            0.0000            0.0000  (   0.00%)            0
combinational      0.2899            1.6791        1.1304e+06            1.9701  (  46.84%)            3569
---------------------------------------------------------------------------------------------------------
Total              2.2602 mW         1.9445 mW     1.3190e+06 pW         4.2059 mW
1
