Information: Propagating switching activity (low effort zero delay simulation). (PWR-6)
Warning: Design has unannotated primary inputs. (PWR-414)
Warning: Design has unannotated sequential cell outputs. (PWR-415)
 
****************************************
Report : power
        -hier
        -analysis_effort low
Design : rs_decoder_76_64
Version: W-2024.09-SP5
Date   : Fri Aug  1 20:16:13 2025
****************************************


Library(s) Used:

    saed14rvt_base_tt0p8v25c (File: /home/net/local/SAED14nm_EDK_08_2024/SAED14nm_EDK_STD_RVT/liberty/nldm/base/saed14rvt_base_tt0p8v25c.db)


Operating Conditions: tt0p8v25c   Library: saed14rvt_base_tt0p8v25c
Wire Load Model Mode: top

Design        Wire Load Model            Library
------------------------------------------------
rs_decoder_76_64       8000              saed14rvt_base_tt0p8v25c


Global Operating Voltage = 0.8  
Power-specific unit information :
    Voltage Units = 1V
    Capacitance Units = 1.000000pf
    Time Units = 1ns
    Dynamic Power Units = 1mW    (derived from V,C,T units)
    Leakage Power Units = 1pW


--------------------------------------------------------------------------------
                                       Switch   Int      Leak     Total
Hierarchy                              Power    Power    Power    Power    %
--------------------------------------------------------------------------------
rs_decoder_76_64                          2.036    2.249 1.32e+06    4.286 100.0
  mult_474 (rs_decoder_76_64_DW02_mult_0)
                                       2.14e-02 5.67e-03 4.26e+04 2.71e-02   0.6
  add_301 (rs_decoder_76_64_DW01_inc_0_DW01_inc_1)
                                       1.88e-03 6.64e-04 1.43e+03 2.54e-03   0.1
  gf_pow_inst (gf256_power)            4.58e-02 1.74e-02 5.74e+04 6.33e-02   1.5
  gf_inv_inst (gf256_inverse)             0.000    0.000 3.55e+04 3.55e-05   0.0
  gf_mult_inst (gf256_mult)               0.248 7.27e-02 2.08e+05    0.321   7.5
    mult_612 (gf256_mult_DW02_mult_0_DW02_mult_1)
                                          0.202 4.88e-02 1.76e+05    0.251   5.9
1
