 
****************************************
Report : reference
Design : rs_decoder_76_64
Version: W-2024.09-SP5
Date   : Fri Aug  1 20:16:13 2025
****************************************

Attributes:
    b - black box (unknown)
   bo - allows boundary optimization
    d - dont_touch
   mo - map_only
    h - hierarchical
    n - noncombinational
    r - removable
    s - synthetic operator
    u - contains unmapped logic

Reference          Library       Unit Area   Count    Total Area   Attributes
-----------------------------------------------------------------------------
SAEDRVT14_AN2B_MM_1
                   saed14rvt_base_tt0p8v25c
                                  0.399600       1      0.399600  
SAEDRVT14_AN2B_MM_4
                   saed14rvt_base_tt0p8v25c
                                  0.532800       2      1.065600  
SAEDRVT14_AN2B_MM_8
                   saed14rvt_base_tt0p8v25c
                                  0.888000       1      0.888000  
SAEDRVT14_AN2B_MM_20
                   saed14rvt_base_tt0p8v25c
                                  1.687200       1      1.687200  
SAEDRVT14_AN2_1    saed14rvt_base_tt0p8v25c
                                  0.310800       5      1.554000  
SAEDRVT14_AN2_4    saed14rvt_base_tt0p8v25c
                                  0.532800       8      4.262400  
SAEDRVT14_AN2_8    saed14rvt_base_tt0p8v25c
                                  0.888000      11      9.768000  
SAEDRVT14_AN2_MM_1 saed14rvt_base_tt0p8v25c
                                  0.310800      16      4.972800  
SAEDRVT14_AN2_MM_3 saed14rvt_base_tt0p8v25c
                                  0.399600       2      0.799200  
SAEDRVT14_AN2_MM_4 saed14rvt_base_tt0p8v25c
                                  0.532800       2      1.065600  
SAEDRVT14_AN2_MM_8 saed14rvt_base_tt0p8v25c
                                  0.799200       1      0.799200  
SAEDRVT14_AN2_MM_12
                   saed14rvt_base_tt0p8v25c
                                  1.065600       3      3.196800  
SAEDRVT14_AN2_MM_16
                   saed14rvt_base_tt0p8v25c
                                  1.243200       1      1.243200  
SAEDRVT14_AN2_MM_20
                   saed14rvt_base_tt0p8v25c
                                  1.509600       2      3.019200  
SAEDRVT14_AN3_0P5  saed14rvt_base_tt0p8v25c
                                  0.355200       1      0.355200  
SAEDRVT14_AN3_0P75 saed14rvt_base_tt0p8v25c
                                  0.355200       1      0.355200  
SAEDRVT14_AN3_1    saed14rvt_base_tt0p8v25c
                                  0.355200       2      0.710400  
SAEDRVT14_AN3_8    saed14rvt_base_tt0p8v25c
                                  1.065600       1      1.065600  
SAEDRVT14_AN4_1    saed14rvt_base_tt0p8v25c
                                  0.399600      41     16.383600  
SAEDRVT14_AN4_4    saed14rvt_base_tt0p8v25c
                                  0.754800      22     16.605600  
SAEDRVT14_AN4_8    saed14rvt_base_tt0p8v25c
                                  1.287600      14     18.026401  
SAEDRVT14_AO2BB2_4 saed14rvt_base_tt0p8v25c
                                  0.710400       1      0.710400  
SAEDRVT14_AO2BB2_V1_1
                   saed14rvt_base_tt0p8v25c
                                  0.621600     397    246.775189  
SAEDRVT14_AO2BB2_V1_4
                   saed14rvt_base_tt0p8v25c
                                  0.710400       2      1.420800  
SAEDRVT14_AO21B_0P5
                   saed14rvt_base_tt0p8v25c
                                  0.355200     143     50.793599  
SAEDRVT14_AO21_1   saed14rvt_base_tt0p8v25c
                                  0.355200       1      0.355200  
SAEDRVT14_AO21_4   saed14rvt_base_tt0p8v25c
                                  0.621600       6      3.729600  
SAEDRVT14_AO22_4   saed14rvt_base_tt0p8v25c
                                  1.198800       3      3.596400  
SAEDRVT14_AO32_U_0P5
                   saed14rvt_base_tt0p8v25c
                                  0.444000       3      1.332000  
SAEDRVT14_AOI21_V1_8
                   saed14rvt_base_tt0p8v25c
                                  1.243200       2      2.486400  
SAEDRVT14_AOI22_0P5
                   saed14rvt_base_tt0p8v25c
                                  0.488400      15      7.326000  
SAEDRVT14_AOI22_0P75
                   saed14rvt_base_tt0p8v25c
                                  0.488400       1      0.488400  
SAEDRVT14_AOI22_1  saed14rvt_base_tt0p8v25c
                                  0.488400       4      1.953600  
SAEDRVT14_AOI22_3  saed14rvt_base_tt0p8v25c
                                  0.621600       2      1.243200  
SAEDRVT14_AOI22_4  saed14rvt_base_tt0p8v25c
                                  0.621600       3      1.864800  
SAEDRVT14_AOI222_0P5
                   saed14rvt_base_tt0p8v25c
                                  0.710400      34     24.153600  
SAEDRVT14_AOI222_1 saed14rvt_base_tt0p8v25c
                                  0.710400      13      9.235200  
SAEDRVT14_AOI222_2 saed14rvt_base_tt0p8v25c
                                  0.843600      14     11.810400  
SAEDRVT14_AOI222_4 saed14rvt_base_tt0p8v25c
                                  0.888000      31     27.528000  
SAEDRVT14_BUF_1    saed14rvt_base_tt0p8v25c
                                  0.266400      69     18.381601  
SAEDRVT14_BUF_3    saed14rvt_base_tt0p8v25c
                                  0.355200      73     25.929599  
SAEDRVT14_BUF_8    saed14rvt_base_tt0p8v25c
                                  0.621600       1      0.621600  
SAEDRVT14_BUF_10   saed14rvt_base_tt0p8v25c
                                  0.710400       1      0.710400  
SAEDRVT14_BUF_12   saed14rvt_base_tt0p8v25c
                                  0.843600       2      1.687200  
SAEDRVT14_BUF_16   saed14rvt_base_tt0p8v25c
                                  1.065600      18     19.180801  
SAEDRVT14_BUF_20   saed14rvt_base_tt0p8v25c
                                  1.287600      17     21.889201  
SAEDRVT14_BUF_CDC_2
                   saed14rvt_base_tt0p8v25c
                                  0.310800      22      6.837600  
SAEDRVT14_BUF_S_0P75
                   saed14rvt_base_tt0p8v25c
                                  0.266400       7      1.864800  
SAEDRVT14_BUF_S_1  saed14rvt_base_tt0p8v25c
                                  0.266400     135     35.964001  
SAEDRVT14_BUF_S_2  saed14rvt_base_tt0p8v25c
                                  0.310800      23      7.148400  
SAEDRVT14_BUF_S_4  saed14rvt_base_tt0p8v25c
                                  0.399600       8      3.196800  
SAEDRVT14_BUF_S_6  saed14rvt_base_tt0p8v25c
                                  0.488400       1      0.488400  
SAEDRVT14_BUF_S_8  saed14rvt_base_tt0p8v25c
                                  0.666000       1      0.666000  
SAEDRVT14_BUF_UCDC_0P5
                   saed14rvt_base_tt0p8v25c
                                  0.266400      12      3.196800  
SAEDRVT14_BUF_UCDC_1
                   saed14rvt_base_tt0p8v25c
                                  0.266400      16      4.262400  
SAEDRVT14_CLKSPLT_8
                   saed14rvt_base_tt0p8v25c
                                  1.642800       1      1.642800  
SAEDRVT14_EO2_1    saed14rvt_base_tt0p8v25c
                                  0.488400       1      0.488400  
SAEDRVT14_FDPRBQ_V2LP_0P5
                   saed14rvt_base_tt0p8v25c
                                  1.065600      39     41.558401  n
SAEDRVT14_FDPRBQ_V2LP_1
                   saed14rvt_base_tt0p8v25c
                                  1.065600     416    443.289616  n
SAEDRVT14_FDPRBQ_V2LP_2
                   saed14rvt_base_tt0p8v25c
                                  1.110000      13     14.430000  n
SAEDRVT14_FDPRBQ_V2_1
                   saed14rvt_base_tt0p8v25c
                                  1.065600      91     96.969603  n
SAEDRVT14_FDPRBQ_V2_2
                   saed14rvt_base_tt0p8v25c
                                  1.110000       1      1.110000  n
SAEDRVT14_FDPRBQ_V2_4
                   saed14rvt_base_tt0p8v25c
                                  1.198800      14     16.783200  n
SAEDRVT14_FDPRB_V3_2
                   saed14rvt_base_tt0p8v25c
                                  1.598400      16     25.574400  n
SAEDRVT14_INV_0P75 saed14rvt_base_tt0p8v25c
                                  0.177600       6      1.065600  
SAEDRVT14_INV_2    saed14rvt_base_tt0p8v25c
                                  0.222000      41      9.102000  
SAEDRVT14_INV_3    saed14rvt_base_tt0p8v25c
                                  0.266400      90     23.976001  
SAEDRVT14_INV_4    saed14rvt_base_tt0p8v25c
                                  0.310800      13      4.040400  
SAEDRVT14_INV_6    saed14rvt_base_tt0p8v25c
                                  0.399600       7      2.797200  
SAEDRVT14_INV_10   saed14rvt_base_tt0p8v25c
                                  0.577200       8      4.617600  
SAEDRVT14_INV_12   saed14rvt_base_tt0p8v25c
                                  0.666000      16     10.656000  
SAEDRVT14_INV_20   saed14rvt_base_tt0p8v25c
                                  1.021200       1      1.021200  
SAEDRVT14_INV_ECO_1
                   saed14rvt_base_tt0p8v25c
                                  0.222000       1      0.222000  
SAEDRVT14_INV_S_0P5
                   saed14rvt_base_tt0p8v25c
                                  0.177600       8      1.420800  
SAEDRVT14_INV_S_1  saed14rvt_base_tt0p8v25c
                                  0.177600     682    121.123197  
SAEDRVT14_INV_S_1P5
                   saed14rvt_base_tt0p8v25c
                                  0.222000       1      0.222000  
SAEDRVT14_INV_S_4  saed14rvt_base_tt0p8v25c
                                  0.310800       5      1.554000  
SAEDRVT14_INV_S_5  saed14rvt_base_tt0p8v25c
                                  0.399600       1      0.399600  
SAEDRVT14_INV_S_8  saed14rvt_base_tt0p8v25c
                                  0.488400      17      8.302800  
SAEDRVT14_INV_S_10 saed14rvt_base_tt0p8v25c
                                  0.577200       9      5.194800  
SAEDRVT14_INV_S_16 saed14rvt_base_tt0p8v25c
                                  0.843600      13     10.966800  
SAEDRVT14_INV_S_20 saed14rvt_base_tt0p8v25c
                                  1.021200      37     37.784398  
SAEDRVT14_MUX2_MM_0P5
                   saed14rvt_base_tt0p8v25c
                                  0.444000       1      0.444000  
SAEDRVT14_MUX2_MM_4
                   saed14rvt_base_tt0p8v25c
                                  0.976800      21     20.512801  
SAEDRVT14_MUXI2_4  saed14rvt_base_tt0p8v25c
                                  0.710400       7      4.972800  
SAEDRVT14_MUXI2_ECO_2
                   saed14rvt_base_tt0p8v25c
                                  1.154400       1      1.154400  
SAEDRVT14_MUXI2_U_0P5
                   saed14rvt_base_tt0p8v25c
                                  0.399600       3      1.198800  
SAEDRVT14_ND2B_U_0P5
                   saed14rvt_base_tt0p8v25c
                                  0.310800       3      0.932400  
SAEDRVT14_ND2_1    saed14rvt_base_tt0p8v25c
                                  0.310800       2      0.621600  
SAEDRVT14_ND2_6    saed14rvt_base_tt0p8v25c
                                  0.754800       1      0.754800  
SAEDRVT14_ND2_8    saed14rvt_base_tt0p8v25c
                                  0.932400       1      0.932400  
SAEDRVT14_ND2_16   saed14rvt_base_tt0p8v25c
                                  1.554000       5      7.770000  
SAEDRVT14_ND2_CDC_0P5
                   saed14rvt_base_tt0p8v25c
                                  0.222000       3      0.666000  
SAEDRVT14_ND2_CDC_1
                   saed14rvt_base_tt0p8v25c
                                  0.222000       1      0.222000  
SAEDRVT14_ND2_CDC_4
                   saed14rvt_base_tt0p8v25c
                                  0.488400       5      2.442000  
SAEDRVT14_ND2_MM_6 saed14rvt_base_tt0p8v25c
                                  0.843600       2      1.687200  
SAEDRVT14_ND2_MM_10
                   saed14rvt_base_tt0p8v25c
                                  1.198800       6      7.192800  
SAEDRVT14_ND2_MM_16
                   saed14rvt_base_tt0p8v25c
                                  1.864800       8     14.918400  
SAEDRVT14_ND3_4    saed14rvt_base_tt0p8v25c
                                  1.154400       1      1.154400  
SAEDRVT14_ND4_2    saed14rvt_base_tt0p8v25c
                                  1.420800       1      1.420800  
SAEDRVT14_NR2_1P5  saed14rvt_base_tt0p8v25c
                                  0.310800       3      0.932400  
SAEDRVT14_NR2_2    saed14rvt_base_tt0p8v25c
                                  0.310800       1      0.310800  
SAEDRVT14_NR2_4    saed14rvt_base_tt0p8v25c
                                  0.488400       2      0.976800  
SAEDRVT14_NR2_5    saed14rvt_base_tt0p8v25c
                                  0.754800       2      1.509600  
SAEDRVT14_NR2_ECO_2
                   saed14rvt_base_tt0p8v25c
                                  0.754800       1      0.754800  
SAEDRVT14_NR2_MM_0P5
                   saed14rvt_base_tt0p8v25c
                                  0.222000       5      1.110000  
SAEDRVT14_NR2_MM_1 saed14rvt_base_tt0p8v25c
                                  0.222000       4      0.888000  
SAEDRVT14_NR2_MM_3 saed14rvt_base_tt0p8v25c
                                  0.399600       4      1.598400  
SAEDRVT14_NR2_MM_4 saed14rvt_base_tt0p8v25c
                                  0.488400      17      8.302800  
SAEDRVT14_NR2_MM_6 saed14rvt_base_tt0p8v25c
                                  0.666000       7      4.662000  
SAEDRVT14_NR2_MM_8 saed14rvt_base_tt0p8v25c
                                  0.843600       6      5.061600  
SAEDRVT14_NR2_MM_10
                   saed14rvt_base_tt0p8v25c
                                  1.021200       9      9.190799  
SAEDRVT14_NR2_MM_12
                   saed14rvt_base_tt0p8v25c
                                  1.198800       3      3.596400  
SAEDRVT14_NR2_MM_16
                   saed14rvt_base_tt0p8v25c
                                  1.554000      13     20.202000  
SAEDRVT14_NR3_0P5  saed14rvt_base_tt0p8v25c
                                  0.444000       2      0.888000  
SAEDRVT14_NR3_2    saed14rvt_base_tt0p8v25c
                                  0.488400       2      0.976800  
SAEDRVT14_NR3_3    saed14rvt_base_tt0p8v25c
                                  0.577200       2      1.154400  
SAEDRVT14_NR3_4    saed14rvt_base_tt0p8v25c
                                  0.666000       1      0.666000  
SAEDRVT14_NR3_8    saed14rvt_base_tt0p8v25c
                                  1.021200       2      2.042400  
SAEDRVT14_NR4_0P75 saed14rvt_base_tt0p8v25c
                                  0.488400       1      0.488400  
SAEDRVT14_OA21B_1  saed14rvt_base_tt0p8v25c
                                  0.355200       2      0.710400  
SAEDRVT14_OA21_1   saed14rvt_base_tt0p8v25c
                                  0.355200       1      0.355200  
SAEDRVT14_OA21_4   saed14rvt_base_tt0p8v25c
                                  0.621600       1      0.621600  
SAEDRVT14_OA22_0P75
                   saed14rvt_base_tt0p8v25c
                                  0.399600      27     10.789200  
SAEDRVT14_OA22_2   saed14rvt_base_tt0p8v25c
                                  0.444000      32     14.208000  
SAEDRVT14_OA22_4   saed14rvt_base_tt0p8v25c
                                  0.532800       3      1.598400  
SAEDRVT14_OA22_U_0P5
                   saed14rvt_base_tt0p8v25c
                                  0.399600      74     29.570400  
SAEDRVT14_OA31_1   saed14rvt_base_tt0p8v25c
                                  0.399600     129     51.548400  
SAEDRVT14_OA31_2   saed14rvt_base_tt0p8v25c
                                  0.444000       3      1.332000  
SAEDRVT14_OA31_4   saed14rvt_base_tt0p8v25c
                                  0.754800       2      1.509600  
SAEDRVT14_OAI21_0P5
                   saed14rvt_base_tt0p8v25c
                                  0.266400     145     38.628001  
SAEDRVT14_OAI21_V1_4
                   saed14rvt_base_tt0p8v25c
                                  0.710400       1      0.710400  
SAEDRVT14_OAI21_V1_8
                   saed14rvt_base_tt0p8v25c
                                  1.243200       2      2.486400  
SAEDRVT14_OAI22_0P5
                   saed14rvt_base_tt0p8v25c
                                  0.310800       1      0.310800  
SAEDRVT14_OAI22_0P75
                   saed14rvt_base_tt0p8v25c
                                  0.310800       1      0.310800  
SAEDRVT14_OAI22_1  saed14rvt_base_tt0p8v25c
                                  0.310800       2      0.621600  
SAEDRVT14_OAI31_1  saed14rvt_base_tt0p8v25c
                                  0.488400       2      0.976800  
SAEDRVT14_OR2_1    saed14rvt_base_tt0p8v25c
                                  0.310800       2      0.621600  
SAEDRVT14_OR2_2    saed14rvt_base_tt0p8v25c
                                  0.355200       5      1.776000  
SAEDRVT14_OR2_4    saed14rvt_base_tt0p8v25c
                                  0.532800      56     29.836801  
SAEDRVT14_OR2_MM_1 saed14rvt_base_tt0p8v25c
                                  0.310800      37     11.499599  
SAEDRVT14_OR2_MM_2 saed14rvt_base_tt0p8v25c
                                  0.355200      11      3.907200  
SAEDRVT14_OR2_MM_3 saed14rvt_base_tt0p8v25c
                                  0.399600      13      5.194800  
SAEDRVT14_OR2_MM_4 saed14rvt_base_tt0p8v25c
                                  0.532800       4      2.131200  
SAEDRVT14_OR2_MM_6 saed14rvt_base_tt0p8v25c
                                  0.621600       8      4.972800  
SAEDRVT14_OR2_MM_8 saed14rvt_base_tt0p8v25c
                                  0.799200      16     12.787200  
SAEDRVT14_OR2_MM_12
                   saed14rvt_base_tt0p8v25c
                                  1.065600      18     19.180801  
SAEDRVT14_OR2_MM_16
                   saed14rvt_base_tt0p8v25c
                                  1.243200       1      1.243200  
SAEDRVT14_OR2_MM_20
                   saed14rvt_base_tt0p8v25c
                                  1.509600      35     52.836002  
SAEDRVT14_OR3_0P5  saed14rvt_base_tt0p8v25c
                                  0.355200       1      0.355200  
SAEDRVT14_OR3_1    saed14rvt_base_tt0p8v25c
                                  0.355200       5      1.776000  
SAEDRVT14_OR3_2    saed14rvt_base_tt0p8v25c
                                  0.399600       1      0.399600  
SAEDRVT14_OR3_4    saed14rvt_base_tt0p8v25c
                                  0.621600       9      5.594400  
SAEDRVT14_OR4_1    saed14rvt_base_tt0p8v25c
                                  0.399600      13      5.194800  
SAEDRVT14_TIE0_V1_2
                   saed14rvt_base_tt0p8v25c
                                  0.488400       1      0.488400  
SAEDRVT14_TIE1_4   saed14rvt_base_tt0p8v25c
                                  0.399600       1      0.399600  
gf256_inverse                    40.359600       1     40.359600  h
gf256_mult                      266.044801       1    266.044801  h
gf256_power                      66.289200       1     66.289200  h
rs_decoder_76_64_DW01_inc_0_DW01_inc_1
                                  3.818400       1      3.818400  h
rs_decoder_76_64_DW02_mult_0     64.957200       1     64.957200  h
-----------------------------------------------------------------------------
Total 161 references                                 2415.626410
1
