 
****************************************
Report : area
Design : xed_decoder_10
Version: W-2024.09-SP5
Date   : Fri Aug  1 20:44:07 2025
****************************************

Library(s) Used:

    saed14rvt_base_tt0p8v25c (File: /home/net/local/SAED14nm_EDK_08_2024/SAED14nm_EDK_STD_RVT/liberty/nldm/base/saed14rvt_base_tt0p8v25c.db)

Number of ports:                         9004
Number of nets:                         35634
Number of cells:                        27762
Number of combinational cells:          27599
Number of sequential cells:                 9
Number of macros/black boxes:               0
Number of buf/inv:                       5668
Number of references:                     138

Combinational area:              15331.142238
Buf/Inv area:                     2263.156785
Noncombinational area:               9.590400
Macro/Black Box area:                0.000000
Net Interconnect area:           15587.047228

Total cell area:                 15340.732638
Total area:                      30927.779866
1
