 
****************************************
Report : area
Design : xed_decoder_9
Version: W-2024.09-SP5
Date   : Fri Aug  1 20:49:55 2025
****************************************

Library(s) Used:

    saed14rvt_base_tt0p8v25c (File: /home/net/local/SAED14nm_EDK_08_2024/SAED14nm_EDK_STD_RVT/liberty/nldm/base/saed14rvt_base_tt0p8v25c.db)

Number of ports:                         3483
Number of nets:                         10074
Number of cells:                         7632
Number of combinational cells:           7615
Number of sequential cells:                 8
Number of macros/black boxes:               0
Number of buf/inv:                       1634
Number of references:                     100

Combinational area:               5413.603180
Buf/Inv area:                      913.352384
Noncombinational area:               8.524800
Macro/Black Box area:                0.000000
Net Interconnect area:            2999.343507

Total cell area:                  5422.127981
Total area:                       8421.471487
1
