 
****************************************
Report : constraint
        -all_violators
Design : xed_decoder_9
Version: W-2024.09-SP5
Date   : Fri Aug  1 20:50:05 2025
****************************************


   max_delay/setup ('clk' group)

                             Required        Actual
   Endpoint                 Path Delay     Path Delay        Slack
   -----------------------------------------------------------------
   corrected_chip3_data[14]     0.44           1.77 f        -1.33  (VIOLATED)
   corrected_chip3_data[23]     0.44           1.77 f        -1.33  (VIOLATED)
   corrected_chip3_data[59]     0.44           1.77 f        -1.33  (VIOLATED)
   corrected_chip3_data[119]
                                0.44           1.77 f        -1.33  (VIOLATED)
   corrected_chip7_data[10]     0.44           1.77 r        -1.33  (VIOLATED)
   corrected_chip7_data[18]     0.44           1.77 r        -1.33  (VIOLATED)
   corrected_chip7_data[25]     0.44           1.77 r        -1.33  (VIOLATED)
   corrected_chip7_data[27]     0.44           1.77 r        -1.33  (VIOLATED)
   corrected_chip7_data[39]     0.44           1.77 r        -1.33  (VIOLATED)
   corrected_chip7_data[47]     0.44           1.77 r        -1.33  (VIOLATED)
   corrected_chip7_data[58]     0.44           1.77 r        -1.33  (VIOLATED)
   corrected_chip7_data[62]     0.44           1.77 r        -1.33  (VIOLATED)
   corrected_chip7_data[76]     0.44           1.77 r        -1.33  (VIOLATED)
   corrected_chip7_data[91]     0.44           1.77 r        -1.33  (VIOLATED)
   corrected_chip7_data[97]     0.44           1.77 r        -1.33  (VIOLATED)
   corrected_chip7_data[98]     0.44           1.77 r        -1.33  (VIOLATED)
   corrected_chip7_data[103]
                                0.44           1.77 r        -1.33  (VIOLATED)
   corrected_chip7_data[111]
                                0.44           1.77 r        -1.33  (VIOLATED)
   corrected_chip7_data[20]     0.44           1.77 r        -1.33  (VIOLATED)
   corrected_chip7_data[36]     0.44           1.77 r        -1.33  (VIOLATED)
   corrected_chip7_data[48]     0.44           1.77 r        -1.33  (VIOLATED)
   corrected_chip7_data[77]     0.44           1.77 r        -1.33  (VIOLATED)
   corrected_chip7_data[107]
                                0.44           1.77 r        -1.33  (VIOLATED)
   corrected_chip7_data[118]
                                0.44           1.77 r        -1.33  (VIOLATED)
   corrected_chip7_data[3]      0.44           1.77 r        -1.33  (VIOLATED)
   corrected_chip7_data[21]     0.44           1.77 r        -1.33  (VIOLATED)
   corrected_chip7_data[51]     0.44           1.77 r        -1.33  (VIOLATED)
   corrected_chip7_data[72]     0.44           1.77 r        -1.33  (VIOLATED)
   corrected_chip7_data[73]     0.44           1.77 r        -1.33  (VIOLATED)
   corrected_chip7_data[109]
                                0.44           1.77 r        -1.33  (VIOLATED)
   corrected_chip3_data[0]      0.44           1.77 f        -1.33  (VIOLATED)
   corrected_chip3_data[25]     0.44           1.77 f        -1.33  (VIOLATED)
   corrected_chip3_data[34]     0.44           1.77 f        -1.33  (VIOLATED)
   corrected_chip3_data[57]     0.44           1.77 f        -1.33  (VIOLATED)
   corrected_chip3_data[77]     0.44           1.77 f        -1.33  (VIOLATED)
   corrected_chip3_data[95]     0.44           1.77 f        -1.33  (VIOLATED)
   corrected_chip3_data[1]      0.44           1.77 f        -1.33  (VIOLATED)
   corrected_chip3_data[3]      0.44           1.77 f        -1.33  (VIOLATED)
   corrected_chip3_data[12]     0.44           1.77 f        -1.33  (VIOLATED)
   corrected_chip3_data[22]     0.44           1.77 f        -1.33  (VIOLATED)
   corrected_chip3_data[29]     0.44           1.77 f        -1.33  (VIOLATED)
   corrected_chip3_data[30]     0.44           1.77 f        -1.33  (VIOLATED)
   corrected_chip3_data[40]     0.44           1.77 f        -1.33  (VIOLATED)
   corrected_chip3_data[58]     0.44           1.77 f        -1.33  (VIOLATED)
   corrected_chip3_data[62]     0.44           1.77 f        -1.33  (VIOLATED)
   corrected_chip3_data[64]     0.44           1.77 f        -1.33  (VIOLATED)
   corrected_chip3_data[79]     0.44           1.77 f        -1.33  (VIOLATED)
   corrected_chip3_data[93]     0.44           1.77 f        -1.33  (VIOLATED)
   corrected_chip3_data[98]     0.44           1.77 f        -1.33  (VIOLATED)
   corrected_chip3_data[109]
                                0.44           1.77 f        -1.33  (VIOLATED)
   corrected_chip3_data[112]
                                0.44           1.77 f        -1.33  (VIOLATED)
   corrected_chip3_data[124]
                                0.44           1.77 f        -1.33  (VIOLATED)
   corrected_chip3_data[15]     0.44           1.77 f        -1.33  (VIOLATED)
   corrected_chip3_data[46]     0.44           1.77 f        -1.33  (VIOLATED)
   corrected_chip3_data[73]     0.44           1.77 f        -1.33  (VIOLATED)
   corrected_chip3_data[117]
                                0.44           1.77 f        -1.33  (VIOLATED)
   corrected_chip3_data[10]     0.44           1.77 f        -1.33  (VIOLATED)
   corrected_chip3_data[21]     0.44           1.77 f        -1.33  (VIOLATED)
   corrected_chip3_data[27]     0.44           1.77 f        -1.33  (VIOLATED)
   corrected_chip3_data[31]     0.44           1.77 f        -1.33  (VIOLATED)
   corrected_chip3_data[38]     0.44           1.77 f        -1.33  (VIOLATED)
   corrected_chip3_data[41]     0.44           1.77 f        -1.33  (VIOLATED)
   corrected_chip3_data[49]     0.44           1.77 f        -1.33  (VIOLATED)
   corrected_chip3_data[81]     0.44           1.77 f        -1.33  (VIOLATED)
   corrected_chip4_data[0]      0.44           1.77 r        -1.33  (VIOLATED)
   corrected_chip4_data[110]
                                0.44           1.77 r        -1.33  (VIOLATED)
   corrected_chip3_data[18]     0.44           1.77 r        -1.33  (VIOLATED)
   corrected_chip3_data[53]     0.44           1.77 f        -1.33  (VIOLATED)
   corrected_chip3_data[63]     0.44           1.77 f        -1.33  (VIOLATED)
   corrected_chip3_data[85]     0.44           1.77 f        -1.33  (VIOLATED)
   corrected_chip3_data[86]     0.44           1.77 f        -1.33  (VIOLATED)
   corrected_chip3_data[94]     0.44           1.77 f        -1.33  (VIOLATED)
   corrected_chip3_data[127]
                                0.44           1.77 f        -1.33  (VIOLATED)
   corrected_chip3_data[13]     0.44           1.77 f        -1.33  (VIOLATED)
   corrected_chip3_data[28]     0.44           1.77 f        -1.33  (VIOLATED)
   corrected_chip3_data[35]     0.44           1.77 f        -1.33  (VIOLATED)
   corrected_chip3_data[76]     0.44           1.77 f        -1.33  (VIOLATED)
   corrected_chip3_data[84]     0.44           1.77 f        -1.33  (VIOLATED)
   corrected_chip3_data[89]     0.44           1.77 f        -1.33  (VIOLATED)
   corrected_chip3_data[99]     0.44           1.77 f        -1.33  (VIOLATED)
   corrected_chip3_data[110]
                                0.44           1.77 f        -1.33  (VIOLATED)
   corrected_chip3_data[111]
                                0.44           1.77 f        -1.33  (VIOLATED)
   corrected_chip3_data[26]     0.44           1.77 f        -1.33  (VIOLATED)
   corrected_chip3_data[97]     0.44           1.77 f        -1.33  (VIOLATED)
   corrected_chip4_data[14]     0.44           1.77 f        -1.33  (VIOLATED)
   corrected_chip4_data[18]     0.44           1.77 f        -1.33  (VIOLATED)
   corrected_chip4_data[23]     0.44           1.77 f        -1.33  (VIOLATED)
   corrected_chip4_data[56]     0.44           1.77 f        -1.33  (VIOLATED)
   corrected_chip4_data[67]     0.44           1.77 f        -1.33  (VIOLATED)
   corrected_chip4_data[92]     0.44           1.77 f        -1.33  (VIOLATED)
   corrected_chip4_data[100]
                                0.44           1.77 f        -1.33  (VIOLATED)
   corrected_chip3_data[7]      0.44           1.77 r        -1.33  (VIOLATED)
   corrected_chip3_data[33]     0.44           1.77 r        -1.33  (VIOLATED)
   corrected_chip3_data[116]
                                0.44           1.77 r        -1.33  (VIOLATED)
   corrected_chip3_data[68]     0.44           1.77 r        -1.33  (VIOLATED)
   corrected_chip3_data[122]
                                0.44           1.77 r        -1.33  (VIOLATED)
   corrected_chip2_data[52]     0.44           1.77 f        -1.33  (VIOLATED)
   corrected_chip2_data[4]      0.44           1.77 f        -1.33  (VIOLATED)
   corrected_chip2_data[26]     0.44           1.77 f        -1.33  (VIOLATED)
   corrected_chip2_data[31]     0.44           1.77 f        -1.33  (VIOLATED)
   corrected_chip3_data[8]      0.44           1.77 f        -1.33  (VIOLATED)
   corrected_chip3_data[36]     0.44           1.77 f        -1.33  (VIOLATED)
   corrected_chip3_data[61]     0.44           1.77 f        -1.33  (VIOLATED)
   corrected_chip3_data[108]
                                0.44           1.77 f        -1.33  (VIOLATED)
   corrected_chip3_data[115]
                                0.44           1.77 f        -1.33  (VIOLATED)
   corrected_chip3_data[42]     0.44           1.77 f        -1.33  (VIOLATED)
   corrected_chip3_data[65]     0.44           1.77 f        -1.33  (VIOLATED)
   corrected_chip3_data[90]     0.44           1.77 f        -1.33  (VIOLATED)
   corrected_chip3_data[96]     0.44           1.77 f        -1.33  (VIOLATED)
   corrected_chip3_data[101]
                                0.44           1.77 f        -1.33  (VIOLATED)
   corrected_chip3_data[16]     0.44           1.77 f        -1.33  (VIOLATED)
   corrected_chip3_data[52]     0.44           1.77 f        -1.33  (VIOLATED)
   corrected_chip3_data[71]     0.44           1.77 f        -1.33  (VIOLATED)
   corrected_chip3_data[74]     0.44           1.77 f        -1.33  (VIOLATED)
   corrected_chip4_data[7]      0.44           1.77 r        -1.33  (VIOLATED)
   corrected_chip4_data[76]     0.44           1.77 r        -1.33  (VIOLATED)
   corrected_chip3_data[106]
                                0.44           1.77 f        -1.33  (VIOLATED)
   corrected_chip7_data[70]     0.44           1.77 r        -1.33  (VIOLATED)
   xor_crc_error_reg/D          0.57           1.90 f        -1.33  (VIOLATED)
   corrected_chip3_data[51]     0.44           1.77 f        -1.33  (VIOLATED)
   corrected_chip3_data[82]     0.44           1.77 f        -1.33  (VIOLATED)
   corrected_chip3_data[83]     0.44           1.77 f        -1.33  (VIOLATED)
   corrected_chip3_data[4]      0.44           1.77 f        -1.33  (VIOLATED)
   corrected_chip7_data[11]     0.44           1.77 r        -1.33  (VIOLATED)
   corrected_chip7_data[42]     0.44           1.77 r        -1.33  (VIOLATED)
   corrected_chip7_data[106]
                                0.44           1.77 r        -1.33  (VIOLATED)
   corrected_chip7_data[124]
                                0.44           1.77 r        -1.33  (VIOLATED)
   corrected_chip2_data[24]     0.44           1.77 r        -1.33  (VIOLATED)
   corrected_chip2_data[50]     0.44           1.77 r        -1.33  (VIOLATED)
   corrected_chip7_data[4]      0.44           1.77 r        -1.33  (VIOLATED)
   corrected_chip7_data[8]      0.44           1.77 r        -1.33  (VIOLATED)
   corrected_chip7_data[79]     0.44           1.77 r        -1.33  (VIOLATED)
   corrected_chip7_data[101]
                                0.44           1.77 r        -1.33  (VIOLATED)
   corrected_chip7_data[53]     0.44           1.77 r        -1.33  (VIOLATED)
   corrected_chip7_data[80]     0.44           1.77 r        -1.33  (VIOLATED)
   corrected_chip7_data[108]
                                0.44           1.77 r        -1.33  (VIOLATED)
   corrected_chip7_data[121]
                                0.44           1.77 r        -1.33  (VIOLATED)
   corrected_chip7_data[123]
                                0.44           1.77 r        -1.33  (VIOLATED)
   corrected_chip7_data[7]      0.44           1.77 r        -1.33  (VIOLATED)
   corrected_chip7_data[52]     0.44           1.77 r        -1.33  (VIOLATED)
   corrected_chip7_data[100]
                                0.44           1.77 r        -1.33  (VIOLATED)
   corrected_chip7_data[112]
                                0.44           1.77 r        -1.33  (VIOLATED)
   corrected_chip7_data[114]
                                0.44           1.77 r        -1.33  (VIOLATED)
   corrected_chip7_data[116]
                                0.44           1.77 r        -1.33  (VIOLATED)
   corrected_chip4_data[4]      0.44           1.77 r        -1.33  (VIOLATED)
   corrected_chip4_data[49]     0.44           1.77 r        -1.33  (VIOLATED)
   corrected_chip7_data[15]     0.44           1.77 r        -1.33  (VIOLATED)
   corrected_chip7_data[26]     0.44           1.77 r        -1.33  (VIOLATED)
   corrected_chip7_data[38]     0.44           1.77 r        -1.33  (VIOLATED)
   corrected_chip7_data[63]     0.44           1.77 r        -1.33  (VIOLATED)
   corrected_chip7_data[126]
                                0.44           1.77 r        -1.33  (VIOLATED)
   corrected_chip7_data[2]      0.44           1.77 r        -1.33  (VIOLATED)
   corrected_chip4_data[13]     0.44           1.77 r        -1.33  (VIOLATED)
   corrected_chip4_data[17]     0.44           1.77 r        -1.33  (VIOLATED)
   corrected_chip4_data[28]     0.44           1.77 r        -1.33  (VIOLATED)
   corrected_chip4_data[47]     0.44           1.77 r        -1.33  (VIOLATED)
   corrected_chip3_data[17]     0.44           1.77 f        -1.33  (VIOLATED)
   corrected_chip3_data[60]     0.44           1.77 f        -1.33  (VIOLATED)
   corrected_chip3_data[78]     0.44           1.77 f        -1.33  (VIOLATED)
   corrected_chip7_data[23]     0.44           1.77 r        -1.33  (VIOLATED)
   corrected_chip7_data[24]     0.44           1.77 r        -1.33  (VIOLATED)
   corrected_chip7_data[28]     0.44           1.77 r        -1.33  (VIOLATED)
   corrected_chip7_data[30]     0.44           1.77 r        -1.33  (VIOLATED)
   corrected_chip7_data[35]     0.44           1.77 r        -1.33  (VIOLATED)
   corrected_chip7_data[41]     0.44           1.77 r        -1.33  (VIOLATED)
   corrected_chip7_data[50]     0.44           1.77 r        -1.33  (VIOLATED)
   corrected_chip7_data[69]     0.44           1.77 r        -1.33  (VIOLATED)
   corrected_chip7_data[84]     0.44           1.77 r        -1.33  (VIOLATED)
   corrected_chip7_data[87]     0.44           1.77 r        -1.33  (VIOLATED)
   corrected_chip7_data[92]     0.44           1.77 r        -1.33  (VIOLATED)
   corrected_chip7_data[93]     0.44           1.77 r        -1.33  (VIOLATED)
   corrected_chip7_data[104]
                                0.44           1.77 r        -1.33  (VIOLATED)
   corrected_chip7_data[125]
                                0.44           1.77 r        -1.33  (VIOLATED)
   corrected_chip0_data[2]      0.44           1.77 f        -1.33  (VIOLATED)
   corrected_chip7_data[13]     0.44           1.77 r        -1.33  (VIOLATED)
   corrected_chip7_data[56]     0.44           1.77 r        -1.33  (VIOLATED)
   corrected_chip7_data[110]
                                0.44           1.77 r        -1.33  (VIOLATED)
   corrected_chip7_data[119]
                                0.44           1.77 r        -1.33  (VIOLATED)
   corrected_chip7_data[12]     0.44           1.77 r        -1.33  (VIOLATED)
   corrected_chip7_data[16]     0.44           1.77 r        -1.33  (VIOLATED)
   corrected_chip7_data[17]     0.44           1.77 r        -1.33  (VIOLATED)
   corrected_chip7_data[31]     0.44           1.77 r        -1.33  (VIOLATED)
   corrected_chip7_data[40]     0.44           1.77 r        -1.33  (VIOLATED)
   corrected_chip7_data[43]     0.44           1.77 r        -1.33  (VIOLATED)
   corrected_chip7_data[57]     0.44           1.77 r        -1.33  (VIOLATED)
   corrected_chip7_data[60]     0.44           1.77 r        -1.33  (VIOLATED)
   corrected_chip7_data[61]     0.44           1.77 r        -1.33  (VIOLATED)
   corrected_chip7_data[65]     0.44           1.77 r        -1.33  (VIOLATED)
   corrected_chip7_data[67]     0.44           1.77 r        -1.33  (VIOLATED)
   corrected_chip7_data[68]     0.44           1.77 r        -1.33  (VIOLATED)
   corrected_chip7_data[74]     0.44           1.77 r        -1.33  (VIOLATED)
   corrected_chip7_data[82]     0.44           1.77 r        -1.33  (VIOLATED)
   corrected_chip7_data[83]     0.44           1.77 r        -1.33  (VIOLATED)
   corrected_chip7_data[85]     0.44           1.77 r        -1.33  (VIOLATED)
   corrected_chip7_data[94]     0.44           1.77 r        -1.33  (VIOLATED)
   corrected_chip7_data[102]
                                0.44           1.77 r        -1.33  (VIOLATED)
   corrected_chip7_data[115]
                                0.44           1.77 r        -1.33  (VIOLATED)
   corrected_chip7_data[120]
                                0.44           1.77 r        -1.33  (VIOLATED)
   corrected_chip3_data[114]
                                0.44           1.77 r        -1.33  (VIOLATED)
   corrected_chip3_data[19]     0.44           1.77 r        -1.33  (VIOLATED)
   corrected_chip3_data[48]     0.44           1.77 r        -1.33  (VIOLATED)
   corrected_chip3_data[55]     0.44           1.77 r        -1.33  (VIOLATED)
   corrected_chip2_data[44]     0.44           1.77 r        -1.33  (VIOLATED)
   corrected_chip3_data[5]      0.44           1.77 f        -1.33  (VIOLATED)
   corrected_chip3_data[6]      0.44           1.77 f        -1.33  (VIOLATED)
   corrected_chip3_data[104]
                                0.44           1.77 f        -1.33  (VIOLATED)
   corrected_chip2_data[100]
                                0.44           1.77 r        -1.33  (VIOLATED)
   corrected_chip3_data[2]      0.44           1.77 f        -1.33  (VIOLATED)
   corrected_chip3_data[11]     0.44           1.77 f        -1.33  (VIOLATED)
   corrected_chip3_data[37]     0.44           1.77 f        -1.33  (VIOLATED)
   corrected_chip3_data[66]     0.44           1.77 f        -1.33  (VIOLATED)
   corrected_chip3_data[100]
                                0.44           1.77 f        -1.33  (VIOLATED)
   corrected_chip3_data[103]
                                0.44           1.77 f        -1.33  (VIOLATED)
   corrected_chip0_data[18]     0.44           1.77 r        -1.33  (VIOLATED)
   corrected_chip0_data[43]     0.44           1.77 r        -1.33  (VIOLATED)
   corrected_chip0_data[64]     0.44           1.77 r        -1.33  (VIOLATED)
   corrected_chip0_data[89]     0.44           1.77 r        -1.33  (VIOLATED)
   corrected_chip0_data[90]     0.44           1.77 r        -1.33  (VIOLATED)
   corrected_chip0_data[111]
                                0.44           1.77 r        -1.33  (VIOLATED)
   corrected_chip7_data[5]      0.44           1.77 r        -1.33  (VIOLATED)
   corrected_chip7_data[55]     0.44           1.77 r        -1.33  (VIOLATED)
   corrected_chip7_data[105]
                                0.44           1.77 r        -1.33  (VIOLATED)
   corrected_chip7_data[117]
                                0.44           1.77 r        -1.33  (VIOLATED)
   corrected_chip7_data[0]      0.44           1.77 r        -1.33  (VIOLATED)
   corrected_chip7_data[6]      0.44           1.77 r        -1.33  (VIOLATED)
   corrected_chip7_data[22]     0.44           1.77 r        -1.33  (VIOLATED)
   corrected_chip7_data[46]     0.44           1.77 r        -1.33  (VIOLATED)
   corrected_chip7_data[19]     0.44           1.77 r        -1.33  (VIOLATED)
   corrected_chip7_data[37]     0.44           1.77 r        -1.33  (VIOLATED)
   corrected_chip7_data[64]     0.44           1.77 r        -1.33  (VIOLATED)
   corrected_chip7_data[78]     0.44           1.77 r        -1.33  (VIOLATED)
   corrected_chip7_data[96]     0.44           1.77 r        -1.33  (VIOLATED)
   corrected_chip0_data[78]     0.44           1.77 r        -1.33  (VIOLATED)
   corrected_chip0_data[120]
                                0.44           1.77 r        -1.33  (VIOLATED)
   corrected_chip0_data[123]
                                0.44           1.77 r        -1.33  (VIOLATED)
   corrected_chip0_data[126]
                                0.44           1.77 r        -1.33  (VIOLATED)
   corrected_chip4_data[2]      0.44           1.77 f        -1.33  (VIOLATED)
   corrected_chip4_data[19]     0.44           1.77 f        -1.33  (VIOLATED)
   corrected_chip4_data[87]     0.44           1.77 f        -1.33  (VIOLATED)
   corrected_chip4_data[37]     0.44           1.77 f        -1.33  (VIOLATED)
   corrected_chip4_data[42]     0.44           1.77 f        -1.33  (VIOLATED)
   corrected_chip4_data[88]     0.44           1.77 f        -1.33  (VIOLATED)
   corrected_chip4_data[93]     0.44           1.77 f        -1.33  (VIOLATED)
   corrected_chip0_data[39]     0.44           1.77 f        -1.33  (VIOLATED)
   corrected_chip7_data[14]     0.44           1.77 r        -1.33  (VIOLATED)
   corrected_chip0_data[0]      0.44           1.77 r        -1.33  (VIOLATED)
   corrected_chip0_data[3]      0.44           1.77 r        -1.33  (VIOLATED)
   corrected_chip0_data[20]     0.44           1.77 r        -1.33  (VIOLATED)
   corrected_chip0_data[59]     0.44           1.77 r        -1.33  (VIOLATED)
   corrected_chip0_data[84]     0.44           1.77 r        -1.33  (VIOLATED)
   corrected_chip0_data[91]     0.44           1.77 f        -1.33  (VIOLATED)
   corrected_chip4_data[8]      0.44           1.77 f        -1.33  (VIOLATED)
   corrected_chip4_data[40]     0.44           1.77 f        -1.33  (VIOLATED)
   corrected_chip4_data[83]     0.44           1.77 f        -1.33  (VIOLATED)
   corrected_chip4_data[108]
                                0.44           1.77 f        -1.33  (VIOLATED)
   corrected_chip4_data[113]
                                0.44           1.77 f        -1.33  (VIOLATED)
   corrected_chip4_data[117]
                                0.44           1.77 f        -1.33  (VIOLATED)
   corrected_chip7_data[81]     0.44           1.77 r        -1.33  (VIOLATED)
   corrected_chip0_data[58]     0.44           1.77 f        -1.33  (VIOLATED)
   corrected_chip0_data[108]
                                0.44           1.77 f        -1.33  (VIOLATED)
   corrected_chip6_data[83]     0.44           1.77 r        -1.33  (VIOLATED)
   corrected_chip0_data[14]     0.44           1.77 r        -1.33  (VIOLATED)
   corrected_chip3_data[87]     0.44           1.77 f        -1.33  (VIOLATED)
   corrected_chip2_data[10]     0.44           1.77 r        -1.33  (VIOLATED)
   corrected_chip0_data[124]
                                0.44           1.77 r        -1.33  (VIOLATED)
   corrected_chip4_data[15]     0.44           1.77 r        -1.33  (VIOLATED)
   corrected_chip4_data[59]     0.44           1.77 r        -1.33  (VIOLATED)
   corrected_chip4_data[66]     0.44           1.77 r        -1.33  (VIOLATED)
   corrected_chip7_data[33]     0.44           1.77 r        -1.33  (VIOLATED)
   corrected_chip4_data[60]     0.44           1.77 r        -1.33  (VIOLATED)
   corrected_chip4_data[69]     0.44           1.77 r        -1.33  (VIOLATED)
   corrected_chip4_data[70]     0.44           1.77 r        -1.33  (VIOLATED)
   corrected_chip4_data[99]     0.44           1.77 r        -1.33  (VIOLATED)
   corrected_chip4_data[9]      0.44           1.77 r        -1.33  (VIOLATED)
   corrected_chip3_data[67]     0.44           1.77 r        -1.33  (VIOLATED)
   corrected_chip3_data[121]
                                0.44           1.77 r        -1.33  (VIOLATED)
   corrected_chip3_data[126]
                                0.44           1.77 r        -1.33  (VIOLATED)
   corrected_chip5_data[44]     0.44           1.77 f        -1.33  (VIOLATED)
   corrected_chip5_data[63]     0.44           1.77 f        -1.33  (VIOLATED)
   corrected_chip5_data[71]     0.44           1.77 f        -1.33  (VIOLATED)
   corrected_chip5_data[92]     0.44           1.77 f        -1.33  (VIOLATED)
   corrected_chip5_data[17]     0.44           1.77 f        -1.33  (VIOLATED)
   corrected_chip5_data[25]     0.44           1.77 f        -1.33  (VIOLATED)
   corrected_chip5_data[47]     0.44           1.77 f        -1.33  (VIOLATED)
   corrected_chip5_data[49]     0.44           1.77 f        -1.33  (VIOLATED)
   corrected_chip5_data[64]     0.44           1.77 f        -1.33  (VIOLATED)
   corrected_chip5_data[99]     0.44           1.77 f        -1.33  (VIOLATED)
   corrected_chip2_data[57]     0.44           1.77 f        -1.33  (VIOLATED)
   corrected_chip2_data[65]     0.44           1.77 f        -1.33  (VIOLATED)
   corrected_chip2_data[66]     0.44           1.77 f        -1.33  (VIOLATED)
   corrected_chip2_data[72]     0.44           1.77 f        -1.33  (VIOLATED)
   corrected_chip5_data[36]     0.44           1.77 f        -1.33  (VIOLATED)
   corrected_chip5_data[38]     0.44           1.77 f        -1.33  (VIOLATED)
   corrected_chip5_data[107]
                                0.44           1.77 f        -1.33  (VIOLATED)
   corrected_chip5_data[121]
                                0.44           1.77 f        -1.33  (VIOLATED)
   corrected_chip5_data[14]     0.44           1.77 f        -1.33  (VIOLATED)
   corrected_chip5_data[23]     0.44           1.77 f        -1.33  (VIOLATED)
   corrected_chip5_data[30]     0.44           1.77 f        -1.33  (VIOLATED)
   corrected_chip5_data[102]
                                0.44           1.77 f        -1.33  (VIOLATED)
   corrected_chip5_data[114]
                                0.44           1.77 f        -1.33  (VIOLATED)
   corrected_chip2_data[8]      0.44           1.77 f        -1.33  (VIOLATED)
   corrected_chip2_data[58]     0.44           1.77 f        -1.33  (VIOLATED)
   corrected_chip2_data[61]     0.44           1.77 f        -1.33  (VIOLATED)
   corrected_chip2_data[96]     0.44           1.77 f        -1.33  (VIOLATED)
   corrected_chip4_data[21]     0.44           1.77 f        -1.33  (VIOLATED)
   corrected_chip4_data[41]     0.44           1.77 f        -1.33  (VIOLATED)
   corrected_chip4_data[46]     0.44           1.77 f        -1.33  (VIOLATED)
   corrected_chip4_data[106]
                                0.44           1.77 f        -1.33  (VIOLATED)
   corrected_chip1_data[95]     0.44           1.77 r        -1.33  (VIOLATED)
   corrected_chip1_data[22]     0.44           1.77 r        -1.33  (VIOLATED)
   corrected_chip3_data[24]     0.44           1.77 f        -1.33  (VIOLATED)
   corrected_chip3_data[44]     0.44           1.77 f        -1.33  (VIOLATED)
   corrected_chip3_data[47]     0.44           1.77 f        -1.33  (VIOLATED)
   corrected_chip3_data[88]     0.44           1.77 f        -1.33  (VIOLATED)
   corrected_chip3_data[107]
                                0.44           1.77 f        -1.33  (VIOLATED)
   corrected_chip5_data[37]     0.44           1.77 f        -1.33  (VIOLATED)
   corrected_chip5_data[46]     0.44           1.77 f        -1.33  (VIOLATED)
   corrected_chip5_data[61]     0.44           1.77 f        -1.33  (VIOLATED)
   corrected_chip5_data[76]     0.44           1.77 f        -1.33  (VIOLATED)
   corrected_chip5_data[79]     0.44           1.77 f        -1.33  (VIOLATED)
   corrected_chip5_data[89]     0.44           1.77 f        -1.33  (VIOLATED)
   corrected_chip5_data[110]
                                0.44           1.77 f        -1.33  (VIOLATED)
   corrected_chip5_data[119]
                                0.44           1.77 f        -1.33  (VIOLATED)
   corrected_chip5_data[124]
                                0.44           1.77 f        -1.33  (VIOLATED)
   corrected_chip5_data[125]
                                0.44           1.77 f        -1.33  (VIOLATED)
   corrected_chip2_data[47]     0.44           1.77 f        -1.33  (VIOLATED)
   corrected_chip2_data[56]     0.44           1.77 f        -1.33  (VIOLATED)
   corrected_chip2_data[62]     0.44           1.77 f        -1.33  (VIOLATED)
   corrected_chip2_data[88]     0.44           1.77 f        -1.33  (VIOLATED)
   corrected_chip2_data[126]
                                0.44           1.77 f        -1.33  (VIOLATED)
   corrected_chip7_data[34]     0.44           1.77 f        -1.33  (VIOLATED)
   corrected_chip7_data[88]     0.44           1.77 f        -1.33  (VIOLATED)
   corrected_chip5_data[100]
                                0.44           1.77 f        -1.33  (VIOLATED)
   corrected_chip5_data[1]      0.44           1.77 f        -1.33  (VIOLATED)
   corrected_chip5_data[5]      0.44           1.77 f        -1.33  (VIOLATED)
   corrected_chip5_data[11]     0.44           1.77 f        -1.33  (VIOLATED)
   corrected_chip5_data[45]     0.44           1.77 f        -1.33  (VIOLATED)
   corrected_chip5_data[85]     0.44           1.77 f        -1.33  (VIOLATED)
   corrected_chip5_data[80]     0.44           1.77 f        -1.33  (VIOLATED)
   corrected_chip0_data[109]
                                0.44           1.77 r        -1.33  (VIOLATED)
   corrected_chip1_data[81]     0.44           1.77 f        -1.33  (VIOLATED)
   corrected_chip2_data[85]     0.44           1.77 r        -1.33  (VIOLATED)
   corrected_chip2_data[95]     0.44           1.77 r        -1.33  (VIOLATED)
   corrected_chip3_data[70]     0.44           1.77 r        -1.33  (VIOLATED)
   corrected_chip3_data[91]     0.44           1.77 r        -1.33  (VIOLATED)
   corrected_chip3_data[105]
                                0.44           1.77 r        -1.33  (VIOLATED)
   corrected_chip3_data[118]
                                0.44           1.77 r        -1.33  (VIOLATED)
   corrected_chip5_data[2]      0.44           1.77 f        -1.33  (VIOLATED)
   corrected_chip2_data[68]     0.44           1.77 r        -1.33  (VIOLATED)
   corrected_chip2_data[113]
                                0.44           1.77 r        -1.33  (VIOLATED)
   corrected_chip2_data[116]
                                0.44           1.77 r        -1.33  (VIOLATED)
   corrected_chip5_data[66]     0.44           1.77 f        -1.33  (VIOLATED)
   corrected_chip5_data[75]     0.44           1.77 f        -1.33  (VIOLATED)
   corrected_chip3_data[54]     0.44           1.77 f        -1.33  (VIOLATED)
   corrected_chip3_data[75]     0.44           1.77 f        -1.33  (VIOLATED)
   corrected_chip0_data[72]     0.44           1.77 r        -1.33  (VIOLATED)
   corrected_chip0_data[77]     0.44           1.77 r        -1.33  (VIOLATED)
   corrected_chip0_data[80]     0.44           1.77 r        -1.33  (VIOLATED)
   corrected_chip0_data[82]     0.44           1.77 r        -1.33  (VIOLATED)
   corrected_chip0_data[93]     0.44           1.77 r        -1.33  (VIOLATED)
   corrected_chip0_data[100]
                                0.44           1.77 r        -1.33  (VIOLATED)
   corrected_chip0_data[102]
                                0.44           1.77 r        -1.33  (VIOLATED)
   corrected_chip0_data[117]
                                0.44           1.77 r        -1.33  (VIOLATED)
   corrected_chip2_data[63]     0.44           1.77 r        -1.33  (VIOLATED)
   corrected_chip2_data[73]     0.44           1.77 r        -1.33  (VIOLATED)
   corrected_chip3_data[9]      0.44           1.77 f        -1.33  (VIOLATED)
   corrected_chip3_data[50]     0.44           1.77 f        -1.33  (VIOLATED)
   corrected_chip5_data[10]     0.44           1.77 f        -1.33  (VIOLATED)
   corrected_chip5_data[43]     0.44           1.77 f        -1.33  (VIOLATED)
   corrected_chip5_data[72]     0.44           1.77 f        -1.33  (VIOLATED)
   corrected_chip5_data[115]
                                0.44           1.77 f        -1.33  (VIOLATED)
   corrected_chip5_data[28]     0.44           1.77 f        -1.33  (VIOLATED)
   corrected_chip5_data[35]     0.44           1.77 f        -1.33  (VIOLATED)
   corrected_chip5_data[40]     0.44           1.77 f        -1.33  (VIOLATED)
   corrected_chip5_data[58]     0.44           1.77 f        -1.33  (VIOLATED)
   corrected_chip5_data[86]     0.44           1.77 f        -1.33  (VIOLATED)
   corrected_chip3_data[92]     0.44           1.77 r        -1.33  (VIOLATED)
   corrected_chip3_data[125]
                                0.44           1.77 r        -1.33  (VIOLATED)
   corrected_chip2_data[110]
                                0.44           1.77 f        -1.33  (VIOLATED)
   corrected_chip0_data[103]
                                0.44           1.77 r        -1.33  (VIOLATED)
   corrected_chip5_data[42]     0.44           1.77 f        -1.33  (VIOLATED)
   corrected_chip5_data[50]     0.44           1.77 f        -1.33  (VIOLATED)
   corrected_chip5_data[56]     0.44           1.77 f        -1.33  (VIOLATED)
   corrected_chip5_data[60]     0.44           1.77 f        -1.33  (VIOLATED)
   corrected_chip5_data[108]
                                0.44           1.77 f        -1.33  (VIOLATED)
   corrected_chip5_data[113]
                                0.44           1.77 f        -1.33  (VIOLATED)
   corrected_chip4_data[43]     0.44           1.77 r        -1.33  (VIOLATED)
   corrected_chip4_data[72]     0.44           1.77 r        -1.33  (VIOLATED)
   corrected_chip4_data[77]     0.44           1.77 r        -1.33  (VIOLATED)
   corrected_chip4_data[79]     0.44           1.77 r        -1.33  (VIOLATED)
   corrected_chip5_data[26]     0.44           1.77 f        -1.33  (VIOLATED)
   corrected_chip5_data[33]     0.44           1.77 f        -1.33  (VIOLATED)
   corrected_chip5_data[52]     0.44           1.77 f        -1.33  (VIOLATED)
   corrected_chip5_data[68]     0.44           1.77 f        -1.33  (VIOLATED)
   corrected_chip5_data[70]     0.44           1.77 f        -1.33  (VIOLATED)
   corrected_chip5_data[77]     0.44           1.77 f        -1.33  (VIOLATED)
   corrected_chip5_data[90]     0.44           1.77 f        -1.33  (VIOLATED)
   corrected_chip5_data[91]     0.44           1.77 f        -1.33  (VIOLATED)
   corrected_chip5_data[97]     0.44           1.77 f        -1.33  (VIOLATED)
   corrected_chip5_data[98]     0.44           1.77 f        -1.33  (VIOLATED)
   corrected_chip5_data[48]     0.44           1.77 f        -1.33  (VIOLATED)
   corrected_chip5_data[55]     0.44           1.77 f        -1.33  (VIOLATED)
   corrected_chip5_data[67]     0.44           1.77 f        -1.33  (VIOLATED)
   corrected_chip5_data[87]     0.44           1.77 f        -1.33  (VIOLATED)
   corrected_chip2_data[34]     0.44           1.77 r        -1.33  (VIOLATED)
   corrected_chip2_data[2]      0.44           1.77 f        -1.33  (VIOLATED)
   corrected_chip2_data[120]
                                0.44           1.77 f        -1.33  (VIOLATED)
   corrected_chip0_data[5]      0.44           1.77 f        -1.33  (VIOLATED)
   corrected_chip0_data[7]      0.44           1.77 f        -1.33  (VIOLATED)
   corrected_chip7_data[95]     0.44           1.77 f        -1.33  (VIOLATED)
   corrected_chip7_data[113]
                                0.44           1.77 f        -1.33  (VIOLATED)
   corrected_chip1_data[47]     0.44           1.77 f        -1.33  (VIOLATED)
   corrected_chip1_data[63]     0.44           1.77 f        -1.33  (VIOLATED)
   corrected_chip1_data[66]     0.44           1.77 f        -1.33  (VIOLATED)
   corrected_chip1_data[94]     0.44           1.77 f        -1.33  (VIOLATED)
   corrected_chip5_data[101]
                                0.44           1.77 f        -1.33  (VIOLATED)
   corrected_chip5_data[127]
                                0.44           1.77 f        -1.33  (VIOLATED)
   corrected_chip4_data[25]     0.44           1.77 f        -1.33  (VIOLATED)
   corrected_chip4_data[39]     0.44           1.77 f        -1.33  (VIOLATED)
   corrected_chip4_data[90]     0.44           1.77 f        -1.33  (VIOLATED)
   corrected_chip5_data[59]     0.44           1.77 r        -1.33  (VIOLATED)
   corrected_chip4_data[26]     0.44           1.77 f        -1.33  (VIOLATED)
   corrected_chip4_data[51]     0.44           1.77 f        -1.33  (VIOLATED)
   corrected_chip4_data[58]     0.44           1.77 f        -1.33  (VIOLATED)
   corrected_chip4_data[81]     0.44           1.77 f        -1.33  (VIOLATED)
   corrected_chip4_data[96]     0.44           1.77 f        -1.33  (VIOLATED)
   corrected_chip4_data[101]
                                0.44           1.77 f        -1.33  (VIOLATED)
   corrected_chip4_data[116]
                                0.44           1.77 f        -1.33  (VIOLATED)
   corrected_chip4_data[5]      0.44           1.77 f        -1.33  (VIOLATED)
   corrected_chip4_data[10]     0.44           1.77 f        -1.33  (VIOLATED)
   corrected_chip4_data[11]     0.44           1.77 f        -1.33  (VIOLATED)
   corrected_chip4_data[35]     0.44           1.77 f        -1.33  (VIOLATED)
   corrected_chip4_data[45]     0.44           1.77 f        -1.33  (VIOLATED)
   corrected_chip4_data[78]     0.44           1.77 f        -1.33  (VIOLATED)
   corrected_chip4_data[118]
                                0.44           1.77 f        -1.33  (VIOLATED)
   corrected_chip5_data[8]      0.44           1.77 f        -1.33  (VIOLATED)
   corrected_chip5_data[13]     0.44           1.77 f        -1.33  (VIOLATED)
   corrected_chip5_data[83]     0.44           1.77 f        -1.33  (VIOLATED)
   corrected_chip5_data[96]     0.44           1.77 f        -1.33  (VIOLATED)
   corrected_chip5_data[95]     0.44           1.77 f        -1.33  (VIOLATED)
   corrected_chip7_data[86]     0.44           1.77 f        -1.33  (VIOLATED)
   corrected_chip4_data[86]     0.44           1.76 f        -1.33  (VIOLATED)
   corrected_chip4_data[123]
                                0.44           1.76 f        -1.33  (VIOLATED)
   corrected_chip1_data[119]
                                0.44           1.76 r        -1.33  (VIOLATED)
   corrected_chip3_data[39]     0.44           1.76 f        -1.33  (VIOLATED)
   corrected_chip2_data[1]      0.44           1.76 f        -1.33  (VIOLATED)
   corrected_chip4_data[12]     0.44           1.76 r        -1.33  (VIOLATED)
   corrected_chip4_data[112]
                                0.44           1.76 r        -1.33  (VIOLATED)
   corrected_chip0_data[67]     0.44           1.76 f        -1.33  (VIOLATED)
   corrected_chip0_data[118]
                                0.44           1.76 f        -1.33  (VIOLATED)
   corrected_chip0_data[125]
                                0.44           1.76 f        -1.33  (VIOLATED)
   corrected_chip1_data[39]     0.44           1.76 f        -1.33  (VIOLATED)
   corrected_chip1_data[59]     0.44           1.76 f        -1.33  (VIOLATED)
   corrected_chip3_data[123]
                                0.44           1.76 r        -1.33  (VIOLATED)
   corrected_chip3_data[20]     0.44           1.76 r        -1.33  (VIOLATED)
   corrected_chip3_data[56]     0.44           1.76 r        -1.33  (VIOLATED)
   corrected_chip3_data[69]     0.44           1.76 r        -1.33  (VIOLATED)
   corrected_chip3_data[120]
                                0.44           1.76 r        -1.33  (VIOLATED)
   corrected_chip2_data[21]     0.44           1.76 f        -1.33  (VIOLATED)
   corrected_chip2_data[64]     0.44           1.76 f        -1.33  (VIOLATED)
   corrected_chip2_data[108]
                                0.44           1.76 f        -1.33  (VIOLATED)
   corrected_chip0_data[4]      0.44           1.76 f        -1.33  (VIOLATED)
   corrected_chip0_data[56]     0.44           1.76 f        -1.33  (VIOLATED)
   corrected_chip6_data[5]      0.44           1.76 r        -1.33  (VIOLATED)
   corrected_chip6_data[23]     0.44           1.76 r        -1.33  (VIOLATED)
   corrected_chip6_data[33]     0.44           1.76 r        -1.33  (VIOLATED)
   corrected_chip6_data[38]     0.44           1.76 r        -1.33  (VIOLATED)
   corrected_chip6_data[40]     0.44           1.76 r        -1.33  (VIOLATED)
   corrected_chip6_data[78]     0.44           1.76 r        -1.33  (VIOLATED)
   corrected_chip6_data[84]     0.44           1.76 r        -1.33  (VIOLATED)
   corrected_chip6_data[99]     0.44           1.76 r        -1.33  (VIOLATED)
   corrected_chip6_data[109]
                                0.44           1.76 r        -1.33  (VIOLATED)
   corrected_chip0_data[38]     0.44           1.76 f        -1.33  (VIOLATED)
   corrected_chip0_data[49]     0.44           1.76 f        -1.33  (VIOLATED)
   corrected_chip0_data[97]     0.44           1.76 f        -1.33  (VIOLATED)
   corrected_chip0_data[110]
                                0.44           1.76 f        -1.33  (VIOLATED)
   corrected_chip0_data[115]
                                0.44           1.76 f        -1.33  (VIOLATED)
   corrected_chip4_data[53]     0.44           1.76 f        -1.33  (VIOLATED)
   corrected_chip4_data[82]     0.44           1.76 f        -1.33  (VIOLATED)
   corrected_chip4_data[105]
                                0.44           1.76 f        -1.33  (VIOLATED)
   corrected_chip4_data[124]
                                0.44           1.76 f        -1.33  (VIOLATED)
   corrected_chip4_data[126]
                                0.44           1.76 f        -1.33  (VIOLATED)
   corrected_chip4_data[127]
                                0.44           1.76 f        -1.33  (VIOLATED)
   corrected_chip6_data[46]     0.44           1.76 r        -1.33  (VIOLATED)
   corrected_chip6_data[77]     0.44           1.76 r        -1.33  (VIOLATED)
   corrected_chip5_data[65]     0.44           1.76 r        -1.33  (VIOLATED)
   corrected_chip1_data[4]      0.44           1.76 f        -1.33  (VIOLATED)
   corrected_chip6_data[36]     0.44           1.76 r        -1.33  (VIOLATED)
   corrected_chip6_data[102]
                                0.44           1.76 r        -1.33  (VIOLATED)
   corrected_chip6_data[100]
                                0.44           1.76 r        -1.33  (VIOLATED)
   corrected_chip6_data[121]
                                0.44           1.76 r        -1.33  (VIOLATED)
   corrected_chip6_data[2]      0.44           1.76 r        -1.33  (VIOLATED)
   corrected_chip6_data[4]      0.44           1.76 r        -1.33  (VIOLATED)
   corrected_chip6_data[32]     0.44           1.76 r        -1.33  (VIOLATED)
   corrected_chip6_data[37]     0.44           1.76 r        -1.33  (VIOLATED)
   corrected_chip6_data[43]     0.44           1.76 r        -1.33  (VIOLATED)
   corrected_chip6_data[45]     0.44           1.76 r        -1.33  (VIOLATED)
   corrected_chip6_data[47]     0.44           1.76 r        -1.33  (VIOLATED)
   corrected_chip6_data[66]     0.44           1.76 r        -1.33  (VIOLATED)
   corrected_chip6_data[68]     0.44           1.76 r        -1.33  (VIOLATED)
   corrected_chip6_data[69]     0.44           1.76 r        -1.33  (VIOLATED)
   corrected_chip6_data[82]     0.44           1.76 r        -1.33  (VIOLATED)
   corrected_chip6_data[88]     0.44           1.76 r        -1.33  (VIOLATED)
   corrected_chip6_data[89]     0.44           1.76 r        -1.33  (VIOLATED)
   corrected_chip6_data[97]     0.44           1.76 r        -1.33  (VIOLATED)
   corrected_chip6_data[95]     0.44           1.76 f        -1.33  (VIOLATED)
   corrected_chip1_data[124]
                                0.44           1.76 r        -1.33  (VIOLATED)
   corrected_chip0_data[83]     0.44           1.76 f        -1.33  (VIOLATED)
   corrected_chip7_data[71]     0.44           1.76 f        -1.33  (VIOLATED)
   corrected_chip5_data[32]     0.44           1.76 f        -1.33  (VIOLATED)
   corrected_chip5_data[53]     0.44           1.76 f        -1.33  (VIOLATED)
   corrected_chip5_data[126]
                                0.44           1.76 f        -1.33  (VIOLATED)
   corrected_chip4_data[30]     0.44           1.76 f        -1.33  (VIOLATED)
   corrected_chip4_data[50]     0.44           1.76 f        -1.33  (VIOLATED)
   corrected_chip4_data[74]     0.44           1.76 f        -1.33  (VIOLATED)
   corrected_chip4_data[84]     0.44           1.76 f        -1.33  (VIOLATED)
   corrected_chip4_data[85]     0.44           1.76 f        -1.33  (VIOLATED)
   corrected_chip2_data[102]
                                0.44           1.76 f        -1.33  (VIOLATED)
   corrected_chip2_data[109]
                                0.44           1.76 f        -1.33  (VIOLATED)
   corrected_chip2_data[111]
                                0.44           1.76 f        -1.33  (VIOLATED)
   corrected_chip6_data[94]     0.44           1.76 r        -1.33  (VIOLATED)
   corrected_chip1_data[122]
                                0.44           1.76 r        -1.33  (VIOLATED)
   corrected_chip1_data[125]
                                0.44           1.76 r        -1.33  (VIOLATED)
   corrected_chip4_data[1]      0.44           1.76 f        -1.33  (VIOLATED)
   corrected_chip4_data[34]     0.44           1.76 f        -1.33  (VIOLATED)
   corrected_chip4_data[38]     0.44           1.76 f        -1.33  (VIOLATED)
   corrected_chip4_data[44]     0.44           1.76 f        -1.33  (VIOLATED)
   corrected_chip4_data[48]     0.44           1.76 f        -1.33  (VIOLATED)
   corrected_chip4_data[55]     0.44           1.76 f        -1.33  (VIOLATED)
   corrected_chip4_data[57]     0.44           1.76 f        -1.33  (VIOLATED)
   corrected_chip4_data[89]     0.44           1.76 f        -1.33  (VIOLATED)
   corrected_chip4_data[109]
                                0.44           1.76 f        -1.33  (VIOLATED)
   corrected_chip4_data[121]
                                0.44           1.76 f        -1.33  (VIOLATED)
   corrected_chip6_data[87]     0.44           1.76 r        -1.33  (VIOLATED)
   corrected_chip6_data[91]     0.44           1.76 r        -1.33  (VIOLATED)
   corrected_chip6_data[103]
                                0.44           1.76 r        -1.33  (VIOLATED)
   corrected_chip6_data[118]
                                0.44           1.76 r        -1.33  (VIOLATED)
   corrected_chip6_data[52]     0.44           1.76 r        -1.33  (VIOLATED)
   corrected_chip6_data[73]     0.44           1.76 r        -1.33  (VIOLATED)
   corrected_chip6_data[90]     0.44           1.76 r        -1.33  (VIOLATED)
   corrected_chip6_data[15]     0.44           1.76 r        -1.33  (VIOLATED)
   corrected_chip6_data[17]     0.44           1.76 r        -1.33  (VIOLATED)
   corrected_chip6_data[18]     0.44           1.76 r        -1.33  (VIOLATED)
   corrected_chip6_data[19]     0.44           1.76 r        -1.33  (VIOLATED)
   corrected_chip6_data[58]     0.44           1.76 r        -1.33  (VIOLATED)
   corrected_chip6_data[60]     0.44           1.76 r        -1.33  (VIOLATED)
   corrected_chip6_data[63]     0.44           1.76 r        -1.33  (VIOLATED)
   corrected_chip6_data[65]     0.44           1.76 r        -1.33  (VIOLATED)
   corrected_chip6_data[105]
                                0.44           1.76 r        -1.33  (VIOLATED)
   corrected_chip6_data[125]
                                0.44           1.76 r        -1.33  (VIOLATED)
   corrected_chip6_data[7]      0.44           1.76 r        -1.32  (VIOLATED)
   corrected_chip6_data[10]     0.44           1.76 r        -1.32  (VIOLATED)
   corrected_chip6_data[14]     0.44           1.76 r        -1.32  (VIOLATED)
   corrected_chip6_data[24]     0.44           1.76 r        -1.32  (VIOLATED)
   corrected_chip6_data[30]     0.44           1.76 r        -1.32  (VIOLATED)
   corrected_chip6_data[31]     0.44           1.76 r        -1.32  (VIOLATED)
   corrected_chip6_data[49]     0.44           1.76 r        -1.32  (VIOLATED)
   corrected_chip6_data[67]     0.44           1.76 r        -1.32  (VIOLATED)
   corrected_chip6_data[79]     0.44           1.76 r        -1.32  (VIOLATED)
   corrected_chip6_data[122]
                                0.44           1.76 r        -1.32  (VIOLATED)
   corrected_chip6_data[70]     0.44           1.76 r        -1.32  (VIOLATED)
   corrected_chip6_data[80]     0.44           1.76 r        -1.32  (VIOLATED)
   corrected_chip6_data[93]     0.44           1.76 r        -1.32  (VIOLATED)
   corrected_chip6_data[114]
                                0.44           1.76 r        -1.32  (VIOLATED)
   corrected_chip1_data[127]
                                0.44           1.76 r        -1.32  (VIOLATED)
   corrected_chip1_data[67]     0.44           1.76 f        -1.32  (VIOLATED)
   corrected_chip1_data[108]
                                0.44           1.76 f        -1.32  (VIOLATED)
   corrected_chip1_data[2]      0.44           1.76 f        -1.32  (VIOLATED)
   corrected_chip1_data[112]
                                0.44           1.76 f        -1.32  (VIOLATED)
   corrected_chip6_data[13]     0.44           1.76 r        -1.32  (VIOLATED)
   corrected_chip6_data[21]     0.44           1.76 r        -1.32  (VIOLATED)
   corrected_chip6_data[51]     0.44           1.76 r        -1.32  (VIOLATED)
   corrected_chip6_data[113]
                                0.44           1.76 r        -1.32  (VIOLATED)
   corrected_chip5_data[94]     0.44           1.76 f        -1.32  (VIOLATED)
   corrected_chip1_data[109]
                                0.44           1.76 r        -1.32  (VIOLATED)
   corrected_chip7_data[75]     0.44           1.76 f        -1.32  (VIOLATED)
   corrected_chip7_data[89]     0.44           1.76 f        -1.32  (VIOLATED)
   corrected_chip1_data[103]
                                0.44           1.76 r        -1.32  (VIOLATED)
   corrected_chip1_data[93]     0.44           1.76 r        -1.32  (VIOLATED)
   corrected_chip2_data[80]     0.44           1.76 r        -1.32  (VIOLATED)
   corrected_chip2_data[86]     0.44           1.76 r        -1.32  (VIOLATED)
   corrected_chip1_data[86]     0.44           1.76 r        -1.32  (VIOLATED)
   corrected_chip1_data[46]     0.44           1.76 r        -1.32  (VIOLATED)
   corrected_chip2_data[90]     0.44           1.76 f        -1.32  (VIOLATED)
   corrected_chip7_data[1]      0.44           1.76 f        -1.32  (VIOLATED)
   corrected_chip7_data[29]     0.44           1.76 f        -1.32  (VIOLATED)
   corrected_chip7_data[32]     0.44           1.76 f        -1.32  (VIOLATED)
   corrected_chip7_data[54]     0.44           1.76 f        -1.32  (VIOLATED)
   corrected_chip3_data[32]     0.44           1.76 f        -1.32  (VIOLATED)
   corrected_chip7_data[44]     0.44           1.76 f        -1.32  (VIOLATED)
   corrected_chip6_data[1]      0.44           1.76 r        -1.32  (VIOLATED)
   corrected_chip6_data[6]      0.44           1.76 r        -1.32  (VIOLATED)
   corrected_chip6_data[20]     0.44           1.76 r        -1.32  (VIOLATED)
   corrected_chip6_data[34]     0.44           1.76 r        -1.32  (VIOLATED)
   corrected_chip6_data[3]      0.44           1.76 r        -1.32  (VIOLATED)
   corrected_chip6_data[35]     0.44           1.76 r        -1.32  (VIOLATED)
   corrected_chip6_data[42]     0.44           1.76 r        -1.32  (VIOLATED)
   corrected_chip6_data[72]     0.44           1.76 r        -1.32  (VIOLATED)
   corrected_chip6_data[86]     0.44           1.76 r        -1.32  (VIOLATED)
   corrected_chip6_data[111]
                                0.44           1.76 r        -1.32  (VIOLATED)
   corrected_chip2_data[117]
                                0.44           1.76 f        -1.32  (VIOLATED)
   corrected_chip2_data[118]
                                0.44           1.76 f        -1.32  (VIOLATED)
   corrected_chip7_data[59]     0.44           1.76 f        -1.32  (VIOLATED)
   corrected_chip2_data[18]     0.44           1.76 f        -1.32  (VIOLATED)
   corrected_chip2_data[99]     0.44           1.76 f        -1.32  (VIOLATED)
   corrected_chip2_data[125]
                                0.44           1.76 f        -1.32  (VIOLATED)
   corrected_chip3_data[102]
                                0.44           1.76 r        -1.32  (VIOLATED)
   corrected_chip7_data[9]      0.44           1.76 f        -1.32  (VIOLATED)
   corrected_chip7_data[45]     0.44           1.76 f        -1.32  (VIOLATED)
   corrected_chip7_data[122]
                                0.44           1.76 f        -1.32  (VIOLATED)
   corrected_chip7_data[127]
                                0.44           1.76 f        -1.32  (VIOLATED)
   corrected_chip3_data[45]     0.44           1.76 f        -1.32  (VIOLATED)
   corrected_chip3_data[72]     0.44           1.76 f        -1.32  (VIOLATED)
   corrected_chip3_data[80]     0.44           1.76 f        -1.32  (VIOLATED)
   corrected_chip3_data[113]
                                0.44           1.76 f        -1.32  (VIOLATED)
   corrected_chip2_data[16]     0.44           1.76 r        -1.32  (VIOLATED)
   corrected_chip2_data[37]     0.44           1.76 r        -1.32  (VIOLATED)
   corrected_chip2_data[41]     0.44           1.76 r        -1.32  (VIOLATED)
   corrected_chip0_data[30]     0.44           1.76 f        -1.32  (VIOLATED)
   corrected_chip0_data[31]     0.44           1.76 f        -1.32  (VIOLATED)
   corrected_chip0_data[32]     0.44           1.76 f        -1.32  (VIOLATED)
   corrected_chip0_data[57]     0.44           1.76 f        -1.32  (VIOLATED)
   corrected_chip0_data[68]     0.44           1.76 f        -1.32  (VIOLATED)
   corrected_chip0_data[71]     0.44           1.76 f        -1.32  (VIOLATED)
   corrected_chip0_data[74]     0.44           1.76 f        -1.32  (VIOLATED)
   corrected_chip0_data[81]     0.44           1.76 f        -1.32  (VIOLATED)
   corrected_chip0_data[92]     0.44           1.76 f        -1.32  (VIOLATED)
   corrected_chip0_data[8]      0.44           1.76 f        -1.32  (VIOLATED)
   corrected_chip0_data[33]     0.44           1.76 f        -1.32  (VIOLATED)
   corrected_chip0_data[34]     0.44           1.76 f        -1.32  (VIOLATED)
   corrected_chip0_data[35]     0.44           1.76 f        -1.32  (VIOLATED)
   corrected_chip0_data[40]     0.44           1.76 f        -1.32  (VIOLATED)
   corrected_chip0_data[46]     0.44           1.76 f        -1.32  (VIOLATED)
   corrected_chip0_data[47]     0.44           1.76 f        -1.32  (VIOLATED)
   corrected_chip0_data[54]     0.44           1.76 f        -1.32  (VIOLATED)
   corrected_chip0_data[98]     0.44           1.76 f        -1.32  (VIOLATED)
   corrected_chip0_data[101]
                                0.44           1.76 f        -1.32  (VIOLATED)
   corrected_chip6_data[11]     0.44           1.76 r        -1.32  (VIOLATED)
   corrected_chip6_data[25]     0.44           1.76 r        -1.32  (VIOLATED)
   corrected_chip6_data[55]     0.44           1.76 r        -1.32  (VIOLATED)
   corrected_chip6_data[62]     0.44           1.76 r        -1.32  (VIOLATED)
   corrected_chip6_data[64]     0.44           1.76 r        -1.32  (VIOLATED)
   corrected_chip6_data[76]     0.44           1.76 r        -1.32  (VIOLATED)
   corrected_chip6_data[81]     0.44           1.76 r        -1.32  (VIOLATED)
   corrected_chip6_data[85]     0.44           1.76 r        -1.32  (VIOLATED)
   corrected_chip6_data[96]     0.44           1.76 r        -1.32  (VIOLATED)
   corrected_chip6_data[101]
                                0.44           1.76 r        -1.32  (VIOLATED)
   corrected_chip7_data[66]     0.44           1.76 f        -1.32  (VIOLATED)
   corrected_chip6_data[41]     0.44           1.76 r        -1.32  (VIOLATED)
   corrected_chip6_data[44]     0.44           1.76 r        -1.32  (VIOLATED)
   corrected_chip7_data[49]     0.44           1.76 f        -1.32  (VIOLATED)
   corrected_chip7_data[90]     0.44           1.76 f        -1.32  (VIOLATED)
   corrected_chip7_data[99]     0.44           1.76 f        -1.32  (VIOLATED)
   corrected_chip2_data[22]     0.44           1.76 f        -1.32  (VIOLATED)
   corrected_chip6_data[22]     0.44           1.76 r        -1.32  (VIOLATED)
   corrected_chip6_data[53]     0.44           1.76 r        -1.32  (VIOLATED)
   corrected_chip6_data[106]
                                0.44           1.76 r        -1.32  (VIOLATED)
   corrected_chip6_data[124]
                                0.44           1.76 r        -1.32  (VIOLATED)
   corrected_chip4_data[3]      0.44           1.76 f        -1.32  (VIOLATED)
   corrected_chip4_data[31]     0.44           1.76 f        -1.32  (VIOLATED)
   corrected_chip4_data[36]     0.44           1.76 f        -1.32  (VIOLATED)
   corrected_chip4_data[62]     0.44           1.76 f        -1.32  (VIOLATED)
   corrected_chip4_data[91]     0.44           1.76 f        -1.32  (VIOLATED)
   corrected_chip4_data[98]     0.44           1.76 f        -1.32  (VIOLATED)
   corrected_chip4_data[102]
                                0.44           1.76 f        -1.32  (VIOLATED)
   corrected_chip4_data[120]
                                0.44           1.76 f        -1.32  (VIOLATED)
   corrected_chip6_data[8]      0.44           1.76 r        -1.32  (VIOLATED)
   corrected_chip6_data[16]     0.44           1.76 r        -1.32  (VIOLATED)
   corrected_chip6_data[74]     0.44           1.76 r        -1.32  (VIOLATED)
   corrected_chip6_data[98]     0.44           1.76 r        -1.32  (VIOLATED)
   corrected_chip5_data[116]
                                0.44           1.76 r        -1.32  (VIOLATED)
   corrected_chip2_data[3]      0.44           1.76 f        -1.32  (VIOLATED)
   corrected_chip2_data[17]     0.44           1.76 f        -1.32  (VIOLATED)
   corrected_chip2_data[51]     0.44           1.76 f        -1.32  (VIOLATED)
   corrected_chip2_data[78]     0.44           1.76 f        -1.32  (VIOLATED)
   corrected_chip2_data[121]
                                0.44           1.76 f        -1.32  (VIOLATED)
   corrected_chip3_data[43]     0.44           1.76 r        -1.32  (VIOLATED)
   corrected_chip6_data[57]     0.44           1.76 r        -1.32  (VIOLATED)
   corrected_chip6_data[28]     0.44           1.76 r        -1.32  (VIOLATED)
   corrected_chip6_data[48]     0.44           1.76 r        -1.32  (VIOLATED)
   corrected_chip4_data[22]     0.44           1.76 r        -1.32  (VIOLATED)
   corrected_chip4_data[104]
                                0.44           1.76 r        -1.32  (VIOLATED)
   corrected_chip2_data[76]     0.44           1.76 r        -1.32  (VIOLATED)
   corrected_chip4_data[27]     0.44           1.76 f        -1.32  (VIOLATED)
   corrected_chip4_data[111]
                                0.44           1.76 f        -1.32  (VIOLATED)
   corrected_chip0_data[96]     0.44           1.76 f        -1.32  (VIOLATED)
   corrected_chip0_data[114]
                                0.44           1.76 f        -1.32  (VIOLATED)
   corrected_chip6_data[39]     0.44           1.76 r        -1.32  (VIOLATED)
   corrected_chip6_data[56]     0.44           1.76 r        -1.32  (VIOLATED)
   corrected_chip6_data[116]
                                0.44           1.76 r        -1.32  (VIOLATED)
   corrected_chip6_data[119]
                                0.44           1.76 r        -1.32  (VIOLATED)
   corrected_chip0_data[6]      0.44           1.76 f        -1.32  (VIOLATED)
   corrected_chip0_data[11]     0.44           1.76 f        -1.32  (VIOLATED)
   corrected_chip0_data[12]     0.44           1.76 f        -1.32  (VIOLATED)
   corrected_chip0_data[23]     0.44           1.76 f        -1.32  (VIOLATED)
   corrected_chip0_data[26]     0.44           1.76 f        -1.32  (VIOLATED)
   corrected_chip0_data[60]     0.44           1.76 f        -1.32  (VIOLATED)
   corrected_chip0_data[95]     0.44           1.76 f        -1.32  (VIOLATED)
   corrected_chip0_data[99]     0.44           1.76 f        -1.32  (VIOLATED)
   corrected_chip0_data[106]
                                0.44           1.76 f        -1.32  (VIOLATED)
   corrected_chip0_data[116]
                                0.44           1.76 f        -1.32  (VIOLATED)
   corrected_chip0_data[122]
                                0.44           1.76 f        -1.32  (VIOLATED)
   corrected_chip6_data[27]     0.44           1.76 r        -1.32  (VIOLATED)
   corrected_chip6_data[107]
                                0.44           1.76 r        -1.32  (VIOLATED)
   corrected_chip6_data[0]      0.44           1.76 r        -1.32  (VIOLATED)
   corrected_chip6_data[75]     0.44           1.76 r        -1.32  (VIOLATED)
   corrected_chip4_data[54]     0.44           1.76 f        -1.32  (VIOLATED)
   corrected_chip4_data[65]     0.44           1.76 f        -1.32  (VIOLATED)
   corrected_chip0_data[10]     0.44           1.76 f        -1.32  (VIOLATED)
   corrected_chip0_data[16]     0.44           1.76 f        -1.32  (VIOLATED)
   corrected_chip0_data[22]     0.44           1.76 f        -1.32  (VIOLATED)
   corrected_chip0_data[27]     0.44           1.76 f        -1.32  (VIOLATED)
   corrected_chip0_data[28]     0.44           1.76 f        -1.32  (VIOLATED)
   corrected_chip0_data[29]     0.44           1.76 f        -1.32  (VIOLATED)
   corrected_chip0_data[36]     0.44           1.76 f        -1.32  (VIOLATED)
   corrected_chip0_data[50]     0.44           1.76 f        -1.32  (VIOLATED)
   corrected_chip0_data[51]     0.44           1.76 f        -1.32  (VIOLATED)
   corrected_chip0_data[70]     0.44           1.76 f        -1.32  (VIOLATED)
   corrected_chip0_data[73]     0.44           1.76 f        -1.32  (VIOLATED)
   corrected_chip0_data[75]     0.44           1.76 f        -1.32  (VIOLATED)
   corrected_chip0_data[76]     0.44           1.76 f        -1.32  (VIOLATED)
   corrected_chip0_data[94]     0.44           1.76 f        -1.32  (VIOLATED)
   corrected_chip0_data[105]
                                0.44           1.76 f        -1.32  (VIOLATED)
   corrected_chip0_data[121]
                                0.44           1.76 f        -1.32  (VIOLATED)
   corrected_chip5_data[112]
                                0.44           1.76 f        -1.32  (VIOLATED)
   corrected_chip2_data[33]     0.44           1.76 f        -1.32  (VIOLATED)
   corrected_chip5_data[104]
                                0.44           1.76 r        -1.32  (VIOLATED)
   corrected_chip2_data[49]     0.44           1.76 f        -1.32  (VIOLATED)
   corrected_chip6_data[117]
                                0.44           1.76 r        -1.32  (VIOLATED)
   corrected_chip0_data[9]      0.44           1.76 f        -1.32  (VIOLATED)
   corrected_chip0_data[13]     0.44           1.76 f        -1.32  (VIOLATED)
   corrected_chip0_data[41]     0.44           1.76 f        -1.32  (VIOLATED)
   corrected_chip0_data[61]     0.44           1.76 f        -1.32  (VIOLATED)
   corrected_chip0_data[69]     0.44           1.76 f        -1.32  (VIOLATED)
   corrected_chip0_data[79]     0.44           1.76 f        -1.32  (VIOLATED)
   corrected_chip0_data[107]
                                0.44           1.76 f        -1.32  (VIOLATED)
   corrected_chip6_data[108]
                                0.44           1.76 r        -1.32  (VIOLATED)
   corrected_chip4_data[16]     0.44           1.76 f        -1.32  (VIOLATED)
   corrected_chip4_data[71]     0.44           1.76 f        -1.32  (VIOLATED)
   corrected_chip6_data[29]     0.44           1.76 r        -1.32  (VIOLATED)
   corrected_chip1_data[89]     0.44           1.76 r        -1.32  (VIOLATED)
   corrected_chip5_data[117]
                                0.44           1.76 r        -1.32  (VIOLATED)
   corrected_chip5_data[118]
                                0.44           1.76 r        -1.32  (VIOLATED)
   corrected_chip6_data[12]     0.44           1.76 r        -1.32  (VIOLATED)
   corrected_chip6_data[54]     0.44           1.76 r        -1.32  (VIOLATED)
   corrected_chip6_data[92]     0.44           1.76 r        -1.32  (VIOLATED)
   corrected_chip6_data[26]     0.44           1.76 r        -1.32  (VIOLATED)
   corrected_chip6_data[61]     0.44           1.76 r        -1.32  (VIOLATED)
   corrected_chip6_data[71]     0.44           1.76 r        -1.32  (VIOLATED)
   corrected_chip6_data[112]
                                0.44           1.76 r        -1.32  (VIOLATED)
   corrected_chip6_data[126]
                                0.44           1.76 r        -1.32  (VIOLATED)
   corrected_chip2_data[25]     0.44           1.76 f        -1.32  (VIOLATED)
   corrected_chip2_data[119]
                                0.44           1.76 f        -1.32  (VIOLATED)
   corrected_chip2_data[127]
                                0.44           1.76 f        -1.32  (VIOLATED)
   corrected_chip0_data[1]      0.44           1.76 f        -1.32  (VIOLATED)
   corrected_chip0_data[17]     0.44           1.76 f        -1.32  (VIOLATED)
   corrected_chip0_data[25]     0.44           1.76 f        -1.32  (VIOLATED)
   corrected_chip0_data[62]     0.44           1.76 f        -1.32  (VIOLATED)
   corrected_chip0_data[66]     0.44           1.76 f        -1.32  (VIOLATED)
   corrected_chip0_data[85]     0.44           1.76 f        -1.32  (VIOLATED)
   corrected_chip0_data[86]     0.44           1.76 f        -1.32  (VIOLATED)
   corrected_chip0_data[87]     0.44           1.76 f        -1.32  (VIOLATED)
   corrected_chip0_data[112]
                                0.44           1.76 f        -1.32  (VIOLATED)
   corrected_chip2_data[7]      0.44           1.76 f        -1.32  (VIOLATED)
   corrected_chip2_data[19]     0.44           1.76 f        -1.32  (VIOLATED)
   corrected_chip2_data[42]     0.44           1.76 f        -1.32  (VIOLATED)
   corrected_chip2_data[43]     0.44           1.76 f        -1.32  (VIOLATED)
   corrected_chip2_data[48]     0.44           1.76 f        -1.32  (VIOLATED)
   corrected_chip2_data[55]     0.44           1.76 f        -1.32  (VIOLATED)
   corrected_chip2_data[69]     0.44           1.76 f        -1.32  (VIOLATED)
   corrected_chip2_data[122]
                                0.44           1.76 f        -1.32  (VIOLATED)
   corrected_chip2_data[124]
                                0.44           1.76 f        -1.32  (VIOLATED)
   corrected_chip1_data[117]
                                0.44           1.76 r        -1.32  (VIOLATED)
   corrected_chip0_data[15]     0.44           1.76 f        -1.32  (VIOLATED)
   corrected_chip0_data[24]     0.44           1.76 f        -1.32  (VIOLATED)
   corrected_chip0_data[42]     0.44           1.76 f        -1.32  (VIOLATED)
   corrected_chip0_data[45]     0.44           1.76 f        -1.32  (VIOLATED)
   corrected_chip0_data[52]     0.44           1.76 f        -1.32  (VIOLATED)
   corrected_chip0_data[63]     0.44           1.76 f        -1.32  (VIOLATED)
   corrected_chip0_data[88]     0.44           1.76 f        -1.32  (VIOLATED)
   corrected_chip0_data[113]
                                0.44           1.76 f        -1.32  (VIOLATED)
   corrected_chip0_data[127]
                                0.44           1.76 f        -1.32  (VIOLATED)
   corrected_chip0_data[19]     0.44           1.76 f        -1.32  (VIOLATED)
   corrected_chip0_data[21]     0.44           1.76 f        -1.32  (VIOLATED)
   corrected_chip0_data[37]     0.44           1.76 f        -1.32  (VIOLATED)
   corrected_chip0_data[44]     0.44           1.76 f        -1.32  (VIOLATED)
   corrected_chip0_data[48]     0.44           1.76 f        -1.32  (VIOLATED)
   corrected_chip0_data[53]     0.44           1.76 f        -1.32  (VIOLATED)
   corrected_chip0_data[65]     0.44           1.76 f        -1.32  (VIOLATED)
   corrected_chip0_data[119]
                                0.44           1.76 f        -1.32  (VIOLATED)
   corrected_chip2_data[30]     0.44           1.76 f        -1.32  (VIOLATED)
   corrected_chip2_data[39]     0.44           1.76 f        -1.32  (VIOLATED)
   corrected_chip2_data[53]     0.44           1.76 f        -1.32  (VIOLATED)
   corrected_chip2_data[94]     0.44           1.76 f        -1.32  (VIOLATED)
   corrected_chip2_data[97]     0.44           1.76 f        -1.32  (VIOLATED)
   corrected_chip0_data[55]     0.44           1.76 f        -1.32  (VIOLATED)
   corrected_chip0_data[104]
                                0.44           1.76 f        -1.32  (VIOLATED)
   corrected_chip1_data[75]     0.44           1.76 f        -1.32  (VIOLATED)
   corrected_chip2_data[75]     0.44           1.76 r        -1.32  (VIOLATED)
   corrected_chip2_data[105]
                                0.44           1.76 r        -1.32  (VIOLATED)
   corrected_chip1_data[104]
                                0.44           1.76 f        -1.32  (VIOLATED)
   corrected_chip2_data[70]     0.44           1.76 r        -1.32  (VIOLATED)
   corrected_chip1_data[71]     0.44           1.76 f        -1.32  (VIOLATED)
   corrected_chip1_data[96]     0.44           1.76 f        -1.32  (VIOLATED)
   corrected_chip1_data[26]     0.44           1.76 r        -1.32  (VIOLATED)
   corrected_chip2_data[6]      0.44           1.76 r        -1.32  (VIOLATED)
   corrected_chip2_data[36]     0.44           1.76 r        -1.32  (VIOLATED)
   corrected_chip2_data[45]     0.44           1.76 r        -1.32  (VIOLATED)
   corrected_chip2_data[89]     0.44           1.76 r        -1.32  (VIOLATED)
   corrected_chip2_data[101]
                                0.44           1.76 r        -1.32  (VIOLATED)
   corrected_chip2_data[114]
                                0.44           1.76 r        -1.32  (VIOLATED)
   corrected_chip2_data[115]
                                0.44           1.76 r        -1.32  (VIOLATED)
   corrected_chip6_data[115]
                                0.44           1.76 r        -1.32  (VIOLATED)
   corrected_chip6_data[120]
                                0.44           1.76 r        -1.32  (VIOLATED)
   corrected_chip5_data[9]      0.44           1.76 r        -1.32  (VIOLATED)
   corrected_chip5_data[7]      0.44           1.76 f        -1.32  (VIOLATED)
   corrected_chip5_data[12]     0.44           1.76 f        -1.32  (VIOLATED)
   corrected_chip5_data[18]     0.44           1.76 f        -1.32  (VIOLATED)
   corrected_chip5_data[39]     0.44           1.76 f        -1.32  (VIOLATED)
   corrected_chip5_data[57]     0.44           1.76 f        -1.32  (VIOLATED)
   corrected_chip5_data[74]     0.44           1.76 f        -1.32  (VIOLATED)
   corrected_chip5_data[78]     0.44           1.76 f        -1.32  (VIOLATED)
   corrected_chip5_data[84]     0.44           1.76 f        -1.32  (VIOLATED)
   corrected_chip5_data[3]      0.44           1.76 f        -1.32  (VIOLATED)
   corrected_chip5_data[4]      0.44           1.76 f        -1.32  (VIOLATED)
   corrected_chip5_data[22]     0.44           1.76 f        -1.32  (VIOLATED)
   corrected_chip5_data[24]     0.44           1.76 f        -1.32  (VIOLATED)
   corrected_chip5_data[34]     0.44           1.76 f        -1.32  (VIOLATED)
   corrected_chip5_data[69]     0.44           1.76 f        -1.32  (VIOLATED)
   corrected_chip5_data[88]     0.44           1.76 f        -1.32  (VIOLATED)
   corrected_chip5_data[103]
                                0.44           1.76 f        -1.32  (VIOLATED)
   corrected_chip5_data[16]     0.44           1.76 f        -1.32  (VIOLATED)
   corrected_chip5_data[19]     0.44           1.76 f        -1.32  (VIOLATED)
   corrected_chip5_data[51]     0.44           1.76 f        -1.32  (VIOLATED)
   corrected_chip5_data[73]     0.44           1.76 f        -1.32  (VIOLATED)
   corrected_chip5_data[81]     0.44           1.76 f        -1.32  (VIOLATED)
   corrected_chip5_data[82]     0.44           1.76 f        -1.32  (VIOLATED)
   corrected_chip5_data[122]
                                0.44           1.76 f        -1.32  (VIOLATED)
   corrected_chip5_data[123]
                                0.44           1.76 f        -1.32  (VIOLATED)
   corrected_chip1_data[12]     0.44           1.76 f        -1.32  (VIOLATED)
   corrected_chip1_data[14]     0.44           1.76 f        -1.32  (VIOLATED)
   corrected_chip1_data[60]     0.44           1.76 f        -1.32  (VIOLATED)
   corrected_chip1_data[65]     0.44           1.76 f        -1.32  (VIOLATED)
   corrected_chip1_data[69]     0.44           1.76 f        -1.32  (VIOLATED)
   corrected_chip1_data[73]     0.44           1.76 f        -1.32  (VIOLATED)
   corrected_chip1_data[85]     0.44           1.76 f        -1.32  (VIOLATED)
   corrected_chip1_data[6]      0.44           1.76 f        -1.32  (VIOLATED)
   corrected_chip1_data[20]     0.44           1.76 f        -1.32  (VIOLATED)
   corrected_chip1_data[36]     0.44           1.76 f        -1.32  (VIOLATED)
   corrected_chip1_data[38]     0.44           1.76 f        -1.32  (VIOLATED)
   corrected_chip1_data[44]     0.44           1.76 f        -1.32  (VIOLATED)
   corrected_chip1_data[88]     0.44           1.76 f        -1.32  (VIOLATED)
   corrected_chip1_data[121]
                                0.44           1.76 f        -1.32  (VIOLATED)
   corrected_chip2_data[14]     0.44           1.76 f        -1.32  (VIOLATED)
   corrected_chip2_data[60]     0.44           1.76 f        -1.32  (VIOLATED)
   corrected_chip5_data[62]     0.44           1.76 f        -1.32  (VIOLATED)
   corrected_chip5_data[109]
                                0.44           1.76 f        -1.32  (VIOLATED)
   corrected_chip2_data[15]     0.44           1.76 f        -1.32  (VIOLATED)
   corrected_chip2_data[20]     0.44           1.76 f        -1.32  (VIOLATED)
   corrected_chip2_data[32]     0.44           1.76 f        -1.32  (VIOLATED)
   corrected_chip2_data[38]     0.44           1.76 f        -1.32  (VIOLATED)
   corrected_chip2_data[59]     0.44           1.76 f        -1.32  (VIOLATED)
   corrected_chip2_data[91]     0.44           1.76 f        -1.32  (VIOLATED)
   corrected_chip2_data[93]     0.44           1.76 f        -1.32  (VIOLATED)
   corrected_chip2_data[107]
                                0.44           1.76 f        -1.32  (VIOLATED)
   corrected_chip2_data[123]
                                0.44           1.76 f        -1.32  (VIOLATED)
   corrected_chip2_data[71]     0.44           1.76 f        -1.32  (VIOLATED)
   corrected_chip2_data[106]
                                0.44           1.76 f        -1.32  (VIOLATED)
   corrected_chip5_data[111]
                                0.44           1.76 r        -1.32  (VIOLATED)
   corrected_chip2_data[98]     0.44           1.76 r        -1.32  (VIOLATED)
   corrected_chip1_data[9]      0.44           1.76 f        -1.32  (VIOLATED)
   corrected_chip1_data[49]     0.44           1.76 f        -1.32  (VIOLATED)
   corrected_chip1_data[78]     0.44           1.76 f        -1.32  (VIOLATED)
   corrected_chip1_data[91]     0.44           1.76 f        -1.32  (VIOLATED)
   corrected_chip1_data[3]      0.44           1.75 f        -1.32  (VIOLATED)
   corrected_chip1_data[21]     0.44           1.75 f        -1.32  (VIOLATED)
   corrected_chip1_data[25]     0.44           1.75 f        -1.32  (VIOLATED)
   corrected_chip1_data[31]     0.44           1.75 f        -1.32  (VIOLATED)
   corrected_chip1_data[33]     0.44           1.75 f        -1.32  (VIOLATED)
   corrected_chip1_data[35]     0.44           1.75 f        -1.32  (VIOLATED)
   corrected_chip1_data[37]     0.44           1.75 f        -1.32  (VIOLATED)
   corrected_chip1_data[76]     0.44           1.75 f        -1.32  (VIOLATED)
   corrected_chip1_data[80]     0.44           1.75 f        -1.32  (VIOLATED)
   corrected_chip1_data[97]     0.44           1.75 f        -1.32  (VIOLATED)
   corrected_chip1_data[106]
                                0.44           1.75 f        -1.32  (VIOLATED)
   corrected_chip1_data[120]
                                0.44           1.75 f        -1.32  (VIOLATED)
   corrected_chip1_data[7]      0.44           1.75 f        -1.32  (VIOLATED)
   corrected_chip1_data[53]     0.44           1.75 f        -1.32  (VIOLATED)
   corrected_chip1_data[57]     0.44           1.75 f        -1.32  (VIOLATED)
   corrected_chip1_data[123]
                                0.44           1.75 f        -1.32  (VIOLATED)
   corrected_chip2_data[11]     0.44           1.75 r        -1.32  (VIOLATED)
   corrected_chip2_data[28]     0.44           1.75 r        -1.32  (VIOLATED)
   corrected_chip2_data[40]     0.44           1.75 r        -1.32  (VIOLATED)
   corrected_chip2_data[46]     0.44           1.75 r        -1.32  (VIOLATED)
   corrected_chip2_data[54]     0.44           1.75 r        -1.32  (VIOLATED)
   corrected_chip2_data[103]
                                0.44           1.75 r        -1.32  (VIOLATED)
   corrected_chip2_data[29]     0.44           1.75 r        -1.32  (VIOLATED)
   corrected_chip2_data[74]     0.44           1.75 r        -1.32  (VIOLATED)
   corrected_chip2_data[77]     0.44           1.75 r        -1.32  (VIOLATED)
   corrected_chip2_data[81]     0.44           1.75 r        -1.32  (VIOLATED)
   corrected_chip2_data[83]     0.44           1.75 r        -1.32  (VIOLATED)
   corrected_chip2_data[84]     0.44           1.75 r        -1.32  (VIOLATED)
   corrected_chip2_data[92]     0.44           1.75 r        -1.32  (VIOLATED)
   corrected_chip2_data[0]      0.44           1.75 r        -1.32  (VIOLATED)
   corrected_chip2_data[13]     0.44           1.75 r        -1.32  (VIOLATED)
   corrected_chip2_data[79]     0.44           1.75 r        -1.32  (VIOLATED)
   corrected_chip2_data[82]     0.44           1.75 r        -1.32  (VIOLATED)
   corrected_chip2_data[104]
                                0.44           1.75 r        -1.32  (VIOLATED)
   corrected_chip2_data[112]
                                0.44           1.75 r        -1.32  (VIOLATED)
   corrected_chip5_data[105]
                                0.44           1.75 f        -1.32  (VIOLATED)
   corrected_chip1_data[16]     0.44           1.75 f        -1.32  (VIOLATED)
   corrected_chip1_data[50]     0.44           1.75 f        -1.32  (VIOLATED)
   corrected_chip1_data[77]     0.44           1.75 f        -1.32  (VIOLATED)
   corrected_chip1_data[98]     0.44           1.75 f        -1.32  (VIOLATED)
   corrected_chip1_data[114]
                                0.44           1.75 f        -1.32  (VIOLATED)
   corrected_chip1_data[118]
                                0.44           1.75 f        -1.32  (VIOLATED)
   corrected_chip1_data[32]     0.44           1.75 f        -1.32  (VIOLATED)
   corrected_chip1_data[42]     0.44           1.75 f        -1.32  (VIOLATED)
   corrected_chip1_data[58]     0.44           1.75 f        -1.32  (VIOLATED)
   corrected_chip1_data[83]     0.44           1.75 f        -1.32  (VIOLATED)
   corrected_chip1_data[90]     0.44           1.75 f        -1.32  (VIOLATED)
   corrected_chip1_data[102]
                                0.44           1.75 f        -1.32  (VIOLATED)
   corrected_chip1_data[110]
                                0.44           1.75 f        -1.32  (VIOLATED)
   corrected_chip1_data[8]      0.44           1.75 f        -1.32  (VIOLATED)
   corrected_chip1_data[30]     0.44           1.75 f        -1.32  (VIOLATED)
   corrected_chip1_data[40]     0.44           1.75 f        -1.32  (VIOLATED)
   corrected_chip1_data[54]     0.44           1.75 f        -1.32  (VIOLATED)
   corrected_chip1_data[126]
                                0.44           1.75 f        -1.32  (VIOLATED)
   corrected_chip1_data[23]     0.44           1.75 f        -1.32  (VIOLATED)
   corrected_chip1_data[29]     0.44           1.75 f        -1.32  (VIOLATED)
   corrected_chip1_data[64]     0.44           1.75 f        -1.32  (VIOLATED)
   corrected_chip1_data[84]     0.44           1.75 f        -1.32  (VIOLATED)
   corrected_chip1_data[101]
                                0.44           1.75 f        -1.32  (VIOLATED)
   corrected_chip1_data[107]
                                0.44           1.75 f        -1.32  (VIOLATED)
   corrected_chip6_data[123]
                                0.44           1.75 f        -1.32  (VIOLATED)
   corrected_chip1_data[11]     0.44           1.75 f        -1.32  (VIOLATED)
   corrected_chip1_data[15]     0.44           1.75 f        -1.32  (VIOLATED)
   corrected_chip1_data[43]     0.44           1.75 f        -1.32  (VIOLATED)
   corrected_chip1_data[70]     0.44           1.75 f        -1.32  (VIOLATED)
   corrected_chip1_data[82]     0.44           1.75 f        -1.32  (VIOLATED)
   corrected_chip1_data[24]     0.44           1.75 f        -1.32  (VIOLATED)
   corrected_chip1_data[28]     0.44           1.75 f        -1.32  (VIOLATED)
   corrected_chip1_data[48]     0.44           1.75 f        -1.32  (VIOLATED)
   corrected_chip1_data[62]     0.44           1.75 f        -1.32  (VIOLATED)
   corrected_chip1_data[115]
                                0.44           1.75 f        -1.32  (VIOLATED)
   corrected_chip1_data[18]     0.44           1.75 f        -1.32  (VIOLATED)
   corrected_chip1_data[13]     0.44           1.75 f        -1.32  (VIOLATED)
   corrected_chip1_data[19]     0.44           1.75 f        -1.32  (VIOLATED)
   corrected_chip1_data[41]     0.44           1.75 f        -1.32  (VIOLATED)
   corrected_chip1_data[68]     0.44           1.75 f        -1.32  (VIOLATED)
   corrected_chip1_data[72]     0.44           1.75 f        -1.32  (VIOLATED)
   corrected_chip1_data[87]     0.44           1.75 f        -1.32  (VIOLATED)
   corrected_chip4_data[95]     0.44           1.75 r        -1.32  (VIOLATED)
   corrected_chip6_data[127]
                                0.44           1.75 f        -1.32  (VIOLATED)
   corrected_chip6_data[9]      0.44           1.75 f        -1.32  (VIOLATED)
   corrected_chip6_data[50]     0.44           1.75 f        -1.32  (VIOLATED)
   corrected_chip2_data[5]      0.44           1.75 f        -1.32  (VIOLATED)
   corrected_chip2_data[9]      0.44           1.75 f        -1.32  (VIOLATED)
   corrected_chip2_data[67]     0.44           1.75 f        -1.32  (VIOLATED)
   corrected_chip1_data[10]     0.44           1.75 f        -1.32  (VIOLATED)
   corrected_chip1_data[34]     0.44           1.75 f        -1.32  (VIOLATED)
   corrected_chip1_data[52]     0.44           1.75 f        -1.32  (VIOLATED)
   corrected_chip1_data[56]     0.44           1.75 f        -1.32  (VIOLATED)
   corrected_chip1_data[79]     0.44           1.75 f        -1.32  (VIOLATED)
   corrected_chip1_data[92]     0.44           1.75 f        -1.32  (VIOLATED)
   corrected_chip1_data[100]
                                0.44           1.75 f        -1.32  (VIOLATED)
   corrected_chip5_data[0]      0.44           1.75 f        -1.32  (VIOLATED)
   corrected_chip5_data[15]     0.44           1.75 f        -1.32  (VIOLATED)
   corrected_chip5_data[20]     0.44           1.75 f        -1.32  (VIOLATED)
   corrected_chip5_data[29]     0.44           1.75 f        -1.32  (VIOLATED)
   corrected_chip5_data[31]     0.44           1.75 f        -1.32  (VIOLATED)
   corrected_chip5_data[41]     0.44           1.75 f        -1.32  (VIOLATED)
   corrected_chip5_data[93]     0.44           1.75 f        -1.32  (VIOLATED)
   corrected_chip6_data[59]     0.44           1.75 f        -1.32  (VIOLATED)
   corrected_chip5_data[21]     0.44           1.75 f        -1.32  (VIOLATED)
   corrected_chip5_data[27]     0.44           1.75 f        -1.32  (VIOLATED)
   corrected_chip5_data[120]
                                0.44           1.75 f        -1.32  (VIOLATED)
   corrected_chip1_data[0]      0.44           1.75 f        -1.32  (VIOLATED)
   corrected_chip1_data[1]      0.44           1.75 f        -1.32  (VIOLATED)
   corrected_chip1_data[17]     0.44           1.75 f        -1.32  (VIOLATED)
   corrected_chip1_data[51]     0.44           1.75 f        -1.32  (VIOLATED)
   corrected_chip1_data[61]     0.44           1.75 f        -1.32  (VIOLATED)
   corrected_chip1_data[99]     0.44           1.75 f        -1.32  (VIOLATED)
   corrected_chip6_data[104]
                                0.44           1.75 f        -1.31  (VIOLATED)
   corrected_chip6_data[110]
                                0.44           1.75 f        -1.31  (VIOLATED)
   corrected_chip1_data[5]      0.44           1.75 f        -1.31  (VIOLATED)
   corrected_chip1_data[27]     0.44           1.75 f        -1.31  (VIOLATED)
   corrected_chip1_data[45]     0.44           1.75 f        -1.31  (VIOLATED)
   corrected_chip1_data[55]     0.44           1.75 f        -1.31  (VIOLATED)
   corrected_chip1_data[74]     0.44           1.75 f        -1.31  (VIOLATED)
   corrected_chip1_data[111]
                                0.44           1.75 f        -1.31  (VIOLATED)
   corrected_chip1_data[116]
                                0.44           1.75 f        -1.31  (VIOLATED)
   corrected_chip5_data[6]      0.44           1.75 f        -1.31  (VIOLATED)
   corrected_chip5_data[54]     0.44           1.75 f        -1.31  (VIOLATED)
   corrected_chip5_data[106]
                                0.44           1.75 f        -1.31  (VIOLATED)
   corrected_chip4_data[29]     0.44           1.75 f        -1.31  (VIOLATED)
   corrected_chip4_data[68]     0.44           1.75 f        -1.31  (VIOLATED)
   corrected_chip4_data[73]     0.44           1.75 f        -1.31  (VIOLATED)
   corrected_chip4_data[80]     0.44           1.75 f        -1.31  (VIOLATED)
   corrected_chip4_data[97]     0.44           1.75 f        -1.31  (VIOLATED)
   corrected_chip4_data[20]     0.44           1.75 f        -1.31  (VIOLATED)
   corrected_chip1_data[105]
                                0.44           1.75 r        -1.31  (VIOLATED)
   corrected_chip4_data[6]      0.44           1.75 f        -1.31  (VIOLATED)
   corrected_chip4_data[32]     0.44           1.75 f        -1.31  (VIOLATED)
   corrected_chip4_data[33]     0.44           1.75 f        -1.31  (VIOLATED)
   corrected_chip4_data[63]     0.44           1.75 f        -1.31  (VIOLATED)
   corrected_chip4_data[64]     0.44           1.75 f        -1.31  (VIOLATED)
   corrected_chip4_data[107]
                                0.44           1.75 f        -1.31  (VIOLATED)
   corrected_chip4_data[24]     0.44           1.75 f        -1.31  (VIOLATED)
   corrected_chip4_data[52]     0.44           1.75 f        -1.31  (VIOLATED)
   corrected_chip4_data[75]     0.44           1.75 f        -1.31  (VIOLATED)
   corrected_chip4_data[115]
                                0.44           1.75 f        -1.31  (VIOLATED)
   corrected_chip4_data[61]     0.44           1.75 f        -1.31  (VIOLATED)
   corrected_chip4_data[94]     0.44           1.75 f        -1.31  (VIOLATED)
   corrected_chip4_data[114]
                                0.44           1.75 f        -1.31  (VIOLATED)
   corrected_chip4_data[125]
                                0.44           1.75 f        -1.31  (VIOLATED)
   corrected_chip2_data[12]     0.44           1.75 f        -1.31  (VIOLATED)
   corrected_chip2_data[35]     0.44           1.75 f        -1.31  (VIOLATED)
   corrected_chip2_data[87]     0.44           1.75 f        -1.31  (VIOLATED)
   corrected_chip2_data[23]     0.44           1.75 r        -1.31  (VIOLATED)
   corrected_chip2_data[27]     0.44           1.75 r        -1.31  (VIOLATED)
   corrected_chip4_data[122]
                                0.44           1.75 f        -1.31  (VIOLATED)
   corrected_chip1_data[113]
                                0.44           1.75 r        -1.31  (VIOLATED)
   corrected_chip4_data[103]
                                0.44           1.74 r        -1.30  (VIOLATED)
   corrected_chip4_data[119]
                                0.44           1.74 r        -1.30  (VIOLATED)
   error_chip_id_reg[0]/D       0.55           1.71 r        -1.16  (VIOLATED)
   error_corrected_reg/D        0.55           1.67 r        -1.12  (VIOLATED)
   uncorrectable_error_reg/D
                                0.55           1.66 r        -1.11  (VIOLATED)
   error_chip_id_reg[1]/D       0.55           1.66 r        -1.11  (VIOLATED)
   error_chip_id_reg[2]/D       0.55           1.65 r        -1.10  (VIOLATED)
   error_detected_reg/D         0.55           0.57 r        -0.02  (VIOLATED)


   max_area

                             Required        Actual
   Design                      Area           Area           Slack
   -----------------------------------------------------------------
   xed_decoder_9                0.00        8421.47       -8421.47  (VIOLATED)


1
