 
****************************************
check_design summary:
Version:     W-2024.09-SP5
Date:        Fri Aug  1 20:11:06 2025
****************************************

                   Name                                            Total
--------------------------------------------------------------------------------
Nets                                                              416
    Unloaded nets (LINT-2)                                        416
--------------------------------------------------------------------------------

Warning: In design 'hrs_encoder_68_64', net 'layer1_coded_1[96]' driven by pin 'rs98_inst_1/code_out[96]' has no loads. (LINT-2)
Warning: In design 'hrs_encoder_68_64', net 'layer1_coded_1[97]' driven by pin 'rs98_inst_1/code_out[97]' has no loads. (LINT-2)
Warning: In design 'hrs_encoder_68_64', net 'layer1_coded_1[98]' driven by pin 'rs98_inst_1/code_out[98]' has no loads. (LINT-2)
Warning: In design 'hrs_encoder_68_64', net 'layer1_coded_1[99]' driven by pin 'rs98_inst_1/code_out[99]' has no loads. (LINT-2)
Warning: In design 'hrs_encoder_68_64', net 'layer1_coded_1[100]' driven by pin 'rs98_inst_1/code_out[100]' has no loads. (LINT-2)
Warning: In design 'hrs_encoder_68_64', net 'layer1_coded_1[101]' driven by pin 'rs98_inst_1/code_out[101]' has no loads. (LINT-2)
Warning: In design 'hrs_encoder_68_64', net 'layer1_coded_1[102]' driven by pin 'rs98_inst_1/code_out[102]' has no loads. (LINT-2)
Warning: In design 'hrs_encoder_68_64', net 'layer1_coded_1[103]' driven by pin 'rs98_inst_1/code_out[103]' has no loads. (LINT-2)
Warning: In design 'hrs_encoder_68_64', net 'layer1_coded_1[104]' driven by pin 'rs98_inst_1/code_out[104]' has no loads. (LINT-2)
Warning: In design 'hrs_encoder_68_64', net 'layer1_coded_1[105]' driven by pin 'rs98_inst_1/code_out[105]' has no loads. (LINT-2)
Warning: In design 'hrs_encoder_68_64', net 'layer1_coded_1[106]' driven by pin 'rs98_inst_1/code_out[106]' has no loads. (LINT-2)
Warning: In design 'hrs_encoder_68_64', net 'layer1_coded_1[107]' driven by pin 'rs98_inst_1/code_out[107]' has no loads. (LINT-2)
Warning: In design 'hrs_encoder_68_64', net 'layer1_coded_1[108]' driven by pin 'rs98_inst_1/code_out[108]' has no loads. (LINT-2)
Warning: In design 'hrs_encoder_68_64', net 'layer1_coded_1[109]' driven by pin 'rs98_inst_1/code_out[109]' has no loads. (LINT-2)
Warning: In design 'hrs_encoder_68_64', net 'layer1_coded_1[110]' driven by pin 'rs98_inst_1/code_out[110]' has no loads. (LINT-2)
Warning: In design 'hrs_encoder_68_64', net 'layer1_coded_1[111]' driven by pin 'rs98_inst_1/code_out[111]' has no loads. (LINT-2)
Warning: In design 'hrs_encoder_68_64', net 'layer1_coded_1[112]' driven by pin 'rs98_inst_1/code_out[112]' has no loads. (LINT-2)
Warning: In design 'hrs_encoder_68_64', net 'layer1_coded_1[113]' driven by pin 'rs98_inst_1/code_out[113]' has no loads. (LINT-2)
Warning: In design 'hrs_encoder_68_64', net 'layer1_coded_1[114]' driven by pin 'rs98_inst_1/code_out[114]' has no loads. (LINT-2)
Warning: In design 'hrs_encoder_68_64', net 'layer1_coded_1[115]' driven by pin 'rs98_inst_1/code_out[115]' has no loads. (LINT-2)
Warning: In design 'hrs_encoder_68_64', net 'layer1_coded_1[116]' driven by pin 'rs98_inst_1/code_out[116]' has no loads. (LINT-2)
Warning: In design 'hrs_encoder_68_64', net 'layer1_coded_1[117]' driven by pin 'rs98_inst_1/code_out[117]' has no loads. (LINT-2)
Warning: In design 'hrs_encoder_68_64', net 'layer1_coded_1[118]' driven by pin 'rs98_inst_1/code_out[118]' has no loads. (LINT-2)
Warning: In design 'hrs_encoder_68_64', net 'layer1_coded_1[119]' driven by pin 'rs98_inst_1/code_out[119]' has no loads. (LINT-2)
Warning: In design 'hrs_encoder_68_64', net 'layer1_coded_1[120]' driven by pin 'rs98_inst_1/code_out[120]' has no loads. (LINT-2)
Warning: In design 'hrs_encoder_68_64', net 'layer1_coded_1[121]' driven by pin 'rs98_inst_1/code_out[121]' has no loads. (LINT-2)
Warning: In design 'hrs_encoder_68_64', net 'layer1_coded_1[122]' driven by pin 'rs98_inst_1/code_out[122]' has no loads. (LINT-2)
Warning: In design 'hrs_encoder_68_64', net 'layer1_coded_1[123]' driven by pin 'rs98_inst_1/code_out[123]' has no loads. (LINT-2)
Warning: In design 'hrs_encoder_68_64', net 'layer1_coded_1[124]' driven by pin 'rs98_inst_1/code_out[124]' has no loads. (LINT-2)
Warning: In design 'hrs_encoder_68_64', net 'layer1_coded_1[125]' driven by pin 'rs98_inst_1/code_out[125]' has no loads. (LINT-2)
Warning: In design 'hrs_encoder_68_64', net 'layer1_coded_1[126]' driven by pin 'rs98_inst_1/code_out[126]' has no loads. (LINT-2)
Warning: In design 'hrs_encoder_68_64', net 'layer1_coded_1[127]' driven by pin 'rs98_inst_1/code_out[127]' has no loads. (LINT-2)
Warning: In design 'hrs_encoder_68_64', net 'layer1_coded_1[128]' driven by pin 'rs98_inst_1/code_out[128]' has no loads. (LINT-2)
Warning: In design 'hrs_encoder_68_64', net 'layer1_coded_1[129]' driven by pin 'rs98_inst_1/code_out[129]' has no loads. (LINT-2)
Warning: In design 'hrs_encoder_68_64', net 'layer1_coded_1[130]' driven by pin 'rs98_inst_1/code_out[130]' has no loads. (LINT-2)
Warning: In design 'hrs_encoder_68_64', net 'layer1_coded_1[131]' driven by pin 'rs98_inst_1/code_out[131]' has no loads. (LINT-2)
Warning: In design 'hrs_encoder_68_64', net 'layer1_coded_1[132]' driven by pin 'rs98_inst_1/code_out[132]' has no loads. (LINT-2)
Warning: In design 'hrs_encoder_68_64', net 'layer1_coded_1[133]' driven by pin 'rs98_inst_1/code_out[133]' has no loads. (LINT-2)
Warning: In design 'hrs_encoder_68_64', net 'layer1_coded_1[134]' driven by pin 'rs98_inst_1/code_out[134]' has no loads. (LINT-2)
Warning: In design 'hrs_encoder_68_64', net 'layer1_coded_1[135]' driven by pin 'rs98_inst_1/code_out[135]' has no loads. (LINT-2)
Warning: In design 'hrs_encoder_68_64', net 'layer1_coded_1[136]' driven by pin 'rs98_inst_1/code_out[136]' has no loads. (LINT-2)
Warning: In design 'hrs_encoder_68_64', net 'layer1_coded_1[137]' driven by pin 'rs98_inst_1/code_out[137]' has no loads. (LINT-2)
Warning: In design 'hrs_encoder_68_64', net 'layer1_coded_1[138]' driven by pin 'rs98_inst_1/code_out[138]' has no loads. (LINT-2)
Warning: In design 'hrs_encoder_68_64', net 'layer1_coded_1[139]' driven by pin 'rs98_inst_1/code_out[139]' has no loads. (LINT-2)
Warning: In design 'hrs_encoder_68_64', net 'layer1_coded_1[140]' driven by pin 'rs98_inst_1/code_out[140]' has no loads. (LINT-2)
Warning: In design 'hrs_encoder_68_64', net 'layer1_coded_1[141]' driven by pin 'rs98_inst_1/code_out[141]' has no loads. (LINT-2)
Warning: In design 'hrs_encoder_68_64', net 'layer1_coded_1[142]' driven by pin 'rs98_inst_1/code_out[142]' has no loads. (LINT-2)
Warning: In design 'hrs_encoder_68_64', net 'layer1_coded_1[143]' driven by pin 'rs98_inst_1/code_out[143]' has no loads. (LINT-2)
Warning: In design 'hrs_encoder_68_64', net 'layer1_coded_2[96]' driven by pin 'rs98_inst_2/code_out[96]' has no loads. (LINT-2)
Warning: In design 'hrs_encoder_68_64', net 'layer1_coded_2[97]' driven by pin 'rs98_inst_2/code_out[97]' has no loads. (LINT-2)
Warning: In design 'hrs_encoder_68_64', net 'layer1_coded_2[98]' driven by pin 'rs98_inst_2/code_out[98]' has no loads. (LINT-2)
Warning: In design 'hrs_encoder_68_64', net 'layer1_coded_2[99]' driven by pin 'rs98_inst_2/code_out[99]' has no loads. (LINT-2)
Warning: In design 'hrs_encoder_68_64', net 'layer1_coded_2[100]' driven by pin 'rs98_inst_2/code_out[100]' has no loads. (LINT-2)
Warning: In design 'hrs_encoder_68_64', net 'layer1_coded_2[101]' driven by pin 'rs98_inst_2/code_out[101]' has no loads. (LINT-2)
Warning: In design 'hrs_encoder_68_64', net 'layer1_coded_2[102]' driven by pin 'rs98_inst_2/code_out[102]' has no loads. (LINT-2)
Warning: In design 'hrs_encoder_68_64', net 'layer1_coded_2[103]' driven by pin 'rs98_inst_2/code_out[103]' has no loads. (LINT-2)
Warning: In design 'hrs_encoder_68_64', net 'layer1_coded_2[104]' driven by pin 'rs98_inst_2/code_out[104]' has no loads. (LINT-2)
Warning: In design 'hrs_encoder_68_64', net 'layer1_coded_2[105]' driven by pin 'rs98_inst_2/code_out[105]' has no loads. (LINT-2)
Warning: In design 'hrs_encoder_68_64', net 'layer1_coded_2[106]' driven by pin 'rs98_inst_2/code_out[106]' has no loads. (LINT-2)
Warning: In design 'hrs_encoder_68_64', net 'layer1_coded_2[107]' driven by pin 'rs98_inst_2/code_out[107]' has no loads. (LINT-2)
Warning: In design 'hrs_encoder_68_64', net 'layer1_coded_2[108]' driven by pin 'rs98_inst_2/code_out[108]' has no loads. (LINT-2)
Warning: In design 'hrs_encoder_68_64', net 'layer1_coded_2[109]' driven by pin 'rs98_inst_2/code_out[109]' has no loads. (LINT-2)
Warning: In design 'hrs_encoder_68_64', net 'layer1_coded_2[110]' driven by pin 'rs98_inst_2/code_out[110]' has no loads. (LINT-2)
Warning: In design 'hrs_encoder_68_64', net 'layer1_coded_2[111]' driven by pin 'rs98_inst_2/code_out[111]' has no loads. (LINT-2)
Warning: In design 'hrs_encoder_68_64', net 'layer1_coded_2[112]' driven by pin 'rs98_inst_2/code_out[112]' has no loads. (LINT-2)
Warning: In design 'hrs_encoder_68_64', net 'layer1_coded_2[113]' driven by pin 'rs98_inst_2/code_out[113]' has no loads. (LINT-2)
Warning: In design 'hrs_encoder_68_64', net 'layer1_coded_2[114]' driven by pin 'rs98_inst_2/code_out[114]' has no loads. (LINT-2)
Warning: In design 'hrs_encoder_68_64', net 'layer1_coded_2[115]' driven by pin 'rs98_inst_2/code_out[115]' has no loads. (LINT-2)
Warning: In design 'hrs_encoder_68_64', net 'layer1_coded_2[116]' driven by pin 'rs98_inst_2/code_out[116]' has no loads. (LINT-2)
Warning: In design 'hrs_encoder_68_64', net 'layer1_coded_2[117]' driven by pin 'rs98_inst_2/code_out[117]' has no loads. (LINT-2)
Warning: In design 'hrs_encoder_68_64', net 'layer1_coded_2[118]' driven by pin 'rs98_inst_2/code_out[118]' has no loads. (LINT-2)
Warning: In design 'hrs_encoder_68_64', net 'layer1_coded_2[119]' driven by pin 'rs98_inst_2/code_out[119]' has no loads. (LINT-2)
Warning: In design 'hrs_encoder_68_64', net 'layer1_coded_2[120]' driven by pin 'rs98_inst_2/code_out[120]' has no loads. (LINT-2)
Warning: In design 'hrs_encoder_68_64', net 'layer1_coded_2[121]' driven by pin 'rs98_inst_2/code_out[121]' has no loads. (LINT-2)
Warning: In design 'hrs_encoder_68_64', net 'layer1_coded_2[122]' driven by pin 'rs98_inst_2/code_out[122]' has no loads. (LINT-2)
Warning: In design 'hrs_encoder_68_64', net 'layer1_coded_2[123]' driven by pin 'rs98_inst_2/code_out[123]' has no loads. (LINT-2)
Warning: In design 'hrs_encoder_68_64', net 'layer1_coded_2[124]' driven by pin 'rs98_inst_2/code_out[124]' has no loads. (LINT-2)
Warning: In design 'hrs_encoder_68_64', net 'layer1_coded_2[125]' driven by pin 'rs98_inst_2/code_out[125]' has no loads. (LINT-2)
Warning: In design 'hrs_encoder_68_64', net 'layer1_coded_2[126]' driven by pin 'rs98_inst_2/code_out[126]' has no loads. (LINT-2)
Warning: In design 'hrs_encoder_68_64', net 'layer1_coded_2[127]' driven by pin 'rs98_inst_2/code_out[127]' has no loads. (LINT-2)
Warning: In design 'hrs_encoder_68_64', net 'layer1_coded_2[128]' driven by pin 'rs98_inst_2/code_out[128]' has no loads. (LINT-2)
Warning: In design 'hrs_encoder_68_64', net 'layer1_coded_2[129]' driven by pin 'rs98_inst_2/code_out[129]' has no loads. (LINT-2)
Warning: In design 'hrs_encoder_68_64', net 'layer1_coded_2[130]' driven by pin 'rs98_inst_2/code_out[130]' has no loads. (LINT-2)
Warning: In design 'hrs_encoder_68_64', net 'layer1_coded_2[131]' driven by pin 'rs98_inst_2/code_out[131]' has no loads. (LINT-2)
Warning: In design 'hrs_encoder_68_64', net 'layer1_coded_2[132]' driven by pin 'rs98_inst_2/code_out[132]' has no loads. (LINT-2)
Warning: In design 'hrs_encoder_68_64', net 'layer1_coded_2[133]' driven by pin 'rs98_inst_2/code_out[133]' has no loads. (LINT-2)
Warning: In design 'hrs_encoder_68_64', net 'layer1_coded_2[134]' driven by pin 'rs98_inst_2/code_out[134]' has no loads. (LINT-2)
Warning: In design 'hrs_encoder_68_64', net 'layer1_coded_2[135]' driven by pin 'rs98_inst_2/code_out[135]' has no loads. (LINT-2)
Warning: In design 'hrs_encoder_68_64', net 'layer1_coded_2[136]' driven by pin 'rs98_inst_2/code_out[136]' has no loads. (LINT-2)
Warning: In design 'hrs_encoder_68_64', net 'layer1_coded_2[137]' driven by pin 'rs98_inst_2/code_out[137]' has no loads. (LINT-2)
Warning: In design 'hrs_encoder_68_64', net 'layer1_coded_2[138]' driven by pin 'rs98_inst_2/code_out[138]' has no loads. (LINT-2)
Warning: In design 'hrs_encoder_68_64', net 'layer1_coded_2[139]' driven by pin 'rs98_inst_2/code_out[139]' has no loads. (LINT-2)
Warning: In design 'hrs_encoder_68_64', net 'layer1_coded_2[140]' driven by pin 'rs98_inst_2/code_out[140]' has no loads. (LINT-2)
Warning: In design 'hrs_encoder_68_64', net 'layer1_coded_2[141]' driven by pin 'rs98_inst_2/code_out[141]' has no loads. (LINT-2)
Warning: In design 'hrs_encoder_68_64', net 'layer1_coded_2[142]' driven by pin 'rs98_inst_2/code_out[142]' has no loads. (LINT-2)
Warning: In design 'hrs_encoder_68_64', net 'layer1_coded_2[143]' driven by pin 'rs98_inst_2/code_out[143]' has no loads. (LINT-2)
Warning: In design 'hrs_encoder_68_64', net 'layer1_coded_3[96]' driven by pin 'rs98_inst_3/code_out[96]' has no loads. (LINT-2)
Warning: In design 'hrs_encoder_68_64', net 'layer1_coded_3[97]' driven by pin 'rs98_inst_3/code_out[97]' has no loads. (LINT-2)
Warning: In design 'hrs_encoder_68_64', net 'layer1_coded_3[98]' driven by pin 'rs98_inst_3/code_out[98]' has no loads. (LINT-2)
Warning: In design 'hrs_encoder_68_64', net 'layer1_coded_3[99]' driven by pin 'rs98_inst_3/code_out[99]' has no loads. (LINT-2)
Warning: In design 'hrs_encoder_68_64', net 'layer1_coded_3[100]' driven by pin 'rs98_inst_3/code_out[100]' has no loads. (LINT-2)
Warning: In design 'hrs_encoder_68_64', net 'layer1_coded_3[101]' driven by pin 'rs98_inst_3/code_out[101]' has no loads. (LINT-2)
Warning: In design 'hrs_encoder_68_64', net 'layer1_coded_3[102]' driven by pin 'rs98_inst_3/code_out[102]' has no loads. (LINT-2)
Warning: In design 'hrs_encoder_68_64', net 'layer1_coded_3[103]' driven by pin 'rs98_inst_3/code_out[103]' has no loads. (LINT-2)
Warning: In design 'hrs_encoder_68_64', net 'layer1_coded_3[104]' driven by pin 'rs98_inst_3/code_out[104]' has no loads. (LINT-2)
Warning: In design 'hrs_encoder_68_64', net 'layer1_coded_3[105]' driven by pin 'rs98_inst_3/code_out[105]' has no loads. (LINT-2)
Warning: In design 'hrs_encoder_68_64', net 'layer1_coded_3[106]' driven by pin 'rs98_inst_3/code_out[106]' has no loads. (LINT-2)
Warning: In design 'hrs_encoder_68_64', net 'layer1_coded_3[107]' driven by pin 'rs98_inst_3/code_out[107]' has no loads. (LINT-2)
Warning: In design 'hrs_encoder_68_64', net 'layer1_coded_3[108]' driven by pin 'rs98_inst_3/code_out[108]' has no loads. (LINT-2)
Warning: In design 'hrs_encoder_68_64', net 'layer1_coded_3[109]' driven by pin 'rs98_inst_3/code_out[109]' has no loads. (LINT-2)
Warning: In design 'hrs_encoder_68_64', net 'layer1_coded_3[110]' driven by pin 'rs98_inst_3/code_out[110]' has no loads. (LINT-2)
Warning: In design 'hrs_encoder_68_64', net 'layer1_coded_3[111]' driven by pin 'rs98_inst_3/code_out[111]' has no loads. (LINT-2)
Warning: In design 'hrs_encoder_68_64', net 'layer1_coded_3[112]' driven by pin 'rs98_inst_3/code_out[112]' has no loads. (LINT-2)
Warning: In design 'hrs_encoder_68_64', net 'layer1_coded_3[113]' driven by pin 'rs98_inst_3/code_out[113]' has no loads. (LINT-2)
Warning: In design 'hrs_encoder_68_64', net 'layer1_coded_3[114]' driven by pin 'rs98_inst_3/code_out[114]' has no loads. (LINT-2)
Warning: In design 'hrs_encoder_68_64', net 'layer1_coded_3[115]' driven by pin 'rs98_inst_3/code_out[115]' has no loads. (LINT-2)
Warning: In design 'hrs_encoder_68_64', net 'layer1_coded_3[116]' driven by pin 'rs98_inst_3/code_out[116]' has no loads. (LINT-2)
Warning: In design 'hrs_encoder_68_64', net 'layer1_coded_3[117]' driven by pin 'rs98_inst_3/code_out[117]' has no loads. (LINT-2)
Warning: In design 'hrs_encoder_68_64', net 'layer1_coded_3[118]' driven by pin 'rs98_inst_3/code_out[118]' has no loads. (LINT-2)
Warning: In design 'hrs_encoder_68_64', net 'layer1_coded_3[119]' driven by pin 'rs98_inst_3/code_out[119]' has no loads. (LINT-2)
Warning: In design 'hrs_encoder_68_64', net 'layer1_coded_3[120]' driven by pin 'rs98_inst_3/code_out[120]' has no loads. (LINT-2)
Warning: In design 'hrs_encoder_68_64', net 'layer1_coded_3[121]' driven by pin 'rs98_inst_3/code_out[121]' has no loads. (LINT-2)
Warning: In design 'hrs_encoder_68_64', net 'layer1_coded_3[122]' driven by pin 'rs98_inst_3/code_out[122]' has no loads. (LINT-2)
Warning: In design 'hrs_encoder_68_64', net 'layer1_coded_3[123]' driven by pin 'rs98_inst_3/code_out[123]' has no loads. (LINT-2)
Warning: In design 'hrs_encoder_68_64', net 'layer1_coded_3[124]' driven by pin 'rs98_inst_3/code_out[124]' has no loads. (LINT-2)
Warning: In design 'hrs_encoder_68_64', net 'layer1_coded_3[125]' driven by pin 'rs98_inst_3/code_out[125]' has no loads. (LINT-2)
Warning: In design 'hrs_encoder_68_64', net 'layer1_coded_3[126]' driven by pin 'rs98_inst_3/code_out[126]' has no loads. (LINT-2)
Warning: In design 'hrs_encoder_68_64', net 'layer1_coded_3[127]' driven by pin 'rs98_inst_3/code_out[127]' has no loads. (LINT-2)
Warning: In design 'hrs_encoder_68_64', net 'layer1_coded_3[128]' driven by pin 'rs98_inst_3/code_out[128]' has no loads. (LINT-2)
Warning: In design 'hrs_encoder_68_64', net 'layer1_coded_3[129]' driven by pin 'rs98_inst_3/code_out[129]' has no loads. (LINT-2)
Warning: In design 'hrs_encoder_68_64', net 'layer1_coded_3[130]' driven by pin 'rs98_inst_3/code_out[130]' has no loads. (LINT-2)
Warning: In design 'hrs_encoder_68_64', net 'layer1_coded_3[131]' driven by pin 'rs98_inst_3/code_out[131]' has no loads. (LINT-2)
Warning: In design 'hrs_encoder_68_64', net 'layer1_coded_3[132]' driven by pin 'rs98_inst_3/code_out[132]' has no loads. (LINT-2)
Warning: In design 'hrs_encoder_68_64', net 'layer1_coded_3[133]' driven by pin 'rs98_inst_3/code_out[133]' has no loads. (LINT-2)
Warning: In design 'hrs_encoder_68_64', net 'layer1_coded_3[134]' driven by pin 'rs98_inst_3/code_out[134]' has no loads. (LINT-2)
Warning: In design 'hrs_encoder_68_64', net 'layer1_coded_3[135]' driven by pin 'rs98_inst_3/code_out[135]' has no loads. (LINT-2)
Warning: In design 'hrs_encoder_68_64', net 'layer1_coded_3[136]' driven by pin 'rs98_inst_3/code_out[136]' has no loads. (LINT-2)
Warning: In design 'hrs_encoder_68_64', net 'layer1_coded_3[137]' driven by pin 'rs98_inst_3/code_out[137]' has no loads. (LINT-2)
Warning: In design 'hrs_encoder_68_64', net 'layer1_coded_3[138]' driven by pin 'rs98_inst_3/code_out[138]' has no loads. (LINT-2)
Warning: In design 'hrs_encoder_68_64', net 'layer1_coded_3[139]' driven by pin 'rs98_inst_3/code_out[139]' has no loads. (LINT-2)
Warning: In design 'hrs_encoder_68_64', net 'layer1_coded_3[140]' driven by pin 'rs98_inst_3/code_out[140]' has no loads. (LINT-2)
Warning: In design 'hrs_encoder_68_64', net 'layer1_coded_3[141]' driven by pin 'rs98_inst_3/code_out[141]' has no loads. (LINT-2)
Warning: In design 'hrs_encoder_68_64', net 'layer1_coded_3[142]' driven by pin 'rs98_inst_3/code_out[142]' has no loads. (LINT-2)
Warning: In design 'hrs_encoder_68_64', net 'layer1_coded_3[143]' driven by pin 'rs98_inst_3/code_out[143]' has no loads. (LINT-2)
Warning: In design 'hrs_encoder_68_64', net 'layer3_coded_0[88]' driven by pin 'rs128_final_inst_0/code_out[88]' has no loads. (LINT-2)
Warning: In design 'hrs_encoder_68_64', net 'layer3_coded_0[89]' driven by pin 'rs128_final_inst_0/code_out[89]' has no loads. (LINT-2)
Warning: In design 'hrs_encoder_68_64', net 'layer3_coded_0[90]' driven by pin 'rs128_final_inst_0/code_out[90]' has no loads. (LINT-2)
Warning: In design 'hrs_encoder_68_64', net 'layer3_coded_0[91]' driven by pin 'rs128_final_inst_0/code_out[91]' has no loads. (LINT-2)
Warning: In design 'hrs_encoder_68_64', net 'layer3_coded_0[92]' driven by pin 'rs128_final_inst_0/code_out[92]' has no loads. (LINT-2)
Warning: In design 'hrs_encoder_68_64', net 'layer3_coded_0[93]' driven by pin 'rs128_final_inst_0/code_out[93]' has no loads. (LINT-2)
Warning: In design 'hrs_encoder_68_64', net 'layer3_coded_0[94]' driven by pin 'rs128_final_inst_0/code_out[94]' has no loads. (LINT-2)
Warning: In design 'hrs_encoder_68_64', net 'layer3_coded_0[95]' driven by pin 'rs128_final_inst_0/code_out[95]' has no loads. (LINT-2)
Warning: In design 'hrs_encoder_68_64', net 'layer3_coded_1[0]' driven by pin 'rs128_final_inst_1/code_out[0]' has no loads. (LINT-2)
Warning: In design 'hrs_encoder_68_64', net 'layer3_coded_1[1]' driven by pin 'rs128_final_inst_1/code_out[1]' has no loads. (LINT-2)
Warning: In design 'hrs_encoder_68_64', net 'layer3_coded_1[2]' driven by pin 'rs128_final_inst_1/code_out[2]' has no loads. (LINT-2)
Warning: In design 'hrs_encoder_68_64', net 'layer3_coded_1[3]' driven by pin 'rs128_final_inst_1/code_out[3]' has no loads. (LINT-2)
Warning: In design 'hrs_encoder_68_64', net 'layer3_coded_1[4]' driven by pin 'rs128_final_inst_1/code_out[4]' has no loads. (LINT-2)
Warning: In design 'hrs_encoder_68_64', net 'layer3_coded_1[5]' driven by pin 'rs128_final_inst_1/code_out[5]' has no loads. (LINT-2)
Warning: In design 'hrs_encoder_68_64', net 'layer3_coded_1[6]' driven by pin 'rs128_final_inst_1/code_out[6]' has no loads. (LINT-2)
Warning: In design 'hrs_encoder_68_64', net 'layer3_coded_1[7]' driven by pin 'rs128_final_inst_1/code_out[7]' has no loads. (LINT-2)
Warning: In design 'hrs_encoder_68_64', net 'layer3_coded_1[8]' driven by pin 'rs128_final_inst_1/code_out[8]' has no loads. (LINT-2)
Warning: In design 'hrs_encoder_68_64', net 'layer3_coded_1[9]' driven by pin 'rs128_final_inst_1/code_out[9]' has no loads. (LINT-2)
Warning: In design 'hrs_encoder_68_64', net 'layer3_coded_1[10]' driven by pin 'rs128_final_inst_1/code_out[10]' has no loads. (LINT-2)
Warning: In design 'hrs_encoder_68_64', net 'layer3_coded_1[11]' driven by pin 'rs128_final_inst_1/code_out[11]' has no loads. (LINT-2)
Warning: In design 'hrs_encoder_68_64', net 'layer3_coded_1[12]' driven by pin 'rs128_final_inst_1/code_out[12]' has no loads. (LINT-2)
Warning: In design 'hrs_encoder_68_64', net 'layer3_coded_1[13]' driven by pin 'rs128_final_inst_1/code_out[13]' has no loads. (LINT-2)
Warning: In design 'hrs_encoder_68_64', net 'layer3_coded_1[14]' driven by pin 'rs128_final_inst_1/code_out[14]' has no loads. (LINT-2)
Warning: In design 'hrs_encoder_68_64', net 'layer3_coded_1[15]' driven by pin 'rs128_final_inst_1/code_out[15]' has no loads. (LINT-2)
Warning: In design 'hrs_encoder_68_64', net 'layer3_coded_1[16]' driven by pin 'rs128_final_inst_1/code_out[16]' has no loads. (LINT-2)
Warning: In design 'hrs_encoder_68_64', net 'layer3_coded_1[17]' driven by pin 'rs128_final_inst_1/code_out[17]' has no loads. (LINT-2)
Warning: In design 'hrs_encoder_68_64', net 'layer3_coded_1[18]' driven by pin 'rs128_final_inst_1/code_out[18]' has no loads. (LINT-2)
Warning: In design 'hrs_encoder_68_64', net 'layer3_coded_1[19]' driven by pin 'rs128_final_inst_1/code_out[19]' has no loads. (LINT-2)
Warning: In design 'hrs_encoder_68_64', net 'layer3_coded_1[20]' driven by pin 'rs128_final_inst_1/code_out[20]' has no loads. (LINT-2)
Warning: In design 'hrs_encoder_68_64', net 'layer3_coded_1[21]' driven by pin 'rs128_final_inst_1/code_out[21]' has no loads. (LINT-2)
Warning: In design 'hrs_encoder_68_64', net 'layer3_coded_1[22]' driven by pin 'rs128_final_inst_1/code_out[22]' has no loads. (LINT-2)
Warning: In design 'hrs_encoder_68_64', net 'layer3_coded_1[23]' driven by pin 'rs128_final_inst_1/code_out[23]' has no loads. (LINT-2)
Warning: In design 'hrs_encoder_68_64', net 'layer3_coded_1[24]' driven by pin 'rs128_final_inst_1/code_out[24]' has no loads. (LINT-2)
Warning: In design 'hrs_encoder_68_64', net 'layer3_coded_1[25]' driven by pin 'rs128_final_inst_1/code_out[25]' has no loads. (LINT-2)
Warning: In design 'hrs_encoder_68_64', net 'layer3_coded_1[26]' driven by pin 'rs128_final_inst_1/code_out[26]' has no loads. (LINT-2)
Warning: In design 'hrs_encoder_68_64', net 'layer3_coded_1[27]' driven by pin 'rs128_final_inst_1/code_out[27]' has no loads. (LINT-2)
Warning: In design 'hrs_encoder_68_64', net 'layer3_coded_1[28]' driven by pin 'rs128_final_inst_1/code_out[28]' has no loads. (LINT-2)
Warning: In design 'hrs_encoder_68_64', net 'layer3_coded_1[29]' driven by pin 'rs128_final_inst_1/code_out[29]' has no loads. (LINT-2)
Warning: In design 'hrs_encoder_68_64', net 'layer3_coded_1[30]' driven by pin 'rs128_final_inst_1/code_out[30]' has no loads. (LINT-2)
Warning: In design 'hrs_encoder_68_64', net 'layer3_coded_1[31]' driven by pin 'rs128_final_inst_1/code_out[31]' has no loads. (LINT-2)
Warning: In design 'hrs_encoder_68_64', net 'layer3_coded_1[32]' driven by pin 'rs128_final_inst_1/code_out[32]' has no loads. (LINT-2)
Warning: In design 'hrs_encoder_68_64', net 'layer3_coded_1[33]' driven by pin 'rs128_final_inst_1/code_out[33]' has no loads. (LINT-2)
Warning: In design 'hrs_encoder_68_64', net 'layer3_coded_1[34]' driven by pin 'rs128_final_inst_1/code_out[34]' has no loads. (LINT-2)
Warning: In design 'hrs_encoder_68_64', net 'layer3_coded_1[35]' driven by pin 'rs128_final_inst_1/code_out[35]' has no loads. (LINT-2)
Warning: In design 'hrs_encoder_68_64', net 'layer3_coded_1[36]' driven by pin 'rs128_final_inst_1/code_out[36]' has no loads. (LINT-2)
Warning: In design 'hrs_encoder_68_64', net 'layer3_coded_1[37]' driven by pin 'rs128_final_inst_1/code_out[37]' has no loads. (LINT-2)
Warning: In design 'hrs_encoder_68_64', net 'layer3_coded_1[38]' driven by pin 'rs128_final_inst_1/code_out[38]' has no loads. (LINT-2)
Warning: In design 'hrs_encoder_68_64', net 'layer3_coded_1[39]' driven by pin 'rs128_final_inst_1/code_out[39]' has no loads. (LINT-2)
Warning: In design 'hrs_encoder_68_64', net 'layer3_coded_1[40]' driven by pin 'rs128_final_inst_1/code_out[40]' has no loads. (LINT-2)
Warning: In design 'hrs_encoder_68_64', net 'layer3_coded_1[41]' driven by pin 'rs128_final_inst_1/code_out[41]' has no loads. (LINT-2)
Warning: In design 'hrs_encoder_68_64', net 'layer3_coded_1[42]' driven by pin 'rs128_final_inst_1/code_out[42]' has no loads. (LINT-2)
Warning: In design 'hrs_encoder_68_64', net 'layer3_coded_1[43]' driven by pin 'rs128_final_inst_1/code_out[43]' has no loads. (LINT-2)
Warning: In design 'hrs_encoder_68_64', net 'layer3_coded_1[44]' driven by pin 'rs128_final_inst_1/code_out[44]' has no loads. (LINT-2)
Warning: In design 'hrs_encoder_68_64', net 'layer3_coded_1[45]' driven by pin 'rs128_final_inst_1/code_out[45]' has no loads. (LINT-2)
Warning: In design 'hrs_encoder_68_64', net 'layer3_coded_1[46]' driven by pin 'rs128_final_inst_1/code_out[46]' has no loads. (LINT-2)
Warning: In design 'hrs_encoder_68_64', net 'layer3_coded_1[47]' driven by pin 'rs128_final_inst_1/code_out[47]' has no loads. (LINT-2)
Warning: In design 'hrs_encoder_68_64', net 'layer3_coded_1[48]' driven by pin 'rs128_final_inst_1/code_out[48]' has no loads. (LINT-2)
Warning: In design 'hrs_encoder_68_64', net 'layer3_coded_1[49]' driven by pin 'rs128_final_inst_1/code_out[49]' has no loads. (LINT-2)
Warning: In design 'hrs_encoder_68_64', net 'layer3_coded_1[50]' driven by pin 'rs128_final_inst_1/code_out[50]' has no loads. (LINT-2)
Warning: In design 'hrs_encoder_68_64', net 'layer3_coded_1[51]' driven by pin 'rs128_final_inst_1/code_out[51]' has no loads. (LINT-2)
Warning: In design 'hrs_encoder_68_64', net 'layer3_coded_1[52]' driven by pin 'rs128_final_inst_1/code_out[52]' has no loads. (LINT-2)
Warning: In design 'hrs_encoder_68_64', net 'layer3_coded_1[53]' driven by pin 'rs128_final_inst_1/code_out[53]' has no loads. (LINT-2)
Warning: In design 'hrs_encoder_68_64', net 'layer3_coded_1[54]' driven by pin 'rs128_final_inst_1/code_out[54]' has no loads. (LINT-2)
Warning: In design 'hrs_encoder_68_64', net 'layer3_coded_1[55]' driven by pin 'rs128_final_inst_1/code_out[55]' has no loads. (LINT-2)
Warning: In design 'hrs_encoder_68_64', net 'layer3_coded_1[56]' driven by pin 'rs128_final_inst_1/code_out[56]' has no loads. (LINT-2)
Warning: In design 'hrs_encoder_68_64', net 'layer3_coded_1[57]' driven by pin 'rs128_final_inst_1/code_out[57]' has no loads. (LINT-2)
Warning: In design 'hrs_encoder_68_64', net 'layer3_coded_1[58]' driven by pin 'rs128_final_inst_1/code_out[58]' has no loads. (LINT-2)
Warning: In design 'hrs_encoder_68_64', net 'layer3_coded_1[59]' driven by pin 'rs128_final_inst_1/code_out[59]' has no loads. (LINT-2)
Warning: In design 'hrs_encoder_68_64', net 'layer3_coded_1[60]' driven by pin 'rs128_final_inst_1/code_out[60]' has no loads. (LINT-2)
Warning: In design 'hrs_encoder_68_64', net 'layer3_coded_1[61]' driven by pin 'rs128_final_inst_1/code_out[61]' has no loads. (LINT-2)
Warning: In design 'hrs_encoder_68_64', net 'layer3_coded_1[62]' driven by pin 'rs128_final_inst_1/code_out[62]' has no loads. (LINT-2)
Warning: In design 'hrs_encoder_68_64', net 'layer3_coded_1[63]' driven by pin 'rs128_final_inst_1/code_out[63]' has no loads. (LINT-2)
Warning: In design 'hrs_encoder_68_64', net 'layer3_coded_1[64]' driven by pin 'rs128_final_inst_1/code_out[64]' has no loads. (LINT-2)
Warning: In design 'hrs_encoder_68_64', net 'layer3_coded_1[65]' driven by pin 'rs128_final_inst_1/code_out[65]' has no loads. (LINT-2)
Warning: In design 'hrs_encoder_68_64', net 'layer3_coded_1[66]' driven by pin 'rs128_final_inst_1/code_out[66]' has no loads. (LINT-2)
Warning: In design 'hrs_encoder_68_64', net 'layer3_coded_1[67]' driven by pin 'rs128_final_inst_1/code_out[67]' has no loads. (LINT-2)
Warning: In design 'hrs_encoder_68_64', net 'layer3_coded_1[68]' driven by pin 'rs128_final_inst_1/code_out[68]' has no loads. (LINT-2)
Warning: In design 'hrs_encoder_68_64', net 'layer3_coded_1[69]' driven by pin 'rs128_final_inst_1/code_out[69]' has no loads. (LINT-2)
Warning: In design 'hrs_encoder_68_64', net 'layer3_coded_1[70]' driven by pin 'rs128_final_inst_1/code_out[70]' has no loads. (LINT-2)
Warning: In design 'hrs_encoder_68_64', net 'layer3_coded_1[71]' driven by pin 'rs128_final_inst_1/code_out[71]' has no loads. (LINT-2)
Warning: In design 'hrs_encoder_68_64', net 'layer3_coded_1_80' driven by pin 'rs128_final_inst_1/code_out[80]' has no loads. (LINT-2)
Warning: In design 'hrs_encoder_68_64', net 'layer3_coded_1_81' driven by pin 'rs128_final_inst_1/code_out[81]' has no loads. (LINT-2)
Warning: In design 'hrs_encoder_68_64', net 'layer3_coded_1_82' driven by pin 'rs128_final_inst_1/code_out[82]' has no loads. (LINT-2)
Warning: In design 'hrs_encoder_68_64', net 'layer3_coded_1_83' driven by pin 'rs128_final_inst_1/code_out[83]' has no loads. (LINT-2)
Warning: In design 'hrs_encoder_68_64', net 'layer3_coded_1_84' driven by pin 'rs128_final_inst_1/code_out[84]' has no loads. (LINT-2)
Warning: In design 'hrs_encoder_68_64', net 'layer3_coded_1_85' driven by pin 'rs128_final_inst_1/code_out[85]' has no loads. (LINT-2)
Warning: In design 'hrs_encoder_68_64', net 'layer3_coded_1_86' driven by pin 'rs128_final_inst_1/code_out[86]' has no loads. (LINT-2)
Warning: In design 'hrs_encoder_68_64', net 'layer3_coded_1_87' driven by pin 'rs128_final_inst_1/code_out[87]' has no loads. (LINT-2)
Warning: In design 'hrs_encoder_68_64', net 'layer3_coded_1_88' driven by pin 'rs128_final_inst_1/code_out[88]' has no loads. (LINT-2)
Warning: In design 'hrs_encoder_68_64', net 'layer3_coded_1_89' driven by pin 'rs128_final_inst_1/code_out[89]' has no loads. (LINT-2)
Warning: In design 'hrs_encoder_68_64', net 'layer3_coded_1_90' driven by pin 'rs128_final_inst_1/code_out[90]' has no loads. (LINT-2)
Warning: In design 'hrs_encoder_68_64', net 'layer3_coded_1_91' driven by pin 'rs128_final_inst_1/code_out[91]' has no loads. (LINT-2)
Warning: In design 'hrs_encoder_68_64', net 'layer3_coded_1_92' driven by pin 'rs128_final_inst_1/code_out[92]' has no loads. (LINT-2)
Warning: In design 'hrs_encoder_68_64', net 'layer3_coded_1_93' driven by pin 'rs128_final_inst_1/code_out[93]' has no loads. (LINT-2)
Warning: In design 'hrs_encoder_68_64', net 'layer3_coded_1_94' driven by pin 'rs128_final_inst_1/code_out[94]' has no loads. (LINT-2)
Warning: In design 'hrs_encoder_68_64', net 'layer3_coded_1_95' driven by pin 'rs128_final_inst_1/code_out[95]' has no loads. (LINT-2)
Warning: In design 'hrs_encoder_68_64', net 'layer3_coded_2[0]' driven by pin 'rs128_final_inst_2/code_out[0]' has no loads. (LINT-2)
Warning: In design 'hrs_encoder_68_64', net 'layer3_coded_2[1]' driven by pin 'rs128_final_inst_2/code_out[1]' has no loads. (LINT-2)
Warning: In design 'hrs_encoder_68_64', net 'layer3_coded_2[2]' driven by pin 'rs128_final_inst_2/code_out[2]' has no loads. (LINT-2)
Warning: In design 'hrs_encoder_68_64', net 'layer3_coded_2[3]' driven by pin 'rs128_final_inst_2/code_out[3]' has no loads. (LINT-2)
Warning: In design 'hrs_encoder_68_64', net 'layer3_coded_2[4]' driven by pin 'rs128_final_inst_2/code_out[4]' has no loads. (LINT-2)
Warning: In design 'hrs_encoder_68_64', net 'layer3_coded_2[5]' driven by pin 'rs128_final_inst_2/code_out[5]' has no loads. (LINT-2)
Warning: In design 'hrs_encoder_68_64', net 'layer3_coded_2[6]' driven by pin 'rs128_final_inst_2/code_out[6]' has no loads. (LINT-2)
Warning: In design 'hrs_encoder_68_64', net 'layer3_coded_2[7]' driven by pin 'rs128_final_inst_2/code_out[7]' has no loads. (LINT-2)
Warning: In design 'hrs_encoder_68_64', net 'layer3_coded_2[8]' driven by pin 'rs128_final_inst_2/code_out[8]' has no loads. (LINT-2)
Warning: In design 'hrs_encoder_68_64', net 'layer3_coded_2[9]' driven by pin 'rs128_final_inst_2/code_out[9]' has no loads. (LINT-2)
Warning: In design 'hrs_encoder_68_64', net 'layer3_coded_2[10]' driven by pin 'rs128_final_inst_2/code_out[10]' has no loads. (LINT-2)
Warning: In design 'hrs_encoder_68_64', net 'layer3_coded_2[11]' driven by pin 'rs128_final_inst_2/code_out[11]' has no loads. (LINT-2)
Warning: In design 'hrs_encoder_68_64', net 'layer3_coded_2[12]' driven by pin 'rs128_final_inst_2/code_out[12]' has no loads. (LINT-2)
Warning: In design 'hrs_encoder_68_64', net 'layer3_coded_2[13]' driven by pin 'rs128_final_inst_2/code_out[13]' has no loads. (LINT-2)
Warning: In design 'hrs_encoder_68_64', net 'layer3_coded_2[14]' driven by pin 'rs128_final_inst_2/code_out[14]' has no loads. (LINT-2)
Warning: In design 'hrs_encoder_68_64', net 'layer3_coded_2[15]' driven by pin 'rs128_final_inst_2/code_out[15]' has no loads. (LINT-2)
Warning: In design 'hrs_encoder_68_64', net 'layer3_coded_2[16]' driven by pin 'rs128_final_inst_2/code_out[16]' has no loads. (LINT-2)
Warning: In design 'hrs_encoder_68_64', net 'layer3_coded_2[17]' driven by pin 'rs128_final_inst_2/code_out[17]' has no loads. (LINT-2)
Warning: In design 'hrs_encoder_68_64', net 'layer3_coded_2[18]' driven by pin 'rs128_final_inst_2/code_out[18]' has no loads. (LINT-2)
Warning: In design 'hrs_encoder_68_64', net 'layer3_coded_2[19]' driven by pin 'rs128_final_inst_2/code_out[19]' has no loads. (LINT-2)
Warning: In design 'hrs_encoder_68_64', net 'layer3_coded_2[20]' driven by pin 'rs128_final_inst_2/code_out[20]' has no loads. (LINT-2)
Warning: In design 'hrs_encoder_68_64', net 'layer3_coded_2[21]' driven by pin 'rs128_final_inst_2/code_out[21]' has no loads. (LINT-2)
Warning: In design 'hrs_encoder_68_64', net 'layer3_coded_2[22]' driven by pin 'rs128_final_inst_2/code_out[22]' has no loads. (LINT-2)
Warning: In design 'hrs_encoder_68_64', net 'layer3_coded_2[23]' driven by pin 'rs128_final_inst_2/code_out[23]' has no loads. (LINT-2)
Warning: In design 'hrs_encoder_68_64', net 'layer3_coded_2[24]' driven by pin 'rs128_final_inst_2/code_out[24]' has no loads. (LINT-2)
Warning: In design 'hrs_encoder_68_64', net 'layer3_coded_2[25]' driven by pin 'rs128_final_inst_2/code_out[25]' has no loads. (LINT-2)
Warning: In design 'hrs_encoder_68_64', net 'layer3_coded_2[26]' driven by pin 'rs128_final_inst_2/code_out[26]' has no loads. (LINT-2)
Warning: In design 'hrs_encoder_68_64', net 'layer3_coded_2[27]' driven by pin 'rs128_final_inst_2/code_out[27]' has no loads. (LINT-2)
Warning: In design 'hrs_encoder_68_64', net 'layer3_coded_2[28]' driven by pin 'rs128_final_inst_2/code_out[28]' has no loads. (LINT-2)
Warning: In design 'hrs_encoder_68_64', net 'layer3_coded_2[29]' driven by pin 'rs128_final_inst_2/code_out[29]' has no loads. (LINT-2)
Warning: In design 'hrs_encoder_68_64', net 'layer3_coded_2[30]' driven by pin 'rs128_final_inst_2/code_out[30]' has no loads. (LINT-2)
Warning: In design 'hrs_encoder_68_64', net 'layer3_coded_2[31]' driven by pin 'rs128_final_inst_2/code_out[31]' has no loads. (LINT-2)
Warning: In design 'hrs_encoder_68_64', net 'layer3_coded_2[32]' driven by pin 'rs128_final_inst_2/code_out[32]' has no loads. (LINT-2)
Warning: In design 'hrs_encoder_68_64', net 'layer3_coded_2[33]' driven by pin 'rs128_final_inst_2/code_out[33]' has no loads. (LINT-2)
Warning: In design 'hrs_encoder_68_64', net 'layer3_coded_2[34]' driven by pin 'rs128_final_inst_2/code_out[34]' has no loads. (LINT-2)
Warning: In design 'hrs_encoder_68_64', net 'layer3_coded_2[35]' driven by pin 'rs128_final_inst_2/code_out[35]' has no loads. (LINT-2)
Warning: In design 'hrs_encoder_68_64', net 'layer3_coded_2[36]' driven by pin 'rs128_final_inst_2/code_out[36]' has no loads. (LINT-2)
Warning: In design 'hrs_encoder_68_64', net 'layer3_coded_2[37]' driven by pin 'rs128_final_inst_2/code_out[37]' has no loads. (LINT-2)
Warning: In design 'hrs_encoder_68_64', net 'layer3_coded_2[38]' driven by pin 'rs128_final_inst_2/code_out[38]' has no loads. (LINT-2)
Warning: In design 'hrs_encoder_68_64', net 'layer3_coded_2[39]' driven by pin 'rs128_final_inst_2/code_out[39]' has no loads. (LINT-2)
Warning: In design 'hrs_encoder_68_64', net 'layer3_coded_2[40]' driven by pin 'rs128_final_inst_2/code_out[40]' has no loads. (LINT-2)
Warning: In design 'hrs_encoder_68_64', net 'layer3_coded_2[41]' driven by pin 'rs128_final_inst_2/code_out[41]' has no loads. (LINT-2)
Warning: In design 'hrs_encoder_68_64', net 'layer3_coded_2[42]' driven by pin 'rs128_final_inst_2/code_out[42]' has no loads. (LINT-2)
Warning: In design 'hrs_encoder_68_64', net 'layer3_coded_2[43]' driven by pin 'rs128_final_inst_2/code_out[43]' has no loads. (LINT-2)
Warning: In design 'hrs_encoder_68_64', net 'layer3_coded_2[44]' driven by pin 'rs128_final_inst_2/code_out[44]' has no loads. (LINT-2)
Warning: In design 'hrs_encoder_68_64', net 'layer3_coded_2[45]' driven by pin 'rs128_final_inst_2/code_out[45]' has no loads. (LINT-2)
Warning: In design 'hrs_encoder_68_64', net 'layer3_coded_2[46]' driven by pin 'rs128_final_inst_2/code_out[46]' has no loads. (LINT-2)
Warning: In design 'hrs_encoder_68_64', net 'layer3_coded_2[47]' driven by pin 'rs128_final_inst_2/code_out[47]' has no loads. (LINT-2)
Warning: In design 'hrs_encoder_68_64', net 'layer3_coded_2[48]' driven by pin 'rs128_final_inst_2/code_out[48]' has no loads. (LINT-2)
Warning: In design 'hrs_encoder_68_64', net 'layer3_coded_2[49]' driven by pin 'rs128_final_inst_2/code_out[49]' has no loads. (LINT-2)
Warning: In design 'hrs_encoder_68_64', net 'layer3_coded_2[50]' driven by pin 'rs128_final_inst_2/code_out[50]' has no loads. (LINT-2)
Warning: In design 'hrs_encoder_68_64', net 'layer3_coded_2[51]' driven by pin 'rs128_final_inst_2/code_out[51]' has no loads. (LINT-2)
Warning: In design 'hrs_encoder_68_64', net 'layer3_coded_2[52]' driven by pin 'rs128_final_inst_2/code_out[52]' has no loads. (LINT-2)
Warning: In design 'hrs_encoder_68_64', net 'layer3_coded_2[53]' driven by pin 'rs128_final_inst_2/code_out[53]' has no loads. (LINT-2)
Warning: In design 'hrs_encoder_68_64', net 'layer3_coded_2[54]' driven by pin 'rs128_final_inst_2/code_out[54]' has no loads. (LINT-2)
Warning: In design 'hrs_encoder_68_64', net 'layer3_coded_2[55]' driven by pin 'rs128_final_inst_2/code_out[55]' has no loads. (LINT-2)
Warning: In design 'hrs_encoder_68_64', net 'layer3_coded_2[56]' driven by pin 'rs128_final_inst_2/code_out[56]' has no loads. (LINT-2)
Warning: In design 'hrs_encoder_68_64', net 'layer3_coded_2[57]' driven by pin 'rs128_final_inst_2/code_out[57]' has no loads. (LINT-2)
Warning: In design 'hrs_encoder_68_64', net 'layer3_coded_2[58]' driven by pin 'rs128_final_inst_2/code_out[58]' has no loads. (LINT-2)
Warning: In design 'hrs_encoder_68_64', net 'layer3_coded_2[59]' driven by pin 'rs128_final_inst_2/code_out[59]' has no loads. (LINT-2)
Warning: In design 'hrs_encoder_68_64', net 'layer3_coded_2[60]' driven by pin 'rs128_final_inst_2/code_out[60]' has no loads. (LINT-2)
Warning: In design 'hrs_encoder_68_64', net 'layer3_coded_2[61]' driven by pin 'rs128_final_inst_2/code_out[61]' has no loads. (LINT-2)
Warning: In design 'hrs_encoder_68_64', net 'layer3_coded_2[62]' driven by pin 'rs128_final_inst_2/code_out[62]' has no loads. (LINT-2)
Warning: In design 'hrs_encoder_68_64', net 'layer3_coded_2[63]' driven by pin 'rs128_final_inst_2/code_out[63]' has no loads. (LINT-2)
Warning: In design 'hrs_encoder_68_64', net 'layer3_coded_2_80' driven by pin 'rs128_final_inst_2/code_out[80]' has no loads. (LINT-2)
Warning: In design 'hrs_encoder_68_64', net 'layer3_coded_2_81' driven by pin 'rs128_final_inst_2/code_out[81]' has no loads. (LINT-2)
Warning: In design 'hrs_encoder_68_64', net 'layer3_coded_2_82' driven by pin 'rs128_final_inst_2/code_out[82]' has no loads. (LINT-2)
Warning: In design 'hrs_encoder_68_64', net 'layer3_coded_2_83' driven by pin 'rs128_final_inst_2/code_out[83]' has no loads. (LINT-2)
Warning: In design 'hrs_encoder_68_64', net 'layer3_coded_2_84' driven by pin 'rs128_final_inst_2/code_out[84]' has no loads. (LINT-2)
Warning: In design 'hrs_encoder_68_64', net 'layer3_coded_2_85' driven by pin 'rs128_final_inst_2/code_out[85]' has no loads. (LINT-2)
Warning: In design 'hrs_encoder_68_64', net 'layer3_coded_2_86' driven by pin 'rs128_final_inst_2/code_out[86]' has no loads. (LINT-2)
Warning: In design 'hrs_encoder_68_64', net 'layer3_coded_2_87' driven by pin 'rs128_final_inst_2/code_out[87]' has no loads. (LINT-2)
Warning: In design 'hrs_encoder_68_64', net 'layer3_coded_2_88' driven by pin 'rs128_final_inst_2/code_out[88]' has no loads. (LINT-2)
Warning: In design 'hrs_encoder_68_64', net 'layer3_coded_2_89' driven by pin 'rs128_final_inst_2/code_out[89]' has no loads. (LINT-2)
Warning: In design 'hrs_encoder_68_64', net 'layer3_coded_2_90' driven by pin 'rs128_final_inst_2/code_out[90]' has no loads. (LINT-2)
Warning: In design 'hrs_encoder_68_64', net 'layer3_coded_2_91' driven by pin 'rs128_final_inst_2/code_out[91]' has no loads. (LINT-2)
Warning: In design 'hrs_encoder_68_64', net 'layer3_coded_2_92' driven by pin 'rs128_final_inst_2/code_out[92]' has no loads. (LINT-2)
Warning: In design 'hrs_encoder_68_64', net 'layer3_coded_2_93' driven by pin 'rs128_final_inst_2/code_out[93]' has no loads. (LINT-2)
Warning: In design 'hrs_encoder_68_64', net 'layer3_coded_2_94' driven by pin 'rs128_final_inst_2/code_out[94]' has no loads. (LINT-2)
Warning: In design 'hrs_encoder_68_64', net 'layer3_coded_2_95' driven by pin 'rs128_final_inst_2/code_out[95]' has no loads. (LINT-2)
Warning: In design 'hrs_encoder_68_64', net 'layer3_coded_3[0]' driven by pin 'rs128_final_inst_3/code_out[0]' has no loads. (LINT-2)
Warning: In design 'hrs_encoder_68_64', net 'layer3_coded_3[1]' driven by pin 'rs128_final_inst_3/code_out[1]' has no loads. (LINT-2)
Warning: In design 'hrs_encoder_68_64', net 'layer3_coded_3[2]' driven by pin 'rs128_final_inst_3/code_out[2]' has no loads. (LINT-2)
Warning: In design 'hrs_encoder_68_64', net 'layer3_coded_3[3]' driven by pin 'rs128_final_inst_3/code_out[3]' has no loads. (LINT-2)
Warning: In design 'hrs_encoder_68_64', net 'layer3_coded_3[4]' driven by pin 'rs128_final_inst_3/code_out[4]' has no loads. (LINT-2)
Warning: In design 'hrs_encoder_68_64', net 'layer3_coded_3[5]' driven by pin 'rs128_final_inst_3/code_out[5]' has no loads. (LINT-2)
Warning: In design 'hrs_encoder_68_64', net 'layer3_coded_3[6]' driven by pin 'rs128_final_inst_3/code_out[6]' has no loads. (LINT-2)
Warning: In design 'hrs_encoder_68_64', net 'layer3_coded_3[7]' driven by pin 'rs128_final_inst_3/code_out[7]' has no loads. (LINT-2)
Warning: In design 'hrs_encoder_68_64', net 'layer3_coded_3[8]' driven by pin 'rs128_final_inst_3/code_out[8]' has no loads. (LINT-2)
Warning: In design 'hrs_encoder_68_64', net 'layer3_coded_3[9]' driven by pin 'rs128_final_inst_3/code_out[9]' has no loads. (LINT-2)
Warning: In design 'hrs_encoder_68_64', net 'layer3_coded_3[10]' driven by pin 'rs128_final_inst_3/code_out[10]' has no loads. (LINT-2)
Warning: In design 'hrs_encoder_68_64', net 'layer3_coded_3[11]' driven by pin 'rs128_final_inst_3/code_out[11]' has no loads. (LINT-2)
Warning: In design 'hrs_encoder_68_64', net 'layer3_coded_3[12]' driven by pin 'rs128_final_inst_3/code_out[12]' has no loads. (LINT-2)
Warning: In design 'hrs_encoder_68_64', net 'layer3_coded_3[13]' driven by pin 'rs128_final_inst_3/code_out[13]' has no loads. (LINT-2)
Warning: In design 'hrs_encoder_68_64', net 'layer3_coded_3[14]' driven by pin 'rs128_final_inst_3/code_out[14]' has no loads. (LINT-2)
Warning: In design 'hrs_encoder_68_64', net 'layer3_coded_3[15]' driven by pin 'rs128_final_inst_3/code_out[15]' has no loads. (LINT-2)
Warning: In design 'hrs_encoder_68_64', net 'layer3_coded_3[16]' driven by pin 'rs128_final_inst_3/code_out[16]' has no loads. (LINT-2)
Warning: In design 'hrs_encoder_68_64', net 'layer3_coded_3[17]' driven by pin 'rs128_final_inst_3/code_out[17]' has no loads. (LINT-2)
Warning: In design 'hrs_encoder_68_64', net 'layer3_coded_3[18]' driven by pin 'rs128_final_inst_3/code_out[18]' has no loads. (LINT-2)
Warning: In design 'hrs_encoder_68_64', net 'layer3_coded_3[19]' driven by pin 'rs128_final_inst_3/code_out[19]' has no loads. (LINT-2)
Warning: In design 'hrs_encoder_68_64', net 'layer3_coded_3[20]' driven by pin 'rs128_final_inst_3/code_out[20]' has no loads. (LINT-2)
Warning: In design 'hrs_encoder_68_64', net 'layer3_coded_3[21]' driven by pin 'rs128_final_inst_3/code_out[21]' has no loads. (LINT-2)
Warning: In design 'hrs_encoder_68_64', net 'layer3_coded_3[22]' driven by pin 'rs128_final_inst_3/code_out[22]' has no loads. (LINT-2)
Warning: In design 'hrs_encoder_68_64', net 'layer3_coded_3[23]' driven by pin 'rs128_final_inst_3/code_out[23]' has no loads. (LINT-2)
Warning: In design 'hrs_encoder_68_64', net 'layer3_coded_3[24]' driven by pin 'rs128_final_inst_3/code_out[24]' has no loads. (LINT-2)
Warning: In design 'hrs_encoder_68_64', net 'layer3_coded_3[25]' driven by pin 'rs128_final_inst_3/code_out[25]' has no loads. (LINT-2)
Warning: In design 'hrs_encoder_68_64', net 'layer3_coded_3[26]' driven by pin 'rs128_final_inst_3/code_out[26]' has no loads. (LINT-2)
Warning: In design 'hrs_encoder_68_64', net 'layer3_coded_3[27]' driven by pin 'rs128_final_inst_3/code_out[27]' has no loads. (LINT-2)
Warning: In design 'hrs_encoder_68_64', net 'layer3_coded_3[28]' driven by pin 'rs128_final_inst_3/code_out[28]' has no loads. (LINT-2)
Warning: In design 'hrs_encoder_68_64', net 'layer3_coded_3[29]' driven by pin 'rs128_final_inst_3/code_out[29]' has no loads. (LINT-2)
Warning: In design 'hrs_encoder_68_64', net 'layer3_coded_3[30]' driven by pin 'rs128_final_inst_3/code_out[30]' has no loads. (LINT-2)
Warning: In design 'hrs_encoder_68_64', net 'layer3_coded_3[31]' driven by pin 'rs128_final_inst_3/code_out[31]' has no loads. (LINT-2)
Warning: In design 'hrs_encoder_68_64', net 'layer3_coded_3[32]' driven by pin 'rs128_final_inst_3/code_out[32]' has no loads. (LINT-2)
Warning: In design 'hrs_encoder_68_64', net 'layer3_coded_3[33]' driven by pin 'rs128_final_inst_3/code_out[33]' has no loads. (LINT-2)
Warning: In design 'hrs_encoder_68_64', net 'layer3_coded_3[34]' driven by pin 'rs128_final_inst_3/code_out[34]' has no loads. (LINT-2)
Warning: In design 'hrs_encoder_68_64', net 'layer3_coded_3[35]' driven by pin 'rs128_final_inst_3/code_out[35]' has no loads. (LINT-2)
Warning: In design 'hrs_encoder_68_64', net 'layer3_coded_3[36]' driven by pin 'rs128_final_inst_3/code_out[36]' has no loads. (LINT-2)
Warning: In design 'hrs_encoder_68_64', net 'layer3_coded_3[37]' driven by pin 'rs128_final_inst_3/code_out[37]' has no loads. (LINT-2)
Warning: In design 'hrs_encoder_68_64', net 'layer3_coded_3[38]' driven by pin 'rs128_final_inst_3/code_out[38]' has no loads. (LINT-2)
Warning: In design 'hrs_encoder_68_64', net 'layer3_coded_3[39]' driven by pin 'rs128_final_inst_3/code_out[39]' has no loads. (LINT-2)
Warning: In design 'hrs_encoder_68_64', net 'layer3_coded_3[40]' driven by pin 'rs128_final_inst_3/code_out[40]' has no loads. (LINT-2)
Warning: In design 'hrs_encoder_68_64', net 'layer3_coded_3[41]' driven by pin 'rs128_final_inst_3/code_out[41]' has no loads. (LINT-2)
Warning: In design 'hrs_encoder_68_64', net 'layer3_coded_3[42]' driven by pin 'rs128_final_inst_3/code_out[42]' has no loads. (LINT-2)
Warning: In design 'hrs_encoder_68_64', net 'layer3_coded_3[43]' driven by pin 'rs128_final_inst_3/code_out[43]' has no loads. (LINT-2)
Warning: In design 'hrs_encoder_68_64', net 'layer3_coded_3[44]' driven by pin 'rs128_final_inst_3/code_out[44]' has no loads. (LINT-2)
Warning: In design 'hrs_encoder_68_64', net 'layer3_coded_3[45]' driven by pin 'rs128_final_inst_3/code_out[45]' has no loads. (LINT-2)
Warning: In design 'hrs_encoder_68_64', net 'layer3_coded_3[46]' driven by pin 'rs128_final_inst_3/code_out[46]' has no loads. (LINT-2)
Warning: In design 'hrs_encoder_68_64', net 'layer3_coded_3[47]' driven by pin 'rs128_final_inst_3/code_out[47]' has no loads. (LINT-2)
Warning: In design 'hrs_encoder_68_64', net 'layer1_coded_0[96]' driven by pin 'rs98_inst_0/code_out[96]' has no loads. (LINT-2)
Warning: In design 'hrs_encoder_68_64', net 'layer1_coded_0[97]' driven by pin 'rs98_inst_0/code_out[97]' has no loads. (LINT-2)
Warning: In design 'hrs_encoder_68_64', net 'layer1_coded_0[98]' driven by pin 'rs98_inst_0/code_out[98]' has no loads. (LINT-2)
Warning: In design 'hrs_encoder_68_64', net 'layer1_coded_0[99]' driven by pin 'rs98_inst_0/code_out[99]' has no loads. (LINT-2)
Warning: In design 'hrs_encoder_68_64', net 'layer1_coded_0[100]' driven by pin 'rs98_inst_0/code_out[100]' has no loads. (LINT-2)
Warning: In design 'hrs_encoder_68_64', net 'layer1_coded_0[101]' driven by pin 'rs98_inst_0/code_out[101]' has no loads. (LINT-2)
Warning: In design 'hrs_encoder_68_64', net 'layer1_coded_0[102]' driven by pin 'rs98_inst_0/code_out[102]' has no loads. (LINT-2)
Warning: In design 'hrs_encoder_68_64', net 'layer1_coded_0[103]' driven by pin 'rs98_inst_0/code_out[103]' has no loads. (LINT-2)
Warning: In design 'hrs_encoder_68_64', net 'layer1_coded_0[104]' driven by pin 'rs98_inst_0/code_out[104]' has no loads. (LINT-2)
Warning: In design 'hrs_encoder_68_64', net 'layer1_coded_0[105]' driven by pin 'rs98_inst_0/code_out[105]' has no loads. (LINT-2)
Warning: In design 'hrs_encoder_68_64', net 'layer1_coded_0[106]' driven by pin 'rs98_inst_0/code_out[106]' has no loads. (LINT-2)
Warning: In design 'hrs_encoder_68_64', net 'layer1_coded_0[107]' driven by pin 'rs98_inst_0/code_out[107]' has no loads. (LINT-2)
Warning: In design 'hrs_encoder_68_64', net 'layer1_coded_0[108]' driven by pin 'rs98_inst_0/code_out[108]' has no loads. (LINT-2)
Warning: In design 'hrs_encoder_68_64', net 'layer1_coded_0[109]' driven by pin 'rs98_inst_0/code_out[109]' has no loads. (LINT-2)
Warning: In design 'hrs_encoder_68_64', net 'layer1_coded_0[110]' driven by pin 'rs98_inst_0/code_out[110]' has no loads. (LINT-2)
Warning: In design 'hrs_encoder_68_64', net 'layer1_coded_0[111]' driven by pin 'rs98_inst_0/code_out[111]' has no loads. (LINT-2)
Warning: In design 'hrs_encoder_68_64', net 'layer1_coded_0[112]' driven by pin 'rs98_inst_0/code_out[112]' has no loads. (LINT-2)
Warning: In design 'hrs_encoder_68_64', net 'layer1_coded_0[113]' driven by pin 'rs98_inst_0/code_out[113]' has no loads. (LINT-2)
Warning: In design 'hrs_encoder_68_64', net 'layer1_coded_0[114]' driven by pin 'rs98_inst_0/code_out[114]' has no loads. (LINT-2)
Warning: In design 'hrs_encoder_68_64', net 'layer1_coded_0[115]' driven by pin 'rs98_inst_0/code_out[115]' has no loads. (LINT-2)
Warning: In design 'hrs_encoder_68_64', net 'layer1_coded_0[116]' driven by pin 'rs98_inst_0/code_out[116]' has no loads. (LINT-2)
Warning: In design 'hrs_encoder_68_64', net 'layer1_coded_0[117]' driven by pin 'rs98_inst_0/code_out[117]' has no loads. (LINT-2)
Warning: In design 'hrs_encoder_68_64', net 'layer1_coded_0[118]' driven by pin 'rs98_inst_0/code_out[118]' has no loads. (LINT-2)
Warning: In design 'hrs_encoder_68_64', net 'layer1_coded_0[119]' driven by pin 'rs98_inst_0/code_out[119]' has no loads. (LINT-2)
Warning: In design 'hrs_encoder_68_64', net 'layer1_coded_0[120]' driven by pin 'rs98_inst_0/code_out[120]' has no loads. (LINT-2)
Warning: In design 'hrs_encoder_68_64', net 'layer1_coded_0[121]' driven by pin 'rs98_inst_0/code_out[121]' has no loads. (LINT-2)
Warning: In design 'hrs_encoder_68_64', net 'layer1_coded_0[122]' driven by pin 'rs98_inst_0/code_out[122]' has no loads. (LINT-2)
Warning: In design 'hrs_encoder_68_64', net 'layer1_coded_0[123]' driven by pin 'rs98_inst_0/code_out[123]' has no loads. (LINT-2)
Warning: In design 'hrs_encoder_68_64', net 'layer1_coded_0[124]' driven by pin 'rs98_inst_0/code_out[124]' has no loads. (LINT-2)
Warning: In design 'hrs_encoder_68_64', net 'layer1_coded_0[125]' driven by pin 'rs98_inst_0/code_out[125]' has no loads. (LINT-2)
Warning: In design 'hrs_encoder_68_64', net 'layer1_coded_0[126]' driven by pin 'rs98_inst_0/code_out[126]' has no loads. (LINT-2)
Warning: In design 'hrs_encoder_68_64', net 'layer1_coded_0[127]' driven by pin 'rs98_inst_0/code_out[127]' has no loads. (LINT-2)
Warning: In design 'hrs_encoder_68_64', net 'layer1_coded_0[128]' driven by pin 'rs98_inst_0/code_out[128]' has no loads. (LINT-2)
Warning: In design 'hrs_encoder_68_64', net 'layer1_coded_0[129]' driven by pin 'rs98_inst_0/code_out[129]' has no loads. (LINT-2)
Warning: In design 'hrs_encoder_68_64', net 'layer1_coded_0[130]' driven by pin 'rs98_inst_0/code_out[130]' has no loads. (LINT-2)
Warning: In design 'hrs_encoder_68_64', net 'layer1_coded_0[131]' driven by pin 'rs98_inst_0/code_out[131]' has no loads. (LINT-2)
Warning: In design 'hrs_encoder_68_64', net 'layer1_coded_0[132]' driven by pin 'rs98_inst_0/code_out[132]' has no loads. (LINT-2)
Warning: In design 'hrs_encoder_68_64', net 'layer1_coded_0[133]' driven by pin 'rs98_inst_0/code_out[133]' has no loads. (LINT-2)
Warning: In design 'hrs_encoder_68_64', net 'layer1_coded_0[134]' driven by pin 'rs98_inst_0/code_out[134]' has no loads. (LINT-2)
Warning: In design 'hrs_encoder_68_64', net 'layer1_coded_0[135]' driven by pin 'rs98_inst_0/code_out[135]' has no loads. (LINT-2)
Warning: In design 'hrs_encoder_68_64', net 'layer1_coded_0[136]' driven by pin 'rs98_inst_0/code_out[136]' has no loads. (LINT-2)
Warning: In design 'hrs_encoder_68_64', net 'layer1_coded_0[137]' driven by pin 'rs98_inst_0/code_out[137]' has no loads. (LINT-2)
Warning: In design 'hrs_encoder_68_64', net 'layer1_coded_0[138]' driven by pin 'rs98_inst_0/code_out[138]' has no loads. (LINT-2)
Warning: In design 'hrs_encoder_68_64', net 'layer1_coded_0[139]' driven by pin 'rs98_inst_0/code_out[139]' has no loads. (LINT-2)
Warning: In design 'hrs_encoder_68_64', net 'layer1_coded_0[140]' driven by pin 'rs98_inst_0/code_out[140]' has no loads. (LINT-2)
Warning: In design 'hrs_encoder_68_64', net 'layer1_coded_0[141]' driven by pin 'rs98_inst_0/code_out[141]' has no loads. (LINT-2)
Warning: In design 'hrs_encoder_68_64', net 'layer1_coded_0[142]' driven by pin 'rs98_inst_0/code_out[142]' has no loads. (LINT-2)
Warning: In design 'hrs_encoder_68_64', net 'layer1_coded_0[143]' driven by pin 'rs98_inst_0/code_out[143]' has no loads. (LINT-2)
1
