Loading db file '/home/net/local/SAED14nm_EDK_08_2024/SAED14nm_EDK_STD_RVT/liberty/nldm/base/saed14rvt_base_tt0p8v25c.db'
Information: Propagating switching activity (high effort zero delay simulation). (PWR-6)
Warning: Design has unannotated primary inputs. (PWR-414)
Warning: Design has unannotated sequential cell outputs. (PWR-415)
 
****************************************
Report : power
        -analysis_effort high
        -verbose
Design : hrs_encoder_68_64
Version: W-2024.09-SP5
Date   : Fri Aug  1 20:12:42 2025
****************************************


Library(s) Used:

    saed14rvt_base_tt0p8v25c (File: /home/net/local/SAED14nm_EDK_08_2024/SAED14nm_EDK_STD_RVT/liberty/nldm/base/saed14rvt_base_tt0p8v25c.db)


Operating Conditions: tt0p8v25c   Library: saed14rvt_base_tt0p8v25c
Wire Load Model Mode: top

Design        Wire Load Model            Library
------------------------------------------------
hrs_encoder_68_64      8000              saed14rvt_base_tt0p8v25c


Global Operating Voltage = 0.8  
Power-specific unit information :
    Voltage Units = 1V
    Capacitance Units = 1.000000pf
    Time Units = 1ns
    Dynamic Power Units = 1mW    (derived from V,C,T units)
    Leakage Power Units = 1pW


Attributes
----------
i - Including register clock pin internal power


  Cell Internal Power  =   1.5913 mW   (61%)
  Net Switching Power  = 999.3464 uW   (39%)
                         ---------
Total Dynamic Power    =   2.5907 mW  (100%)

Cell Leakage Power     =   2.7628 uW

                 Internal         Switching           Leakage            Total                         Cell
Power Group      Power            Power               Power              Power   (   %    )  Attrs  Count
---------------------------------------------------------------------------------------------------------
io_pad             0.0000            0.0000            0.0000            0.0000  (   0.00%)            0
memory             0.0000            0.0000            0.0000            0.0000  (   0.00%)            0
black_box          0.0000            0.0000            0.0000            0.0000  (   0.00%)            0
clock_network      1.4288            0.0000            0.0000            1.4288  (  55.09%)            0
                                                                                             i
register       1.8494e-02        7.4148e-02        1.5620e+05        9.2799e-02  (   3.58%)            500
sequential         0.0000            0.0000            0.0000            0.0000  (   0.00%)            0
combinational      0.1440            0.9252        2.5997e+06            1.0718  (  41.33%)            12660
---------------------------------------------------------------------------------------------------------
Total              1.5913 mW         0.9993 mW     2.7559e+06 pW         2.5934 mW
1
