 
****************************************
Report : area
Design : rs_encoder_90_64
Version: W-2024.09-SP5
Date   : Fri Aug  1 20:26:56 2025
****************************************

Library(s) Used:

    saed14rvt_base_tt0p8v25c (File: /home/net/local/SAED14nm_EDK_08_2024/SAED14nm_EDK_STD_RVT/liberty/nldm/base/saed14rvt_base_tt0p8v25c.db)

Number of ports:                         3862
Number of nets:                         12319
Number of cells:                         8416
Number of combinational cells:           8123
Number of sequential cells:               215
Number of macros/black boxes:               0
Number of buf/inv:                       2069
Number of references:                     135

Combinational area:               5180.369974
Buf/Inv area:                     1004.416794
Noncombinational area:             252.636006
Macro/Black Box area:                0.000000
Net Interconnect area:            3340.007342

Total cell area:                  5433.005980
Total area:                       8773.013322
1
