 
****************************************
Report : constraint
        -all_violators
Design : rs_encoder_90_64
Version: W-2024.09-SP5
Date   : Fri Aug  1 20:27:05 2025
****************************************


   max_delay/setup ('clk' group)

                             Required        Actual
   Endpoint                 Path Delay     Path Delay        Slack
   -----------------------------------------------------------------
   parity_symbols_reg[22][0]/D
                                0.56           0.80 r        -0.23  (VIOLATED)
   parity_symbols_reg[22][4]/D
                                0.56           0.79 r        -0.23  (VIOLATED)
   parity_symbols_reg[21][7]/D
                                0.56           0.79 r        -0.23  (VIOLATED)
   parity_symbols_reg[21][2]/D
                                0.55           0.79 r        -0.23  (VIOLATED)
   parity_symbols_reg[10][4]/D
                                0.55           0.79 r        -0.23  (VIOLATED)
   parity_symbols_reg[8][2]/D
                                0.55           0.79 r        -0.23  (VIOLATED)
   parity_symbols_reg[18][2]/D
                                0.56           0.80 r        -0.23  (VIOLATED)
   parity_symbols_reg[22][1]/D
                                0.56           0.79 r        -0.23  (VIOLATED)
   parity_symbols_reg[21][0]/D
                                0.56           0.79 r        -0.23  (VIOLATED)
   parity_symbols_reg[19][2]/D
                                0.56           0.79 r        -0.23  (VIOLATED)
   parity_symbols_reg[21][3]/D
                                0.56           0.79 r        -0.23  (VIOLATED)
   parity_symbols_reg[12][2]/D
                                0.56           0.79 r        -0.23  (VIOLATED)
   parity_symbols_reg[22][2]/D
                                0.56           0.79 r        -0.23  (VIOLATED)
   parity_symbols_reg[21][6]/D
                                0.56           0.79 r        -0.23  (VIOLATED)
   parity_symbols_reg[18][1]/D
                                0.56           0.80 r        -0.23  (VIOLATED)
   parity_symbols_reg[9][7]/D
                                0.56           0.79 r        -0.23  (VIOLATED)
   parity_symbols_reg[8][7]/D
                                0.56           0.80 r        -0.23  (VIOLATED)
   parity_symbols_reg[9][4]/D
                                0.56           0.80 r        -0.23  (VIOLATED)
   parity_symbols_reg[10][3]/D
                                0.56           0.79 r        -0.23  (VIOLATED)
   parity_symbols_reg[24][3]/D
                                0.56           0.80 r        -0.23  (VIOLATED)
   parity_symbols_reg[19][7]/D
                                0.56           0.79 r        -0.23  (VIOLATED)
   parity_symbols_reg[24][2]/D
                                0.56           0.80 r        -0.23  (VIOLATED)
   parity_symbols_reg[18][7]/D
                                0.56           0.80 r        -0.23  (VIOLATED)
   parity_symbols_reg[11][0]/D
                                0.56           0.79 r        -0.23  (VIOLATED)
   parity_symbols_reg[22][3]/D
                                0.56           0.79 r        -0.23  (VIOLATED)
   parity_symbols_reg[19][4]/D
                                0.55           0.78 r        -0.23  (VIOLATED)
   parity_symbols_reg[10][2]/D
                                0.56           0.79 r        -0.23  (VIOLATED)
   parity_symbols_reg[20][4]/D
                                0.55           0.78 r        -0.23  (VIOLATED)
   parity_symbols_reg[12][0]/D
                                0.56           0.79 r        -0.23  (VIOLATED)
   parity_symbols_reg[22][7]/D
                                0.55           0.78 r        -0.23  (VIOLATED)
   parity_symbols_reg[18][0]/D
                                0.56           0.79 r        -0.23  (VIOLATED)
   parity_symbols_reg[8][0]/D
                                0.56           0.78 r        -0.23  (VIOLATED)
   parity_symbols_reg[20][0]/D
                                0.56           0.78 r        -0.23  (VIOLATED)
   parity_symbols_reg[12][3]/D
                                0.56           0.79 r        -0.23  (VIOLATED)
   parity_symbols_reg[19][3]/D
                                0.56           0.78 r        -0.23  (VIOLATED)
   parity_symbols_reg[10][0]/D
                                0.56           0.79 r        -0.23  (VIOLATED)
   parity_symbols_reg[24][0]/D
                                0.56           0.79 r        -0.23  (VIOLATED)
   parity_symbols_reg[20][3]/D
                                0.55           0.78 r        -0.23  (VIOLATED)
   parity_symbols_reg[10][6]/D
                                0.55           0.78 r        -0.23  (VIOLATED)
   parity_symbols_reg[20][2]/D
                                0.56           0.79 r        -0.23  (VIOLATED)
   parity_symbols_reg[23][0]/D
                                0.56           0.78 r        -0.23  (VIOLATED)
   parity_symbols_reg[8][3]/D
                                0.55           0.78 r        -0.23  (VIOLATED)
   parity_symbols_reg[11][7]/D
                                0.56           0.78 r        -0.22  (VIOLATED)
   parity_symbols_reg[9][0]/D
                                0.56           0.78 r        -0.22  (VIOLATED)
   parity_symbols_reg[14][1]/D
                                0.56           0.78 r        -0.22  (VIOLATED)
   parity_symbols_reg[12][1]/D
                                0.56           0.78 r        -0.22  (VIOLATED)
   parity_symbols_reg[13][2]/D
                                0.56           0.78 r        -0.22  (VIOLATED)
   parity_symbols_reg[14][7]/D
                                0.56           0.78 r        -0.22  (VIOLATED)
   parity_symbols_reg[10][1]/D
                                0.56           0.79 r        -0.22  (VIOLATED)
   parity_symbols_reg[11][3]/D
                                0.56           0.78 r        -0.22  (VIOLATED)
   parity_symbols_reg[23][2]/D
                                0.56           0.78 r        -0.22  (VIOLATED)
   parity_symbols_reg[9][2]/D
                                0.56           0.78 r        -0.22  (VIOLATED)
   parity_symbols_reg[19][0]/D
                                0.56           0.78 r        -0.22  (VIOLATED)
   parity_symbols_reg[17][3]/D
                                0.55           0.77 r        -0.22  (VIOLATED)
   parity_symbols_reg[9][3]/D
                                0.55           0.77 r        -0.22  (VIOLATED)
   parity_symbols_reg[12][4]/D
                                0.55           0.77 r        -0.22  (VIOLATED)
   parity_symbols_reg[24][4]/D
                                0.56           0.78 r        -0.22  (VIOLATED)
   parity_symbols_reg[15][1]/D
                                0.56           0.78 r        -0.22  (VIOLATED)
   parity_symbols_reg[21][4]/D
                                0.56           0.78 r        -0.22  (VIOLATED)
   parity_symbols_reg[24][5]/D
                                0.55           0.77 r        -0.22  (VIOLATED)
   parity_symbols_reg[11][1]/D
                                0.56           0.78 r        -0.22  (VIOLATED)
   parity_symbols_reg[12][7]/D
                                0.56           0.78 r        -0.22  (VIOLATED)
   parity_symbols_reg[18][6]/D
                                0.56           0.78 r        -0.22  (VIOLATED)
   parity_symbols_reg[15][6]/D
                                0.55           0.77 r        -0.22  (VIOLATED)
   parity_symbols_reg[17][0]/D
                                0.56           0.78 r        -0.22  (VIOLATED)
   parity_symbols_reg[18][4]/D
                                0.55           0.77 r        -0.22  (VIOLATED)
   parity_symbols_reg[20][1]/D
                                0.56           0.78 r        -0.22  (VIOLATED)
   parity_symbols_reg[18][3]/D
                                0.56           0.78 r        -0.22  (VIOLATED)
   parity_symbols_reg[8][1]/D
                                0.55           0.77 r        -0.22  (VIOLATED)
   parity_symbols_reg[10][7]/D
                                0.55           0.77 r        -0.22  (VIOLATED)
   parity_symbols_reg[19][1]/D
                                0.56           0.78 r        -0.22  (VIOLATED)
   parity_symbols_reg[21][1]/D
                                0.56           0.78 r        -0.22  (VIOLATED)
   parity_symbols_reg[23][6]/D
                                0.56           0.77 r        -0.22  (VIOLATED)
   parity_symbols_reg[8][6]/D
                                0.56           0.78 r        -0.22  (VIOLATED)
   parity_symbols_reg[17][2]/D
                                0.56           0.77 r        -0.22  (VIOLATED)
   parity_symbols_reg[23][3]/D
                                0.56           0.78 r        -0.22  (VIOLATED)
   parity_symbols_reg[17][7]/D
                                0.56           0.78 r        -0.22  (VIOLATED)
   parity_symbols_reg[9][1]/D
                                0.56           0.77 r        -0.22  (VIOLATED)
   parity_symbols_reg[15][2]/D
                                0.56           0.77 r        -0.22  (VIOLATED)
   parity_symbols_reg[20][7]/D
                                0.56           0.77 r        -0.22  (VIOLATED)
   parity_symbols_reg[9][6]/D
                                0.56           0.78 r        -0.22  (VIOLATED)
   parity_symbols_reg[13][3]/D
                                0.56           0.78 r        -0.22  (VIOLATED)
   parity_symbols_reg[13][1]/D
                                0.56           0.77 r        -0.21  (VIOLATED)
   parity_symbols_reg[19][6]/D
                                0.56           0.77 r        -0.21  (VIOLATED)
   parity_symbols_reg[11][4]/D
                                0.56           0.77 r        -0.21  (VIOLATED)
   parity_symbols_reg[9][5]/D
                                0.55           0.77 r        -0.21  (VIOLATED)
   parity_symbols_reg[13][0]/D
                                0.56           0.78 r        -0.21  (VIOLATED)
   parity_symbols_reg[16][7]/D
                                0.55           0.77 r        -0.21  (VIOLATED)
   parity_symbols_reg[15][0]/D
                                0.56           0.77 r        -0.21  (VIOLATED)
   parity_symbols_reg[13][7]/D
                                0.56           0.77 r        -0.21  (VIOLATED)
   parity_symbols_reg[24][6]/D
                                0.56           0.77 r        -0.21  (VIOLATED)
   parity_symbols_reg[23][7]/D
                                0.55           0.76 r        -0.21  (VIOLATED)
   parity_symbols_reg[24][1]/D
                                0.56           0.77 r        -0.21  (VIOLATED)
   parity_symbols_reg[16][0]/D
                                0.56           0.77 r        -0.21  (VIOLATED)
   parity_symbols_reg[23][4]/D
                                0.55           0.76 r        -0.21  (VIOLATED)
   parity_symbols_reg[22][6]/D
                                0.56           0.77 r        -0.21  (VIOLATED)
   parity_symbols_reg[18][5]/D
                                0.55           0.76 r        -0.21  (VIOLATED)
   parity_symbols_reg[12][6]/D
                                0.56           0.77 r        -0.21  (VIOLATED)
   parity_symbols_reg[24][7]/D
                                0.56           0.76 r        -0.21  (VIOLATED)
   parity_symbols_reg[20][6]/D
                                0.56           0.77 r        -0.21  (VIOLATED)
   parity_symbols_reg[11][5]/D
                                0.55           0.76 r        -0.21  (VIOLATED)
   parity_symbols_reg[14][2]/D
                                0.56           0.76 r        -0.21  (VIOLATED)
   parity_symbols_reg[15][7]/D
                                0.56           0.77 r        -0.21  (VIOLATED)
   parity_symbols_reg[11][2]/D
                                0.56           0.77 r        -0.21  (VIOLATED)
   parity_symbols_reg[11][6]/D
                                0.56           0.76 r        -0.21  (VIOLATED)
   parity_symbols_reg[14][0]/D
                                0.56           0.76 r        -0.21  (VIOLATED)
   parity_symbols_reg[17][6]/D
                                0.55           0.76 r        -0.20  (VIOLATED)
   parity_symbols_reg[22][5]/D
                                0.56           0.76 r        -0.20  (VIOLATED)
   parity_symbols_reg[23][1]/D
                                0.56           0.76 r        -0.20  (VIOLATED)
   parity_symbols_reg[15][5]/D
                                0.55           0.76 r        -0.20  (VIOLATED)
   parity_symbols_reg[16][3]/D
                                0.56           0.76 r        -0.20  (VIOLATED)
   parity_symbols_reg[8][4]/D
                                0.55           0.75 r        -0.20  (VIOLATED)
   parity_symbols_reg[10][5]/D
                                0.55           0.75 r        -0.20  (VIOLATED)
   parity_symbols_reg[15][3]/D
                                0.57           0.77 f        -0.20  (VIOLATED)
   parity_symbols_reg[21][5]/D
                                0.55           0.75 r        -0.20  (VIOLATED)
   parity_symbols_reg[16][2]/D
                                0.56           0.75 r        -0.20  (VIOLATED)
   parity_symbols_reg[16][1]/D
                                0.55           0.75 r        -0.20  (VIOLATED)
   parity_symbols_reg[14][6]/D
                                0.55           0.75 r        -0.20  (VIOLATED)
   parity_symbols_reg[17][1]/D
                                0.56           0.76 r        -0.20  (VIOLATED)
   parity_symbols_reg[16][6]/D
                                0.56           0.75 r        -0.19  (VIOLATED)
   parity_symbols_reg[14][5]/D
                                0.55           0.75 r        -0.19  (VIOLATED)
   parity_symbols_reg[17][4]/D
                                0.56           0.75 r        -0.19  (VIOLATED)
   parity_symbols_reg[19][5]/D
                                0.56           0.75 r        -0.19  (VIOLATED)
   parity_symbols_reg[16][4]/D
                                0.56           0.75 r        -0.19  (VIOLATED)
   parity_symbols_reg[13][4]/D
                                0.56           0.75 r        -0.19  (VIOLATED)
   parity_symbols_reg[12][5]/D
                                0.55           0.74 r        -0.19  (VIOLATED)
   parity_symbols_reg[20][5]/D
                                0.56           0.75 r        -0.19  (VIOLATED)
   parity_symbols_reg[25][6]/D
                                0.55           0.74 r        -0.19  (VIOLATED)
   parity_symbols_reg[17][5]/D
                                0.55           0.74 r        -0.19  (VIOLATED)
   parity_symbols_reg[8][5]/D
                                0.55           0.74 r        -0.19  (VIOLATED)
   parity_symbols_reg[13][6]/D
                                0.56           0.75 r        -0.19  (VIOLATED)
   parity_symbols_reg[14][4]/D
                                0.55           0.74 r        -0.19  (VIOLATED)
   parity_symbols_reg[13][5]/D
                                0.56           0.74 r        -0.19  (VIOLATED)
   parity_symbols_reg[23][5]/D
                                0.55           0.74 r        -0.19  (VIOLATED)
   parity_symbols_reg[16][5]/D
                                0.56           0.74 r        -0.19  (VIOLATED)
   parity_symbols_reg[3][3]/D
                                0.55           0.73 r        -0.18  (VIOLATED)
   parity_symbols_reg[14][3]/D
                                0.55           0.74 r        -0.18  (VIOLATED)
   parity_symbols_reg[25][5]/D
                                0.55           0.73 r        -0.18  (VIOLATED)
   parity_symbols_reg[6][7]/D
                                0.55           0.73 r        -0.18  (VIOLATED)
   parity_symbols_reg[6][3]/D
                                0.55           0.73 r        -0.18  (VIOLATED)
   parity_symbols_reg[3][0]/D
                                0.56           0.73 r        -0.18  (VIOLATED)
   parity_symbols_reg[6][4]/D
                                0.55           0.73 r        -0.18  (VIOLATED)
   parity_symbols_reg[6][6]/D
                                0.55           0.73 r        -0.18  (VIOLATED)
   parity_symbols_reg[4][4]/D
                                0.55           0.72 r        -0.18  (VIOLATED)
   parity_symbols_reg[15][4]/D
                                0.55           0.73 r        -0.18  (VIOLATED)
   parity_symbols_reg[7][0]/D
                                0.55           0.73 r        -0.17  (VIOLATED)
   parity_symbols_reg[25][2]/D
                                0.55           0.73 r        -0.17  (VIOLATED)
   parity_symbols_reg[5][1]/D
                                0.55           0.72 r        -0.17  (VIOLATED)
   parity_symbols_reg[25][4]/D
                                0.55           0.72 r        -0.17  (VIOLATED)
   parity_symbols_reg[6][5]/D
                                0.55           0.72 r        -0.17  (VIOLATED)
   parity_symbols_reg[6][0]/D
                                0.55           0.72 r        -0.17  (VIOLATED)
   parity_symbols_reg[5][6]/D
                                0.56           0.72 r        -0.17  (VIOLATED)
   parity_symbols_reg[6][1]/D
                                0.55           0.72 r        -0.17  (VIOLATED)
   parity_symbols_reg[25][7]/D
                                0.56           0.72 r        -0.17  (VIOLATED)
   parity_symbols_reg[7][3]/D
                                0.56           0.72 r        -0.17  (VIOLATED)
   parity_symbols_reg[5][0]/D
                                0.55           0.72 r        -0.16  (VIOLATED)
   parity_symbols_reg[7][7]/D
                                0.55           0.72 r        -0.16  (VIOLATED)
   parity_symbols_reg[7][2]/D
                                0.55           0.71 r        -0.16  (VIOLATED)
   parity_symbols_reg[25][0]/D
                                0.55           0.71 r        -0.16  (VIOLATED)
   parity_symbols_reg[3][5]/D
                                0.55           0.71 r        -0.16  (VIOLATED)
   parity_symbols_reg[6][2]/D
                                0.55           0.71 r        -0.16  (VIOLATED)
   parity_symbols_reg[3][6]/D
                                0.55           0.71 r        -0.16  (VIOLATED)
   parity_symbols_reg[3][7]/D
                                0.55           0.71 r        -0.16  (VIOLATED)
   parity_symbols_reg[7][6]/D
                                0.55           0.71 r        -0.16  (VIOLATED)
   parity_symbols_reg[25][1]/D
                                0.55           0.70 r        -0.16  (VIOLATED)
   parity_symbols_reg[7][5]/D
                                0.55           0.71 r        -0.16  (VIOLATED)
   parity_symbols_reg[7][1]/D
                                0.55           0.71 r        -0.15  (VIOLATED)
   parity_symbols_reg[4][0]/D
                                0.55           0.70 r        -0.15  (VIOLATED)
   parity_symbols_reg[5][4]/D
                                0.55           0.70 r        -0.15  (VIOLATED)
   parity_symbols_reg[3][2]/D
                                0.55           0.70 r        -0.15  (VIOLATED)
   parity_symbols_reg[4][7]/D
                                0.55           0.70 r        -0.15  (VIOLATED)
   parity_symbols_reg[4][6]/D
                                0.55           0.70 r        -0.15  (VIOLATED)
   parity_symbols_reg[5][7]/D
                                0.55           0.70 r        -0.15  (VIOLATED)
   parity_symbols_reg[3][4]/D
                                0.55           0.69 r        -0.15  (VIOLATED)
   parity_symbols_reg[4][3]/D
                                0.55           0.69 r        -0.14  (VIOLATED)
   parity_symbols_reg[4][2]/D
                                0.55           0.69 r        -0.14  (VIOLATED)
   parity_symbols_reg[2][6]/D
                                0.55           0.69 r        -0.14  (VIOLATED)
   parity_symbols_reg[7][4]/D
                                0.55           0.69 r        -0.14  (VIOLATED)
   parity_symbols_reg[5][3]/D
                                0.55           0.69 r        -0.14  (VIOLATED)
   parity_symbols_reg[5][2]/D
                                0.55           0.69 r        -0.14  (VIOLATED)
   parity_symbols_reg[4][1]/D
                                0.55           0.68 r        -0.14  (VIOLATED)
   parity_symbols_reg[4][5]/D
                                0.55           0.69 r        -0.13  (VIOLATED)
   parity_symbols_reg[5][5]/D
                                0.55           0.69 r        -0.13  (VIOLATED)
   parity_symbols_reg[2][4]/D
                                0.55           0.67 r        -0.13  (VIOLATED)
   parity_symbols_reg[2][2]/D
                                0.55           0.67 r        -0.12  (VIOLATED)
   parity_symbols_reg[2][7]/D
                                0.55           0.67 r        -0.12  (VIOLATED)
   parity_symbols_reg[2][0]/D
                                0.55           0.65 r        -0.11  (VIOLATED)
   parity_symbols_reg[1][6]/D
                                0.55           0.65 r        -0.10  (VIOLATED)
   parity_symbols_reg[3][1]/D
                                0.55           0.65 r        -0.10  (VIOLATED)
   parity_symbols_reg[2][5]/D
                                0.55           0.64 r        -0.09  (VIOLATED)
   parity_symbols_reg[1][0]/D
                                0.55           0.64 r        -0.09  (VIOLATED)
   parity_symbols_reg[1][4]/D
                                0.55           0.63 r        -0.09  (VIOLATED)
   parity_symbols_reg[2][3]/D
                                0.55           0.63 r        -0.09  (VIOLATED)
   parity_symbols_reg[1][7]/D
                                0.55           0.63 r        -0.08  (VIOLATED)
   parity_symbols_reg[2][1]/D
                                0.55           0.62 r        -0.08  (VIOLATED)
   parity_symbols_reg[1][1]/D
                                0.55           0.62 r        -0.07  (VIOLATED)
   parity_symbols_reg[0][0]/D
                                0.54           0.61 r        -0.07  (VIOLATED)
   parity_symbols_reg[1][5]/D
                                0.55           0.61 r        -0.06  (VIOLATED)
   parity_symbols_reg[1][3]/D
                                0.55           0.61 r        -0.06  (VIOLATED)
   parity_symbols_reg[1][2]/D
                                0.55           0.60 r        -0.05  (VIOLATED)
   parity_symbols_reg[0][7]/D
                                0.55           0.60 r        -0.05  (VIOLATED)
   parity_symbols_reg[0][2]/D
                                0.54           0.58 r        -0.04  (VIOLATED)
   parity_symbols_reg[0][6]/D
                                0.54           0.58 r        -0.04  (VIOLATED)
   parity_symbols_reg[0][3]/D
                                0.54           0.57 r        -0.02  (VIOLATED)
   parity_symbols_reg[0][4]/D
                                0.56           0.58 f        -0.02  (VIOLATED)
   parity_symbols_reg[25][3]/D
                                0.55           0.56 r        -0.02  (VIOLATED)
   parity_symbols_reg[0][1]/D
                                0.54           0.56 r        -0.02  (VIOLATED)
   parity_symbols_reg[0][5]/D
                                0.54           0.55 r        -0.01  (VIOLATED)


   max_area

                             Required        Actual
   Design                      Area           Area           Slack
   -----------------------------------------------------------------
   rs_encoder_90_64             0.00        8773.01       -8773.01  (VIOLATED)


1
