Loading db file '/home/net/local/SAED14nm_EDK_08_2024/SAED14nm_EDK_STD_RVT/liberty/nldm/base/saed14rvt_base_tt0p8v25c.db'
Information: Propagating switching activity (high effort zero delay simulation). (PWR-6)
Warning: Design has unannotated primary inputs. (PWR-414)
Warning: Design has unannotated sequential cell outputs. (PWR-415)
 
****************************************
Report : power
        -analysis_effort high
        -verbose
Design : rs_encoder_90_64
Version: W-2024.09-SP5
Date   : Fri Aug  1 20:27:04 2025
****************************************


Library(s) Used:

    saed14rvt_base_tt0p8v25c (File: /home/net/local/SAED14nm_EDK_08_2024/SAED14nm_EDK_STD_RVT/liberty/nldm/base/saed14rvt_base_tt0p8v25c.db)


Operating Conditions: tt0p8v25c   Library: saed14rvt_base_tt0p8v25c
Wire Load Model Mode: top

Design        Wire Load Model            Library
------------------------------------------------
rs_encoder_90_64       8000              saed14rvt_base_tt0p8v25c


Global Operating Voltage = 0.8  
Power-specific unit information :
    Voltage Units = 1V
    Capacitance Units = 1.000000pf
    Time Units = 1ns
    Dynamic Power Units = 1mW    (derived from V,C,T units)
    Leakage Power Units = 1pW


Attributes
----------
i - Including register clock pin internal power


  Cell Internal Power  =   3.8322 mW   (29%)
  Net Switching Power  =   9.3742 mW   (71%)
                         ---------
Total Dynamic Power    =  13.2064 mW  (100%)

Cell Leakage Power     =   3.7578 uW

                 Internal         Switching           Leakage            Total                         Cell
Power Group      Power            Power               Power              Power   (   %    )  Attrs  Count
---------------------------------------------------------------------------------------------------------
io_pad             0.0000            0.0000            0.0000            0.0000  (   0.00%)            0
memory             0.0000            0.0000            0.0000            0.0000  (   0.00%)            0
black_box          0.0000            0.0000            0.0000            0.0000  (   0.00%)            0
clock_network      0.6783            0.0000            0.0000            0.6783  (   5.13%)            0
                                                                                             i
register       9.6628e-02            0.2921        8.5580e+04            0.3888  (   2.94%)            215
sequential         0.0000            0.0000            0.0000            0.0000  (   0.00%)            0
combinational      3.0572            9.0821        3.6704e+06           12.1430  (  91.92%)            8069
---------------------------------------------------------------------------------------------------------
Total              3.8322 mW         9.3742 mW     3.7560e+06 pW        13.2102 mW
1
