Information: Propagating switching activity (low effort zero delay simulation). (PWR-6)
Warning: Design has unannotated primary inputs. (PWR-414)
Warning: Design has unannotated sequential cell outputs. (PWR-415)
 
****************************************
Report : power
        -hier
        -analysis_effort low
Design : rs_encoder_90_64
Version: W-2024.09-SP5
Date   : Fri Aug  1 20:27:05 2025
****************************************


Library(s) Used:

    saed14rvt_base_tt0p8v25c (File: /home/net/local/SAED14nm_EDK_08_2024/SAED14nm_EDK_STD_RVT/liberty/nldm/base/saed14rvt_base_tt0p8v25c.db)


Operating Conditions: tt0p8v25c   Library: saed14rvt_base_tt0p8v25c
Wire Load Model Mode: top

Design        Wire Load Model            Library
------------------------------------------------
rs_encoder_90_64       8000              saed14rvt_base_tt0p8v25c


Global Operating Voltage = 0.8  
Power-specific unit information :
    Voltage Units = 1V
    Capacitance Units = 1.000000pf
    Time Units = 1ns
    Dynamic Power Units = 1mW    (derived from V,C,T units)
    Leakage Power Units = 1pW


--------------------------------------------------------------------------------
                                       Switch   Int      Leak     Total
Hierarchy                              Power    Power    Power    Power    %
--------------------------------------------------------------------------------
rs_encoder_90_64                         10.556    4.603 3.76e+06   15.163 100.0
  mult25 (gf256_mult_1)                   0.148 4.70e-02 5.98e+04    0.195   1.3
    mult_347 (gf256_mult_1_DW02_mult_0_DW02_mult_24)
                                          0.125 2.98e-02 4.85e+04    0.155   1.0
  mult24 (gf256_mult_2)                   0.483    0.191 1.47e+05    0.674   4.4
    mult_347 (gf256_mult_2_DW02_mult_0_DW02_mult_23)
                                          0.410    0.139 1.22e+05    0.548   3.6
  mult23 (gf256_mult_3)                   0.465    0.180 1.28e+05    0.646   4.3
    mult_347 (gf256_mult_3_DW02_mult_0_DW02_mult_22)
                                          0.381    0.122 1.02e+05    0.503   3.3
  mult22 (gf256_mult_4)                   0.535    0.209 1.53e+05    0.744   4.9
    mult_347 (gf256_mult_4_DW02_mult_0_DW02_mult_21)
                                          0.439    0.152 1.24e+05    0.591   3.9
  mult21 (gf256_mult_5)                   0.492    0.204 1.57e+05    0.696   4.6
    mult_347 (gf256_mult_5_DW02_mult_0_DW02_mult_20)
                                          0.407    0.155 1.29e+05    0.563   3.7
  mult20 (gf256_mult_6)                   0.448    0.179 1.25e+05    0.627   4.1
    mult_347 (gf256_mult_6_DW02_mult_0_DW02_mult_19)
                                          0.374    0.126 1.03e+05    0.500   3.3
  mult19 (gf256_mult_7)                   0.416    0.163 1.17e+05    0.579   3.8
    mult_347 (gf256_mult_7_DW02_mult_0_DW02_mult_18)
                                          0.366    0.123 1.01e+05    0.489   3.2
  mult18 (gf256_mult_8)                   0.393    0.145 1.17e+05    0.537   3.5
    mult_347 (gf256_mult_8_DW02_mult_0_DW02_mult_17)
                                          0.338    0.107 1.01e+05    0.445   2.9
  mult17 (gf256_mult_9)                   0.435    0.150 1.22e+05    0.586   3.9
    mult_347 (gf256_mult_9_DW02_mult_0_DW02_mult_16)
                                          0.354    0.107 9.87e+04    0.461   3.0
  mult16 (gf256_mult_10)                  0.380    0.131 1.04e+05    0.511   3.4
    mult_347 (gf256_mult_10_DW02_mult_0_DW02_mult_15)
                                          0.333 9.61e-02 9.02e+04    0.430   2.8
  mult15 (gf256_mult_11)                  0.333    0.126 1.10e+05    0.460   3.0
    mult_347 (gf256_mult_11_DW02_mult_0_DW02_mult_14)
                                          0.278 8.86e-02 8.93e+04    0.367   2.4
  mult14 (gf256_mult_12)                  0.282    0.108 9.76e+04    0.390   2.6
    mult_347 (gf256_mult_12_DW02_mult_0_DW02_mult_13)
                                          0.223 7.02e-02 7.53e+04    0.293   1.9
  mult13 (gf256_mult_13)                  0.413    0.166 1.34e+05    0.579   3.8
    mult_347 (gf256_mult_13_DW02_mult_0_DW02_mult_12)
                                          0.340    0.113 1.09e+05    0.453   3.0
  mult12 (gf256_mult_14)                  0.615    0.232 1.71e+05    0.847   5.6
    mult_347 (gf256_mult_14_DW02_mult_0_DW02_mult_11)
                                          0.528    0.178 1.45e+05    0.706   4.7
  mult11 (gf256_mult_15)                  0.446    0.172 1.27e+05    0.619   4.1
    mult_347 (gf256_mult_15_DW02_mult_0_DW02_mult_10)
                                          0.360    0.124 1.01e+05    0.484   3.2
  mult10 (gf256_mult_16)                  0.479    0.188 1.51e+05    0.667   4.4
    mult_347 (gf256_mult_16_DW02_mult_0_DW02_mult_9)
                                          0.401    0.137 1.23e+05    0.538   3.6
  mult9 (gf256_mult_17)                   0.389    0.155 1.33e+05    0.544   3.6
    mult_347 (gf256_mult_17_DW02_mult_0_DW02_mult_8)
                                          0.332    0.114 1.10e+05    0.446   2.9
  mult8 (gf256_mult_18)                   0.371    0.140 1.14e+05    0.512   3.4
    mult_347 (gf256_mult_18_DW02_mult_0_DW02_mult_7)
                                          0.327    0.108 9.87e+04    0.435   2.9
  mult7 (gf256_mult_19)                   0.182 5.38e-02 6.40e+04    0.236   1.6
    mult_347 (gf256_mult_19_DW02_mult_0_DW02_mult_6)
                                          0.145 3.02e-02 5.02e+04    0.175   1.2
  mult6 (gf256_mult_20)                   0.175 5.62e-02 6.69e+04    0.231   1.5
    mult_347 (gf256_mult_20_DW02_mult_0_DW02_mult_5)
                                          0.144 3.44e-02 5.28e+04    0.178   1.2
  mult5 (gf256_mult_21)                   0.162 4.87e-02 6.14e+04    0.211   1.4
    mult_347 (gf256_mult_21_DW02_mult_0_DW02_mult_4)
                                          0.141 2.96e-02 5.00e+04    0.170   1.1
  mult4 (gf256_mult_22)                   0.151 3.85e-02 5.45e+04    0.189   1.2
    mult_347 (gf256_mult_22_DW02_mult_0_DW02_mult_3)
                                          0.125 2.40e-02 4.42e+04    0.149   1.0
  mult3 (gf256_mult_23)                   0.137 3.08e-02 4.98e+04    0.168   1.1
    mult_347 (gf256_mult_23_DW02_mult_0_DW02_mult_2)
                                          0.117 1.88e-02 4.08e+04    0.135   0.9
  mult2 (gf256_mult_24)                   0.120 2.14e-02 4.33e+04    0.142   0.9
    mult_347 (gf256_mult_24_DW02_mult_0_DW02_mult_1)
                                          0.103 1.07e-02 3.53e+04    0.114   0.8
  mult1 (gf256_mult_25)                   0.105 1.76e-02 4.34e+04    0.123   0.8
    mult_347 (gf256_mult_25_DW02_mult_0)
                                       9.12e-02 7.54e-03 3.46e+04 9.88e-02   0.7
  mult0 (gf256_mult_0)                 9.16e-02 1.16e-02 4.15e+04    0.103   0.7
    mult_347 (gf256_mult_0_DW02_mult_0_DW02_mult_25)
                                       8.11e-02 3.85e-03 3.26e+04 8.50e-02   0.6
1
