 
****************************************
Report : area
Design : xed_encoder_9
Version: W-2024.09-SP5
Date   : Fri Aug  1 20:57:32 2025
****************************************

Library(s) Used:

    saed14rvt_base_tt0p8v25c (File: /home/net/local/SAED14nm_EDK_08_2024/SAED14nm_EDK_STD_RVT/liberty/nldm/base/saed14rvt_base_tt0p8v25c.db)

Number of ports:                         2452
Number of nets:                          6811
Number of cells:                         4563
Number of combinational cells:           4553
Number of sequential cells:                 1
Number of macros/black boxes:               0
Number of buf/inv:                       1492
Number of references:                      28

Combinational area:               4188.651582
Buf/Inv area:                      853.678797
Noncombinational area:               1.065600
Macro/Black Box area:                0.000000
Net Interconnect area:            1764.707700

Total cell area:                  4189.717182
Total area:                       5954.424882

The above information was reported from the logical library. The following are from the physical library:

Hierarchical area distribution
------------------------------

                                  Global cell area          Local cell area
                                  ------------------  ---------------------------- 
Hierarchical cell                 Absolute   Percent  Combi-     Noncombi-  Black-
                                  Total      Total    national   national   boxes   Design
--------------------------------  ---------  -------  ---------  ---------  ------  --------------
xed_encoder_9                     4189.7172    100.0   424.6416     1.0656  0.0000  xed_encoder_9
crc0                               394.5384      9.4   394.5384     0.0000  0.0000  crc_atm_8bit_0
crc1                               413.1420      9.9   413.1420     0.0000  0.0000  crc_atm_8bit_8
crc2                               399.0672      9.5   399.0672     0.0000  0.0000  crc_atm_8bit_7
crc3                               404.7060      9.7   404.7060     0.0000  0.0000  crc_atm_8bit_6
crc4                               395.6040      9.4   395.6040     0.0000  0.0000  crc_atm_8bit_5
crc5                               377.8440      9.0   377.8440     0.0000  0.0000  crc_atm_8bit_4
crc6                               428.8152     10.2   428.8152     0.0000  0.0000  crc_atm_8bit_3
crc7                               409.1460      9.8   409.1460     0.0000  0.0000  crc_atm_8bit_2
crc_xor                            541.1472     12.9   541.1472     0.0000  0.0000  crc_atm_8bit_1
--------------------------------  ---------  -------  ---------  ---------  ------  --------------
Total                                                 4188.6516     1.0656  0.0000


Area of detected synthetic parts
--------------------------------
  No DW parts to report!

Total synthetic cell area:              0.0000  0.0%  

1
