 
****************************************
Report : area
Design : xed_encoder_9
Version: W-2024.09-SP5
Date   : Fri Aug  1 20:57:32 2025
****************************************

Library(s) Used:

    saed14rvt_base_tt0p8v25c (File: /home/net/local/SAED14nm_EDK_08_2024/SAED14nm_EDK_STD_RVT/liberty/nldm/base/saed14rvt_base_tt0p8v25c.db)

Number of ports:                         2452
Number of nets:                          6811
Number of cells:                         4563
Number of combinational cells:           4553
Number of sequential cells:                 1
Number of macros/black boxes:               0
Number of buf/inv:                       1492
Number of references:                      28

Combinational area:               4188.651582
Buf/Inv area:                      853.678797
Noncombinational area:               1.065600
Macro/Black Box area:                0.000000
Net Interconnect area:            1764.707700

Total cell area:                  4189.717182
Total area:                       5954.424882
1
