Loading db file '/home/net/local/SAED14nm_EDK_08_2024/SAED14nm_EDK_STD_RVT/liberty/nldm/base/saed14rvt_base_tt0p8v25c.db'
Information: Propagating switching activity (high effort zero delay simulation). (PWR-6)
Warning: Design has unannotated primary inputs. (PWR-414)
Warning: Design has unannotated sequential cell outputs. (PWR-415)
 
****************************************
Report : power
        -analysis_effort high
        -verbose
Design : xed_encoder_9
Version: W-2024.09-SP5
Date   : Fri Aug  1 20:57:40 2025
****************************************


Library(s) Used:

    saed14rvt_base_tt0p8v25c (File: /home/net/local/SAED14nm_EDK_08_2024/SAED14nm_EDK_STD_RVT/liberty/nldm/base/saed14rvt_base_tt0p8v25c.db)


Operating Conditions: tt0p8v25c   Library: saed14rvt_base_tt0p8v25c
Wire Load Model Mode: top

Design        Wire Load Model            Library
------------------------------------------------
xed_encoder_9          8000              saed14rvt_base_tt0p8v25c


Global Operating Voltage = 0.8  
Power-specific unit information :
    Voltage Units = 1V
    Capacitance Units = 1.000000pf
    Time Units = 1ns
    Dynamic Power Units = 1mW    (derived from V,C,T units)
    Leakage Power Units = 1pW


Attributes
----------
i - Including register clock pin internal power


  Cell Internal Power  =   8.9175 mW   (28%)
  Net Switching Power  =  23.1624 mW   (72%)
                         ---------
Total Dynamic Power    =  32.0799 mW  (100%)

Cell Leakage Power     =   3.2829 uW

                 Internal         Switching           Leakage            Total                         Cell
Power Group      Power            Power               Power              Power   (   %    )  Attrs  Count
---------------------------------------------------------------------------------------------------------
io_pad             0.0000            0.0000            0.0000            0.0000  (   0.00%)            0
memory             0.0000            0.0000            0.0000            0.0000  (   0.00%)            0
black_box          0.0000            0.0000            0.0000            0.0000  (   0.00%)            0
clock_network  3.3848e-03            0.0000            0.0000        3.3848e-03  (   0.01%)            0
                                                                                             i
register       1.7214e-04        3.4892e-04          323.5125        5.2139e-04  (   0.00%)            1
sequential         0.0000            0.0000            0.0000            0.0000  (   0.00%)            0
combinational      8.9140           23.1620        3.2826e+06           32.0792  (  99.99%)            4553
---------------------------------------------------------------------------------------------------------
Total              8.9175 mW        23.1623 mW     3.2829e+06 pW        32.0831 mW
1
