 
****************************************
Report : area
Design : sec_encoder_136_128
Version: W-2024.09-SP5
Date   : Fri Aug  1 20:30:03 2025
****************************************

Library(s) Used:

    saed14rvt_base_tt0p8v25c (File: /home/net/local/SAED14nm_EDK_08_2024/SAED14nm_EDK_STD_RVT/liberty/nldm/base/saed14rvt_base_tt0p8v25c.db)

Number of ports:                          264
Number of nets:                           227
Number of cells:                           99
Number of combinational cells:             99
Number of sequential cells:                 0
Number of macros/black boxes:               0
Number of buf/inv:                          3
Number of references:                       7

Combinational area:                 86.047198
Buf/Inv area:                        0.532800
Noncombinational area:               0.000000
Macro/Black Box area:                0.000000
Net Interconnect area:              68.793856

Total cell area:                    86.047198
Total area:                        154.841054
1
