 
****************************************
Report : qor
Design : sec_encoder_136_128
Version: W-2024.09-SP5
Date   : Fri Aug  1 20:30:04 2025
****************************************


  Timing Path Group (none)
  -----------------------------------
  Levels of Logic:               8.00
  Critical Path Length:          0.56
  Critical Path Slack:         uninit
  Critical Path Clk Period:       n/a
  Total Negative Slack:          0.00
  No. of Violating Paths:        0.00
  Worst Hold Violation:          0.00
  Total Hold Violation:          0.00
  No. of Hold Violations:        0.00
  -----------------------------------


  Cell Count
  -----------------------------------
  Hierarchical Cell Count:          0
  Hierarchical Port Count:          0
  Leaf Cell Count:                 99
  Buf/Inv Cell Count:               3
  Buf Cell Count:                   0
  Inv Cell Count:                   3
  CT Buf/Inv Cell Count:            0
  Combinational Cell Count:        99
  Sequential Cell Count:            0
  Macro Count:                      0
  -----------------------------------


  Area
  -----------------------------------
  Combinational Area:       86.047198
  Noncombinational Area:     0.000000
  Buf/Inv Area:              0.532800
  Total Buffer Area:             0.00
  Total Inverter Area:           0.53
  Macro/Black Box Area:      0.000000
  Net Area:                 68.793856
  -----------------------------------
  Cell Area:                86.047198
  Design Area:             154.841054


  Design Rules
  -----------------------------------
  Total Number of Nets:           227
  Nets With Violations:             0
  Max Trans Violations:             0
  Max Cap Violations:               0
  -----------------------------------


  Hostname: net1580

  Compile CPU Statistics
  -----------------------------------------
  Resource Sharing:                    0.00
  Logic Optimization:                  5.40
  Mapping Optimization:                0.40
  -----------------------------------------
  Overall Compile Time:               26.21
  Overall Compile Wall Clock Time:    27.43

  --------------------------------------------------------------------

  Design  WNS: 0.00  TNS: 0.00  Number of Violating Paths: 0


  Design (Hold)  WNS: 0.00  TNS: 0.00  Number of Violating Paths: 0

  --------------------------------------------------------------------


1
