 
****************************************
Report : reference
Design : sec_encoder_136_128
Version: W-2024.09-SP5
Date   : Fri Aug  1 20:30:04 2025
****************************************

Attributes:
    b - black box (unknown)
   bo - allows boundary optimization
    d - dont_touch
   mo - map_only
    h - hierarchical
    n - noncombinational
    r - removable
    s - synthetic operator
    u - contains unmapped logic

Reference          Library       Unit Area   Count    Total Area   Attributes
-----------------------------------------------------------------------------
SAEDRVT14_EN2_1    saed14rvt_base_tt0p8v25c
                                  0.532800       6      3.196800  
SAEDRVT14_EN3_1    saed14rvt_base_tt0p8v25c
                                  0.843600      27     22.777199  
SAEDRVT14_EN4_M_1  saed14rvt_base_tt0p8v25c
                                  1.243200       2      2.486400  
SAEDRVT14_EO2_0P5  saed14rvt_base_tt0p8v25c
                                  0.488400      24     11.721600  
SAEDRVT14_EO3_0P5  saed14rvt_base_tt0p8v25c
                                  1.021200       3      3.063600  
SAEDRVT14_EO4_1    saed14rvt_base_tt0p8v25c
                                  1.243200      34     42.268798  
SAEDRVT14_INV_0P5  saed14rvt_base_tt0p8v25c
                                  0.177600       3      0.532800  
-----------------------------------------------------------------------------
Total 7 references                                     86.047198
1
