Information: Updating design information... (UID-85)
 
****************************************
Report : timing
        -path full
        -delay max
        -max_paths 10
Design : sec_encoder_136_128
Version: W-2024.09-SP5
Date   : Fri Aug  1 20:30:03 2025
****************************************

Operating Conditions: tt0p8v25c   Library: saed14rvt_base_tt0p8v25c
Wire Load Model Mode: top

  Startpoint: data_in[110]
              (input port)
  Endpoint: code_out[16]
            (output port)
  Path Group: (none)
  Path Type: max

  Des/Clust/Port     Wire Load Model       Library
  ------------------------------------------------
  sec_encoder_136_128
                     8000                  saed14rvt_base_tt0p8v25c

  Point                                    Incr       Path
  -----------------------------------------------------------
  input external delay                     0.00       0.00 r
  data_in[110] (in)                        0.00       0.00 r
  U193/X (SAEDRVT14_EN3_1)                 0.06       0.06 f
  U192/X (SAEDRVT14_EO2_0P5)               0.08       0.14 r
  U191/X (SAEDRVT14_EN3_1)                 0.08       0.22 f
  U188/X (SAEDRVT14_EN3_1)                 0.07       0.29 f
  U186/X (SAEDRVT14_EO2_0P5)               0.08       0.37 r
  U167/X (SAEDRVT14_EO4_1)                 0.07       0.44 r
  U164/X (SAEDRVT14_EO4_1)                 0.05       0.50 f
  U163/X (SAEDRVT14_EO4_1)                 0.06       0.56 r
  code_out[16] (out)                       0.00       0.56 r
  data arrival time                                   0.56
  -----------------------------------------------------------
  (Path is unconstrained)


  Startpoint: data_in[90]
              (input port)
  Endpoint: code_out[2]
            (output port)
  Path Group: (none)
  Path Type: max

  Des/Clust/Port     Wire Load Model       Library
  ------------------------------------------------
  sec_encoder_136_128
                     8000                  saed14rvt_base_tt0p8v25c

  Point                                    Incr       Path
  -----------------------------------------------------------
  input external delay                     0.00       0.00 f
  data_in[90] (in)                         0.00       0.00 f
  U174/X (SAEDRVT14_EN4_M_1)               0.05       0.05 f
  U173/X (SAEDRVT14_INV_0P5)               0.06       0.11 r
  U172/X (SAEDRVT14_EO2_0P5)               0.09       0.21 r
  U169/X (SAEDRVT14_EN3_1)                 0.07       0.28 f
  U168/X (SAEDRVT14_EO2_0P5)               0.08       0.36 r
  U130/X (SAEDRVT14_EO4_1)                 0.07       0.43 r
  U129/X (SAEDRVT14_EN3_1)                 0.05       0.48 f
  U125/X (SAEDRVT14_EO4_1)                 0.06       0.54 r
  code_out[2] (out)                        0.00       0.54 r
  data arrival time                                   0.54
  -----------------------------------------------------------
  (Path is unconstrained)


  Startpoint: data_in[110]
              (input port)
  Endpoint: code_out[8]
            (output port)
  Path Group: (none)
  Path Type: max

  Des/Clust/Port     Wire Load Model       Library
  ------------------------------------------------
  sec_encoder_136_128
                     8000                  saed14rvt_base_tt0p8v25c

  Point                                    Incr       Path
  -----------------------------------------------------------
  input external delay                     0.00       0.00 r
  data_in[110] (in)                        0.00       0.00 r
  U193/X (SAEDRVT14_EN3_1)                 0.06       0.06 f
  U192/X (SAEDRVT14_EO2_0P5)               0.08       0.14 r
  U191/X (SAEDRVT14_EN3_1)                 0.08       0.22 f
  U188/X (SAEDRVT14_EN3_1)                 0.07       0.29 r
  U103/X (SAEDRVT14_EO4_1)                 0.06       0.35 f
  U102/X (SAEDRVT14_EO4_1)                 0.06       0.40 r
  U101/X (SAEDRVT14_EO4_1)                 0.05       0.46 f
  U100/X (SAEDRVT14_INV_0P5)               0.04       0.50 r
  code_out[8] (out)                        0.00       0.50 r
  data arrival time                                   0.50
  -----------------------------------------------------------
  (Path is unconstrained)


  Startpoint: data_in[108]
              (input port)
  Endpoint: code_out[4]
            (output port)
  Path Group: (none)
  Path Type: max

  Des/Clust/Port     Wire Load Model       Library
  ------------------------------------------------
  sec_encoder_136_128
                     8000                  saed14rvt_base_tt0p8v25c

  Point                                    Incr       Path
  -----------------------------------------------------------
  input external delay                     0.00       0.00 r
  data_in[108] (in)                        0.00       0.00 r
  U196/X (SAEDRVT14_EN3_1)                 0.06       0.06 f
  U195/X (SAEDRVT14_EO4_1)                 0.07       0.13 r
  U194/X (SAEDRVT14_EN3_1)                 0.07       0.20 r
  U153/X (SAEDRVT14_EN3_1)                 0.07       0.27 f
  U121/X (SAEDRVT14_EN3_1)                 0.07       0.34 r
  U118/X (SAEDRVT14_EO4_1)                 0.05       0.39 r
  U112/X (SAEDRVT14_EN3_1)                 0.04       0.43 f
  U110/X (SAEDRVT14_EN3_1)                 0.06       0.49 r
  code_out[4] (out)                        0.00       0.49 r
  data arrival time                                   0.49
  -----------------------------------------------------------
  (Path is unconstrained)


  Startpoint: data_in[110]
              (input port)
  Endpoint: code_out[32]
            (output port)
  Path Group: (none)
  Path Type: max

  Des/Clust/Port     Wire Load Model       Library
  ------------------------------------------------
  sec_encoder_136_128
                     8000                  saed14rvt_base_tt0p8v25c

  Point                                    Incr       Path
  -----------------------------------------------------------
  input external delay                     0.00       0.00 r
  data_in[110] (in)                        0.00       0.00 r
  U193/X (SAEDRVT14_EN3_1)                 0.06       0.06 f
  U192/X (SAEDRVT14_EO2_0P5)               0.08       0.14 r
  U191/X (SAEDRVT14_EN3_1)                 0.08       0.22 f
  U188/X (SAEDRVT14_EN3_1)                 0.07       0.29 f
  U186/X (SAEDRVT14_EO2_0P5)               0.08       0.37 r
  U119/X (SAEDRVT14_EO4_1)                 0.07       0.44 f
  code_out[32] (out)                       0.00       0.44 f
  data arrival time                                   0.44
  -----------------------------------------------------------
  (Path is unconstrained)


  Startpoint: data_in[90]
              (input port)
  Endpoint: code_out[1]
            (output port)
  Path Group: (none)
  Path Type: max

  Des/Clust/Port     Wire Load Model       Library
  ------------------------------------------------
  sec_encoder_136_128
                     8000                  saed14rvt_base_tt0p8v25c

  Point                                    Incr       Path
  -----------------------------------------------------------
  input external delay                     0.00       0.00 f
  data_in[90] (in)                         0.00       0.00 f
  U174/X (SAEDRVT14_EN4_M_1)               0.05       0.05 f
  U173/X (SAEDRVT14_INV_0P5)               0.06       0.11 r
  U172/X (SAEDRVT14_EO2_0P5)               0.09       0.21 r
  U169/X (SAEDRVT14_EN3_1)                 0.07       0.28 r
  U148/X (SAEDRVT14_EO4_1)                 0.06       0.34 f
  U143/X (SAEDRVT14_EO4_1)                 0.06       0.40 r
  code_out[1] (out)                        0.00       0.40 r
  data arrival time                                   0.40
  -----------------------------------------------------------
  (Path is unconstrained)


  Startpoint: data_in[63]
              (input port)
  Endpoint: code_out[64]
            (output port)
  Path Group: (none)
  Path Type: max

  Des/Clust/Port     Wire Load Model       Library
  ------------------------------------------------
  sec_encoder_136_128
                     8000                  saed14rvt_base_tt0p8v25c

  Point                                    Incr       Path
  -----------------------------------------------------------
  input external delay                     0.00       0.00 f
  data_in[63] (in)                         0.00       0.00 f
  U150/X (SAEDRVT14_EO2_0P5)               0.07       0.07 r
  U149/X (SAEDRVT14_EN3_1)                 0.08       0.14 f
  U139/X (SAEDRVT14_EO4_1)                 0.07       0.22 r
  U114/X (SAEDRVT14_EN3_1)                 0.05       0.27 f
  U106/X (SAEDRVT14_EO4_1)                 0.06       0.33 r
  U105/X (SAEDRVT14_EO4_1)                 0.06       0.39 f
  code_out[64] (out)                       0.00       0.39 f
  data arrival time                                   0.39
  -----------------------------------------------------------
  (Path is unconstrained)


  Startpoint: data_in[127]
              (input port)
  Endpoint: code_out[135]
            (output port)
  Path Group: (none)
  Path Type: max

  Des/Clust/Port     Wire Load Model       Library
  ------------------------------------------------
  sec_encoder_136_128
                     8000                  saed14rvt_base_tt0p8v25c

  Point                                    Incr       Path
  -----------------------------------------------------------
  input external delay                     0.00       0.00 r
  data_in[127] (in)                        0.00       0.00 r
  code_out[135] (out)                      0.00       0.00 r
  data arrival time                                   0.00
  -----------------------------------------------------------
  (Path is unconstrained)


  Startpoint: data_in[126]
              (input port)
  Endpoint: code_out[134]
            (output port)
  Path Group: (none)
  Path Type: max

  Des/Clust/Port     Wire Load Model       Library
  ------------------------------------------------
  sec_encoder_136_128
                     8000                  saed14rvt_base_tt0p8v25c

  Point                                    Incr       Path
  -----------------------------------------------------------
  input external delay                     0.00       0.00 r
  data_in[126] (in)                        0.00       0.00 r
  code_out[134] (out)                      0.00       0.00 r
  data arrival time                                   0.00
  -----------------------------------------------------------
  (Path is unconstrained)


  Startpoint: data_in[127]
              (input port)
  Endpoint: code_out[128]
            (output port)
  Path Group: (none)
  Path Type: max

  Des/Clust/Port     Wire Load Model       Library
  ------------------------------------------------
  sec_encoder_136_128
                     8000                  saed14rvt_base_tt0p8v25c

  Point                                    Incr       Path
  -----------------------------------------------------------
  input external delay                     0.00       0.00 r
  data_in[127] (in)                        0.00       0.00 r
  code_out[128] (out)                      0.00       0.00 r
  data arrival time                                   0.00
  -----------------------------------------------------------
  (Path is unconstrained)


1
