 
****************************************
Report : area
Design : secded_encoder_72_64
Version: W-2024.09-SP5
Date   : Fri Aug  1 20:29:25 2025
****************************************

Library(s) Used:

    saed14rvt_base_tt0p8v25c (File: /home/net/local/SAED14nm_EDK_08_2024/SAED14nm_EDK_STD_RVT/liberty/nldm/base/saed14rvt_base_tt0p8v25c.db)

Number of ports:                          136
Number of nets:                           128
Number of cells:                           64
Number of combinational cells:             64
Number of sequential cells:                 0
Number of macros/black boxes:               0
Number of buf/inv:                          4
Number of references:                       7

Combinational area:                 49.905599
Buf/Inv area:                        0.710400
Noncombinational area:               0.000000
Macro/Black Box area:                0.000000
Net Interconnect area:              39.850095

Total cell area:                    49.905599
Total area:                         89.755693

The above information was reported from the logical library. The following are from the physical library:

Hierarchical area distribution
------------------------------

                                  Global cell area          Local cell area
                                  ------------------  --------------------------- 
Hierarchical cell                 Absolute   Percent  Combi-    Noncombi-  Black-
                                  Total      Total    national  national   boxes   Design
--------------------------------  ---------  -------  --------  ---------  ------  ---------
secded_encoder_72_64                49.9056    100.0   49.9056     0.0000  0.0000  secded_encoder_72_64
--------------------------------  ---------  -------  --------  ---------  ------  ---------
Total                                                  49.9056     0.0000  0.0000


Area of detected synthetic parts
--------------------------------
  No DW parts to report!

Total synthetic cell area:              0.0000  0.0%  

1
