 
****************************************
Report : qor
Design : secded_encoder_72_64
Version: W-2024.09-SP5
Date   : Fri Aug  1 20:29:25 2025
****************************************


  Timing Path Group (none)
  -----------------------------------
  Levels of Logic:               7.00
  Critical Path Length:          0.46
  Critical Path Slack:         uninit
  Critical Path Clk Period:       n/a
  Total Negative Slack:          0.00
  No. of Violating Paths:        0.00
  Worst Hold Violation:          0.00
  Total Hold Violation:          0.00
  No. of Hold Violations:        0.00
  -----------------------------------


  Cell Count
  -----------------------------------
  Hierarchical Cell Count:          0
  Hierarchical Port Count:          0
  Leaf Cell Count:                 64
  Buf/Inv Cell Count:               4
  Buf Cell Count:                   0
  Inv Cell Count:                   4
  CT Buf/Inv Cell Count:            0
  Combinational Cell Count:        64
  Sequential Cell Count:            0
  Macro Count:                      0
  -----------------------------------


  Area
  -----------------------------------
  Combinational Area:       49.905599
  Noncombinational Area:     0.000000
  Buf/Inv Area:              0.710400
  Total Buffer Area:             0.00
  Total Inverter Area:           0.71
  Macro/Black Box Area:      0.000000
  Net Area:                 39.850095
  -----------------------------------
  Cell Area:                49.905599
  Design Area:              89.755693


  Design Rules
  -----------------------------------
  Total Number of Nets:           128
  Nets With Violations:             0
  Max Trans Violations:             0
  Max Cap Violations:               0
  -----------------------------------


  Hostname: net1580

  Compile CPU Statistics
  -----------------------------------------
  Resource Sharing:                    0.00
  Logic Optimization:                  5.73
  Mapping Optimization:                0.44
  -----------------------------------------
  Overall Compile Time:               27.67
  Overall Compile Wall Clock Time:    29.00

  --------------------------------------------------------------------

  Design  WNS: 0.00  TNS: 0.00  Number of Violating Paths: 0


  Design (Hold)  WNS: 0.00  TNS: 0.00  Number of Violating Paths: 0

  --------------------------------------------------------------------


1
