 
****************************************
Report : reference
Design : secded_encoder_72_64
Version: W-2024.09-SP5
Date   : Fri Aug  1 20:29:25 2025
****************************************

Attributes:
    b - black box (unknown)
   bo - allows boundary optimization
    d - dont_touch
   mo - map_only
    h - hierarchical
    n - noncombinational
    r - removable
    s - synthetic operator
    u - contains unmapped logic

Reference          Library       Unit Area   Count    Total Area   Attributes
-----------------------------------------------------------------------------
SAEDRVT14_EN2_1    saed14rvt_base_tt0p8v25c
                                  0.532800       3      1.598400  
SAEDRVT14_EN3_1    saed14rvt_base_tt0p8v25c
                                  0.843600      18     15.184800  
SAEDRVT14_EN4_M_1  saed14rvt_base_tt0p8v25c
                                  1.243200       1      1.243200  
SAEDRVT14_EO2_0P5  saed14rvt_base_tt0p8v25c
                                  0.488400      21     10.256400  
SAEDRVT14_EO3_0P5  saed14rvt_base_tt0p8v25c
                                  1.021200       1      1.021200  
SAEDRVT14_EO4_1    saed14rvt_base_tt0p8v25c
                                  1.243200      16     19.891199  
SAEDRVT14_INV_0P5  saed14rvt_base_tt0p8v25c
                                  0.177600       4      0.710400  
-----------------------------------------------------------------------------
Total 7 references                                     49.905599
1
