 
****************************************
Report : area
Design : crs_decoder_72_64
Version: W-2024.09-SP5
Date   : Fri Aug  1 20:10:44 2025
****************************************

Library(s) Used:

    saed14rvt_base_tt0p8v25c (File: /home/net/local/SAED14nm_EDK_08_2024/SAED14nm_EDK_STD_RVT/liberty/nldm/base/saed14rvt_base_tt0p8v25c.db)

Number of ports:                         3937
Number of nets:                          8633
Number of cells:                         5269
Number of combinational cells:           4192
Number of sequential cells:              1071
Number of macros/black boxes:               0
Number of buf/inv:                       1371
Number of references:                      58

Combinational area:               1633.431621
Buf/Inv area:                      395.071196
Noncombinational area:            1142.234440
Macro/Black Box area:                0.000000
Net Interconnect area:            3878.860165

Total cell area:                  2775.666060
Total area:                       6654.526225

The above information was reported from the logical library. The following are from the physical library:

Hierarchical area distribution
------------------------------

                                  Global cell area          Local cell area
                                  ------------------  ---------------------------- 
Hierarchical cell                 Absolute   Percent  Combi-     Noncombi-  Black-
                                  Total      Total    national   national   boxes   Design
--------------------------------  ---------  -------  ---------  ---------  ------  ------------------------------------------------------
crs_decoder_72_64                 2775.6661    100.0   517.5708   571.6056  0.0000  crs_decoder_72_64
rs68_detector                      318.9696     11.5   205.3056    10.9224  0.0000  rs_decoder_68_64_detector_simple
rs68_detector/add_337                3.9960      0.1     3.9960     0.0000  0.0000  rs_decoder_68_64_detector_simple_DW01_inc_0_DW01_inc_1
rs68_detector/gf_mult_inst          98.7456      3.6    15.4512     0.0000  0.0000  gf256_mult
rs68_detector/gf_mult_inst/mult_652
                                    83.2944      3.0    73.2156     0.0000  0.0000  gf256_mult_DW02_mult_0
rs68_detector/gf_mult_inst/mult_652/FS_1
                                    10.0788      0.4    10.0788     0.0000  0.0000  gf256_mult_DW01_add_0_DW01_add_1
rs72_corrector                    1367.5200     49.3   807.8136   559.7064  0.0000  rs_decoder_72_64_single_corrector
--------------------------------  ---------  -------  ---------  ---------  ------  ------------------------------------------------------
Total                                                 1633.4316  1142.2344  0.0000


Area of detected synthetic parts
--------------------------------
                                     Perc. of
  Module    Implem.  Count     Area cell area
  --------- -------  ----- -------- ---------
  DW01_inc      rpl      1   3.9960      0.1%
  DW02_mult     csa      1  83.2944      3.0%
  --------- -------  ----- -------- ---------
  Total:                 2  87.2904      3.1%

Estimated area of ungrouped synthetic parts
-------------------------------------------
                            Estimated  Perc. of
  Module    Implem.  Count       Area cell area
  --------- -------  ----- ---------- ---------
  DW01_add      rpl      1     3.9303      0.1%
  DW01_cmp2     rpl      1     0.3668      0.0%
  DW01_inc      rpl      1     0.5659      0.0%
  --------- -------  ----- ---------- ---------
  Total:                 3     4.8631      0.2%

Total synthetic cell area:              92.1534  3.3%  (estimated)

1
