Loading db file '/home/net/local/SAED14nm_EDK_08_2024/SAED14nm_EDK_STD_RVT/liberty/nldm/base/saed14rvt_base_tt0p8v25c.db'
Information: Propagating switching activity (high effort zero delay simulation). (PWR-6)
Warning: Design has unannotated primary inputs. (PWR-414)
Warning: Design has unannotated sequential cell outputs. (PWR-415)
 
****************************************
Report : power
        -analysis_effort high
        -verbose
Design : crs_decoder_72_64
Version: W-2024.09-SP5
Date   : Fri Aug  1 20:10:52 2025
****************************************


Library(s) Used:

    saed14rvt_base_tt0p8v25c (File: /home/net/local/SAED14nm_EDK_08_2024/SAED14nm_EDK_STD_RVT/liberty/nldm/base/saed14rvt_base_tt0p8v25c.db)


Operating Conditions: tt0p8v25c   Library: saed14rvt_base_tt0p8v25c
Wire Load Model Mode: top

Design        Wire Load Model            Library
------------------------------------------------
crs_decoder_72_64      8000              saed14rvt_base_tt0p8v25c


Global Operating Voltage = 0.8  
Power-specific unit information :
    Voltage Units = 1V
    Capacitance Units = 1.000000pf
    Time Units = 1ns
    Dynamic Power Units = 1mW    (derived from V,C,T units)
    Leakage Power Units = 1pW


Attributes
----------
i - Including register clock pin internal power


  Cell Internal Power  =   3.5473 mW   (70%)
  Net Switching Power  =   1.4952 mW   (30%)
                         ---------
Total Dynamic Power    =   5.0425 mW  (100%)

Cell Leakage Power     =   1.0425 uW

                 Internal         Switching           Leakage            Total                         Cell
Power Group      Power            Power               Power              Power   (   %    )  Attrs  Count
---------------------------------------------------------------------------------------------------------
io_pad             0.0000            0.0000            0.0000            0.0000  (   0.00%)            0
memory             0.0000            0.0000            0.0000            0.0000  (   0.00%)            0
black_box          0.0000            0.0000            0.0000            0.0000  (   0.00%)            0
clock_network      3.3453            0.0000            0.0000            3.3453  (  66.33%)            0
                                                                                             i
register       9.6111e-02            0.4460        3.6325e+05            0.5425  (  10.76%)            1071
sequential         0.0000            0.0000            0.0000            0.0000  (   0.00%)            0
combinational      0.1059            1.0492        6.7890e+05            1.1558  (  22.92%)            4187
---------------------------------------------------------------------------------------------------------
Total              3.5473 mW         1.4952 mW     1.0421e+06 pW         5.0435 mW
1
