 
****************************************
Report : area
Design : rs_decoder_10_8
Version: W-2024.09-SP5
Date   : Fri Aug  1 20:13:51 2025
****************************************

Library(s) Used:

    saed14rvt_base_tt0p8v25c (File: /home/net/local/SAED14nm_EDK_08_2024/SAED14nm_EDK_STD_RVT/liberty/nldm/base/saed14rvt_base_tt0p8v25c.db)

Number of ports:                          291
Number of nets:                          2189
Number of cells:                         1939
Number of combinational cells:           1824
Number of sequential cells:               110
Number of macros/black boxes:               0
Number of buf/inv:                        425
Number of references:                     126

Combinational area:                860.693992
Buf/Inv area:                      148.429198
Noncombinational area:             120.812404
Macro/Black Box area:                0.000000
Net Interconnect area:             961.563564

Total cell area:                   981.506395
Total area:                       1943.069959
1
