 
****************************************
Report : reference
Design : rs_decoder_90_64
Version: W-2024.09-SP5
Date   : Fri Aug  1 20:18:31 2025
****************************************

Attributes:
    b - black box (unknown)
   bo - allows boundary optimization
    d - dont_touch
   mo - map_only
    h - hierarchical
    n - noncombinational
    r - removable
    s - synthetic operator
    u - contains unmapped logic

Reference          Library       Unit Area   Count    Total Area   Attributes
-----------------------------------------------------------------------------
SAEDRVT14_AN2B_MM_4
                   saed14rvt_base_tt0p8v25c
                                  0.532800       1      0.532800  
SAEDRVT14_AN2B_MM_8
                   saed14rvt_base_tt0p8v25c
                                  0.888000       3      2.664000  
SAEDRVT14_AN2B_MM_12
                   saed14rvt_base_tt0p8v25c
                                  1.154400       3      3.463200  
SAEDRVT14_AN2B_MM_16
                   saed14rvt_base_tt0p8v25c
                                  1.420800       2      2.841600  
SAEDRVT14_AN2_4    saed14rvt_base_tt0p8v25c
                                  0.532800       4      2.131200  
SAEDRVT14_AN2_8    saed14rvt_base_tt0p8v25c
                                  0.888000       7      6.216000  
SAEDRVT14_AN2_MM_1 saed14rvt_base_tt0p8v25c
                                  0.310800       1      0.310800  
SAEDRVT14_AN2_MM_2 saed14rvt_base_tt0p8v25c
                                  0.355200       6      2.131200  
SAEDRVT14_AN2_MM_12
                   saed14rvt_base_tt0p8v25c
                                  1.065600       3      3.196800  
SAEDRVT14_AN2_MM_20
                   saed14rvt_base_tt0p8v25c
                                  1.509600       4      6.038400  
SAEDRVT14_AN4_1    saed14rvt_base_tt0p8v25c
                                  0.399600      18      7.192800  
SAEDRVT14_AN4_4    saed14rvt_base_tt0p8v25c
                                  0.754800       4      3.019200  
SAEDRVT14_AN4_8    saed14rvt_base_tt0p8v25c
                                  1.287600       2      2.575200  
SAEDRVT14_AO2BB2_2 saed14rvt_base_tt0p8v25c
                                  0.666000       2      1.332000  
SAEDRVT14_AO2BB2_V1_0P5
                   saed14rvt_base_tt0p8v25c
                                  0.621600      14      8.702400  
SAEDRVT14_AO2BB2_V1_1
                   saed14rvt_base_tt0p8v25c
                                  0.621600     417    259.207188  
SAEDRVT14_AO2BB2_V1_2
                   saed14rvt_base_tt0p8v25c
                                  0.666000       3      1.998000  
SAEDRVT14_AO21B_0P5
                   saed14rvt_base_tt0p8v25c
                                  0.355200     135     47.951999  
SAEDRVT14_AO21B_2  saed14rvt_base_tt0p8v25c
                                  0.621600       1      0.621600  
SAEDRVT14_AO21_4   saed14rvt_base_tt0p8v25c
                                  0.621600       2      1.243200  
SAEDRVT14_AO22_4   saed14rvt_base_tt0p8v25c
                                  1.198800       5      5.994000  
SAEDRVT14_AO32_1   saed14rvt_base_tt0p8v25c
                                  0.444000       1      0.444000  
SAEDRVT14_AO32_U_0P5
                   saed14rvt_base_tt0p8v25c
                                  0.444000       1      0.444000  
SAEDRVT14_AO222_1  saed14rvt_base_tt0p8v25c
                                  0.754800       6      4.528800  
SAEDRVT14_AO222_2  saed14rvt_base_tt0p8v25c
                                  1.021200       7      7.148400  
SAEDRVT14_AO222_4  saed14rvt_base_tt0p8v25c
                                  1.687200       3      5.061600  
SAEDRVT14_AOI22_0P5
                   saed14rvt_base_tt0p8v25c
                                  0.488400      10      4.884000  
SAEDRVT14_AOI22_1  saed14rvt_base_tt0p8v25c
                                  0.488400       1      0.488400  
SAEDRVT14_AOI22_4  saed14rvt_base_tt0p8v25c
                                  0.621600       5      3.108000  
SAEDRVT14_AOI222_0P5
                   saed14rvt_base_tt0p8v25c
                                  0.710400      12      8.524800  
SAEDRVT14_AOI222_1 saed14rvt_base_tt0p8v25c
                                  0.710400      15     10.656000  
SAEDRVT14_AOI222_2 saed14rvt_base_tt0p8v25c
                                  0.843600      14     11.810400  
SAEDRVT14_AOI222_4 saed14rvt_base_tt0p8v25c
                                  0.888000       7      6.216000  
SAEDRVT14_BUF_1    saed14rvt_base_tt0p8v25c
                                  0.266400      48     12.787200  
SAEDRVT14_BUF_3    saed14rvt_base_tt0p8v25c
                                  0.355200      79     28.060799  
SAEDRVT14_BUF_10   saed14rvt_base_tt0p8v25c
                                  0.710400       8      5.683200  
SAEDRVT14_BUF_16   saed14rvt_base_tt0p8v25c
                                  1.065600      22     23.443201  
SAEDRVT14_BUF_20   saed14rvt_base_tt0p8v25c
                                  1.287600       3      3.862800  
SAEDRVT14_BUF_CDC_2
                   saed14rvt_base_tt0p8v25c
                                  0.310800      20      6.216000  
SAEDRVT14_BUF_S_0P75
                   saed14rvt_base_tt0p8v25c
                                  0.266400       2      0.532800  
SAEDRVT14_BUF_S_1  saed14rvt_base_tt0p8v25c
                                  0.266400     133     35.431201  
SAEDRVT14_BUF_S_2  saed14rvt_base_tt0p8v25c
                                  0.310800      21      6.526800  
SAEDRVT14_BUF_S_4  saed14rvt_base_tt0p8v25c
                                  0.399600       5      1.998000  
SAEDRVT14_BUF_S_6  saed14rvt_base_tt0p8v25c
                                  0.488400       4      1.953600  
SAEDRVT14_BUF_S_8  saed14rvt_base_tt0p8v25c
                                  0.666000       2      1.332000  
SAEDRVT14_BUF_UCDC_0P5
                   saed14rvt_base_tt0p8v25c
                                  0.266400      10      2.664000  
SAEDRVT14_BUF_UCDC_1
                   saed14rvt_base_tt0p8v25c
                                  0.266400      17      4.528800  
SAEDRVT14_CLKSPLT_8
                   saed14rvt_base_tt0p8v25c
                                  1.642800       1      1.642800  
SAEDRVT14_EN2_4    saed14rvt_base_tt0p8v25c
                                  0.888000       2      1.776000  
SAEDRVT14_FDPRBQ_V2LP_0P5
                   saed14rvt_base_tt0p8v25c
                                  1.065600     161    171.561606  n
SAEDRVT14_FDPRBQ_V2LP_1
                   saed14rvt_base_tt0p8v25c
                                  1.065600     253    269.596810  n
SAEDRVT14_FDPRBQ_V2LP_2
                   saed14rvt_base_tt0p8v25c
                                  1.110000      15     16.650000  n
SAEDRVT14_FDPRBQ_V2_1
                   saed14rvt_base_tt0p8v25c
                                  1.065600     131    139.593605  n
SAEDRVT14_FDPRBQ_V2_4
                   saed14rvt_base_tt0p8v25c
                                  1.198800      32     38.361599  n
SAEDRVT14_FDPRBSBQ_V2_4
                   saed14rvt_base_tt0p8v25c
                                  1.420800       2      2.841600  n
SAEDRVT14_FDPRB_V3_2
                   saed14rvt_base_tt0p8v25c
                                  1.598400      14     22.377600  n
SAEDRVT14_INV_0P75 saed14rvt_base_tt0p8v25c
                                  0.177600       6      1.065600  
SAEDRVT14_INV_2    saed14rvt_base_tt0p8v25c
                                  0.222000      77     17.094000  
SAEDRVT14_INV_3    saed14rvt_base_tt0p8v25c
                                  0.266400      83     22.111201  
SAEDRVT14_INV_4    saed14rvt_base_tt0p8v25c
                                  0.310800      35     10.878000  
SAEDRVT14_INV_6    saed14rvt_base_tt0p8v25c
                                  0.399600      12      4.795200  
SAEDRVT14_INV_10   saed14rvt_base_tt0p8v25c
                                  0.577200       2      1.154400  
SAEDRVT14_INV_12   saed14rvt_base_tt0p8v25c
                                  0.666000      12      7.992000  
SAEDRVT14_INV_ECO_2
                   saed14rvt_base_tt0p8v25c
                                  0.355200       1      0.355200  
SAEDRVT14_INV_S_0P5
                   saed14rvt_base_tt0p8v25c
                                  0.177600       9      1.598400  
SAEDRVT14_INV_S_1  saed14rvt_base_tt0p8v25c
                                  0.177600     747    132.667197  
SAEDRVT14_INV_S_1P5
                   saed14rvt_base_tt0p8v25c
                                  0.222000       1      0.222000  
SAEDRVT14_INV_S_3  saed14rvt_base_tt0p8v25c
                                  0.310800       1      0.310800  
SAEDRVT14_INV_S_4  saed14rvt_base_tt0p8v25c
                                  0.310800       4      1.243200  
SAEDRVT14_INV_S_8  saed14rvt_base_tt0p8v25c
                                  0.488400      25     12.210000  
SAEDRVT14_INV_S_9  saed14rvt_base_tt0p8v25c
                                  0.577200       2      1.154400  
SAEDRVT14_INV_S_10 saed14rvt_base_tt0p8v25c
                                  0.577200       4      2.308800  
SAEDRVT14_INV_S_16 saed14rvt_base_tt0p8v25c
                                  0.843600      10      8.436000  
SAEDRVT14_INV_S_20 saed14rvt_base_tt0p8v25c
                                  1.021200      20     20.423999  
SAEDRVT14_MUX2_MM_0P5
                   saed14rvt_base_tt0p8v25c
                                  0.444000       1      0.444000  
SAEDRVT14_MUX2_MM_4
                   saed14rvt_base_tt0p8v25c
                                  0.976800      25     24.420001  
SAEDRVT14_MUXI2_1  saed14rvt_base_tt0p8v25c
                                  0.532800       1      0.532800  
SAEDRVT14_MUXI2_4  saed14rvt_base_tt0p8v25c
                                  0.710400      29     20.601600  
SAEDRVT14_MUXI2_U_0P5
                   saed14rvt_base_tt0p8v25c
                                  0.399600       2      0.799200  
SAEDRVT14_ND2B_U_0P5
                   saed14rvt_base_tt0p8v25c
                                  0.310800       2      0.621600  
SAEDRVT14_ND2_6    saed14rvt_base_tt0p8v25c
                                  0.754800       1      0.754800  
SAEDRVT14_ND2_8    saed14rvt_base_tt0p8v25c
                                  0.932400       6      5.594400  
SAEDRVT14_ND2_16   saed14rvt_base_tt0p8v25c
                                  1.554000       4      6.216000  
SAEDRVT14_ND2_CDC_0P5
                   saed14rvt_base_tt0p8v25c
                                  0.222000       2      0.444000  
SAEDRVT14_ND2_CDC_1
                   saed14rvt_base_tt0p8v25c
                                  0.222000       4      0.888000  
SAEDRVT14_ND2_CDC_2
                   saed14rvt_base_tt0p8v25c
                                  0.310800       1      0.310800  
SAEDRVT14_ND2_CDC_4
                   saed14rvt_base_tt0p8v25c
                                  0.488400       4      1.953600  
SAEDRVT14_ND2_ECO_1
                   saed14rvt_base_tt0p8v25c
                                  0.355200       1      0.355200  
SAEDRVT14_ND2_MM_10
                   saed14rvt_base_tt0p8v25c
                                  1.198800       2      2.397600  
SAEDRVT14_ND2_MM_12
                   saed14rvt_base_tt0p8v25c
                                  1.465200       1      1.465200  
SAEDRVT14_ND2_MM_16
                   saed14rvt_base_tt0p8v25c
                                  1.864800       5      9.324000  
SAEDRVT14_ND3B_0P75
                   saed14rvt_base_tt0p8v25c
                                  0.532800       1      0.532800  
SAEDRVT14_NR2B_4   saed14rvt_base_tt0p8v25c
                                  0.710400       5      3.552000  
SAEDRVT14_NR2_1P5  saed14rvt_base_tt0p8v25c
                                  0.310800       9      2.797200  
SAEDRVT14_NR2_2    saed14rvt_base_tt0p8v25c
                                  0.310800       3      0.932400  
SAEDRVT14_NR2_4    saed14rvt_base_tt0p8v25c
                                  0.488400       3      1.465200  
SAEDRVT14_NR2_5    saed14rvt_base_tt0p8v25c
                                  0.754800       1      0.754800  
SAEDRVT14_NR2_ECO_2
                   saed14rvt_base_tt0p8v25c
                                  0.754800       2      1.509600  
SAEDRVT14_NR2_MM_0P5
                   saed14rvt_base_tt0p8v25c
                                  0.222000       1      0.222000  
SAEDRVT14_NR2_MM_1 saed14rvt_base_tt0p8v25c
                                  0.222000       8      1.776000  
SAEDRVT14_NR2_MM_3 saed14rvt_base_tt0p8v25c
                                  0.399600      16      6.393600  
SAEDRVT14_NR2_MM_4 saed14rvt_base_tt0p8v25c
                                  0.488400      15      7.326000  
SAEDRVT14_NR2_MM_6 saed14rvt_base_tt0p8v25c
                                  0.666000       5      3.330000  
SAEDRVT14_NR2_MM_8 saed14rvt_base_tt0p8v25c
                                  0.843600       3      2.530800  
SAEDRVT14_NR2_MM_10
                   saed14rvt_base_tt0p8v25c
                                  1.021200       9      9.190799  
SAEDRVT14_NR2_MM_12
                   saed14rvt_base_tt0p8v25c
                                  1.198800       1      1.198800  
SAEDRVT14_NR2_MM_16
                   saed14rvt_base_tt0p8v25c
                                  1.554000       6      9.324000  
SAEDRVT14_NR4_0P75 saed14rvt_base_tt0p8v25c
                                  0.488400      18      8.791200  
SAEDRVT14_NR4_2    saed14rvt_base_tt0p8v25c
                                  0.710400       2      1.420800  
SAEDRVT14_OA21_1   saed14rvt_base_tt0p8v25c
                                  0.355200       1      0.355200  
SAEDRVT14_OA21_4   saed14rvt_base_tt0p8v25c
                                  0.621600       1      0.621600  
SAEDRVT14_OA31_1   saed14rvt_base_tt0p8v25c
                                  0.399600     129     51.548400  
SAEDRVT14_OA31_2   saed14rvt_base_tt0p8v25c
                                  0.444000       2      0.888000  
SAEDRVT14_OAI21_0P5
                   saed14rvt_base_tt0p8v25c
                                  0.266400     163     43.423202  
SAEDRVT14_OAI21_V1_4
                   saed14rvt_base_tt0p8v25c
                                  0.710400       2      1.420800  
SAEDRVT14_OAI21_V1_8
                   saed14rvt_base_tt0p8v25c
                                  1.243200       4      4.972800  
SAEDRVT14_OAI222_1 saed14rvt_base_tt0p8v25c
                                  0.710400      15     10.656000  
SAEDRVT14_OAI222_2 saed14rvt_base_tt0p8v25c
                                  0.754800     125     94.350003  
SAEDRVT14_OAI222_4 saed14rvt_base_tt0p8v25c
                                  0.799200       4      3.196800  
SAEDRVT14_OR2_1    saed14rvt_base_tt0p8v25c
                                  0.310800       1      0.310800  
SAEDRVT14_OR2_2    saed14rvt_base_tt0p8v25c
                                  0.355200       7      2.486400  
SAEDRVT14_OR2_4    saed14rvt_base_tt0p8v25c
                                  0.532800      51     27.172801  
SAEDRVT14_OR2_MM_1 saed14rvt_base_tt0p8v25c
                                  0.310800      50     15.539999  
SAEDRVT14_OR2_MM_1P5
                   saed14rvt_base_tt0p8v25c
                                  0.355200       3      1.065600  
SAEDRVT14_OR2_MM_2 saed14rvt_base_tt0p8v25c
                                  0.355200       8      2.841600  
SAEDRVT14_OR2_MM_3 saed14rvt_base_tt0p8v25c
                                  0.399600      20      7.992000  
SAEDRVT14_OR2_MM_4 saed14rvt_base_tt0p8v25c
                                  0.532800      10      5.328000  
SAEDRVT14_OR2_MM_6 saed14rvt_base_tt0p8v25c
                                  0.621600       7      4.351200  
SAEDRVT14_OR2_MM_8 saed14rvt_base_tt0p8v25c
                                  0.799200      11      8.791200  
SAEDRVT14_OR2_MM_12
                   saed14rvt_base_tt0p8v25c
                                  1.065600      13     13.852800  
SAEDRVT14_OR2_MM_16
                   saed14rvt_base_tt0p8v25c
                                  1.243200       9     11.188800  
SAEDRVT14_OR2_MM_20
                   saed14rvt_base_tt0p8v25c
                                  1.509600      46     69.441602  
SAEDRVT14_OR3_1    saed14rvt_base_tt0p8v25c
                                  0.355200       9      3.196800  
SAEDRVT14_OR3_2    saed14rvt_base_tt0p8v25c
                                  0.399600       1      0.399600  
SAEDRVT14_OR3_4    saed14rvt_base_tt0p8v25c
                                  0.621600       6      3.729600  
SAEDRVT14_OR4_1    saed14rvt_base_tt0p8v25c
                                  0.399600      27     10.789200  
SAEDRVT14_OR4_2    saed14rvt_base_tt0p8v25c
                                  0.444000      25     11.100000  
SAEDRVT14_TIE0_V1_2
                   saed14rvt_base_tt0p8v25c
                                  0.488400       1      0.488400  
SAEDRVT14_TIE1_4   saed14rvt_base_tt0p8v25c
                                  0.399600       1      0.399600  
gf256_inverse                    51.992400       1     51.992400  h
gf256_mult                      250.948801       1    250.948801  h
gf256_power                      98.390400       1     98.390400  h
rs_decoder_90_64_DW01_inc_0       3.818400       1      3.818400  h
rs_decoder_90_64_DW02_mult_0     64.735200       1     64.735200  h
-----------------------------------------------------------------------------
Total 144 references                                 2500.075210
1
