Information: Updating design information... (UID-85)
 
****************************************
Report : timing
        -path full
        -delay max
        -max_paths 10
Design : rs_decoder_90_64
Version: W-2024.09-SP5
Date   : Fri Aug  1 20:18:22 2025
****************************************

Operating Conditions: tt0p8v25c   Library: saed14rvt_base_tt0p8v25c
Wire Load Model Mode: top

  Startpoint: syndrome_cnt_reg[1]
              (rising edge-triggered flip-flop clocked by clk)
  Endpoint: syndrome_0_reg[0]
            (rising edge-triggered flip-flop clocked by clk)
  Path Group: clk
  Path Type: max

  Des/Clust/Port     Wire Load Model       Library
  ------------------------------------------------
  rs_decoder_90_64   8000                  saed14rvt_base_tt0p8v25c

  Point                                                   Incr       Path
  --------------------------------------------------------------------------
  clock clk (rise edge)                                   0.00       0.00
  clock network delay (ideal)                             0.00       0.00
  syndrome_cnt_reg[1]/CK (SAEDRVT14_FDPRBSBQ_V2_4)        0.00       0.00 r
  syndrome_cnt_reg[1]/Q (SAEDRVT14_FDPRBSBQ_V2_4)         0.05       0.05 f
  U3714/X (SAEDRVT14_BUF_20)                              0.01       0.06 f
  U3547/X (SAEDRVT14_INV_S_16)                            0.01       0.07 r
  U3540/X (SAEDRVT14_INV_S_16)                            0.00       0.07 f
  U3704/X (SAEDRVT14_ND2_16)                              0.00       0.08 r
  U3723/X (SAEDRVT14_EN2_4)                               0.02       0.10 f
  U3707/X (SAEDRVT14_INV_12)                              0.01       0.11 r
  mult_494/A[2] (rs_decoder_90_64_DW02_mult_0)            0.00       0.11 r
  mult_494/U48/X (SAEDRVT14_INV_S_20)                     0.01       0.12 f
  mult_494/U31/X (SAEDRVT14_NR2_6)                        0.01       0.13 r
  mult_494/S1_2_0/CO (SAEDRVT14_ADDF_V2_2)                0.04       0.17 r
  mult_494/S1_3_0/CO (SAEDRVT14_ADDF_V1_2)                0.03       0.20 r
  mult_494/S4_0/S (SAEDRVT14_ADDF_V2_2)                   0.06       0.26 f
  mult_494/PRODUCT[4] (rs_decoder_90_64_DW02_mult_0)      0.00       0.26 f
  U3979/X (SAEDRVT14_AN2_MM_20)                           0.02       0.28 f
  gf_pow_inst/exp[4] (gf256_power)                        0.00       0.28 f
  gf_pow_inst/U81/X (SAEDRVT14_OAI32_4)                   0.04       0.32 r
  gf_pow_inst/U160/X (SAEDRVT14_AO21B_0P5)                0.04       0.36 r
  gf_pow_inst/U134/X (SAEDRVT14_OR4_2)                    0.03       0.39 r
  gf_pow_inst/U30/X (SAEDRVT14_NR2_MM_8)                  0.01       0.40 f
  gf_pow_inst/U53/X (SAEDRVT14_NR2_MM_16)                 0.01       0.41 r
  gf_pow_inst/result[6] (gf256_power)                     0.00       0.41 r
  U3743/X (SAEDRVT14_ND2_MM_16)                           0.01       0.42 f
  U3786/X (SAEDRVT14_ND2_MM_16)                           0.01       0.42 r
  gf_mult_inst/b[6] (gf256_mult)                          0.00       0.42 r
  gf_mult_inst/mult_663/B[6] (gf256_mult_DW02_mult_0_DW02_mult_1)
                                                          0.00       0.42 r
  gf_mult_inst/mult_663/U88/X (SAEDRVT14_INV_S_20)        0.01       0.43 f
  gf_mult_inst/mult_663/U89/X (SAEDRVT14_NR2_MM_16)       0.01       0.44 r
  gf_mult_inst/mult_663/U5/X (SAEDRVT14_INV_12)           0.01       0.45 f
  gf_mult_inst/mult_663/U42/X (SAEDRVT14_NR2_MM_12)       0.01       0.45 r
  gf_mult_inst/mult_663/S2_2_5/CO (SAEDRVT14_ADDF_V2_2)
                                                          0.04       0.49 r
  gf_mult_inst/mult_663/S2_3_5/S (SAEDRVT14_ADDF_V2_2)
                                                          0.05       0.54 f
  gf_mult_inst/mult_663/S2_4_4/CO (SAEDRVT14_ADDF_V1_2)
                                                          0.03       0.57 f
  gf_mult_inst/mult_663/S2_5_4/S (SAEDRVT14_ADDF_V2_2)
                                                          0.05       0.62 r
  gf_mult_inst/mult_663/S2_6_3/CO (SAEDRVT14_ADDF_V1_2)
                                                          0.03       0.65 r
  gf_mult_inst/mult_663/S4_3/CO (SAEDRVT14_ADDF_V2_2)     0.04       0.69 r
  gf_mult_inst/mult_663/S14_11/S (SAEDRVT14_ADDF_V2_2)
                                                          0.05       0.75 f
  gf_mult_inst/mult_663/FS_1/A[9] (gf256_mult_DW01_add_1)
                                                          0.00       0.75 f
  gf_mult_inst/mult_663/FS_1/U80/X (SAEDRVT14_BUF_16)     0.02       0.77 f
  gf_mult_inst/mult_663/FS_1/U63/X (SAEDRVT14_NR2_MM_16)
                                                          0.01       0.77 r
  gf_mult_inst/mult_663/FS_1/U64/X (SAEDRVT14_INV_S_20)
                                                          0.01       0.78 f
  gf_mult_inst/mult_663/FS_1/U54/X (SAEDRVT14_INV_S_16)
                                                          0.01       0.79 r
  gf_mult_inst/mult_663/FS_1/U24/X (SAEDRVT14_NR2_MM_12)
                                                          0.01       0.80 f
  gf_mult_inst/mult_663/FS_1/U17/X (SAEDRVT14_AOI21_8)
                                                          0.01       0.81 r
  gf_mult_inst/mult_663/FS_1/U62/X (SAEDRVT14_ND2_8)      0.01       0.81 f
  gf_mult_inst/mult_663/FS_1/U91/X (SAEDRVT14_EN2_4)      0.02       0.84 f
  gf_mult_inst/mult_663/FS_1/U70/X (SAEDRVT14_INV_12)     0.01       0.85 r
  gf_mult_inst/mult_663/FS_1/SUM[12] (gf256_mult_DW01_add_1)
                                                          0.00       0.85 r
  gf_mult_inst/mult_663/PRODUCT[14] (gf256_mult_DW02_mult_0_DW02_mult_1)
                                                          0.00       0.85 r
  gf_mult_inst/U26/X (SAEDRVT14_EO4_2)                    0.04       0.89 f
  gf_mult_inst/U27/X (SAEDRVT14_EO4_2)                    0.05       0.93 r
  gf_mult_inst/result[0] (gf256_mult)                     0.00       0.93 r
  U3835/X (SAEDRVT14_BUF_16)                              0.02       0.95 r
  U3706/X (SAEDRVT14_INV_S_20)                            0.01       0.96 f
  U3546/X (SAEDRVT14_OR2_MM_20)                           0.02       0.98 f
  U3697/X (SAEDRVT14_NR2_MM_10)                           0.01       0.99 r
  U3700/X (SAEDRVT14_MUX2_MM_4)                           0.02       1.01 r
  syndrome_0_reg[0]/D (SAEDRVT14_FDPRB_V3_2)              0.00       1.01 r
  data arrival time                                                  1.01

  clock clk (rise edge)                                   0.62       0.62
  clock network delay (ideal)                             0.00       0.62
  clock uncertainty                                      -0.06       0.56
  syndrome_0_reg[0]/CK (SAEDRVT14_FDPRB_V3_2)             0.00       0.56 r
  library setup time                                      0.00       0.56
  data required time                                                 0.56
  --------------------------------------------------------------------------
  data required time                                                 0.56
  data arrival time                                                 -1.01
  --------------------------------------------------------------------------
  slack (VIOLATED)                                                  -0.44


  Startpoint: syndrome_cnt_reg[1]
              (rising edge-triggered flip-flop clocked by clk)
  Endpoint: syndrome_2_reg[0]
            (rising edge-triggered flip-flop clocked by clk)
  Path Group: clk
  Path Type: max

  Des/Clust/Port     Wire Load Model       Library
  ------------------------------------------------
  rs_decoder_90_64   8000                  saed14rvt_base_tt0p8v25c

  Point                                                   Incr       Path
  --------------------------------------------------------------------------
  clock clk (rise edge)                                   0.00       0.00
  clock network delay (ideal)                             0.00       0.00
  syndrome_cnt_reg[1]/CK (SAEDRVT14_FDPRBSBQ_V2_4)        0.00       0.00 r
  syndrome_cnt_reg[1]/Q (SAEDRVT14_FDPRBSBQ_V2_4)         0.05       0.05 f
  U3714/X (SAEDRVT14_BUF_20)                              0.01       0.06 f
  U3547/X (SAEDRVT14_INV_S_16)                            0.01       0.07 r
  U3540/X (SAEDRVT14_INV_S_16)                            0.00       0.07 f
  U3704/X (SAEDRVT14_ND2_16)                              0.00       0.08 r
  U3723/X (SAEDRVT14_EN2_4)                               0.02       0.10 f
  U3707/X (SAEDRVT14_INV_12)                              0.01       0.11 r
  mult_494/A[2] (rs_decoder_90_64_DW02_mult_0)            0.00       0.11 r
  mult_494/U48/X (SAEDRVT14_INV_S_20)                     0.01       0.12 f
  mult_494/U31/X (SAEDRVT14_NR2_6)                        0.01       0.13 r
  mult_494/S1_2_0/CO (SAEDRVT14_ADDF_V2_2)                0.04       0.17 r
  mult_494/S1_3_0/CO (SAEDRVT14_ADDF_V1_2)                0.03       0.20 r
  mult_494/S4_0/S (SAEDRVT14_ADDF_V2_2)                   0.06       0.26 f
  mult_494/PRODUCT[4] (rs_decoder_90_64_DW02_mult_0)      0.00       0.26 f
  U3979/X (SAEDRVT14_AN2_MM_20)                           0.02       0.28 f
  gf_pow_inst/exp[4] (gf256_power)                        0.00       0.28 f
  gf_pow_inst/U81/X (SAEDRVT14_OAI32_4)                   0.04       0.32 r
  gf_pow_inst/U160/X (SAEDRVT14_AO21B_0P5)                0.04       0.36 r
  gf_pow_inst/U134/X (SAEDRVT14_OR4_2)                    0.03       0.39 r
  gf_pow_inst/U30/X (SAEDRVT14_NR2_MM_8)                  0.01       0.40 f
  gf_pow_inst/U53/X (SAEDRVT14_NR2_MM_16)                 0.01       0.41 r
  gf_pow_inst/result[6] (gf256_power)                     0.00       0.41 r
  U3743/X (SAEDRVT14_ND2_MM_16)                           0.01       0.42 f
  U3786/X (SAEDRVT14_ND2_MM_16)                           0.01       0.42 r
  gf_mult_inst/b[6] (gf256_mult)                          0.00       0.42 r
  gf_mult_inst/mult_663/B[6] (gf256_mult_DW02_mult_0_DW02_mult_1)
                                                          0.00       0.42 r
  gf_mult_inst/mult_663/U88/X (SAEDRVT14_INV_S_20)        0.01       0.43 f
  gf_mult_inst/mult_663/U89/X (SAEDRVT14_NR2_MM_16)       0.01       0.44 r
  gf_mult_inst/mult_663/U5/X (SAEDRVT14_INV_12)           0.01       0.45 f
  gf_mult_inst/mult_663/U42/X (SAEDRVT14_NR2_MM_12)       0.01       0.45 r
  gf_mult_inst/mult_663/S2_2_5/CO (SAEDRVT14_ADDF_V2_2)
                                                          0.04       0.49 r
  gf_mult_inst/mult_663/S2_3_5/S (SAEDRVT14_ADDF_V2_2)
                                                          0.05       0.54 f
  gf_mult_inst/mult_663/S2_4_4/CO (SAEDRVT14_ADDF_V1_2)
                                                          0.03       0.57 f
  gf_mult_inst/mult_663/S2_5_4/S (SAEDRVT14_ADDF_V2_2)
                                                          0.05       0.62 r
  gf_mult_inst/mult_663/S2_6_3/CO (SAEDRVT14_ADDF_V1_2)
                                                          0.03       0.65 r
  gf_mult_inst/mult_663/S4_3/CO (SAEDRVT14_ADDF_V2_2)     0.04       0.69 r
  gf_mult_inst/mult_663/S14_11/S (SAEDRVT14_ADDF_V2_2)
                                                          0.05       0.75 f
  gf_mult_inst/mult_663/FS_1/A[9] (gf256_mult_DW01_add_1)
                                                          0.00       0.75 f
  gf_mult_inst/mult_663/FS_1/U80/X (SAEDRVT14_BUF_16)     0.02       0.77 f
  gf_mult_inst/mult_663/FS_1/U63/X (SAEDRVT14_NR2_MM_16)
                                                          0.01       0.77 r
  gf_mult_inst/mult_663/FS_1/U64/X (SAEDRVT14_INV_S_20)
                                                          0.01       0.78 f
  gf_mult_inst/mult_663/FS_1/U54/X (SAEDRVT14_INV_S_16)
                                                          0.01       0.79 r
  gf_mult_inst/mult_663/FS_1/U24/X (SAEDRVT14_NR2_MM_12)
                                                          0.01       0.80 f
  gf_mult_inst/mult_663/FS_1/U17/X (SAEDRVT14_AOI21_8)
                                                          0.01       0.81 r
  gf_mult_inst/mult_663/FS_1/U62/X (SAEDRVT14_ND2_8)      0.01       0.81 f
  gf_mult_inst/mult_663/FS_1/U91/X (SAEDRVT14_EN2_4)      0.02       0.84 f
  gf_mult_inst/mult_663/FS_1/U70/X (SAEDRVT14_INV_12)     0.01       0.85 r
  gf_mult_inst/mult_663/FS_1/SUM[12] (gf256_mult_DW01_add_1)
                                                          0.00       0.85 r
  gf_mult_inst/mult_663/PRODUCT[14] (gf256_mult_DW02_mult_0_DW02_mult_1)
                                                          0.00       0.85 r
  gf_mult_inst/U26/X (SAEDRVT14_EO4_2)                    0.04       0.89 f
  gf_mult_inst/U27/X (SAEDRVT14_EO4_2)                    0.05       0.93 r
  gf_mult_inst/result[0] (gf256_mult)                     0.00       0.93 r
  U3835/X (SAEDRVT14_BUF_16)                              0.02       0.95 r
  U3706/X (SAEDRVT14_INV_S_20)                            0.01       0.96 f
  U3696/X (SAEDRVT14_NR2_MM_16)                           0.01       0.97 r
  U3433/X (SAEDRVT14_INV_S_20)                            0.01       0.97 f
  U3427/X (SAEDRVT14_AN2B_MM_12)                          0.02       1.00 r
  U3426/X (SAEDRVT14_ND2_16)                              0.01       1.00 f
  U3675/X (SAEDRVT14_ND2_8)                               0.01       1.01 r
  syndrome_2_reg[0]/D (SAEDRVT14_FDPRB_V3_2)              0.00       1.01 r
  data arrival time                                                  1.01

  clock clk (rise edge)                                   0.62       0.62
  clock network delay (ideal)                             0.00       0.62
  clock uncertainty                                      -0.06       0.56
  syndrome_2_reg[0]/CK (SAEDRVT14_FDPRB_V3_2)             0.00       0.56 r
  library setup time                                      0.00       0.56
  data required time                                                 0.56
  --------------------------------------------------------------------------
  data required time                                                 0.56
  data arrival time                                                 -1.01
  --------------------------------------------------------------------------
  slack (VIOLATED)                                                  -0.44


  Startpoint: syndrome_cnt_reg[1]
              (rising edge-triggered flip-flop clocked by clk)
  Endpoint: syndrome_7_reg[0]
            (rising edge-triggered flip-flop clocked by clk)
  Path Group: clk
  Path Type: max

  Des/Clust/Port     Wire Load Model       Library
  ------------------------------------------------
  rs_decoder_90_64   8000                  saed14rvt_base_tt0p8v25c

  Point                                                   Incr       Path
  --------------------------------------------------------------------------
  clock clk (rise edge)                                   0.00       0.00
  clock network delay (ideal)                             0.00       0.00
  syndrome_cnt_reg[1]/CK (SAEDRVT14_FDPRBSBQ_V2_4)        0.00       0.00 r
  syndrome_cnt_reg[1]/Q (SAEDRVT14_FDPRBSBQ_V2_4)         0.05       0.05 f
  U3714/X (SAEDRVT14_BUF_20)                              0.01       0.06 f
  U3547/X (SAEDRVT14_INV_S_16)                            0.01       0.07 r
  U3540/X (SAEDRVT14_INV_S_16)                            0.00       0.07 f
  U3704/X (SAEDRVT14_ND2_16)                              0.00       0.08 r
  U3723/X (SAEDRVT14_EN2_4)                               0.02       0.10 f
  U3707/X (SAEDRVT14_INV_12)                              0.01       0.11 r
  mult_494/A[2] (rs_decoder_90_64_DW02_mult_0)            0.00       0.11 r
  mult_494/U48/X (SAEDRVT14_INV_S_20)                     0.01       0.12 f
  mult_494/U31/X (SAEDRVT14_NR2_6)                        0.01       0.13 r
  mult_494/S1_2_0/CO (SAEDRVT14_ADDF_V2_2)                0.04       0.17 r
  mult_494/S1_3_0/CO (SAEDRVT14_ADDF_V1_2)                0.03       0.20 r
  mult_494/S4_0/S (SAEDRVT14_ADDF_V2_2)                   0.06       0.26 f
  mult_494/PRODUCT[4] (rs_decoder_90_64_DW02_mult_0)      0.00       0.26 f
  U3979/X (SAEDRVT14_AN2_MM_20)                           0.02       0.28 f
  gf_pow_inst/exp[4] (gf256_power)                        0.00       0.28 f
  gf_pow_inst/U81/X (SAEDRVT14_OAI32_4)                   0.04       0.32 r
  gf_pow_inst/U160/X (SAEDRVT14_AO21B_0P5)                0.04       0.36 r
  gf_pow_inst/U134/X (SAEDRVT14_OR4_2)                    0.03       0.39 r
  gf_pow_inst/U30/X (SAEDRVT14_NR2_MM_8)                  0.01       0.40 f
  gf_pow_inst/U53/X (SAEDRVT14_NR2_MM_16)                 0.01       0.41 r
  gf_pow_inst/result[6] (gf256_power)                     0.00       0.41 r
  U3743/X (SAEDRVT14_ND2_MM_16)                           0.01       0.42 f
  U3786/X (SAEDRVT14_ND2_MM_16)                           0.01       0.42 r
  gf_mult_inst/b[6] (gf256_mult)                          0.00       0.42 r
  gf_mult_inst/mult_663/B[6] (gf256_mult_DW02_mult_0_DW02_mult_1)
                                                          0.00       0.42 r
  gf_mult_inst/mult_663/U88/X (SAEDRVT14_INV_S_20)        0.01       0.43 f
  gf_mult_inst/mult_663/U89/X (SAEDRVT14_NR2_MM_16)       0.01       0.44 r
  gf_mult_inst/mult_663/U5/X (SAEDRVT14_INV_12)           0.01       0.45 f
  gf_mult_inst/mult_663/U42/X (SAEDRVT14_NR2_MM_12)       0.01       0.45 r
  gf_mult_inst/mult_663/S2_2_5/CO (SAEDRVT14_ADDF_V2_2)
                                                          0.04       0.49 r
  gf_mult_inst/mult_663/S2_3_5/S (SAEDRVT14_ADDF_V2_2)
                                                          0.05       0.54 f
  gf_mult_inst/mult_663/S2_4_4/CO (SAEDRVT14_ADDF_V1_2)
                                                          0.03       0.57 f
  gf_mult_inst/mult_663/S2_5_4/S (SAEDRVT14_ADDF_V2_2)
                                                          0.05       0.62 r
  gf_mult_inst/mult_663/S2_6_3/CO (SAEDRVT14_ADDF_V1_2)
                                                          0.03       0.65 r
  gf_mult_inst/mult_663/S4_3/CO (SAEDRVT14_ADDF_V2_2)     0.04       0.69 r
  gf_mult_inst/mult_663/S14_11/S (SAEDRVT14_ADDF_V2_2)
                                                          0.05       0.75 f
  gf_mult_inst/mult_663/FS_1/A[9] (gf256_mult_DW01_add_1)
                                                          0.00       0.75 f
  gf_mult_inst/mult_663/FS_1/U80/X (SAEDRVT14_BUF_16)     0.02       0.77 f
  gf_mult_inst/mult_663/FS_1/U63/X (SAEDRVT14_NR2_MM_16)
                                                          0.01       0.77 r
  gf_mult_inst/mult_663/FS_1/U64/X (SAEDRVT14_INV_S_20)
                                                          0.01       0.78 f
  gf_mult_inst/mult_663/FS_1/U54/X (SAEDRVT14_INV_S_16)
                                                          0.01       0.79 r
  gf_mult_inst/mult_663/FS_1/U24/X (SAEDRVT14_NR2_MM_12)
                                                          0.01       0.80 f
  gf_mult_inst/mult_663/FS_1/U17/X (SAEDRVT14_AOI21_8)
                                                          0.01       0.81 r
  gf_mult_inst/mult_663/FS_1/U62/X (SAEDRVT14_ND2_8)      0.01       0.81 f
  gf_mult_inst/mult_663/FS_1/U91/X (SAEDRVT14_EN2_4)      0.02       0.84 f
  gf_mult_inst/mult_663/FS_1/U70/X (SAEDRVT14_INV_12)     0.01       0.85 r
  gf_mult_inst/mult_663/FS_1/SUM[12] (gf256_mult_DW01_add_1)
                                                          0.00       0.85 r
  gf_mult_inst/mult_663/PRODUCT[14] (gf256_mult_DW02_mult_0_DW02_mult_1)
                                                          0.00       0.85 r
  gf_mult_inst/U26/X (SAEDRVT14_EO4_2)                    0.04       0.89 f
  gf_mult_inst/U27/X (SAEDRVT14_EO4_2)                    0.05       0.93 r
  gf_mult_inst/result[0] (gf256_mult)                     0.00       0.93 r
  U3835/X (SAEDRVT14_BUF_16)                              0.02       0.95 r
  U3706/X (SAEDRVT14_INV_S_20)                            0.01       0.96 f
  U3546/X (SAEDRVT14_OR2_MM_20)                           0.02       0.98 f
  U3695/X (SAEDRVT14_NR2_MM_8)                            0.01       0.99 r
  U4587/X (SAEDRVT14_MUX2_MM_4)                           0.02       1.01 r
  syndrome_7_reg[0]/D (SAEDRVT14_FDPRB_V3_2)              0.00       1.01 r
  data arrival time                                                  1.01

  clock clk (rise edge)                                   0.62       0.62
  clock network delay (ideal)                             0.00       0.62
  clock uncertainty                                      -0.06       0.56
  syndrome_7_reg[0]/CK (SAEDRVT14_FDPRB_V3_2)             0.00       0.56 r
  library setup time                                      0.00       0.56
  data required time                                                 0.56
  --------------------------------------------------------------------------
  data required time                                                 0.56
  data arrival time                                                 -1.01
  --------------------------------------------------------------------------
  slack (VIOLATED)                                                  -0.44


  Startpoint: syndrome_cnt_reg[1]
              (rising edge-triggered flip-flop clocked by clk)
  Endpoint: syndrome_6_reg[0]
            (rising edge-triggered flip-flop clocked by clk)
  Path Group: clk
  Path Type: max

  Des/Clust/Port     Wire Load Model       Library
  ------------------------------------------------
  rs_decoder_90_64   8000                  saed14rvt_base_tt0p8v25c

  Point                                                   Incr       Path
  --------------------------------------------------------------------------
  clock clk (rise edge)                                   0.00       0.00
  clock network delay (ideal)                             0.00       0.00
  syndrome_cnt_reg[1]/CK (SAEDRVT14_FDPRBSBQ_V2_4)        0.00       0.00 r
  syndrome_cnt_reg[1]/Q (SAEDRVT14_FDPRBSBQ_V2_4)         0.05       0.05 f
  U3714/X (SAEDRVT14_BUF_20)                              0.01       0.06 f
  U3547/X (SAEDRVT14_INV_S_16)                            0.01       0.07 r
  U3540/X (SAEDRVT14_INV_S_16)                            0.00       0.07 f
  U3704/X (SAEDRVT14_ND2_16)                              0.00       0.08 r
  U3723/X (SAEDRVT14_EN2_4)                               0.02       0.10 f
  U3707/X (SAEDRVT14_INV_12)                              0.01       0.11 r
  mult_494/A[2] (rs_decoder_90_64_DW02_mult_0)            0.00       0.11 r
  mult_494/U48/X (SAEDRVT14_INV_S_20)                     0.01       0.12 f
  mult_494/U31/X (SAEDRVT14_NR2_6)                        0.01       0.13 r
  mult_494/S1_2_0/CO (SAEDRVT14_ADDF_V2_2)                0.04       0.17 r
  mult_494/S1_3_0/CO (SAEDRVT14_ADDF_V1_2)                0.03       0.20 r
  mult_494/S4_0/S (SAEDRVT14_ADDF_V2_2)                   0.06       0.26 f
  mult_494/PRODUCT[4] (rs_decoder_90_64_DW02_mult_0)      0.00       0.26 f
  U3979/X (SAEDRVT14_AN2_MM_20)                           0.02       0.28 f
  gf_pow_inst/exp[4] (gf256_power)                        0.00       0.28 f
  gf_pow_inst/U81/X (SAEDRVT14_OAI32_4)                   0.04       0.32 r
  gf_pow_inst/U160/X (SAEDRVT14_AO21B_0P5)                0.04       0.36 r
  gf_pow_inst/U134/X (SAEDRVT14_OR4_2)                    0.03       0.39 r
  gf_pow_inst/U30/X (SAEDRVT14_NR2_MM_8)                  0.01       0.40 f
  gf_pow_inst/U53/X (SAEDRVT14_NR2_MM_16)                 0.01       0.41 r
  gf_pow_inst/result[6] (gf256_power)                     0.00       0.41 r
  U3743/X (SAEDRVT14_ND2_MM_16)                           0.01       0.42 f
  U3786/X (SAEDRVT14_ND2_MM_16)                           0.01       0.42 r
  gf_mult_inst/b[6] (gf256_mult)                          0.00       0.42 r
  gf_mult_inst/mult_663/B[6] (gf256_mult_DW02_mult_0_DW02_mult_1)
                                                          0.00       0.42 r
  gf_mult_inst/mult_663/U88/X (SAEDRVT14_INV_S_20)        0.01       0.43 f
  gf_mult_inst/mult_663/U89/X (SAEDRVT14_NR2_MM_16)       0.01       0.44 r
  gf_mult_inst/mult_663/U5/X (SAEDRVT14_INV_12)           0.01       0.45 f
  gf_mult_inst/mult_663/U42/X (SAEDRVT14_NR2_MM_12)       0.01       0.45 r
  gf_mult_inst/mult_663/S2_2_5/CO (SAEDRVT14_ADDF_V2_2)
                                                          0.04       0.49 r
  gf_mult_inst/mult_663/S2_3_5/S (SAEDRVT14_ADDF_V2_2)
                                                          0.05       0.54 f
  gf_mult_inst/mult_663/S2_4_4/CO (SAEDRVT14_ADDF_V1_2)
                                                          0.03       0.57 f
  gf_mult_inst/mult_663/S2_5_4/S (SAEDRVT14_ADDF_V2_2)
                                                          0.05       0.62 r
  gf_mult_inst/mult_663/S2_6_3/CO (SAEDRVT14_ADDF_V1_2)
                                                          0.03       0.65 r
  gf_mult_inst/mult_663/S4_3/CO (SAEDRVT14_ADDF_V2_2)     0.04       0.69 r
  gf_mult_inst/mult_663/S14_11/S (SAEDRVT14_ADDF_V2_2)
                                                          0.05       0.75 f
  gf_mult_inst/mult_663/FS_1/A[9] (gf256_mult_DW01_add_1)
                                                          0.00       0.75 f
  gf_mult_inst/mult_663/FS_1/U80/X (SAEDRVT14_BUF_16)     0.02       0.77 f
  gf_mult_inst/mult_663/FS_1/U63/X (SAEDRVT14_NR2_MM_16)
                                                          0.01       0.77 r
  gf_mult_inst/mult_663/FS_1/U64/X (SAEDRVT14_INV_S_20)
                                                          0.01       0.78 f
  gf_mult_inst/mult_663/FS_1/U54/X (SAEDRVT14_INV_S_16)
                                                          0.01       0.79 r
  gf_mult_inst/mult_663/FS_1/U24/X (SAEDRVT14_NR2_MM_12)
                                                          0.01       0.80 f
  gf_mult_inst/mult_663/FS_1/U17/X (SAEDRVT14_AOI21_8)
                                                          0.01       0.81 r
  gf_mult_inst/mult_663/FS_1/U62/X (SAEDRVT14_ND2_8)      0.01       0.81 f
  gf_mult_inst/mult_663/FS_1/U91/X (SAEDRVT14_EN2_4)      0.02       0.84 f
  gf_mult_inst/mult_663/FS_1/U70/X (SAEDRVT14_INV_12)     0.01       0.85 r
  gf_mult_inst/mult_663/FS_1/SUM[12] (gf256_mult_DW01_add_1)
                                                          0.00       0.85 r
  gf_mult_inst/mult_663/PRODUCT[14] (gf256_mult_DW02_mult_0_DW02_mult_1)
                                                          0.00       0.85 r
  gf_mult_inst/U26/X (SAEDRVT14_EO4_2)                    0.04       0.89 r
  gf_mult_inst/U27/X (SAEDRVT14_EO4_2)                    0.05       0.93 f
  gf_mult_inst/result[0] (gf256_mult)                     0.00       0.93 f
  U3835/X (SAEDRVT14_BUF_16)                              0.02       0.95 f
  U3746/X (SAEDRVT14_NR2_MM_16)                           0.01       0.96 r
  U3538/X (SAEDRVT14_BUF_16)                              0.02       0.98 r
  U3694/X (SAEDRVT14_OR2_4)                               0.01       0.99 r
  U3667/X (SAEDRVT14_MUX2_MM_4)                           0.02       1.01 r
  syndrome_6_reg[0]/D (SAEDRVT14_FDPRB_V3_2)              0.00       1.01 r
  data arrival time                                                  1.01

  clock clk (rise edge)                                   0.62       0.62
  clock network delay (ideal)                             0.00       0.62
  clock uncertainty                                      -0.06       0.56
  syndrome_6_reg[0]/CK (SAEDRVT14_FDPRB_V3_2)             0.00       0.56 r
  library setup time                                      0.00       0.56
  data required time                                                 0.56
  --------------------------------------------------------------------------
  data required time                                                 0.56
  data arrival time                                                 -1.01
  --------------------------------------------------------------------------
  slack (VIOLATED)                                                  -0.44


  Startpoint: syndrome_cnt_reg[1]
              (rising edge-triggered flip-flop clocked by clk)
  Endpoint: syndrome_3_reg[0]
            (rising edge-triggered flip-flop clocked by clk)
  Path Group: clk
  Path Type: max

  Des/Clust/Port     Wire Load Model       Library
  ------------------------------------------------
  rs_decoder_90_64   8000                  saed14rvt_base_tt0p8v25c

  Point                                                   Incr       Path
  --------------------------------------------------------------------------
  clock clk (rise edge)                                   0.00       0.00
  clock network delay (ideal)                             0.00       0.00
  syndrome_cnt_reg[1]/CK (SAEDRVT14_FDPRBSBQ_V2_4)        0.00       0.00 r
  syndrome_cnt_reg[1]/Q (SAEDRVT14_FDPRBSBQ_V2_4)         0.05       0.05 f
  U3714/X (SAEDRVT14_BUF_20)                              0.01       0.06 f
  U3547/X (SAEDRVT14_INV_S_16)                            0.01       0.07 r
  U3540/X (SAEDRVT14_INV_S_16)                            0.00       0.07 f
  U3704/X (SAEDRVT14_ND2_16)                              0.00       0.08 r
  U3723/X (SAEDRVT14_EN2_4)                               0.02       0.10 f
  U3707/X (SAEDRVT14_INV_12)                              0.01       0.11 r
  mult_494/A[2] (rs_decoder_90_64_DW02_mult_0)            0.00       0.11 r
  mult_494/U48/X (SAEDRVT14_INV_S_20)                     0.01       0.12 f
  mult_494/U31/X (SAEDRVT14_NR2_6)                        0.01       0.13 r
  mult_494/S1_2_0/CO (SAEDRVT14_ADDF_V2_2)                0.04       0.17 r
  mult_494/S1_3_0/CO (SAEDRVT14_ADDF_V1_2)                0.03       0.20 r
  mult_494/S4_0/S (SAEDRVT14_ADDF_V2_2)                   0.06       0.26 f
  mult_494/PRODUCT[4] (rs_decoder_90_64_DW02_mult_0)      0.00       0.26 f
  U3979/X (SAEDRVT14_AN2_MM_20)                           0.02       0.28 f
  gf_pow_inst/exp[4] (gf256_power)                        0.00       0.28 f
  gf_pow_inst/U81/X (SAEDRVT14_OAI32_4)                   0.04       0.32 r
  gf_pow_inst/U160/X (SAEDRVT14_AO21B_0P5)                0.04       0.36 r
  gf_pow_inst/U134/X (SAEDRVT14_OR4_2)                    0.03       0.39 r
  gf_pow_inst/U30/X (SAEDRVT14_NR2_MM_8)                  0.01       0.40 f
  gf_pow_inst/U53/X (SAEDRVT14_NR2_MM_16)                 0.01       0.41 r
  gf_pow_inst/result[6] (gf256_power)                     0.00       0.41 r
  U3743/X (SAEDRVT14_ND2_MM_16)                           0.01       0.42 f
  U3786/X (SAEDRVT14_ND2_MM_16)                           0.01       0.42 r
  gf_mult_inst/b[6] (gf256_mult)                          0.00       0.42 r
  gf_mult_inst/mult_663/B[6] (gf256_mult_DW02_mult_0_DW02_mult_1)
                                                          0.00       0.42 r
  gf_mult_inst/mult_663/U88/X (SAEDRVT14_INV_S_20)        0.01       0.43 f
  gf_mult_inst/mult_663/U89/X (SAEDRVT14_NR2_MM_16)       0.01       0.44 r
  gf_mult_inst/mult_663/U5/X (SAEDRVT14_INV_12)           0.01       0.45 f
  gf_mult_inst/mult_663/U42/X (SAEDRVT14_NR2_MM_12)       0.01       0.45 r
  gf_mult_inst/mult_663/S2_2_5/CO (SAEDRVT14_ADDF_V2_2)
                                                          0.04       0.49 r
  gf_mult_inst/mult_663/S2_3_5/S (SAEDRVT14_ADDF_V2_2)
                                                          0.05       0.54 f
  gf_mult_inst/mult_663/S2_4_4/CO (SAEDRVT14_ADDF_V1_2)
                                                          0.03       0.57 f
  gf_mult_inst/mult_663/S2_5_4/S (SAEDRVT14_ADDF_V2_2)
                                                          0.05       0.62 r
  gf_mult_inst/mult_663/S2_6_3/CO (SAEDRVT14_ADDF_V1_2)
                                                          0.03       0.65 r
  gf_mult_inst/mult_663/S4_3/CO (SAEDRVT14_ADDF_V2_2)     0.04       0.69 r
  gf_mult_inst/mult_663/S14_11/S (SAEDRVT14_ADDF_V2_2)
                                                          0.05       0.75 f
  gf_mult_inst/mult_663/FS_1/A[9] (gf256_mult_DW01_add_1)
                                                          0.00       0.75 f
  gf_mult_inst/mult_663/FS_1/U80/X (SAEDRVT14_BUF_16)     0.02       0.77 f
  gf_mult_inst/mult_663/FS_1/U63/X (SAEDRVT14_NR2_MM_16)
                                                          0.01       0.77 r
  gf_mult_inst/mult_663/FS_1/U64/X (SAEDRVT14_INV_S_20)
                                                          0.01       0.78 f
  gf_mult_inst/mult_663/FS_1/U54/X (SAEDRVT14_INV_S_16)
                                                          0.01       0.79 r
  gf_mult_inst/mult_663/FS_1/U24/X (SAEDRVT14_NR2_MM_12)
                                                          0.01       0.80 f
  gf_mult_inst/mult_663/FS_1/U17/X (SAEDRVT14_AOI21_8)
                                                          0.01       0.81 r
  gf_mult_inst/mult_663/FS_1/U62/X (SAEDRVT14_ND2_8)      0.01       0.81 f
  gf_mult_inst/mult_663/FS_1/U91/X (SAEDRVT14_EN2_4)      0.02       0.84 f
  gf_mult_inst/mult_663/FS_1/U70/X (SAEDRVT14_INV_12)     0.01       0.85 r
  gf_mult_inst/mult_663/FS_1/SUM[12] (gf256_mult_DW01_add_1)
                                                          0.00       0.85 r
  gf_mult_inst/mult_663/PRODUCT[14] (gf256_mult_DW02_mult_0_DW02_mult_1)
                                                          0.00       0.85 r
  gf_mult_inst/U26/X (SAEDRVT14_EO4_2)                    0.04       0.89 f
  gf_mult_inst/U27/X (SAEDRVT14_EO4_2)                    0.05       0.93 r
  gf_mult_inst/result[0] (gf256_mult)                     0.00       0.93 r
  U3835/X (SAEDRVT14_BUF_16)                              0.02       0.95 r
  U3706/X (SAEDRVT14_INV_S_20)                            0.01       0.96 f
  U3696/X (SAEDRVT14_NR2_MM_16)                           0.01       0.97 r
  U3433/X (SAEDRVT14_INV_S_20)                            0.01       0.97 f
  U3425/X (SAEDRVT14_AN2B_MM_12)                          0.02       1.00 r
  U3424/X (SAEDRVT14_ND2_16)                              0.01       1.00 f
  U3678/X (SAEDRVT14_ND2_8)                               0.01       1.01 r
  syndrome_3_reg[0]/D (SAEDRVT14_FDPRB_V3_2)              0.00       1.01 r
  data arrival time                                                  1.01

  clock clk (rise edge)                                   0.62       0.62
  clock network delay (ideal)                             0.00       0.62
  clock uncertainty                                      -0.06       0.56
  syndrome_3_reg[0]/CK (SAEDRVT14_FDPRB_V3_2)             0.00       0.56 r
  library setup time                                      0.00       0.56
  data required time                                                 0.56
  --------------------------------------------------------------------------
  data required time                                                 0.56
  data arrival time                                                 -1.01
  --------------------------------------------------------------------------
  slack (VIOLATED)                                                  -0.44


  Startpoint: syndrome_cnt_reg[1]
              (rising edge-triggered flip-flop clocked by clk)
  Endpoint: syndrome_5_reg[0]
            (rising edge-triggered flip-flop clocked by clk)
  Path Group: clk
  Path Type: max

  Des/Clust/Port     Wire Load Model       Library
  ------------------------------------------------
  rs_decoder_90_64   8000                  saed14rvt_base_tt0p8v25c

  Point                                                   Incr       Path
  --------------------------------------------------------------------------
  clock clk (rise edge)                                   0.00       0.00
  clock network delay (ideal)                             0.00       0.00
  syndrome_cnt_reg[1]/CK (SAEDRVT14_FDPRBSBQ_V2_4)        0.00       0.00 r
  syndrome_cnt_reg[1]/Q (SAEDRVT14_FDPRBSBQ_V2_4)         0.05       0.05 f
  U3714/X (SAEDRVT14_BUF_20)                              0.01       0.06 f
  U3547/X (SAEDRVT14_INV_S_16)                            0.01       0.07 r
  U3540/X (SAEDRVT14_INV_S_16)                            0.00       0.07 f
  U3704/X (SAEDRVT14_ND2_16)                              0.00       0.08 r
  U3723/X (SAEDRVT14_EN2_4)                               0.02       0.10 f
  U3707/X (SAEDRVT14_INV_12)                              0.01       0.11 r
  mult_494/A[2] (rs_decoder_90_64_DW02_mult_0)            0.00       0.11 r
  mult_494/U48/X (SAEDRVT14_INV_S_20)                     0.01       0.12 f
  mult_494/U31/X (SAEDRVT14_NR2_6)                        0.01       0.13 r
  mult_494/S1_2_0/CO (SAEDRVT14_ADDF_V2_2)                0.04       0.17 r
  mult_494/S1_3_0/CO (SAEDRVT14_ADDF_V1_2)                0.03       0.20 r
  mult_494/S4_0/S (SAEDRVT14_ADDF_V2_2)                   0.06       0.26 f
  mult_494/PRODUCT[4] (rs_decoder_90_64_DW02_mult_0)      0.00       0.26 f
  U3979/X (SAEDRVT14_AN2_MM_20)                           0.02       0.28 f
  gf_pow_inst/exp[4] (gf256_power)                        0.00       0.28 f
  gf_pow_inst/U81/X (SAEDRVT14_OAI32_4)                   0.04       0.32 r
  gf_pow_inst/U160/X (SAEDRVT14_AO21B_0P5)                0.04       0.36 r
  gf_pow_inst/U134/X (SAEDRVT14_OR4_2)                    0.03       0.39 r
  gf_pow_inst/U30/X (SAEDRVT14_NR2_MM_8)                  0.01       0.40 f
  gf_pow_inst/U53/X (SAEDRVT14_NR2_MM_16)                 0.01       0.41 r
  gf_pow_inst/result[6] (gf256_power)                     0.00       0.41 r
  U3743/X (SAEDRVT14_ND2_MM_16)                           0.01       0.42 f
  U3786/X (SAEDRVT14_ND2_MM_16)                           0.01       0.42 r
  gf_mult_inst/b[6] (gf256_mult)                          0.00       0.42 r
  gf_mult_inst/mult_663/B[6] (gf256_mult_DW02_mult_0_DW02_mult_1)
                                                          0.00       0.42 r
  gf_mult_inst/mult_663/U88/X (SAEDRVT14_INV_S_20)        0.01       0.43 f
  gf_mult_inst/mult_663/U89/X (SAEDRVT14_NR2_MM_16)       0.01       0.44 r
  gf_mult_inst/mult_663/U5/X (SAEDRVT14_INV_12)           0.01       0.45 f
  gf_mult_inst/mult_663/U42/X (SAEDRVT14_NR2_MM_12)       0.01       0.45 r
  gf_mult_inst/mult_663/S2_2_5/CO (SAEDRVT14_ADDF_V2_2)
                                                          0.04       0.49 r
  gf_mult_inst/mult_663/S2_3_5/S (SAEDRVT14_ADDF_V2_2)
                                                          0.05       0.54 f
  gf_mult_inst/mult_663/S2_4_4/CO (SAEDRVT14_ADDF_V1_2)
                                                          0.03       0.57 f
  gf_mult_inst/mult_663/S2_5_4/S (SAEDRVT14_ADDF_V2_2)
                                                          0.05       0.62 r
  gf_mult_inst/mult_663/S2_6_3/CO (SAEDRVT14_ADDF_V1_2)
                                                          0.03       0.65 r
  gf_mult_inst/mult_663/S4_3/CO (SAEDRVT14_ADDF_V2_2)     0.04       0.69 r
  gf_mult_inst/mult_663/S14_11/S (SAEDRVT14_ADDF_V2_2)
                                                          0.05       0.75 f
  gf_mult_inst/mult_663/FS_1/A[9] (gf256_mult_DW01_add_1)
                                                          0.00       0.75 f
  gf_mult_inst/mult_663/FS_1/U80/X (SAEDRVT14_BUF_16)     0.02       0.77 f
  gf_mult_inst/mult_663/FS_1/U63/X (SAEDRVT14_NR2_MM_16)
                                                          0.01       0.77 r
  gf_mult_inst/mult_663/FS_1/U64/X (SAEDRVT14_INV_S_20)
                                                          0.01       0.78 f
  gf_mult_inst/mult_663/FS_1/U54/X (SAEDRVT14_INV_S_16)
                                                          0.01       0.79 r
  gf_mult_inst/mult_663/FS_1/U24/X (SAEDRVT14_NR2_MM_12)
                                                          0.01       0.80 f
  gf_mult_inst/mult_663/FS_1/U17/X (SAEDRVT14_AOI21_8)
                                                          0.01       0.81 r
  gf_mult_inst/mult_663/FS_1/U62/X (SAEDRVT14_ND2_8)      0.01       0.81 f
  gf_mult_inst/mult_663/FS_1/U91/X (SAEDRVT14_EN2_4)      0.02       0.84 f
  gf_mult_inst/mult_663/FS_1/U70/X (SAEDRVT14_INV_12)     0.01       0.85 r
  gf_mult_inst/mult_663/FS_1/SUM[12] (gf256_mult_DW01_add_1)
                                                          0.00       0.85 r
  gf_mult_inst/mult_663/PRODUCT[14] (gf256_mult_DW02_mult_0_DW02_mult_1)
                                                          0.00       0.85 r
  gf_mult_inst/U26/X (SAEDRVT14_EO4_2)                    0.04       0.89 r
  gf_mult_inst/U27/X (SAEDRVT14_EO4_2)                    0.05       0.93 f
  gf_mult_inst/result[0] (gf256_mult)                     0.00       0.93 f
  U3835/X (SAEDRVT14_BUF_16)                              0.02       0.95 f
  U3746/X (SAEDRVT14_NR2_MM_16)                           0.01       0.96 r
  U3702/X (SAEDRVT14_BUF_16)                              0.02       0.98 r
  U3431/X (SAEDRVT14_OR2_4)                               0.01       0.99 r
  U3664/X (SAEDRVT14_MUX2_MM_4)                           0.02       1.01 r
  syndrome_5_reg[0]/D (SAEDRVT14_FDPRB_V3_2)              0.00       1.01 r
  data arrival time                                                  1.01

  clock clk (rise edge)                                   0.62       0.62
  clock network delay (ideal)                             0.00       0.62
  clock uncertainty                                      -0.06       0.56
  syndrome_5_reg[0]/CK (SAEDRVT14_FDPRB_V3_2)             0.00       0.56 r
  library setup time                                      0.00       0.56
  data required time                                                 0.56
  --------------------------------------------------------------------------
  data required time                                                 0.56
  data arrival time                                                 -1.01
  --------------------------------------------------------------------------
  slack (VIOLATED)                                                  -0.44


  Startpoint: syndrome_cnt_reg[1]
              (rising edge-triggered flip-flop clocked by clk)
  Endpoint: syndrome_4_reg[0]
            (rising edge-triggered flip-flop clocked by clk)
  Path Group: clk
  Path Type: max

  Des/Clust/Port     Wire Load Model       Library
  ------------------------------------------------
  rs_decoder_90_64   8000                  saed14rvt_base_tt0p8v25c

  Point                                                   Incr       Path
  --------------------------------------------------------------------------
  clock clk (rise edge)                                   0.00       0.00
  clock network delay (ideal)                             0.00       0.00
  syndrome_cnt_reg[1]/CK (SAEDRVT14_FDPRBSBQ_V2_4)        0.00       0.00 r
  syndrome_cnt_reg[1]/Q (SAEDRVT14_FDPRBSBQ_V2_4)         0.05       0.05 f
  U3714/X (SAEDRVT14_BUF_20)                              0.01       0.06 f
  U3547/X (SAEDRVT14_INV_S_16)                            0.01       0.07 r
  U3540/X (SAEDRVT14_INV_S_16)                            0.00       0.07 f
  U3704/X (SAEDRVT14_ND2_16)                              0.00       0.08 r
  U3723/X (SAEDRVT14_EN2_4)                               0.02       0.10 f
  U3707/X (SAEDRVT14_INV_12)                              0.01       0.11 r
  mult_494/A[2] (rs_decoder_90_64_DW02_mult_0)            0.00       0.11 r
  mult_494/U48/X (SAEDRVT14_INV_S_20)                     0.01       0.12 f
  mult_494/U31/X (SAEDRVT14_NR2_6)                        0.01       0.13 r
  mult_494/S1_2_0/CO (SAEDRVT14_ADDF_V2_2)                0.04       0.17 r
  mult_494/S1_3_0/CO (SAEDRVT14_ADDF_V1_2)                0.03       0.20 r
  mult_494/S4_0/S (SAEDRVT14_ADDF_V2_2)                   0.06       0.26 f
  mult_494/PRODUCT[4] (rs_decoder_90_64_DW02_mult_0)      0.00       0.26 f
  U3979/X (SAEDRVT14_AN2_MM_20)                           0.02       0.28 f
  gf_pow_inst/exp[4] (gf256_power)                        0.00       0.28 f
  gf_pow_inst/U81/X (SAEDRVT14_OAI32_4)                   0.04       0.32 r
  gf_pow_inst/U160/X (SAEDRVT14_AO21B_0P5)                0.04       0.36 r
  gf_pow_inst/U134/X (SAEDRVT14_OR4_2)                    0.03       0.39 r
  gf_pow_inst/U30/X (SAEDRVT14_NR2_MM_8)                  0.01       0.40 f
  gf_pow_inst/U53/X (SAEDRVT14_NR2_MM_16)                 0.01       0.41 r
  gf_pow_inst/result[6] (gf256_power)                     0.00       0.41 r
  U3743/X (SAEDRVT14_ND2_MM_16)                           0.01       0.42 f
  U3786/X (SAEDRVT14_ND2_MM_16)                           0.01       0.42 r
  gf_mult_inst/b[6] (gf256_mult)                          0.00       0.42 r
  gf_mult_inst/mult_663/B[6] (gf256_mult_DW02_mult_0_DW02_mult_1)
                                                          0.00       0.42 r
  gf_mult_inst/mult_663/U88/X (SAEDRVT14_INV_S_20)        0.01       0.43 f
  gf_mult_inst/mult_663/U89/X (SAEDRVT14_NR2_MM_16)       0.01       0.44 r
  gf_mult_inst/mult_663/U5/X (SAEDRVT14_INV_12)           0.01       0.45 f
  gf_mult_inst/mult_663/U42/X (SAEDRVT14_NR2_MM_12)       0.01       0.45 r
  gf_mult_inst/mult_663/S2_2_5/CO (SAEDRVT14_ADDF_V2_2)
                                                          0.04       0.49 r
  gf_mult_inst/mult_663/S2_3_5/S (SAEDRVT14_ADDF_V2_2)
                                                          0.05       0.54 f
  gf_mult_inst/mult_663/S2_4_4/CO (SAEDRVT14_ADDF_V1_2)
                                                          0.03       0.57 f
  gf_mult_inst/mult_663/S2_5_4/S (SAEDRVT14_ADDF_V2_2)
                                                          0.05       0.62 r
  gf_mult_inst/mult_663/S2_6_3/CO (SAEDRVT14_ADDF_V1_2)
                                                          0.03       0.65 r
  gf_mult_inst/mult_663/S4_3/CO (SAEDRVT14_ADDF_V2_2)     0.04       0.69 r
  gf_mult_inst/mult_663/S14_11/S (SAEDRVT14_ADDF_V2_2)
                                                          0.05       0.75 f
  gf_mult_inst/mult_663/FS_1/A[9] (gf256_mult_DW01_add_1)
                                                          0.00       0.75 f
  gf_mult_inst/mult_663/FS_1/U80/X (SAEDRVT14_BUF_16)     0.02       0.77 f
  gf_mult_inst/mult_663/FS_1/U63/X (SAEDRVT14_NR2_MM_16)
                                                          0.01       0.77 r
  gf_mult_inst/mult_663/FS_1/U64/X (SAEDRVT14_INV_S_20)
                                                          0.01       0.78 f
  gf_mult_inst/mult_663/FS_1/U54/X (SAEDRVT14_INV_S_16)
                                                          0.01       0.79 r
  gf_mult_inst/mult_663/FS_1/U24/X (SAEDRVT14_NR2_MM_12)
                                                          0.01       0.80 f
  gf_mult_inst/mult_663/FS_1/U17/X (SAEDRVT14_AOI21_8)
                                                          0.01       0.81 r
  gf_mult_inst/mult_663/FS_1/U62/X (SAEDRVT14_ND2_8)      0.01       0.81 f
  gf_mult_inst/mult_663/FS_1/U91/X (SAEDRVT14_EN2_4)      0.02       0.84 f
  gf_mult_inst/mult_663/FS_1/U70/X (SAEDRVT14_INV_12)     0.01       0.85 r
  gf_mult_inst/mult_663/FS_1/SUM[12] (gf256_mult_DW01_add_1)
                                                          0.00       0.85 r
  gf_mult_inst/mult_663/PRODUCT[14] (gf256_mult_DW02_mult_0_DW02_mult_1)
                                                          0.00       0.85 r
  gf_mult_inst/U26/X (SAEDRVT14_EO4_2)                    0.04       0.89 r
  gf_mult_inst/U27/X (SAEDRVT14_EO4_2)                    0.05       0.93 f
  gf_mult_inst/result[0] (gf256_mult)                     0.00       0.93 f
  U3835/X (SAEDRVT14_BUF_16)                              0.02       0.95 f
  U3746/X (SAEDRVT14_NR2_MM_16)                           0.01       0.96 r
  U3702/X (SAEDRVT14_BUF_16)                              0.02       0.98 r
  U3658/X (SAEDRVT14_OR2_MM_8)                            0.01       0.99 r
  U3693/X (SAEDRVT14_MUX2_MM_4)                           0.02       1.01 r
  syndrome_4_reg[0]/D (SAEDRVT14_FDPRB_V3_2)              0.00       1.01 r
  data arrival time                                                  1.01

  clock clk (rise edge)                                   0.62       0.62
  clock network delay (ideal)                             0.00       0.62
  clock uncertainty                                      -0.06       0.56
  syndrome_4_reg[0]/CK (SAEDRVT14_FDPRB_V3_2)             0.00       0.56 r
  library setup time                                      0.00       0.56
  data required time                                                 0.56
  --------------------------------------------------------------------------
  data required time                                                 0.56
  data arrival time                                                 -1.01
  --------------------------------------------------------------------------
  slack (VIOLATED)                                                  -0.44


  Startpoint: syndrome_cnt_reg[1]
              (rising edge-triggered flip-flop clocked by clk)
  Endpoint: syndrome_6_reg[2]
            (rising edge-triggered flip-flop clocked by clk)
  Path Group: clk
  Path Type: max

  Des/Clust/Port     Wire Load Model       Library
  ------------------------------------------------
  rs_decoder_90_64   8000                  saed14rvt_base_tt0p8v25c

  Point                                                   Incr       Path
  --------------------------------------------------------------------------
  clock clk (rise edge)                                   0.00       0.00
  clock network delay (ideal)                             0.00       0.00
  syndrome_cnt_reg[1]/CK (SAEDRVT14_FDPRBSBQ_V2_4)        0.00       0.00 r
  syndrome_cnt_reg[1]/Q (SAEDRVT14_FDPRBSBQ_V2_4)         0.05       0.05 f
  U3714/X (SAEDRVT14_BUF_20)                              0.01       0.06 f
  U3547/X (SAEDRVT14_INV_S_16)                            0.01       0.07 r
  U3540/X (SAEDRVT14_INV_S_16)                            0.00       0.07 f
  U3704/X (SAEDRVT14_ND2_16)                              0.00       0.08 r
  U3723/X (SAEDRVT14_EN2_4)                               0.02       0.10 f
  U3707/X (SAEDRVT14_INV_12)                              0.01       0.11 r
  mult_494/A[2] (rs_decoder_90_64_DW02_mult_0)            0.00       0.11 r
  mult_494/U48/X (SAEDRVT14_INV_S_20)                     0.01       0.12 f
  mult_494/U31/X (SAEDRVT14_NR2_6)                        0.01       0.13 r
  mult_494/S1_2_0/CO (SAEDRVT14_ADDF_V2_2)                0.04       0.17 r
  mult_494/S1_3_0/CO (SAEDRVT14_ADDF_V1_2)                0.03       0.20 r
  mult_494/S4_0/S (SAEDRVT14_ADDF_V2_2)                   0.06       0.26 f
  mult_494/PRODUCT[4] (rs_decoder_90_64_DW02_mult_0)      0.00       0.26 f
  U3979/X (SAEDRVT14_AN2_MM_20)                           0.02       0.28 f
  gf_pow_inst/exp[4] (gf256_power)                        0.00       0.28 f
  gf_pow_inst/U23/X (SAEDRVT14_INV_S_16)                  0.01       0.29 r
  gf_pow_inst/U81/X (SAEDRVT14_OAI32_4)                   0.03       0.32 f
  gf_pow_inst/U160/X (SAEDRVT14_AO21B_0P5)                0.04       0.35 f
  gf_pow_inst/U134/X (SAEDRVT14_OR4_2)                    0.04       0.39 f
  gf_pow_inst/U30/X (SAEDRVT14_NR2_MM_8)                  0.01       0.41 r
  gf_pow_inst/U53/X (SAEDRVT14_NR2_MM_16)                 0.01       0.41 f
  gf_pow_inst/result[6] (gf256_power)                     0.00       0.41 f
  U3743/X (SAEDRVT14_ND2_MM_16)                           0.01       0.42 r
  U3786/X (SAEDRVT14_ND2_MM_16)                           0.01       0.43 f
  gf_mult_inst/b[6] (gf256_mult)                          0.00       0.43 f
  gf_mult_inst/mult_663/B[6] (gf256_mult_DW02_mult_0_DW02_mult_1)
                                                          0.00       0.43 f
  gf_mult_inst/mult_663/U88/X (SAEDRVT14_INV_S_20)        0.01       0.44 r
  gf_mult_inst/mult_663/U89/X (SAEDRVT14_NR2_MM_16)       0.01       0.44 f
  gf_mult_inst/mult_663/U5/X (SAEDRVT14_INV_12)           0.01       0.45 r
  gf_mult_inst/mult_663/U42/X (SAEDRVT14_NR2_MM_12)       0.00       0.45 f
  gf_mult_inst/mult_663/S2_2_5/CO (SAEDRVT14_ADDF_V2_2)
                                                          0.04       0.49 f
  gf_mult_inst/mult_663/S2_3_5/S (SAEDRVT14_ADDF_V2_2)
                                                          0.05       0.54 r
  gf_mult_inst/mult_663/S2_4_4/CO (SAEDRVT14_ADDF_V1_2)
                                                          0.03       0.57 r
  gf_mult_inst/mult_663/S2_5_4/S (SAEDRVT14_ADDF_V2_2)
                                                          0.05       0.63 f
  gf_mult_inst/mult_663/S2_6_3/CO (SAEDRVT14_ADDF_V1_2)
                                                          0.03       0.66 f
  gf_mult_inst/mult_663/S4_3/CO (SAEDRVT14_ADDF_V2_2)     0.04       0.70 f
  gf_mult_inst/mult_663/S14_11/S (SAEDRVT14_ADDF_V2_2)
                                                          0.05       0.75 r
  gf_mult_inst/mult_663/FS_1/A[9] (gf256_mult_DW01_add_1)
                                                          0.00       0.75 r
  gf_mult_inst/mult_663/FS_1/U80/X (SAEDRVT14_BUF_16)     0.02       0.77 r
  gf_mult_inst/mult_663/FS_1/U63/X (SAEDRVT14_NR2_MM_16)
                                                          0.01       0.77 f
  gf_mult_inst/mult_663/FS_1/U64/X (SAEDRVT14_INV_S_20)
                                                          0.01       0.78 r
  gf_mult_inst/mult_663/FS_1/U8/X (SAEDRVT14_ND2_6)       0.02       0.80 f
  gf_mult_inst/mult_663/FS_1/U38/X (SAEDRVT14_INV_S_10)
                                                          0.01       0.81 r
  gf_mult_inst/mult_663/FS_1/U75/X (SAEDRVT14_AO31_4)     0.02       0.83 r
  gf_mult_inst/mult_663/FS_1/U34/X (SAEDRVT14_NR2_MM_10)
                                                          0.01       0.83 f
  gf_mult_inst/mult_663/FS_1/U71/X (SAEDRVT14_EN2_4)      0.03       0.86 r
  gf_mult_inst/mult_663/FS_1/SUM[11] (gf256_mult_DW01_add_1)
                                                          0.00       0.86 r
  gf_mult_inst/mult_663/PRODUCT[13] (gf256_mult_DW02_mult_0_DW02_mult_1)
                                                          0.00       0.86 r
  gf_mult_inst/U11/X (SAEDRVT14_BUF_16)                   0.02       0.87 r
  gf_mult_inst/U25/X (SAEDRVT14_EO4_2)                    0.05       0.92 f
  gf_mult_inst/result[2] (gf256_mult)                     0.00       0.92 f
  U3711/X (SAEDRVT14_BUF_16)                              0.02       0.94 f
  U3795/X (SAEDRVT14_OR2_MM_20)                           0.02       0.96 f
  U3699/X (SAEDRVT14_INV_S_20)                            0.01       0.97 r
  U3636/X (SAEDRVT14_INV_S_20)                            0.01       0.97 f
  U3437/X (SAEDRVT14_ND2_CDC_4)                           0.01       0.98 r
  U3688/X (SAEDRVT14_MUX2_MM_4)                           0.02       1.00 r
  syndrome_6_reg[2]/D (SAEDRVT14_FDPRBQ_V2LP_2)           0.00       1.00 r
  data arrival time                                                  1.00

  clock clk (rise edge)                                   0.62       0.62
  clock network delay (ideal)                             0.00       0.62
  clock uncertainty                                      -0.06       0.56
  syndrome_6_reg[2]/CK (SAEDRVT14_FDPRBQ_V2LP_2)          0.00       0.56 r
  library setup time                                     -0.01       0.56
  data required time                                                 0.56
  --------------------------------------------------------------------------
  data required time                                                 0.56
  data arrival time                                                 -1.00
  --------------------------------------------------------------------------
  slack (VIOLATED)                                                  -0.44


  Startpoint: syndrome_cnt_reg[1]
              (rising edge-triggered flip-flop clocked by clk)
  Endpoint: syndrome_0_reg[3]
            (rising edge-triggered flip-flop clocked by clk)
  Path Group: clk
  Path Type: max

  Des/Clust/Port     Wire Load Model       Library
  ------------------------------------------------
  rs_decoder_90_64   8000                  saed14rvt_base_tt0p8v25c

  Point                                                   Incr       Path
  --------------------------------------------------------------------------
  clock clk (rise edge)                                   0.00       0.00
  clock network delay (ideal)                             0.00       0.00
  syndrome_cnt_reg[1]/CK (SAEDRVT14_FDPRBSBQ_V2_4)        0.00       0.00 r
  syndrome_cnt_reg[1]/Q (SAEDRVT14_FDPRBSBQ_V2_4)         0.05       0.05 f
  U3714/X (SAEDRVT14_BUF_20)                              0.01       0.06 f
  U3547/X (SAEDRVT14_INV_S_16)                            0.01       0.07 r
  U3540/X (SAEDRVT14_INV_S_16)                            0.00       0.07 f
  U3704/X (SAEDRVT14_ND2_16)                              0.00       0.08 r
  U3723/X (SAEDRVT14_EN2_4)                               0.02       0.10 f
  U3707/X (SAEDRVT14_INV_12)                              0.01       0.11 r
  mult_494/A[2] (rs_decoder_90_64_DW02_mult_0)            0.00       0.11 r
  mult_494/U48/X (SAEDRVT14_INV_S_20)                     0.01       0.12 f
  mult_494/U31/X (SAEDRVT14_NR2_6)                        0.01       0.13 r
  mult_494/S1_2_0/CO (SAEDRVT14_ADDF_V2_2)                0.04       0.17 r
  mult_494/S1_3_0/CO (SAEDRVT14_ADDF_V1_2)                0.03       0.20 r
  mult_494/S4_0/S (SAEDRVT14_ADDF_V2_2)                   0.06       0.26 f
  mult_494/PRODUCT[4] (rs_decoder_90_64_DW02_mult_0)      0.00       0.26 f
  U3979/X (SAEDRVT14_AN2_MM_20)                           0.02       0.28 f
  gf_pow_inst/exp[4] (gf256_power)                        0.00       0.28 f
  gf_pow_inst/U23/X (SAEDRVT14_INV_S_16)                  0.01       0.29 r
  gf_pow_inst/U81/X (SAEDRVT14_OAI32_4)                   0.03       0.32 f
  gf_pow_inst/U160/X (SAEDRVT14_AO21B_0P5)                0.04       0.35 f
  gf_pow_inst/U134/X (SAEDRVT14_OR4_2)                    0.04       0.39 f
  gf_pow_inst/U30/X (SAEDRVT14_NR2_MM_8)                  0.01       0.41 r
  gf_pow_inst/U53/X (SAEDRVT14_NR2_MM_16)                 0.01       0.41 f
  gf_pow_inst/result[6] (gf256_power)                     0.00       0.41 f
  U3743/X (SAEDRVT14_ND2_MM_16)                           0.01       0.42 r
  U3786/X (SAEDRVT14_ND2_MM_16)                           0.01       0.43 f
  gf_mult_inst/b[6] (gf256_mult)                          0.00       0.43 f
  gf_mult_inst/mult_663/B[6] (gf256_mult_DW02_mult_0_DW02_mult_1)
                                                          0.00       0.43 f
  gf_mult_inst/mult_663/U88/X (SAEDRVT14_INV_S_20)        0.01       0.44 r
  gf_mult_inst/mult_663/U89/X (SAEDRVT14_NR2_MM_16)       0.01       0.44 f
  gf_mult_inst/mult_663/U5/X (SAEDRVT14_INV_12)           0.01       0.45 r
  gf_mult_inst/mult_663/U42/X (SAEDRVT14_NR2_MM_12)       0.00       0.45 f
  gf_mult_inst/mult_663/S2_2_5/CO (SAEDRVT14_ADDF_V2_2)
                                                          0.04       0.49 f
  gf_mult_inst/mult_663/S2_3_5/S (SAEDRVT14_ADDF_V2_2)
                                                          0.05       0.54 r
  gf_mult_inst/mult_663/S2_4_4/CO (SAEDRVT14_ADDF_V1_2)
                                                          0.03       0.57 r
  gf_mult_inst/mult_663/S2_5_4/S (SAEDRVT14_ADDF_V2_2)
                                                          0.05       0.63 f
  gf_mult_inst/mult_663/S2_6_3/CO (SAEDRVT14_ADDF_V1_2)
                                                          0.03       0.66 f
  gf_mult_inst/mult_663/S4_3/S (SAEDRVT14_ADDF_V2_2)      0.05       0.71 r
  gf_mult_inst/mult_663/U107/X (SAEDRVT14_EO2_3)          0.03       0.75 f
  gf_mult_inst/mult_663/FS_1/A[8] (gf256_mult_DW01_add_1)
                                                          0.00       0.75 f
  gf_mult_inst/mult_663/FS_1/U79/X (SAEDRVT14_BUF_16)     0.02       0.76 f
  gf_mult_inst/mult_663/FS_1/U67/X (SAEDRVT14_OR2_MM_20)
                                                          0.02       0.78 f
  gf_mult_inst/mult_663/FS_1/U8/X (SAEDRVT14_ND2_6)       0.02       0.80 r
  gf_mult_inst/mult_663/FS_1/U38/X (SAEDRVT14_INV_S_10)
                                                          0.01       0.81 f
  gf_mult_inst/mult_663/FS_1/U75/X (SAEDRVT14_AO31_4)     0.02       0.83 f
  gf_mult_inst/mult_663/FS_1/U34/X (SAEDRVT14_NR2_MM_10)
                                                          0.01       0.83 r
  gf_mult_inst/mult_663/FS_1/U71/X (SAEDRVT14_EN2_4)      0.02       0.86 f
  gf_mult_inst/mult_663/FS_1/SUM[11] (gf256_mult_DW01_add_1)
                                                          0.00       0.86 f
  gf_mult_inst/mult_663/PRODUCT[13] (gf256_mult_DW02_mult_0_DW02_mult_1)
                                                          0.00       0.86 f
  gf_mult_inst/U11/X (SAEDRVT14_BUF_16)                   0.02       0.87 f
  gf_mult_inst/U12/X (SAEDRVT14_EN3_3)                    0.05       0.92 r
  gf_mult_inst/result[3] (gf256_mult)                     0.00       0.92 r
  U3412/X (SAEDRVT14_INV_S_8)                             0.01       0.94 f
  U3698/X (SAEDRVT14_OR2_MM_12)                           0.02       0.96 f
  U3415/X (SAEDRVT14_OR2_4)                               0.02       0.97 f
  U6138/X (SAEDRVT14_MUXI2_4)                             0.03       1.00 r
  syndrome_0_reg[3]/D (SAEDRVT14_FDPRBQ_V2LP_2)           0.00       1.00 r
  data arrival time                                                  1.00

  clock clk (rise edge)                                   0.62       0.62
  clock network delay (ideal)                             0.00       0.62
  clock uncertainty                                      -0.06       0.56
  syndrome_0_reg[3]/CK (SAEDRVT14_FDPRBQ_V2LP_2)          0.00       0.56 r
  library setup time                                     -0.01       0.56
  data required time                                                 0.56
  --------------------------------------------------------------------------
  data required time                                                 0.56
  data arrival time                                                 -1.00
  --------------------------------------------------------------------------
  slack (VIOLATED)                                                  -0.44


  Startpoint: syndrome_cnt_reg[1]
              (rising edge-triggered flip-flop clocked by clk)
  Endpoint: syndrome_1_reg[0]
            (rising edge-triggered flip-flop clocked by clk)
  Path Group: clk
  Path Type: max

  Des/Clust/Port     Wire Load Model       Library
  ------------------------------------------------
  rs_decoder_90_64   8000                  saed14rvt_base_tt0p8v25c

  Point                                                   Incr       Path
  --------------------------------------------------------------------------
  clock clk (rise edge)                                   0.00       0.00
  clock network delay (ideal)                             0.00       0.00
  syndrome_cnt_reg[1]/CK (SAEDRVT14_FDPRBSBQ_V2_4)        0.00       0.00 r
  syndrome_cnt_reg[1]/Q (SAEDRVT14_FDPRBSBQ_V2_4)         0.05       0.05 f
  U3714/X (SAEDRVT14_BUF_20)                              0.01       0.06 f
  U3547/X (SAEDRVT14_INV_S_16)                            0.01       0.07 r
  U3540/X (SAEDRVT14_INV_S_16)                            0.00       0.07 f
  U3704/X (SAEDRVT14_ND2_16)                              0.00       0.08 r
  U3723/X (SAEDRVT14_EN2_4)                               0.02       0.10 f
  U3707/X (SAEDRVT14_INV_12)                              0.01       0.11 r
  mult_494/A[2] (rs_decoder_90_64_DW02_mult_0)            0.00       0.11 r
  mult_494/U48/X (SAEDRVT14_INV_S_20)                     0.01       0.12 f
  mult_494/U31/X (SAEDRVT14_NR2_6)                        0.01       0.13 r
  mult_494/S1_2_0/CO (SAEDRVT14_ADDF_V2_2)                0.04       0.17 r
  mult_494/S1_3_0/CO (SAEDRVT14_ADDF_V1_2)                0.03       0.20 r
  mult_494/S4_0/S (SAEDRVT14_ADDF_V2_2)                   0.06       0.26 f
  mult_494/PRODUCT[4] (rs_decoder_90_64_DW02_mult_0)      0.00       0.26 f
  U3979/X (SAEDRVT14_AN2_MM_20)                           0.02       0.28 f
  gf_pow_inst/exp[4] (gf256_power)                        0.00       0.28 f
  gf_pow_inst/U81/X (SAEDRVT14_OAI32_4)                   0.04       0.32 r
  gf_pow_inst/U160/X (SAEDRVT14_AO21B_0P5)                0.04       0.36 r
  gf_pow_inst/U134/X (SAEDRVT14_OR4_2)                    0.03       0.39 r
  gf_pow_inst/U30/X (SAEDRVT14_NR2_MM_8)                  0.01       0.40 f
  gf_pow_inst/U53/X (SAEDRVT14_NR2_MM_16)                 0.01       0.41 r
  gf_pow_inst/result[6] (gf256_power)                     0.00       0.41 r
  U3743/X (SAEDRVT14_ND2_MM_16)                           0.01       0.42 f
  U3786/X (SAEDRVT14_ND2_MM_16)                           0.01       0.42 r
  gf_mult_inst/b[6] (gf256_mult)                          0.00       0.42 r
  gf_mult_inst/mult_663/B[6] (gf256_mult_DW02_mult_0_DW02_mult_1)
                                                          0.00       0.42 r
  gf_mult_inst/mult_663/U88/X (SAEDRVT14_INV_S_20)        0.01       0.43 f
  gf_mult_inst/mult_663/U89/X (SAEDRVT14_NR2_MM_16)       0.01       0.44 r
  gf_mult_inst/mult_663/U5/X (SAEDRVT14_INV_12)           0.01       0.45 f
  gf_mult_inst/mult_663/U42/X (SAEDRVT14_NR2_MM_12)       0.01       0.45 r
  gf_mult_inst/mult_663/S2_2_5/CO (SAEDRVT14_ADDF_V2_2)
                                                          0.04       0.49 r
  gf_mult_inst/mult_663/S2_3_5/S (SAEDRVT14_ADDF_V2_2)
                                                          0.05       0.54 f
  gf_mult_inst/mult_663/S2_4_4/CO (SAEDRVT14_ADDF_V1_2)
                                                          0.03       0.57 f
  gf_mult_inst/mult_663/S2_5_4/S (SAEDRVT14_ADDF_V2_2)
                                                          0.05       0.62 r
  gf_mult_inst/mult_663/S2_6_3/CO (SAEDRVT14_ADDF_V1_2)
                                                          0.03       0.65 r
  gf_mult_inst/mult_663/S4_3/CO (SAEDRVT14_ADDF_V2_2)     0.04       0.69 r
  gf_mult_inst/mult_663/S14_11/S (SAEDRVT14_ADDF_V2_2)
                                                          0.05       0.75 f
  gf_mult_inst/mult_663/FS_1/A[9] (gf256_mult_DW01_add_1)
                                                          0.00       0.75 f
  gf_mult_inst/mult_663/FS_1/U80/X (SAEDRVT14_BUF_16)     0.02       0.77 f
  gf_mult_inst/mult_663/FS_1/U63/X (SAEDRVT14_NR2_MM_16)
                                                          0.01       0.77 r
  gf_mult_inst/mult_663/FS_1/U64/X (SAEDRVT14_INV_S_20)
                                                          0.01       0.78 f
  gf_mult_inst/mult_663/FS_1/U54/X (SAEDRVT14_INV_S_16)
                                                          0.01       0.79 r
  gf_mult_inst/mult_663/FS_1/U24/X (SAEDRVT14_NR2_MM_12)
                                                          0.01       0.80 f
  gf_mult_inst/mult_663/FS_1/U17/X (SAEDRVT14_AOI21_8)
                                                          0.01       0.81 r
  gf_mult_inst/mult_663/FS_1/U62/X (SAEDRVT14_ND2_8)      0.01       0.81 f
  gf_mult_inst/mult_663/FS_1/U91/X (SAEDRVT14_EN2_4)      0.02       0.84 f
  gf_mult_inst/mult_663/FS_1/U70/X (SAEDRVT14_INV_12)     0.01       0.85 r
  gf_mult_inst/mult_663/FS_1/SUM[12] (gf256_mult_DW01_add_1)
                                                          0.00       0.85 r
  gf_mult_inst/mult_663/PRODUCT[14] (gf256_mult_DW02_mult_0_DW02_mult_1)
                                                          0.00       0.85 r
  gf_mult_inst/U26/X (SAEDRVT14_EO4_2)                    0.04       0.89 r
  gf_mult_inst/U27/X (SAEDRVT14_EO4_2)                    0.05       0.93 f
  gf_mult_inst/result[0] (gf256_mult)                     0.00       0.93 f
  U3835/X (SAEDRVT14_BUF_16)                              0.02       0.95 f
  U3746/X (SAEDRVT14_NR2_MM_16)                           0.01       0.96 r
  U3702/X (SAEDRVT14_BUF_16)                              0.02       0.98 r
  U3430/X (SAEDRVT14_OR2_MM_8)                            0.01       0.99 r
  U3796/X (SAEDRVT14_MUX2_MM_4)                           0.02       1.01 r
  syndrome_1_reg[0]/D (SAEDRVT14_FDPRB_V3_2)              0.00       1.01 r
  data arrival time                                                  1.01

  clock clk (rise edge)                                   0.62       0.62
  clock network delay (ideal)                             0.00       0.62
  clock uncertainty                                      -0.06       0.56
  syndrome_1_reg[0]/CK (SAEDRVT14_FDPRB_V3_2)             0.00       0.56 r
  library setup time                                      0.00       0.56
  data required time                                                 0.56
  --------------------------------------------------------------------------
  data required time                                                 0.56
  data arrival time                                                 -1.01
  --------------------------------------------------------------------------
  slack (VIOLATED)                                                  -0.44


1
