 
****************************************
Report : area
Design : rs_encoder_76_64
Version: W-2024.09-SP5
Date   : Fri Aug  1 20:23:09 2025
****************************************

Library(s) Used:

    saed14rvt_base_tt0p8v25c (File: /home/net/local/SAED14nm_EDK_08_2024/SAED14nm_EDK_STD_RVT/liberty/nldm/base/saed14rvt_base_tt0p8v25c.db)

Number of ports:                         2336
Number of nets:                          6326
Number of cells:                         4250
Number of combinational cells:           4111
Number of sequential cells:               103
Number of macros/black boxes:               0
Number of buf/inv:                       1139
Number of references:                     122

Combinational area:               2504.603983
Buf/Inv area:                      498.256795
Noncombinational area:             120.235203
Macro/Black Box area:                0.000000
Net Interconnect area:            1728.106285

Total cell area:                  2624.839186
Total area:                       4352.945471

The above information was reported from the logical library. The following are from the physical library:

Hierarchical area distribution
------------------------------

                                  Global cell area          Local cell area
                                  ------------------  ---------------------------- 
Hierarchical cell                 Absolute   Percent  Combi-     Noncombi-  Black-
                                  Total      Total    national   national   boxes   Design
--------------------------------  ---------  -------  ---------  ---------  ------  -------------------------------------
rs_encoder_76_64                  2624.8392    100.0   898.1232   120.2352  0.0000  rs_encoder_76_64
mult0                              100.2996      3.8    15.9840     0.0000  0.0000  gf256_mult_0
mult0/mult_291                      84.3156      3.2    74.2368     0.0000  0.0000  gf256_mult_0_DW02_mult_0_DW02_mult_11
mult0/mult_291/FS_1                 10.0788      0.4    10.0788     0.0000  0.0000  gf256_mult_0_DW01_add_0_DW01_add_11
mult1                              102.4752      3.9    15.9840     0.0000  0.0000  gf256_mult_11
mult1/mult_291                      86.4912      3.3    76.4124     0.0000  0.0000  gf256_mult_11_DW02_mult_0
mult1/mult_291/FS_1                 10.0788      0.4    10.0788     0.0000  0.0000  gf256_mult_11_DW01_add_0
mult10                             186.8352      7.1    24.7308     0.0000  0.0000  gf256_mult_2
mult10/mult_291                    162.1044      6.2   106.4712     0.0000  0.0000  gf256_mult_2_DW02_mult_0_DW02_mult_9
mult10/mult_291/FS_1                55.6332      2.1    55.6332     0.0000  0.0000  gf256_mult_2_DW01_add_1
mult11                             175.7352      6.7    23.2656     0.0000  0.0000  gf256_mult_1
mult11/mult_291                    152.4696      5.8   107.5812     0.0000  0.0000  gf256_mult_1_DW02_mult_0_DW02_mult_10
mult11/mult_291/FS_1                44.8884      1.7    44.8884     0.0000  0.0000  gf256_mult_1_DW01_add_2
mult2                              103.5852      3.9    15.9840     0.0000  0.0000  gf256_mult_10
mult2/mult_291                      87.6012      3.3    77.4780     0.0000  0.0000  gf256_mult_10_DW02_mult_0_DW02_mult_1
mult2/mult_291/FS_1                 10.1232      0.4    10.1232     0.0000  0.0000  gf256_mult_10_DW01_add_0_DW01_add_1
mult3                              105.1392      4.0    17.0496     0.0000  0.0000  gf256_mult_9
mult3/mult_291                      88.0896      3.4    76.3680     0.0000  0.0000  gf256_mult_9_DW02_mult_0_DW02_mult_2
mult3/mult_291/FS_1                 11.7216      0.4    11.7216     0.0000  0.0000  gf256_mult_9_DW01_add_0_DW01_add_2
mult4                              111.8880      4.3    17.9376     0.0000  0.0000  gf256_mult_8
mult4/mult_291                      93.9504      3.6    80.3640     0.0000  0.0000  gf256_mult_8_DW02_mult_0_DW02_mult_3
mult4/mult_291/FS_1                 13.5864      0.5    13.5864     0.0000  0.0000  gf256_mult_8_DW01_add_0_DW01_add_3
mult5                              117.1716      4.5    18.4704     0.0000  0.0000  gf256_mult_7
mult5/mult_291                      98.7012      3.8    83.8716     0.0000  0.0000  gf256_mult_7_DW02_mult_0_DW02_mult_4
mult5/mult_291/FS_1                 14.8296      0.6    14.8296     0.0000  0.0000  gf256_mult_7_DW01_add_0_DW01_add_4
mult6                              122.6772      4.7    20.5128     0.0000  0.0000  gf256_mult_6
mult6/mult_291                     102.1644      3.9    86.5800     0.0000  0.0000  gf256_mult_6_DW02_mult_0_DW02_mult_5
mult6/mult_291/FS_1                 15.5844      0.6    15.5844     0.0000  0.0000  gf256_mult_6_DW01_add_0_DW01_add_5
mult7                              120.6348      4.6    19.0032     0.0000  0.0000  gf256_mult_5
mult7/mult_291                     101.6316      3.9    85.9140     0.0000  0.0000  gf256_mult_5_DW02_mult_0_DW02_mult_6
mult7/mult_291/FS_1                 15.7176      0.6    15.7176     0.0000  0.0000  gf256_mult_5_DW01_add_0_DW01_add_6
mult8                              168.5424      6.4    19.6692     0.0000  0.0000  gf256_mult_4
mult8/mult_291                     148.8732      5.7   109.1796     0.0000  0.0000  gf256_mult_4_DW02_mult_0_DW02_mult_7
mult8/mult_291/FS_1                 39.6936      1.5    39.6936     0.0000  0.0000  gf256_mult_4_DW01_add_2
mult9                              191.4972      7.3    26.4624     0.0000  0.0000  gf256_mult_3
mult9/mult_291                     165.0348      6.3   108.8244     0.0000  0.0000  gf256_mult_3_DW02_mult_0_DW02_mult_8
mult9/mult_291/FS_1                 56.2104      2.1    56.2104     0.0000  0.0000  gf256_mult_3_DW01_add_1
--------------------------------  ---------  -------  ---------  ---------  ------  -------------------------------------
Total                                                 2504.6040   120.2352  0.0000


Area of detected synthetic parts
--------------------------------
                                       Perc. of
  Module    Implem.  Count       Area cell area
  --------- -------  ----- ---------- ---------
  DW02_mult     csa     12  1371.4274     52.2%
  --------- -------  ----- ---------- ---------
  Total:                12  1371.4274     52.2%

Estimated area of ungrouped synthetic parts
-------------------------------------------
                           Estimated  Perc. of
  Module   Implem.  Count       Area cell area
  -------- -------  ----- ---------- ---------
  DW01_inc     rpl      1     4.2180      0.2%
  -------- -------  ----- ---------- ---------
  Total:                1     4.2180      0.2%

Total synthetic cell area:              1375.6454  52.4%  (estimated)

1
