 
****************************************
Report : area
Design : rs_encoder_76_64
Version: W-2024.09-SP5
Date   : Fri Aug  1 20:23:09 2025
****************************************

Library(s) Used:

    saed14rvt_base_tt0p8v25c (File: /home/net/local/SAED14nm_EDK_08_2024/SAED14nm_EDK_STD_RVT/liberty/nldm/base/saed14rvt_base_tt0p8v25c.db)

Number of ports:                         2336
Number of nets:                          6326
Number of cells:                         4250
Number of combinational cells:           4111
Number of sequential cells:               103
Number of macros/black boxes:               0
Number of buf/inv:                       1139
Number of references:                     122

Combinational area:               2504.603983
Buf/Inv area:                      498.256795
Noncombinational area:             120.235203
Macro/Black Box area:                0.000000
Net Interconnect area:            1728.106285

Total cell area:                  2624.839186
Total area:                       4352.945471
1
