Loading db file '/home/net/local/SAED14nm_EDK_08_2024/SAED14nm_EDK_STD_RVT/liberty/nldm/base/saed14rvt_base_tt0p8v25c.db'
Information: Propagating switching activity (high effort zero delay simulation). (PWR-6)
Warning: Design has unannotated primary inputs. (PWR-414)
Warning: Design has unannotated sequential cell outputs. (PWR-415)
 
****************************************
Report : power
        -analysis_effort high
        -verbose
Design : rs_encoder_76_64
Version: W-2024.09-SP5
Date   : Fri Aug  1 20:23:16 2025
****************************************


Library(s) Used:

    saed14rvt_base_tt0p8v25c (File: /home/net/local/SAED14nm_EDK_08_2024/SAED14nm_EDK_STD_RVT/liberty/nldm/base/saed14rvt_base_tt0p8v25c.db)


Operating Conditions: tt0p8v25c   Library: saed14rvt_base_tt0p8v25c
Wire Load Model Mode: top

Design        Wire Load Model            Library
------------------------------------------------
rs_encoder_76_64       8000              saed14rvt_base_tt0p8v25c


Global Operating Voltage = 0.8  
Power-specific unit information :
    Voltage Units = 1V
    Capacitance Units = 1.000000pf
    Time Units = 1ns
    Dynamic Power Units = 1mW    (derived from V,C,T units)
    Leakage Power Units = 1pW


Attributes
----------
i - Including register clock pin internal power


  Cell Internal Power  =   1.3875 mW   (29%)
  Net Switching Power  =   3.4139 mW   (71%)
                         ---------
Total Dynamic Power    =   4.8015 mW  (100%)

Cell Leakage Power     =   1.7859 uW

                 Internal         Switching           Leakage            Total                         Cell
Power Group      Power            Power               Power              Power   (   %    )  Attrs  Count
---------------------------------------------------------------------------------------------------------
io_pad             0.0000            0.0000            0.0000            0.0000  (   0.00%)            0
memory             0.0000            0.0000            0.0000            0.0000  (   0.00%)            0
black_box          0.0000            0.0000            0.0000            0.0000  (   0.00%)            0
clock_network      0.3220            0.0000            0.0000            0.3220  (   6.70%)            0
                                                                                             i
register       4.3146e-02            0.1379        4.0011e+04            0.1811  (   3.77%)            103
sequential         0.0000            0.0000            0.0000            0.0000  (   0.00%)            0
combinational      1.0224            3.2761        1.7449e+06            4.3002  (  89.53%)            4085
---------------------------------------------------------------------------------------------------------
Total              1.3875 mW         3.4139 mW     1.7849e+06 pW         4.8032 mW
1
